

================================================================
== Vivado HLS Report for 'single_block_CTR_encrypt_aes_key_expansion'
================================================================
* Date:           Sun Feb 04 10:32:39 2024

* Version:        2016.2 (Build 1577090 on Thu Jun 02 16:59:10 MDT 2016)
* Project:        AES_CTR
* Solution:       solution1
* Product family: zynq
* Target device:  xc7z020clg400-1


================================================================
== Performance Estimates
================================================================
+ Timing (ns): 
    * Summary: 
    +--------+-------+----------+------------+
    |  Clock | Target| Estimated| Uncertainty|
    +--------+-------+----------+------------+
    |ap_clk  |  10.00|      5.33|        1.25|
    +--------+-------+----------+------------+

+ Latency (clock cycles): 
    * Summary: 
    +-----+-----+-----+-----+---------+
    |  Latency  |  Interval | Pipeline|
    | min | max | min | max |   Type  |
    +-----+-----+-----+-----+---------+
    |    ?|    ?|    ?|    ?|   none  |
    +-----+-----+-----+-----+---------+

    + Detail: 
        * Instance: 
        N/A

        * Loop: 
        +-----------------+-----+-----+----------+-----------+-----------+------+----------+
        |                 |  Latency  | Iteration|  Initiation Interval  | Trip |          |
        |    Loop Name    | min | max |  Latency |  achieved |   target  | Count| Pipelined|
        +-----------------+-----+-----+----------+-----------+-----------+------+----------+
        |- Loop 1         |   12|   12|         3|          -|          -|     4|    no    |
        |- Loop 2         |    ?|    ?|         ?|          -|          -|    40|    no    |
        | + Loop 2.1      |    3|    3|         1|          -|          -|     3|    no    |
        | + Loop 2.2      |    8|    8|         2|          -|          -|     4|    no    |
        | + Loop 2.3      |    ?|    ?|        10|          -|          -|     ?|    no    |
        |  ++ Loop 2.3.1  |    8|    8|         1|          -|          -|     8|    no    |
        +-----------------+-----+-----+----------+-----------+-----------+------+----------+



================================================================
== Utilization Estimates
================================================================
* Summary: 
+-----------------+---------+-------+--------+-------+
|       Name      | BRAM_18K| DSP48E|   FF   |  LUT  |
+-----------------+---------+-------+--------+-------+
|DSP              |        -|      -|       -|      -|
|Expression       |        -|      -|       0|    377|
|FIFO             |        -|      -|       -|      -|
|Instance         |        -|      -|       0|      8|
|Memory           |        1|      -|      32|      3|
|Multiplexer      |        -|      -|       -|    216|
|Register         |        -|      -|     271|      -|
+-----------------+---------+-------+--------+-------+
|Total            |        1|      0|     303|    604|
+-----------------+---------+-------+--------+-------+
|Available        |      280|    220|  106400|  53200|
+-----------------+---------+-------+--------+-------+
|Utilization (%)  |    ~0   |      0|   ~0   |      1|
+-----------------+---------+-------+--------+-------+

+ Detail: 
    * Instance: 
    +-----------------------------------------------+--------------------------------------------+---------+-------+---+----+
    |                    Instance                   |                   Module                   | BRAM_18K| DSP48E| FF| LUT|
    +-----------------------------------------------+--------------------------------------------+---------+-------+---+----+
    |single_block_CTR_encrypt_mux_4to1_sel2_8_1_U0  |single_block_CTR_encrypt_mux_4to1_sel2_8_1  |        0|      0|  0|   8|
    +-----------------------------------------------+--------------------------------------------+---------+-------+---+----+
    |Total                                          |                                            |        0|      0|  0|   8|
    +-----------------------------------------------+--------------------------------------------+---------+-------+---+----+

    * DSP48: 
    N/A

    * Memory: 
    +---------+--------------------------------------------------+---------+----+----+------+-----+------+-------------+
    |  Memory |                      Module                      | BRAM_18K| FF | LUT| Words| Bits| Banks| W*Bits*Banks|
    +---------+--------------------------------------------------+---------+----+----+------+-----+------+-------------+
    |R_U      |single_block_CTR_encrypt_aes_key_expansion_R      |        0|  16|   1|     4|    8|     1|           32|
    |key_U    |single_block_CTR_encrypt_aes_key_expansion_key    |        0|  16|   2|    16|    8|     1|          128|
    |s_box_U  |single_block_CTR_encrypt_aes_key_expansion_s_box  |        1|   0|   0|   256|    8|     1|         2048|
    +---------+--------------------------------------------------+---------+----+----+------+-----+------+-------------+
    |Total    |                                                  |        1|  32|   3|   276|   24|     3|         2208|
    +---------+--------------------------------------------------+---------+----+----+------+-----+------+-------------+

    * FIFO: 
    N/A

    * Expression: 
    +-----------------------------+----------+-------+---+----+------------+------------+
    |        Variable Name        | Operation| DSP48E| FF| LUT| Bitwidth P0| Bitwidth P1|
    +-----------------------------+----------+-------+---+----+------------+------------+
    |i_11_fu_559_p2               |     +    |      0|  0|   3|           3|           1|
    |i_12_fu_685_p2               |     +    |      0|  0|   2|           2|           1|
    |i_13_fu_777_p2               |     +    |      0|  0|   3|           3|           1|
    |i_14_fu_947_p2               |     +    |      0|  0|   4|           4|           1|
    |i_15_fu_1057_p2              |     +    |      0|  0|   6|           6|           1|
    |i_assign_1_fu_919_p2         |     +    |      0|  0|   8|           8|           2|
    |tmp_11_fu_638_p2             |     +    |      0|  0|   8|           3|           8|
    |tmp_13_fu_649_p2             |     +    |      0|  0|   8|           3|           8|
    |tmp_15_fu_659_p2             |     +    |      0|  0|   8|           2|           8|
    |tmp_20_fu_1037_p2            |     +    |      0|  0|   8|           8|           6|
    |tmp_24_fu_1047_p2            |     +    |      0|  0|   8|           8|           5|
    |tmp_29_fu_1075_p2            |     +    |      0|  0|   8|           8|           5|
    |tmp_34_fu_1085_p2            |     +    |      0|  0|   8|           8|           5|
    |tmp_9_fu_627_p2              |     +    |      0|  0|   8|           4|           8|
    |exitcond1_fu_553_p2          |   icmp   |      0|  0|   2|           3|           4|
    |exitcond_fu_613_p2           |   icmp   |      0|  0|   3|           6|           6|
    |exitcond_i1_fu_941_p2        |   icmp   |      0|  0|   2|           4|           5|
    |exitcond_i2_fu_679_p2        |   icmp   |      0|  0|   1|           2|           2|
    |exitcond_i_fu_771_p2         |   icmp   |      0|  0|   2|           3|           4|
    |icmp1_fu_935_p2              |   icmp   |      0|  0|   3|           7|           1|
    |icmp_fu_836_p2               |   icmp   |      0|  0|   2|           3|           1|
    |sel_tmp2_fu_852_p2           |   icmp   |      0|  0|   1|           2|           1|
    |sel_tmp2_i_fu_704_p2         |   icmp   |      0|  0|   1|           2|           1|
    |sel_tmp8_fu_847_p2           |   icmp   |      0|  0|   1|           2|           1|
    |sel_tmp_fu_842_p2            |   icmp   |      0|  0|   2|           2|           3|
    |sel_tmp_i_fu_691_p2          |   icmp   |      0|  0|   1|           2|           1|
    |tmp_17_fu_673_p2             |   icmp   |      0|  0|   1|           2|           1|
    |tmp_18_fu_820_p2             |   icmp   |      0|  0|   2|           4|           1|
    |or_cond_fu_857_p2            |    or    |      0|  0|   1|           1|           1|
    |tmp_27_fu_1099_p2            |    or    |      0|  0|   8|           8|           1|
    |tmp_2_fu_582_p2              |    or    |      0|  0|   7|           4|           1|
    |tmp_32_fu_1121_p2            |    or    |      0|  0|   8|           8|           2|
    |tmp_37_fu_1131_p2            |    or    |      0|  0|   8|           8|           2|
    |tmp_4_fu_593_p2              |    or    |      0|  0|   7|           4|           2|
    |tmp_6_fu_603_p2              |    or    |      0|  0|   7|           4|           2|
    |write_flag_1_i_fu_718_p2     |    or    |      0|  0|   1|           1|           1|
    |a_assign_5_fu_991_p3         |  select  |      0|  0|   8|           1|           8|
    |newSel5_fu_879_p3            |  select  |      0|  0|   8|           1|           8|
    |newSel_fu_863_p3             |  select  |      0|  0|   8|           1|           8|
    |tmp_0_1_fu_764_p3            |  select  |      0|  0|   8|           1|           8|
    |tmp_18_i_fu_957_p3           |  select  |      0|  0|   8|           1|           8|
    |tmp_3_24_fu_871_p3           |  select  |      0|  0|   8|           1|           8|
    |tmp_3_4_fu_887_p3            |  select  |      0|  0|   8|           1|           8|
    |tmp_3_5_fu_895_p3            |  select  |      0|  0|   8|           1|           8|
    |tmp_3_7_fu_903_p3            |  select  |      0|  0|   8|           1|           8|
    |tmp_3_8_fu_911_p3            |  select  |      0|  0|   8|           1|           8|
    |w_3_read_assign_1_fu_710_p3  |  select  |      0|  0|   8|           1|           8|
    |w_3_read_assign_3_fu_724_p3  |  select  |      0|  0|   8|           1|           8|
    |w_3_read_assign_4_fu_732_p3  |  select  |      0|  0|   8|           1|           8|
    |w_3_read_assign_5_fu_740_p3  |  select  |      0|  0|   8|           1|           8|
    |w_3_read_assign_6_fu_748_p3  |  select  |      0|  0|   8|           1|           8|
    |w_3_read_assign_7_fu_756_p3  |  select  |      0|  0|   8|           1|           8|
    |w_3_read_assign_fu_697_p3    |  select  |      0|  0|   8|           1|           8|
    |a_assign_4_fu_985_p2         |    xor   |      0|  0|   8|           8|           5|
    |p_0_i_27_fu_965_p2           |    xor   |      0|  0|   8|           8|           8|
    |tmp_0_fu_1025_p2             |    xor   |      0|  0|   8|           8|           8|
    |tmp_1_3_fu_1013_p2           |    xor   |      0|  0|   8|           8|           8|
    |tmp_22_fu_1063_p2            |    xor   |      0|  0|   8|           8|           8|
    |tmp_26_fu_1069_p2            |    xor   |      0|  0|   8|           8|           8|
    |tmp_2_3_fu_1019_p2           |    xor   |      0|  0|   8|           8|           8|
    |tmp_31_fu_1109_p2            |    xor   |      0|  0|   8|           8|           8|
    |tmp_36_fu_1115_p2            |    xor   |      0|  0|   8|           8|           8|
    |tmp_3_9_fu_1031_p2           |    xor   |      0|  0|   8|           8|           8|
    +-----------------------------+----------+-------+---+----+------------+------------+
    |Total                        |          |      0|  0| 377|         249|         317|
    +-----------------------------+----------+-------+---+----+------------+------------+

    * Multiplexer: 
    +-------------------------+----+-----------+-----+-----------+
    |           Name          | LUT| Input Size| Bits| Total Bits|
    +-------------------------+----+-----------+-----+-----------+
    |R_address0               |   2|          4|    2|          8|
    |R_address1               |   2|          3|    2|          6|
    |R_d0                     |   8|          3|    8|         24|
    |a_2_read_assign_reg_407  |   8|          2|    8|         16|
    |a_3_read_assign_reg_397  |   8|          2|    8|         16|
    |a_assign_reg_450         |   8|          2|    8|         16|
    |ap_NS_fsm                |  15|         19|    1|         19|
    |i_1_reg_332              |   6|          2|    6|         12|
    |i_i1_reg_472             |   4|          2|    4|          8|
    |i_i2_reg_386             |   2|          2|    2|          4|
    |i_i_reg_439              |   3|          2|    3|          6|
    |i_reg_321                |   3|          2|    3|          6|
    |key_address0             |   4|          3|    4|         12|
    |key_address1             |   4|          3|    4|         12|
    |p_0_i_reg_507            |   8|          2|    8|         16|
    |p_0_in_i_reg_463         |   8|          2|    8|         16|
    |p_i_25_reg_496           |   2|          2|    2|          4|
    |p_i_reg_483              |   8|          2|    8|         16|
    |tmp_0_s_reg_526          |   8|          2|    8|         16|
    |tmp_1_1_reg_376          |   8|          2|    8|         16|
    |tmp_1_s_reg_517          |   8|          2|    8|         16|
    |tmp_2_1_reg_366          |   8|          2|    8|         16|
    |tmp_2_3_2_reg_544        |   8|          2|    8|         16|
    |tmp_3_3_reg_418          |   8|          2|    8|         16|
    |tmp_3_6_reg_429          |   8|          2|    8|         16|
    |tmp_3_s_reg_535          |   8|          2|    8|         16|
    |w_address0               |  16|          9|    8|         72|
    |w_address1               |  16|          9|    8|         72|
    |w_d0                     |   8|          4|    8|         32|
    |w_d1                     |   8|          4|    8|         32|
    |write_flag_i_reg_344     |   1|          2|    1|          2|
    +-------------------------+----+-----------+-----+-----------+
    |Total                    | 216|        103|  186|        555|
    +-------------------------+----+-----------+-----+-----------+

    * Register: 
    +---------------------------+----+----+-----+-----------+
    |            Name           | FF | LUT| Bits| Const Bits|
    +---------------------------+----+----+-----+-----------+
    |a_2_read_assign_reg_407    |   8|   0|    8|          0|
    |a_3_read_assign_reg_397    |   8|   0|    8|          0|
    |a_assign_reg_450           |   8|   0|    8|          0|
    |ap_CS_fsm                  |  18|   0|   18|          0|
    |i_11_reg_1144              |   3|   0|    3|          0|
    |i_13_reg_1297              |   3|   0|    3|          0|
    |i_15_reg_1407              |   6|   0|    6|          0|
    |i_1_reg_332                |   6|   0|    6|          0|
    |i_assign_1_reg_1346        |   8|   0|    8|          0|
    |i_i1_reg_472               |   4|   0|    4|          0|
    |i_i2_reg_386               |   2|   0|    2|          0|
    |i_i_reg_439                |   3|   0|    3|          0|
    |i_reg_321                  |   3|   0|    3|          0|
    |icmp_reg_1322              |   1|   0|    1|          0|
    |p_0_i_reg_507              |   8|   0|    8|          0|
    |p_0_in_i_reg_463           |   8|   0|    8|          0|
    |p_i_25_reg_496             |   2|   0|    5|          3|
    |p_i_reg_483                |   8|   0|    8|          0|
    |tmp_0_s_reg_526            |   8|   0|    8|          0|
    |tmp_17_reg_1257            |   1|   0|    1|          0|
    |tmp_1_1_reg_376            |   8|   0|    8|          0|
    |tmp_1_20_reg_1229          |   8|   0|    8|          0|
    |tmp_1_3_reg_1377           |   8|   0|    8|          0|
    |tmp_1_reg_1155             |   2|   0|   64|         62|
    |tmp_1_s_reg_517            |   8|   0|    8|          0|
    |tmp_22_reg_1412            |   8|   0|    8|          0|
    |tmp_26_reg_1417            |   8|   0|    8|          0|
    |tmp_2_1_reg_366            |   8|   0|    8|          0|
    |tmp_2_3_2_reg_544          |   8|   0|    8|          0|
    |tmp_2_3_reg_1382           |   8|   0|    8|          0|
    |tmp_31_reg_1432            |   8|   0|    8|          0|
    |tmp_36_reg_1437            |   8|   0|    8|          0|
    |tmp_3_1_reg_1251           |   8|   0|    8|          0|
    |tmp_3_3_reg_418            |   8|   0|    8|          0|
    |tmp_3_6_reg_429            |   8|   0|    8|          0|
    |tmp_3_reg_1165             |   2|   0|   64|         62|
    |tmp_3_s_reg_535            |   8|   0|    8|          0|
    |tmp_41_reg_1302            |   2|   0|    2|          0|
    |tmp_48_reg_1222            |   8|   0|    8|          0|
    |tmp_5_reg_1175             |   2|   0|   64|         62|
    |tmp_7_reg_1185             |   2|   0|   64|         62|
    |tmp_8_reg_1198             |   6|   0|    8|          2|
    |tmp_s_reg_1149             |   2|   0|    4|          2|
    |w_3_read_assign_2_reg_355  |   8|   0|    8|          0|
    |write_flag_i_reg_344       |   1|   0|    1|          0|
    +---------------------------+----+----+-----+-----------+
    |Total                      | 271|   0|  526|        255|
    +---------------------------+----+----+-----+-----------+



================================================================
== Interface
================================================================
* Summary: 
+------------+-----+-----+------------+--------------------------------------------+--------------+
|  RTL Ports | Dir | Bits|  Protocol  |                Source Object               |    C Type    |
+------------+-----+-----+------------+--------------------------------------------+--------------+
|ap_clk      |  in |    1| ap_ctrl_hs | single_block_CTR_encrypt_aes_key_expansion | return value |
|ap_rst      |  in |    1| ap_ctrl_hs | single_block_CTR_encrypt_aes_key_expansion | return value |
|ap_start    |  in |    1| ap_ctrl_hs | single_block_CTR_encrypt_aes_key_expansion | return value |
|ap_done     | out |    1| ap_ctrl_hs | single_block_CTR_encrypt_aes_key_expansion | return value |
|ap_idle     | out |    1| ap_ctrl_hs | single_block_CTR_encrypt_aes_key_expansion | return value |
|ap_ready    | out |    1| ap_ctrl_hs | single_block_CTR_encrypt_aes_key_expansion | return value |
|w_address0  | out |    8|  ap_memory |                      w                     |     array    |
|w_ce0       | out |    1|  ap_memory |                      w                     |     array    |
|w_we0       | out |    1|  ap_memory |                      w                     |     array    |
|w_d0        | out |    8|  ap_memory |                      w                     |     array    |
|w_q0        |  in |    8|  ap_memory |                      w                     |     array    |
|w_address1  | out |    8|  ap_memory |                      w                     |     array    |
|w_ce1       | out |    1|  ap_memory |                      w                     |     array    |
|w_we1       | out |    1|  ap_memory |                      w                     |     array    |
|w_d1        | out |    8|  ap_memory |                      w                     |     array    |
|w_q1        |  in |    8|  ap_memory |                      w                     |     array    |
+------------+-----+-----+------------+--------------------------------------------+--------------+

