

================================================================
== Vivado HLS Report for 'single_block_CTR_encrypt_aes_cipher'
================================================================
* Date:           Tue Feb 06 09:16:28 2024

* Version:        2016.2 (Build 1577090 on Thu Jun 02 16:59:10 MDT 2016)
* Project:        AES_CTR
* Solution:       solution1
* Product family: zynq
* Target device:  xc7z020clg400-1


================================================================
== Performance Estimates
================================================================
+ Timing (ns): 
    * Summary: 
    +--------+-------+----------+------------+
    |  Clock | Target| Estimated| Uncertainty|
    +--------+-------+----------+------------+
    |ap_clk  |  10.00|      6.47|        1.25|
    +--------+-------+----------+------------+

+ Latency (clock cycles): 
    * Summary: 
    +------+------+------+------+---------+
    |   Latency   |   Interval  | Pipeline|
    |  min |  max |  min |  max |   Type  |
    +------+------+------+------+---------+
    |  2167|  2707|  2167|  2707|   none  |
    +------+------+------+------+---------+

    + Detail: 
        * Instance: 
        +---------------------------------------------------+----------------------------------------+-----+-----+-----+-----+---------+
        |                                                   |                                        |  Latency  |  Interval | Pipeline|
        |                      Instance                     |                 Module                 | min | max | min | max |   Type  |
        +---------------------------------------------------+----------------------------------------+-----+-----+-----+-----+---------+
        |grp_single_block_CTR_encrypt_mix_columns_fu_148    |single_block_CTR_encrypt_mix_columns    |  101|  101|  101|  101|   none  |
        |grp_single_block_CTR_encrypt_add_round_key_fu_153  |single_block_CTR_encrypt_add_round_key  |   17|   17|   17|   17|   none  |
        |grp_single_block_CTR_encrypt_shift_rows_fu_163     |single_block_CTR_encrypt_shift_rows     |   34|   88|   34|   88|   none  |
        |grp_single_block_CTR_encrypt_sub_bytes_fu_168      |single_block_CTR_encrypt_sub_bytes      |   57|   57|   57|   57|   none  |
        +---------------------------------------------------+----------------------------------------+-----+-----+-----+-----+---------+

        * Loop: 
        +-------------+------+------+-----------+-----------+-----------+------+----------+
        |             |   Latency   | Iteration |  Initiation Interval  | Trip |          |
        |  Loop Name  |  min |  max |  Latency  |  achieved |   target  | Count| Pipelined|
        +-------------+------+------+-----------+-----------+-----------+------+----------+
        |- Loop 1     |    40|    40|         10|          -|          -|     4|    no    |
        | + Loop 1.1  |     8|     8|          2|          -|          -|     4|    no    |
        |- Loop 2     |  1953|  2439| 217 ~ 271 |          -|          -|     9|    no    |
        |- Loop 3     |    40|    40|         10|          -|          -|     4|    no    |
        | + Loop 3.1  |     8|     8|          2|          -|          -|     4|    no    |
        +-------------+------+------+-----------+-----------+-----------+------+----------+



================================================================
== Utilization Estimates
================================================================
* Summary: 
+-----------------+---------+-------+--------+-------+
|       Name      | BRAM_18K| DSP48E|   FF   |  LUT  |
+-----------------+---------+-------+--------+-------+
|DSP              |        -|      -|       -|      -|
|Expression       |        -|      -|       0|     42|
|FIFO             |        -|      -|       -|      -|
|Instance         |        1|      -|     662|   1271|
|Memory           |        1|      -|       0|      0|
|Multiplexer      |        -|      -|       -|     56|
|Register         |        -|      -|      79|      -|
+-----------------+---------+-------+--------+-------+
|Total            |        2|      0|     741|   1369|
+-----------------+---------+-------+--------+-------+
|Available        |      280|    220|  106400|  53200|
+-----------------+---------+-------+--------+-------+
|Utilization (%)  |    ~0   |      0|   ~0   |      2|
+-----------------+---------+-------+--------+-------+

+ Detail: 
    * Instance: 
    +---------------------------------------------------+----------------------------------------+---------+-------+-----+------+
    |                      Instance                     |                 Module                 | BRAM_18K| DSP48E|  FF |  LUT |
    +---------------------------------------------------+----------------------------------------+---------+-------+-----+------+
    |grp_single_block_CTR_encrypt_add_round_key_fu_153  |single_block_CTR_encrypt_add_round_key  |        0|      0|   41|    96|
    |grp_single_block_CTR_encrypt_mix_columns_fu_148    |single_block_CTR_encrypt_mix_columns    |        0|      0|  558|  1102|
    |grp_single_block_CTR_encrypt_shift_rows_fu_163     |single_block_CTR_encrypt_shift_rows     |        0|      0|   40|    48|
    |grp_single_block_CTR_encrypt_sub_bytes_fu_168      |single_block_CTR_encrypt_sub_bytes      |        1|      0|   23|    25|
    +---------------------------------------------------+----------------------------------------+---------+-------+-----+------+
    |Total                                              |                                        |        1|      0|  662|  1271|
    +---------------------------------------------------+----------------------------------------+---------+-------+-----+------+

    * DSP48: 
    N/A

    * Memory: 
    +---------+-------------------------------------------+---------+---+----+------+-----+------+-------------+
    |  Memory |                   Module                  | BRAM_18K| FF| LUT| Words| Bits| Banks| W*Bits*Banks|
    +---------+-------------------------------------------+---------+---+----+------+-----+------+-------------+
    |state_U  |single_block_CTR_encrypt_aes_cipher_state  |        1|  0|   0|    16|    8|     1|          128|
    +---------+-------------------------------------------+---------+---+----+------+-----+------+-------------+
    |Total    |                                           |        1|  0|   0|    16|    8|     1|          128|
    +---------+-------------------------------------------+---------+---+----+------+-----+------+-------------+

    * FIFO: 
    N/A

    * Expression: 
    +---------------------+----------+-------+---+----+------------+------------+
    |    Variable Name    | Operation| DSP48E| FF| LUT| Bitwidth P0| Bitwidth P1|
    +---------------------+----------+-------+---+----+------------+------------+
    |i_16_fu_181_p2       |     +    |      0|  0|   3|           3|           1|
    |i_17_fu_273_p2       |     +    |      0|  0|   3|           3|           1|
    |j_3_fu_209_p2        |     +    |      0|  0|   3|           3|           1|
    |j_4_fu_301_p2        |     +    |      0|  0|   3|           3|           1|
    |r_1_fu_261_p2        |     +    |      0|  0|   4|           4|           1|
    |tmp_40_fu_231_p2     |     +    |      0|  0|   4|           4|           4|
    |tmp_42_fu_241_p2     |     +    |      0|  0|   4|           4|           4|
    |tmp_45_fu_311_p2     |     +    |      0|  0|   4|           4|           4|
    |tmp_48_fu_333_p2     |     +    |      0|  0|   4|           4|           4|
    |exitcond1_fu_267_p2  |   icmp   |      0|  0|   2|           3|           4|
    |exitcond2_fu_250_p2  |   icmp   |      0|  0|   2|           4|           4|
    |exitcond3_fu_203_p2  |   icmp   |      0|  0|   2|           3|           4|
    |exitcond4_fu_175_p2  |   icmp   |      0|  0|   2|           3|           4|
    |exitcond_fu_295_p2   |   icmp   |      0|  0|   2|           3|           4|
    +---------------------+----------+-------+---+----+------------+------------+
    |Total                |          |      0|  0|  42|          48|          41|
    +---------------------+----------+-------+---+----+------------+------------+

    * Multiplexer: 
    +-----------------------------------------------------+----+-----------+-----+-----------+
    |                         Name                        | LUT| Input Size| Bits| Total Bits|
    +-----------------------------------------------------+----+-----------+-----+-----------+
    |ap_NS_fsm                                            |  18|         22|    1|         22|
    |grp_single_block_CTR_encrypt_add_round_key_fu_153_r  |   6|          4|    6|         24|
    |i_1_reg_126                                          |   3|          2|    3|          6|
    |i_reg_92                                             |   3|          2|    3|          6|
    |j_1_reg_137                                          |   3|          2|    3|          6|
    |j_reg_103                                            |   3|          2|    3|          6|
    |r_reg_114                                            |   4|          2|    4|          8|
    |state_address0                                       |   4|          7|    4|         28|
    |state_ce0                                            |   1|          6|    1|          6|
    |state_ce1                                            |   1|          2|    1|          2|
    |state_d0                                             |   8|          6|    8|         48|
    |state_we0                                            |   1|          6|    1|          6|
    |state_we1                                            |   1|          2|    1|          2|
    +-----------------------------------------------------+----+-----------+-----+-----------+
    |Total                                                |  56|         65|   39|        170|
    +-----------------------------------------------------+----+-----------+-----+-----------+

    * Register: 
    +-------------------------------------------------------------------+----+----+-----+-----------+
    |                                Name                               | FF | LUT| Bits| Const Bits|
    +-------------------------------------------------------------------+----+----+-----+-----------+
    |ap_CS_fsm                                                          |  21|   0|   21|          0|
    |ap_reg_grp_single_block_CTR_encrypt_add_round_key_fu_153_ap_start  |   1|   0|    1|          0|
    |ap_reg_grp_single_block_CTR_encrypt_mix_columns_fu_148_ap_start    |   1|   0|    1|          0|
    |ap_reg_grp_single_block_CTR_encrypt_shift_rows_fu_163_ap_start     |   1|   0|    1|          0|
    |ap_reg_grp_single_block_CTR_encrypt_sub_bytes_fu_168_ap_start      |   1|   0|    1|          0|
    |i_16_reg_345                                                       |   3|   0|    3|          0|
    |i_17_reg_394                                                       |   3|   0|    3|          0|
    |i_1_reg_126                                                        |   3|   0|    3|          0|
    |i_reg_92                                                           |   3|   0|    3|          0|
    |j_1_reg_137                                                        |   3|   0|    3|          0|
    |j_3_reg_363                                                        |   3|   0|    3|          0|
    |j_4_reg_412                                                        |   3|   0|    3|          0|
    |j_reg_103                                                          |   3|   0|    3|          0|
    |r_1_reg_386                                                        |   4|   0|    4|          0|
    |r_cast3_cast_reg_381                                               |   4|   0|    6|          2|
    |r_reg_114                                                          |   4|   0|    4|          0|
    |tmp_42_reg_373                                                     |   4|   0|    4|          0|
    |tmp_44_reg_404                                                     |   2|   0|    4|          2|
    |tmp_48_reg_422                                                     |   4|   0|    4|          0|
    |tmp_69_cast_reg_399                                                |   3|   0|    4|          1|
    |tmp_cast_reg_350                                                   |   3|   0|    4|          1|
    |tmp_s_reg_355                                                      |   2|   0|    4|          2|
    +-------------------------------------------------------------------+----+----+-----+-----------+
    |Total                                                              |  79|   0|   87|          8|
    +-------------------------------------------------------------------+----+----+-----+-----------+



================================================================
== Interface
================================================================
* Summary: 
+----------------+-----+-----+------------+-------------------------------------+--------------+
|    RTL Ports   | Dir | Bits|  Protocol  |            Source Object            |    C Type    |
+----------------+-----+-----+------------+-------------------------------------+--------------+
|ap_clk          |  in |    1| ap_ctrl_hs | single_block_CTR_encrypt_aes_cipher | return value |
|ap_rst          |  in |    1| ap_ctrl_hs | single_block_CTR_encrypt_aes_cipher | return value |
|ap_start        |  in |    1| ap_ctrl_hs | single_block_CTR_encrypt_aes_cipher | return value |
|ap_done         | out |    1| ap_ctrl_hs | single_block_CTR_encrypt_aes_cipher | return value |
|ap_idle         | out |    1| ap_ctrl_hs | single_block_CTR_encrypt_aes_cipher | return value |
|ap_ready        | out |    1| ap_ctrl_hs | single_block_CTR_encrypt_aes_cipher | return value |
|in_r_address0   | out |    4|  ap_memory |                 in_r                |     array    |
|in_r_ce0        | out |    1|  ap_memory |                 in_r                |     array    |
|in_r_q0         |  in |    8|  ap_memory |                 in_r                |     array    |
|out_r_address0  | out |    4|  ap_memory |                out_r                |     array    |
|out_r_ce0       | out |    1|  ap_memory |                out_r                |     array    |
|out_r_we0       | out |    1|  ap_memory |                out_r                |     array    |
|out_r_d0        | out |    8|  ap_memory |                out_r                |     array    |
|w_address0      | out |    8|  ap_memory |                  w                  |     array    |
|w_ce0           | out |    1|  ap_memory |                  w                  |     array    |
|w_q0            |  in |    8|  ap_memory |                  w                  |     array    |
|w_address1      | out |    8|  ap_memory |                  w                  |     array    |
|w_ce1           | out |    1|  ap_memory |                  w                  |     array    |
|w_q1            |  in |    8|  ap_memory |                  w                  |     array    |
+----------------+-----+-----+------------+-------------------------------------+--------------+

