

================================================================
== Vivado HLS Report for 'single_block_CTR_encrypt_gmult'
================================================================
* Date:           Sun Feb 04 10:32:40 2024

* Version:        2016.2 (Build 1577090 on Thu Jun 02 16:59:10 MDT 2016)
* Project:        AES_CTR
* Solution:       solution1
* Product family: zynq
* Target device:  xc7z020clg400-1


================================================================
== Performance Estimates
================================================================
+ Timing (ns): 
    * Summary: 
    +--------+-------+----------+------------+
    |  Clock | Target| Estimated| Uncertainty|
    +--------+-------+----------+------------+
    |ap_clk  |  10.00|      3.05|        1.25|
    +--------+-------+----------+------------+

+ Latency (clock cycles): 
    * Summary: 
    +-----+-----+-----+-----+---------+
    |  Latency  |  Interval | Pipeline|
    | min | max | min | max |   Type  |
    +-----+-----+-----+-----+---------+
    |    9|    9|    9|    9|   none  |
    +-----+-----+-----+-----+---------+

    + Detail: 
        * Instance: 
        N/A

        * Loop: 
        +----------+-----+-----+----------+-----------+-----------+------+----------+
        |          |  Latency  | Iteration|  Initiation Interval  | Trip |          |
        | Loop Name| min | max |  Latency |  achieved |   target  | Count| Pipelined|
        +----------+-----+-----+----------+-----------+-----------+------+----------+
        |- Loop 1  |    8|    8|         1|          -|          -|     8|    no    |
        +----------+-----+-----+----------+-----------+-----------+------+----------+



================================================================
== Utilization Estimates
================================================================
* Summary: 
+-----------------+---------+-------+--------+-------+
|       Name      | BRAM_18K| DSP48E|   FF   |  LUT  |
+-----------------+---------+-------+--------+-------+
|DSP              |        -|      -|       -|      -|
|Expression       |        -|      -|       0|     38|
|FIFO             |        -|      -|       -|      -|
|Instance         |        -|      -|       -|      -|
|Memory           |        -|      -|       -|      -|
|Multiplexer      |        -|      -|       -|     37|
|Register         |        -|      -|      38|      -|
+-----------------+---------+-------+--------+-------+
|Total            |        0|      0|      38|     75|
+-----------------+---------+-------+--------+-------+
|Available        |      280|    220|  106400|  53200|
+-----------------+---------+-------+--------+-------+
|Utilization (%)  |        0|      0|   ~0   |   ~0  |
+-----------------+---------+-------+--------+-------+

+ Detail: 
    * Instance: 
    N/A

    * DSP48: 
    N/A

    * Memory: 
    N/A

    * FIFO: 
    N/A

    * Expression: 
    +----------------------+----------+-------+---+----+------------+------------+
    |     Variable Name    | Operation| DSP48E| FF| LUT| Bitwidth P0| Bitwidth P1|
    +----------------------+----------+-------+---+----+------------+------------+
    |i_10_fu_94_p2         |     +    |      0|  0|   4|           4|           1|
    |exitcond_fu_88_p2     |   icmp   |      0|  0|   2|           4|           5|
    |a_assign_2_fu_138_p3  |  select  |      0|  0|   8|           1|           8|
    |tmp_s_fu_104_p3       |  select  |      0|  0|   8|           1|           8|
    |a_assign_1_fu_132_p2  |    xor   |      0|  0|   8|           8|           5|
    |p_0_s_fu_112_p2       |    xor   |      0|  0|   8|           8|           8|
    +----------------------+----------+-------+---+----+------------+------------+
    |Total                 |          |      0|  0|  38|          26|          35|
    +----------------------+----------+-------+---+----+------------+------------+

    * Multiplexer: 
    +------------+----+-----------+-----+-----------+
    |    Name    | LUT| Input Size| Bits| Total Bits|
    +------------+----+-----------+-----+-----------+
    |ap_NS_fsm   |   1|          3|    1|          3|
    |ap_return   |   8|          2|    8|         16|
    |i_reg_44    |   4|          2|    4|          8|
    |p_0_reg_75  |   8|          2|    8|         16|
    |p_reg_55    |   8|          2|    8|         16|
    |p_s_reg_66  |   8|          2|    8|         16|
    +------------+----+-----------+-----+-----------+
    |Total       |  37|         13|   37|         75|
    +------------+----+-----------+-----+-----------+

    * Register: 
    +----------------+---+----+-----+-----------+
    |      Name      | FF| LUT| Bits| Const Bits|
    +----------------+---+----+-----+-----------+
    |ap_CS_fsm       |  2|   0|    2|          0|
    |ap_return_preg  |  8|   0|    8|          0|
    |i_reg_44        |  4|   0|    4|          0|
    |p_0_reg_75      |  8|   0|    8|          0|
    |p_reg_55        |  8|   0|    8|          0|
    |p_s_reg_66      |  8|   0|    8|          0|
    +----------------+---+----+-----+-----------+
    |Total           | 38|   0|   38|          0|
    +----------------+---+----+-----+-----------+



================================================================
== Interface
================================================================
* Summary: 
+-----------+-----+-----+------------+--------------------------------+--------------+
| RTL Ports | Dir | Bits|  Protocol  |          Source Object         |    C Type    |
+-----------+-----+-----+------------+--------------------------------+--------------+
|ap_clk     |  in |    1| ap_ctrl_hs | single_block_CTR_encrypt_gmult | return value |
|ap_rst     |  in |    1| ap_ctrl_hs | single_block_CTR_encrypt_gmult | return value |
|ap_start   |  in |    1| ap_ctrl_hs | single_block_CTR_encrypt_gmult | return value |
|ap_done    | out |    1| ap_ctrl_hs | single_block_CTR_encrypt_gmult | return value |
|ap_idle    | out |    1| ap_ctrl_hs | single_block_CTR_encrypt_gmult | return value |
|ap_ready   | out |    1| ap_ctrl_hs | single_block_CTR_encrypt_gmult | return value |
|ap_return  | out |    8| ap_ctrl_hs | single_block_CTR_encrypt_gmult | return value |
|a          |  in |    4|   ap_none  |                a               |    scalar    |
|b          |  in |    8|   ap_none  |                b               |    scalar    |
+-----------+-----+-----+------------+--------------------------------+--------------+

