

================================================================
== Vivado HLS Report for 'single_block_CTR_encrypt'
================================================================
* Date:           Sun Feb 04 10:32:41 2024

* Version:        2016.2 (Build 1577090 on Thu Jun 02 16:59:10 MDT 2016)
* Project:        AES_CTR
* Solution:       solution1
* Product family: zynq
* Target device:  xc7z020clg400-1


================================================================
== Performance Estimates
================================================================
+ Timing (ns): 
    * Summary: 
    +--------+-------+----------+------------+
    |  Clock | Target| Estimated| Uncertainty|
    +--------+-------+----------+------------+
    |ap_clk  |  10.00|      6.50|        1.25|
    +--------+-------+----------+------------+

+ Latency (clock cycles): 
    * Summary: 
    +-----+-----+-----+-----+---------+
    |  Latency  |  Interval | Pipeline|
    | min | max | min | max |   Type  |
    +-----+-----+-----+-----+---------+
    |    ?|    ?|    ?|    ?|   none  |
    +-----+-----+-----+-----+---------+

    + Detail: 
        * Instance: 
        +-------------------------------------------------------+--------------------------------------------+------+------+------+------+---------+
        |                                                       |                                            |   Latency   |   Interval  | Pipeline|
        |                        Instance                       |                   Module                   |  min |  max |  min |  max |   Type  |
        +-------------------------------------------------------+--------------------------------------------+------+------+------+------+---------+
        |grp_single_block_CTR_encrypt_aes_cipher_fu_220         |single_block_CTR_encrypt_aes_cipher         |  2167|  2707|  2167|  2707|   none  |
        |grp_single_block_CTR_encrypt_aes_key_expansion_fu_230  |single_block_CTR_encrypt_aes_key_expansion  |     ?|     ?|     ?|     ?|   none  |
        +-------------------------------------------------------+--------------------------------------------+------+------+------+------+---------+

        * Loop: 
        +----------+-----+-----+----------+-----------+-----------+--------+----------+
        |          |  Latency  | Iteration|  Initiation Interval  |  Trip  |          |
        | Loop Name| min | max |  Latency |  achieved |   target  |  Count | Pipelined|
        +----------+-----+-----+----------+-----------+-----------+--------+----------+
        |- Loop 1  |   16|   16|         1|          -|          -|      16|    no    |
        |- Loop 2  |   32|   32|         2|          -|          -|      16|    no    |
        |- Loop 3  |   32|   32|         2|          -|          -|      16|    no    |
        |- Loop 4  |    2|   33|         2|          -|          -| 1 ~ 16 |    no    |
        +----------+-----+-----+----------+-----------+-----------+--------+----------+



================================================================
== Utilization Estimates
================================================================
* Summary: 
+-----------------+---------+-------+--------+-------+
|       Name      | BRAM_18K| DSP48E|   FF   |  LUT  |
+-----------------+---------+-------+--------+-------+
|DSP              |        -|      -|       -|      -|
|Expression       |        -|      -|       0|     52|
|FIFO             |        -|      -|       -|      -|
|Instance         |        3|      -|    1044|   1973|
|Memory           |        1|      -|      64|      8|
|Multiplexer      |        -|      -|       -|     73|
|Register         |        -|      -|      55|      -|
+-----------------+---------+-------+--------+-------+
|Total            |        4|      0|    1163|   2106|
+-----------------+---------+-------+--------+-------+
|Available        |      280|    220|  106400|  53200|
+-----------------+---------+-------+--------+-------+
|Utilization (%)  |        1|      0|       1|      3|
+-----------------+---------+-------+--------+-------+

+ Detail: 
    * Instance: 
    +-------------------------------------------------------+--------------------------------------------+---------+-------+-----+------+
    |                        Instance                       |                   Module                   | BRAM_18K| DSP48E|  FF |  LUT |
    +-------------------------------------------------------+--------------------------------------------+---------+-------+-----+------+
    |grp_single_block_CTR_encrypt_aes_cipher_fu_220         |single_block_CTR_encrypt_aes_cipher         |        2|      0|  741|  1369|
    |grp_single_block_CTR_encrypt_aes_key_expansion_fu_230  |single_block_CTR_encrypt_aes_key_expansion  |        1|      0|  303|   604|
    +-------------------------------------------------------+--------------------------------------------+---------+-------+-----+------+
    |Total                                                  |                                            |        3|      0| 1044|  1973|
    +-------------------------------------------------------+--------------------------------------------+---------+-------+-----+------+

    * DSP48: 
    N/A

    * Memory: 
    +----------------+------------------------------------+---------+----+----+------+-----+------+-------------+
    |     Memory     |               Module               | BRAM_18K| FF | LUT| Words| Bits| Banks| W*Bits*Banks|
    +----------------+------------------------------------+---------+----+----+------+-----+------+-------------+
    |nonce_U         |single_block_CTR_encrypt_nonce      |        0|  16|   2|    16|    8|     1|          128|
    |plaintext_U     |single_block_CTR_encrypt_plaintext  |        0|  16|   2|    16|    8|     1|          128|
    |cipher_nonce_U  |single_block_CTR_encrypt_plaintext  |        0|  16|   2|    16|    8|     1|          128|
    |out_U           |single_block_CTR_encrypt_plaintext  |        0|  16|   2|    16|    8|     1|          128|
    |w_U             |single_block_CTR_encrypt_w          |        1|   0|   0|   176|    8|     1|         1408|
    +----------------+------------------------------------+---------+----+----+------+-----+------+-------------+
    |Total           |                                    |        1|  64|   8|   240|   40|     5|         1920|
    +----------------+------------------------------------+---------+----+----+------+-----+------+-------------+

    * FIFO: 
    N/A

    * Expression: 
    +----------------------+----------+-------+---+----+------------+------------+
    |     Variable Name    | Operation| DSP48E| FF| LUT| Bitwidth P0| Bitwidth P1|
    +----------------------+----------+-------+---+----+------------+------------+
    |i_4_fu_247_p2         |     +    |      0|  0|   5|           5|           1|
    |i_5_fu_269_p2         |     +    |      0|  0|   5|           5|           1|
    |i_6_fu_294_p2         |     +    |      0|  0|   5|           5|           1|
    |i_7_fu_334_p2         |     +    |      0|  0|   5|           5|           2|
    |tmp_7_fu_340_p2       |     +    |      0|  0|   8|           8|           1|
    |ap_sig_412            |    and   |      0|  0|   1|           1|           1|
    |ap_sig_79             |    and   |      0|  0|   1|           1|           1|
    |exitcond1_fu_241_p2   |   icmp   |      0|  0|   3|           5|           6|
    |exitcond2_fu_263_p2   |   icmp   |      0|  0|   3|           5|           6|
    |exitcond_fu_288_p2    |   icmp   |      0|  0|   3|           5|           6|
    |tmp_6_fu_328_p2       |   icmp   |      0|  0|   3|           8|           2|
    |tmp_last_V_fu_305_p2  |   icmp   |      0|  0|   2|           5|           4|
    |out_d0                |    xor   |      0|  0|   8|           8|           8|
    +----------------------+----------+-------+---+----+------------+------------+
    |Total                 |          |      0|  0|  52|          66|          40|
    +----------------------+----------+-------+---+----+------------+------------+

    * Multiplexer: 
    +------------------------------+----+-----------+-----+-----------+
    |             Name             | LUT| Input Size| Bits| Total Bits|
    +------------------------------+----+-----------+-----+-----------+
    |ap_NS_fsm                     |   6|         12|    1|         12|
    |ap_sig_ioackin_cipher_TREADY  |   1|          2|    1|          2|
    |cipher_TDATA_blk_n            |   1|          2|    1|          2|
    |cipher_nonce_address0         |   4|          3|    4|         12|
    |cipher_nonce_ce0              |   1|          3|    1|          3|
    |i_1_reg_186                   |   5|          2|    5|         10|
    |i_2_reg_197                   |   5|          2|    5|         10|
    |i_3_reg_208                   |   5|          2|    5|         10|
    |i_plaintext_TDATA_blk_n       |   1|          2|    1|          2|
    |i_reg_175                     |   5|          2|    5|         10|
    |nonce_address0                |   4|          4|    4|         16|
    |nonce_ce0                     |   1|          3|    1|          3|
    |nonce_d0                      |   8|          3|    8|         24|
    |out_address0                  |   4|          3|    4|         12|
    |plaintext_address0            |   4|          3|    4|         12|
    |w_address0                    |   8|          3|    8|         24|
    |w_address1                    |   8|          3|    8|         24|
    |w_ce0                         |   1|          3|    1|          3|
    |w_ce1                         |   1|          3|    1|          3|
    +------------------------------+----+-----------+-----+-----------+
    |Total                         |  73|         60|   68|        194|
    +------------------------------+----+-----------+-----+-----------+

    * Register: 
    +-----------------------------------------------------------------------+----+----+-----+-----------+
    |                                  Name                                 | FF | LUT| Bits| Const Bits|
    +-----------------------------------------------------------------------+----+----+-----+-----------+
    |ap_CS_fsm                                                              |  11|   0|   11|          0|
    |ap_reg_grp_single_block_CTR_encrypt_aes_cipher_fu_220_ap_start         |   1|   0|    1|          0|
    |ap_reg_grp_single_block_CTR_encrypt_aes_key_expansion_fu_230_ap_start  |   1|   0|    1|          0|
    |ap_reg_ioackin_cipher_TREADY                                           |   1|   0|    1|          0|
    |i_1_reg_186                                                            |   5|   0|    5|          0|
    |i_2_reg_197                                                            |   5|   0|    5|          0|
    |i_3_reg_208                                                            |   5|   0|    5|          0|
    |i_5_reg_358                                                            |   5|   0|    5|          0|
    |i_6_reg_381                                                            |   5|   0|    5|          0|
    |i_reg_175                                                              |   5|   0|    5|          0|
    |nonce_addr_reg_400                                                     |   4|   0|    4|          0|
    |tmp_3_reg_396                                                          |   1|   0|    1|          0|
    |tmp_last_V_reg_391                                                     |   1|   0|    1|          0|
    |tmp_s_reg_363                                                          |   5|   0|   64|         59|
    +-----------------------------------------------------------------------+----+----+-----+-----------+
    |Total                                                                  |  55|   0|  114|         59|
    +-----------------------------------------------------------------------+----+----+-----+-----------+



================================================================
== Interface
================================================================
* Summary: 
+--------------------+-----+-----+------------+--------------------------+--------------+
|      RTL Ports     | Dir | Bits|  Protocol  |       Source Object      |    C Type    |
+--------------------+-----+-----+------------+--------------------------+--------------+
|ap_clk              |  in |    1| ap_ctrl_hs | single_block_CTR_encrypt | return value |
|ap_rst_n            |  in |    1| ap_ctrl_hs | single_block_CTR_encrypt | return value |
|ap_start            |  in |    1| ap_ctrl_hs | single_block_CTR_encrypt | return value |
|ap_done             | out |    1| ap_ctrl_hs | single_block_CTR_encrypt | return value |
|ap_idle             | out |    1| ap_ctrl_hs | single_block_CTR_encrypt | return value |
|ap_ready            | out |    1| ap_ctrl_hs | single_block_CTR_encrypt | return value |
|i_plaintext_TDATA   |  in |    8|    axis    |    i_plaintext_V_data    |    pointer   |
|i_plaintext_TVALID  |  in |    1|    axis    |    i_plaintext_V_data    |    pointer   |
|i_plaintext_TREADY  | out |    1|    axis    |   i_plaintext_V_last_V   |    pointer   |
|i_plaintext_TLAST   |  in |    1|    axis    |   i_plaintext_V_last_V   |    pointer   |
|i_plaintext_TUSER   |  in |    1|    axis    |   i_plaintext_V_user_V   |    pointer   |
|cipher_TDATA        | out |    8|    axis    |       cipher_V_data      |    pointer   |
|cipher_TVALID       | out |    1|    axis    |      cipher_V_last_V     |    pointer   |
|cipher_TREADY       |  in |    1|    axis    |      cipher_V_last_V     |    pointer   |
|cipher_TLAST        | out |    1|    axis    |      cipher_V_last_V     |    pointer   |
|cipher_TUSER        | out |    1|    axis    |      cipher_V_user_V     |    pointer   |
+--------------------+-----+-----+------------+--------------------------+--------------+

