   Compiling ../../../testbench.cpp in debug mode
   Generating csim.exe
 ------ BLOCK 0 -------
Plaintext:	04 b4 56 ee 17 a6 6a be 53 28 a7 73 d6 7c d8 6a 
TLAST : 	0 0 0 0 0 0 0 0 0 0 0 0 0 0 0 0 
Cipher:		91 19 b8 ea 48 1c ab 35 82 27 43 68 de 16 fc f9 

 ------ BLOCK 1 -------
Plaintext:	33 dd 56 ee 17 a6 1a 13 32 23 a7 73 65 1c d2 41 
TLAST : 	0 0 0 0 0 0 0 0 0 0 0 0 0 0 0 0 
Cipher:		1a fe 92 29 1d 80 84 23 0f 17 72 b2 76 0b 96 c7 

 ------ BLOCK 2 -------
Plaintext:	c4 74 15 74 a7 a6 c1 a3 73 28 17 76 73 bc 3f e1 
TLAST : 	0 0 0 0 0 0 0 0 0 0 0 0 0 0 0 0 
Cipher:		0c 58 be 33 ee 60 49 3b a0 f9 b9 e8 86 8a 3a 1d 

 ------ BLOCK 3 -------
Plaintext:	36 c5 74 14 f7 90 ac b1 02 2e f6 12 83 6e 31 e6 
TLAST : 	0 0 0 0 0 0 0 0 0 0 0 0 0 0 0 0 
Cipher:		08 1d e4 06 92 9b 29 41 31 b3 ab a5 5c 3e ac 86 

 ------ BLOCK 4 -------
Plaintext:	62 c2 17 88 a7 a6 c1 8f 73 27 1a 72 99 92 2c a7 
TLAST : 	0 0 0 0 0 0 0 0 0 0 0 0 0 0 0 0 
Cipher:		c0 68 99 64 9d ab be d3 00 df a3 43 f8 90 af cf 

 ------ BLOCK 5 -------
Plaintext:	3f 03 bb 6b e1 0f a0 02 61 2c 86 25 86 34 21 a1 
TLAST : 	0 0 0 0 0 0 0 0 0 0 0 0 0 0 0 0 
Cipher:		50 d9 79 53 dc 73 5c c8 2b d8 69 86 7b a2 3d 71 

 ------ BLOCK 6 -------
Plaintext:	04 b4 56 ee 17 a6 6a be 53 28 a7 73 d6 7c d8 6a 
TLAST : 	0 0 0 0 0 0 0 0 0 0 0 0 0 0 0 0 
Cipher:		91 19 b8 ea 48 1c ab 35 82 27 43 68 de 16 fc f9 

 ------ BLOCK 7 -------
Plaintext:	33 dd 56 ee 17 a6 1a 13 32 23 a7 73 65 1c d2 41 
TLAST : 	0 0 0 0 0 0 0 0 0 0 0 0 0 0 0 0 
Cipher:		1a fe 92 29 1d 80 84 23 0f 17 72 b2 76 0b 96 c7 

 ------ BLOCK 8 -------
Plaintext:	c4 74 15 74 a7 a6 c1 a3 73 28 17 76 73 bc 3f e1 
TLAST : 	0 0 0 0 0 0 0 0 0 0 0 0 0 0 0 0 
Cipher:		0c 58 be 33 ee 60 49 3b a0 f9 b9 e8 86 8a 3a 1d 

 ------ BLOCK 9 -------
Plaintext:	36 c5 74 14 f7 90 ac b1 02 2e f6 12 83 6e 31 e6 
TLAST : 	0 0 0 0 0 0 0 0 0 0 0 0 0 0 0 0 
Cipher:		08 1d e4 06 92 9b 29 41 31 b3 ab a5 5c 3e ac 86 

 ------ BLOCK 10 -------
Plaintext:	62 c2 17 88 a7 a6 c1 8f 73 27 1a 72 99 92 2c a7 
TLAST : 	0 0 0 0 0 0 0 0 0 0 0 0 0 0 0 0 
Cipher:		c0 68 99 64 9d ab be d3 00 df a3 43 f8 90 af cf 

 ------ BLOCK 11 -------
Plaintext:	3f 03 bb 6b e1 0f a0 02 61 2c 86 25 86 34 21 a1 
TLAST : 	0 0 0 0 0 0 0 0 0 0 0 0 0 0 0 0 
Cipher:		50 d9 79 53 dc 73 5c c8 2b d8 69 86 7b a2 3d 71 

 ------ BLOCK 12 -------
Plaintext:	04 b4 56 ee 17 a6 6a be 53 28 a7 73 d6 7c d8 6a 
TLAST : 	0 0 0 0 0 0 0 0 0 0 0 0 0 0 0 0 
Cipher:		91 19 b8 ea 48 1c ab 35 82 27 43 68 de 16 fc f9 

 ------ BLOCK 13 -------
Plaintext:	33 dd 56 ee 17 a6 1a 13 32 23 a7 73 65 1c d2 41 
TLAST : 	0 0 0 0 0 0 0 0 0 0 0 0 0 0 0 0 
Cipher:		1a fe 92 29 1d 80 84 23 0f 17 72 b2 76 0b 96 c7 

 ------ BLOCK 14 -------
Plaintext:	c4 74 15 74 a7 a6 c1 a3 73 28 17 76 73 bc 3f e1 
TLAST : 	0 0 0 0 0 0 0 0 0 0 0 0 0 0 0 0 
Cipher:		0c 58 be 33 ee 60 49 3b a0 f9 b9 e8 86 8a 3a 1d 

 ------ BLOCK 15 -------
Plaintext:	36 c5 74 14 f7 90 ac b1 02 2e f6 12 83 6e 31 e6 
TLAST : 	0 0 0 0 0 0 0 0 0 0 0 0 0 0 0 0 
Cipher:		08 1d e4 06 92 9b 29 41 31 b3 ab a5 5c 3e ac 86 

 ------ BLOCK 16 -------
Plaintext:	62 c2 17 88 a7 a6 c1 8f 73 27 1a 72 99 92 2c a7 
TLAST : 	0 0 0 0 0 0 0 0 0 0 0 0 0 0 0 0 
Cipher:		c0 68 99 64 9d ab be d3 00 df a3 43 f8 90 af cf 

 ------ BLOCK 17 -------
Plaintext:	3f 03 bb 6b e1 0f a0 02 61 2c 86 25 86 34 21 a1 
TLAST : 	0 0 0 0 0 0 0 0 0 0 0 0 0 0 0 0 
Cipher:		50 d9 79 53 dc 73 5c c8 2b d8 69 86 7b a2 3d 71 

 ------ BLOCK 18 -------
Plaintext:	04 b4 56 ee 17 a6 6a be 53 28 a7 73 d6 7c d8 6a 
TLAST : 	0 0 0 0 0 0 0 0 0 0 0 0 0 0 0 0 
Cipher:		91 19 b8 ea 48 1c ab 35 82 27 43 68 de 16 fc f9 

 ------ BLOCK 19 -------
Plaintext:	33 dd 56 ee 17 a6 1a 13 32 23 a7 73 65 1c d2 41 
TLAST : 	0 0 0 0 0 0 0 0 0 0 0 0 0 0 0 0 
Cipher:		1a fe 92 29 1d 80 84 23 0f 17 72 b2 76 0b 96 c7 

 ------ BLOCK 20 -------
Plaintext:	c4 74 15 74 a7 a6 c1 a3 73 28 17 76 73 bc 3f e1 
TLAST : 	0 0 0 0 0 0 0 0 0 0 0 0 0 0 0 0 
Cipher:		0c 58 be 33 ee 60 49 3b a0 f9 b9 e8 86 8a 3a 1d 

 ------ BLOCK 21 -------
Plaintext:	36 c5 74 14 f7 90 ac b1 02 2e f6 12 83 6e 31 e6 
TLAST : 	0 0 0 0 0 0 0 0 0 0 0 0 0 0 0 0 
Cipher:		08 1d e4 06 92 9b 29 41 31 b3 ab a5 5c 3e ac 86 

 ------ BLOCK 22 -------
Plaintext:	62 c2 17 88 a7 a6 c1 8f 73 27 1a 72 99 92 2c a7 
TLAST : 	0 0 0 0 0 0 0 0 0 0 0 0 0 0 0 0 
Cipher:		c0 68 99 64 9d ab be d3 00 df a3 43 f8 90 af cf 

 ------ BLOCK 23 -------
Plaintext:	3f 03 bb 6b e1 0f a0 02 61 2c 86 25 86 34 21 a1 
TLAST : 	0 0 0 0 0 0 0 0 0 0 0 0 0 0 0 0 
Cipher:		50 d9 79 53 dc 73 5c c8 2b d8 69 86 7b a2 3d 71 

 ------ BLOCK 24 -------
Plaintext:	04 b4 56 ee 17 a6 6a be 53 28 a7 73 d6 7c d8 6a 
TLAST : 	0 0 0 0 0 0 0 0 0 0 0 0 0 0 0 0 
Cipher:		91 19 b8 ea 48 1c ab 35 82 27 43 68 de 16 fc f9 

 ------ BLOCK 25 -------
Plaintext:	33 dd 56 ee 17 a6 1a 13 32 23 a7 73 65 1c d2 41 
TLAST : 	0 0 0 0 0 0 0 0 0 0 0 0 0 0 0 0 
Cipher:		1a fe 92 29 1d 80 84 23 0f 17 72 b2 76 0b 96 c7 

 ------ BLOCK 26 -------
Plaintext:	c4 74 15 74 a7 a6 c1 a3 73 28 17 76 73 bc 3f e1 
TLAST : 	0 0 0 0 0 0 0 0 0 0 0 0 0 0 0 0 
Cipher:		0c 58 be 33 ee 60 49 3b a0 f9 b9 e8 86 8a 3a 1d 

 ------ BLOCK 27 -------
Plaintext:	36 c5 74 14 f7 90 ac b1 02 2e f6 12 83 6e 31 e6 
TLAST : 	0 0 0 0 0 0 0 0 0 0 0 0 0 0 0 0 
Cipher:		08 1d e4 06 92 9b 29 41 31 b3 ab a5 5c 3e ac 86 

 ------ BLOCK 28 -------
Plaintext:	62 c2 17 88 a7 a6 c1 8f 73 27 1a 72 99 92 2c a7 
TLAST : 	0 0 0 0 0 0 0 0 0 0 0 0 0 0 0 0 
Cipher:		c0 68 99 64 9d ab be d3 00 df a3 43 f8 90 af cf 

 ------ BLOCK 29 -------
Plaintext:	3f 03 bb 6b e1 0f a0 02 61 2c 86 25 86 34 21 a1 
TLAST : 	0 0 0 0 0 0 0 0 0 0 0 0 0 0 0 0 
Cipher:		50 d9 79 53 dc 73 5c c8 2b d8 69 86 7b a2 3d 71 

 ------ BLOCK 30 -------
Plaintext:	04 b4 56 ee 17 a6 6a be 53 28 a7 73 d6 7c d8 6a 
TLAST : 	0 0 0 0 0 0 0 0 0 0 0 0 0 0 0 0 
Cipher:		91 19 b8 ea 48 1c ab 35 82 27 43 68 de 16 fc f9 

 ------ BLOCK 31 -------
Plaintext:	33 dd 56 ee 17 a6 1a 13 32 23 a7 73 65 1c d2 41 
TLAST : 	0 0 0 0 0 0 0 0 0 0 0 0 0 0 0 0 
Cipher:		1a fe 92 29 1d 80 84 23 0f 17 72 b2 76 0b 96 c7 

 ------ BLOCK 32 -------
Plaintext:	c4 74 15 74 a7 a6 c1 a3 73 28 17 76 73 bc 3f e1 
TLAST : 	0 0 0 0 0 0 0 0 0 0 0 0 0 0 0 0 
Cipher:		0c 58 be 33 ee 60 49 3b a0 f9 b9 e8 86 8a 3a 1d 

 ------ BLOCK 33 -------
Plaintext:	36 c5 74 14 f7 90 ac b1 02 2e f6 12 83 6e 31 e6 
TLAST : 	0 0 0 0 0 0 0 0 0 0 0 0 0 0 0 0 
Cipher:		08 1d e4 06 92 9b 29 41 31 b3 ab a5 5c 3e ac 86 

 ------ BLOCK 34 -------
Plaintext:	62 c2 17 88 a7 a6 c1 8f 73 27 1a 72 99 92 2c a7 
TLAST : 	0 0 0 0 0 0 0 0 0 0 0 0 0 0 0 0 
Cipher:		c0 68 99 64 9d ab be d3 00 df a3 43 f8 90 af cf 

 ------ BLOCK 35 -------
Plaintext:	3f 03 bb 6b e1 0f a0 02 61 2c 86 25 86 34 21 a1 
TLAST : 	0 0 0 0 0 0 0 0 0 0 0 0 0 0 0 0 
Cipher:		50 d9 79 53 dc 73 5c c8 2b d8 69 86 7b a2 3d 71 

 ------ BLOCK 36 -------
Plaintext:	04 b4 56 ee 17 a6 6a be 53 28 a7 73 d6 7c d8 6a 
TLAST : 	0 0 0 0 0 0 0 0 0 0 0 0 0 0 0 0 
Cipher:		91 19 b8 ea 48 1c ab 35 82 27 43 68 de 16 fc f9 

 ------ BLOCK 37 -------
Plaintext:	33 dd 56 ee 17 a6 1a 13 32 23 a7 73 65 1c d2 41 
TLAST : 	0 0 0 0 0 0 0 0 0 0 0 0 0 0 0 0 
Cipher:		1a fe 92 29 1d 80 84 23 0f 17 72 b2 76 0b 96 c7 

 ------ BLOCK 38 -------
Plaintext:	c4 74 15 74 a7 a6 c1 a3 73 28 17 76 73 bc 3f e1 
TLAST : 	0 0 0 0 0 0 0 0 0 0 0 0 0 0 0 0 
Cipher:		0c 58 be 33 ee 60 49 3b a0 f9 b9 e8 86 8a 3a 1d 

 ------ BLOCK 39 -------
Plaintext:	36 c5 74 14 f7 90 ac b1 02 2e f6 12 83 6e 31 e6 
TLAST : 	0 0 0 0 0 0 0 0 0 0 0 0 0 0 0 0 
Cipher:		08 1d e4 06 92 9b 29 41 31 b3 ab a5 5c 3e ac 86 

 ------ BLOCK 40 -------
Plaintext:	62 c2 17 88 a7 a6 c1 8f 73 27 1a 72 99 92 2c a7 
TLAST : 	0 0 0 0 0 0 0 0 0 0 0 0 0 0 0 0 
Cipher:		c0 68 99 64 9d ab be d3 00 df a3 43 f8 90 af cf 

 ------ BLOCK 41 -------
Plaintext:	3f 03 bb 6b e1 0f a0 02 61 2c 86 25 86 34 21 a1 
TLAST : 	0 0 0 0 0 0 0 0 0 0 0 0 0 0 0 0 
Cipher:		50 d9 79 53 dc 73 5c c8 2b d8 69 86 7b a2 3d 71 

 ------ BLOCK 42 -------
Plaintext:	04 b4 56 ee 17 a6 6a be 53 28 a7 73 d6 7c d8 6a 
TLAST : 	0 0 0 0 0 0 0 0 0 0 0 0 0 0 0 0 
Cipher:		91 19 b8 ea 48 1c ab 35 82 27 43 68 de 16 fc f9 

 ------ BLOCK 43 -------
Plaintext:	33 dd 56 ee 17 a6 1a 13 32 23 a7 73 65 1c d2 41 
TLAST : 	0 0 0 0 0 0 0 0 0 0 0 0 0 0 0 0 
Cipher:		1a fe 92 29 1d 80 84 23 0f 17 72 b2 76 0b 96 c7 

 ------ BLOCK 44 -------
Plaintext:	c4 74 15 74 a7 a6 c1 a3 73 28 17 76 73 bc 3f e1 
TLAST : 	0 0 0 0 0 0 0 0 0 0 0 0 0 0 0 0 
Cipher:		0c 58 be 33 ee 60 49 3b a0 f9 b9 e8 86 8a 3a 1d 

 ------ BLOCK 45 -------
Plaintext:	36 c5 74 14 f7 90 ac b1 02 2e f6 12 83 6e 31 e6 
TLAST : 	0 0 0 0 0 0 0 0 0 0 0 0 0 0 0 0 
Cipher:		08 1d e4 06 92 9b 29 41 31 b3 ab a5 5c 3e ac 86 

 ------ BLOCK 46 -------
Plaintext:	62 c2 17 88 a7 a6 c1 8f 73 27 1a 72 99 92 2c a7 
TLAST : 	0 0 0 0 0 0 0 0 0 0 0 0 0 0 0 0 
Cipher:		c0 68 99 64 9d ab be d3 00 df a3 43 f8 90 af cf 

 ------ BLOCK 47 -------
Plaintext:	3f 03 bb 6b e1 0f a0 02 61 2c 86 25 86 34 21 a1 
TLAST : 	0 0 0 0 0 0 0 0 0 0 0 0 0 0 0 0 
Cipher:		50 d9 79 53 dc 73 5c c8 2b d8 69 86 7b a2 3d 71 

 ------ BLOCK 48 -------
Plaintext:	04 b4 56 ee 17 a6 6a be 53 28 a7 73 d6 7c d8 6a 
TLAST : 	0 0 0 0 0 0 0 0 0 0 0 0 0 0 0 0 
Cipher:		91 19 b8 ea 48 1c ab 35 82 27 43 68 de 16 fc f9 

 ------ BLOCK 49 -------
Plaintext:	33 dd 56 ee 17 a6 1a 13 32 23 a7 73 65 1c d2 41 
TLAST : 	0 0 0 0 0 0 0 0 0 0 0 0 0 0 0 0 
Cipher:		1a fe 92 29 1d 80 84 23 0f 17 72 b2 76 0b 96 c7 

 ------ BLOCK 50 -------
Plaintext:	c4 74 15 74 a7 a6 c1 a3 73 28 17 76 73 bc 3f e1 
TLAST : 	0 0 0 0 0 0 0 0 0 0 0 0 0 0 0 0 
Cipher:		0c 58 be 33 ee 60 49 3b a0 f9 b9 e8 86 8a 3a 1d 

 ------ BLOCK 51 -------
Plaintext:	36 c5 74 14 f7 90 ac b1 02 2e f6 12 83 6e 31 e6 
TLAST : 	0 0 0 0 0 0 0 0 0 0 0 0 0 0 0 0 
Cipher:		08 1d e4 06 92 9b 29 41 31 b3 ab a5 5c 3e ac 86 

 ------ BLOCK 52 -------
Plaintext:	62 c2 17 88 a7 a6 c1 8f 73 27 1a 72 99 92 2c a7 
TLAST : 	0 0 0 0 0 0 0 0 0 0 0 0 0 0 0 0 
Cipher:		c0 68 99 64 9d ab be d3 00 df a3 43 f8 90 af cf 

 ------ BLOCK 53 -------
Plaintext:	3f 03 bb 6b e1 0f a0 02 61 2c 86 25 86 34 21 a1 
TLAST : 	0 0 0 0 0 0 0 0 0 0 0 0 0 0 0 0 
Cipher:		50 d9 79 53 dc 73 5c c8 2b d8 69 86 7b a2 3d 71 

 ------ BLOCK 54 -------
Plaintext:	04 b4 56 ee 17 a6 6a be 53 28 a7 73 d6 7c d8 6a 
TLAST : 	0 0 0 0 0 0 0 0 0 0 0 0 0 0 0 0 
Cipher:		91 19 b8 ea 48 1c ab 35 82 27 43 68 de 16 fc f9 

 ------ BLOCK 55 -------
Plaintext:	33 dd 56 ee 17 a6 1a 13 32 23 a7 73 65 1c d2 41 
TLAST : 	0 0 0 0 0 0 0 0 0 0 0 0 0 0 0 0 
Cipher:		1a fe 92 29 1d 80 84 23 0f 17 72 b2 76 0b 96 c7 

 ------ BLOCK 56 -------
Plaintext:	c4 74 15 74 a7 a6 c1 a3 73 28 17 76 73 bc 3f e1 
TLAST : 	0 0 0 0 0 0 0 0 0 0 0 0 0 0 0 0 
Cipher:		0c 58 be 33 ee 60 49 3b a0 f9 b9 e8 86 8a 3a 1d 

 ------ BLOCK 57 -------
Plaintext:	36 c5 74 14 f7 90 ac b1 02 2e f6 12 83 6e 31 e6 
TLAST : 	0 0 0 0 0 0 0 0 0 0 0 0 0 0 0 0 
Cipher:		08 1d e4 06 92 9b 29 41 31 b3 ab a5 5c 3e ac 86 

 ------ BLOCK 58 -------
Plaintext:	62 c2 17 88 a7 a6 c1 8f 73 27 1a 72 99 92 2c a7 
TLAST : 	0 0 0 0 0 0 0 0 0 0 0 0 0 0 0 0 
Cipher:		c0 68 99 64 9d ab be d3 00 df a3 43 f8 90 af cf 

 ------ BLOCK 59 -------
Plaintext:	3f 03 bb 6b e1 0f a0 02 61 2c 86 25 86 34 21 a1 
TLAST : 	0 0 0 0 0 0 0 0 0 0 0 0 0 0 0 0 
Cipher:		50 d9 79 53 dc 73 5c c8 2b d8 69 86 7b a2 3d 71 

 ------ BLOCK 60 -------
Plaintext:	04 b4 56 ee 17 a6 6a be 53 28 a7 73 d6 7c d8 6a 
TLAST : 	0 0 0 0 0 0 0 0 0 0 0 0 0 0 0 0 
Cipher:		91 19 b8 ea 48 1c ab 35 82 27 43 68 de 16 fc f9 

 ------ BLOCK 61 -------
Plaintext:	33 dd 56 ee 17 a6 1a 13 32 23 a7 73 65 1c d2 41 
TLAST : 	0 0 0 0 0 0 0 0 0 0 0 0 0 0 0 0 
Cipher:		1a fe 92 29 1d 80 84 23 0f 17 72 b2 76 0b 96 c7 

 ------ BLOCK 62 -------
Plaintext:	c4 74 15 74 a7 a6 c1 a3 73 28 17 76 73 bc 3f e1 
TLAST : 	0 0 0 0 0 0 0 0 0 0 0 0 0 0 0 0 
Cipher:		0c 58 be 33 ee 60 49 3b a0 f9 b9 e8 86 8a 3a 1d 

 ------ BLOCK 63 -------
Plaintext:	36 c5 74 14 f7 90 ac b1 02 2e f6 12 83 6e 31 e6 
TLAST : 	0 0 0 0 0 0 0 0 0 0 0 0 0 0 0 0 
Cipher:		08 1d e4 06 92 9b 29 41 31 b3 ab a5 5c 3e ac 86 

 ------ BLOCK 64 -------
Plaintext:	62 c2 17 88 a7 a6 c1 8f 73 27 1a 72 99 92 2c a7 
TLAST : 	0 0 0 0 0 0 0 0 0 0 0 0 0 0 0 0 
Cipher:		c0 68 99 64 9d ab be d3 00 df a3 43 f8 90 af cf 

 ------ BLOCK 65 -------
Plaintext:	3f 03 bb 6b e1 0f a0 02 61 2c 86 25 86 34 21 a1 
TLAST : 	0 0 0 0 0 0 0 0 0 0 0 0 0 0 0 0 
Cipher:		50 d9 79 53 dc 73 5c c8 2b d8 69 86 7b a2 3d 71 

 ------ BLOCK 66 -------
Plaintext:	04 b4 56 ee 17 a6 6a be 53 28 a7 73 d6 7c d8 6a 
TLAST : 	0 0 0 0 0 0 0 0 0 0 0 0 0 0 0 0 
Cipher:		91 19 b8 ea 48 1c ab 35 82 27 43 68 de 16 fc f9 

 ------ BLOCK 67 -------
Plaintext:	33 dd 56 ee 17 a6 1a 13 32 23 a7 73 65 1c d2 41 
TLAST : 	0 0 0 0 0 0 0 0 0 0 0 0 0 0 0 0 
Cipher:		1a fe 92 29 1d 80 84 23 0f 17 72 b2 76 0b 96 c7 

 ------ BLOCK 68 -------
Plaintext:	c4 74 15 74 a7 a6 c1 a3 73 28 17 76 73 bc 3f e1 
TLAST : 	0 0 0 0 0 0 0 0 0 0 0 0 0 0 0 0 
Cipher:		0c 58 be 33 ee 60 49 3b a0 f9 b9 e8 86 8a 3a 1d 

 ------ BLOCK 69 -------
Plaintext:	36 c5 74 14 f7 90 ac b1 02 2e f6 12 83 6e 31 e6 
TLAST : 	0 0 0 0 0 0 0 0 0 0 0 0 0 0 0 0 
Cipher:		08 1d e4 06 92 9b 29 41 31 b3 ab a5 5c 3e ac 86 

 ------ BLOCK 70 -------
Plaintext:	62 c2 17 88 a7 a6 c1 8f 73 27 1a 72 99 92 2c a7 
TLAST : 	0 0 0 0 0 0 0 0 0 0 0 0 0 0 0 0 
Cipher:		c0 68 99 64 9d ab be d3 00 df a3 43 f8 90 af cf 

 ------ BLOCK 71 -------
Plaintext:	3f 03 bb 6b e1 0f a0 02 61 2c 86 25 86 34 21 a1 
TLAST : 	0 0 0 0 0 0 0 0 0 0 0 0 0 0 0 0 
Cipher:		50 d9 79 53 dc 73 5c c8 2b d8 69 86 7b a2 3d 71 

 ------ BLOCK 72 -------
Plaintext:	04 b4 56 ee 17 a6 6a be 53 28 a7 73 d6 7c d8 6a 
TLAST : 	0 0 0 0 0 0 0 0 0 0 0 0 0 0 0 0 
Cipher:		91 19 b8 ea 48 1c ab 35 82 27 43 68 de 16 fc f9 

 ------ BLOCK 73 -------
Plaintext:	33 dd 56 ee 17 a6 1a 13 32 23 a7 73 65 1c d2 41 
TLAST : 	0 0 0 0 0 0 0 0 0 0 0 0 0 0 0 0 
Cipher:		1a fe 92 29 1d 80 84 23 0f 17 72 b2 76 0b 96 c7 

 ------ BLOCK 74 -------
Plaintext:	c4 74 15 74 a7 a6 c1 a3 73 28 17 76 73 bc 3f e1 
TLAST : 	0 0 0 0 0 0 0 0 0 0 0 0 0 0 0 0 
Cipher:		0c 58 be 33 ee 60 49 3b a0 f9 b9 e8 86 8a 3a 1d 

 ------ BLOCK 75 -------
Plaintext:	36 c5 74 14 f7 90 ac b1 02 2e f6 12 83 6e 31 e6 
TLAST : 	0 0 0 0 0 0 0 0 0 0 0 0 0 0 0 0 
Cipher:		08 1d e4 06 92 9b 29 41 31 b3 ab a5 5c 3e ac 86 

 ------ BLOCK 76 -------
Plaintext:	62 c2 17 88 a7 a6 c1 8f 73 27 1a 72 99 92 2c a7 
TLAST : 	0 0 0 0 0 0 0 0 0 0 0 0 0 0 0 0 
Cipher:		c0 68 99 64 9d ab be d3 00 df a3 43 f8 90 af cf 

 ------ BLOCK 77 -------
Plaintext:	3f 03 bb 6b e1 0f a0 02 61 2c 86 25 86 34 21 a1 
TLAST : 	0 0 0 0 0 0 0 0 0 0 0 0 0 0 0 0 
Cipher:		50 d9 79 53 dc 73 5c c8 2b d8 69 86 7b a2 3d 71 

 ------ BLOCK 78 -------
Plaintext:	04 b4 56 ee 17 a6 6a be 53 28 a7 73 d6 7c d8 6a 
TLAST : 	0 0 0 0 0 0 0 0 0 0 0 0 0 0 0 0 
Cipher:		91 19 b8 ea 48 1c ab 35 82 27 43 68 de 16 fc f9 

 ------ BLOCK 79 -------
Plaintext:	33 dd 56 ee 17 a6 1a 13 32 23 a7 73 65 1c d2 41 
TLAST : 	0 0 0 0 0 0 0 0 0 0 0 0 0 0 0 0 
Cipher:		1a fe 92 29 1d 80 84 23 0f 17 72 b2 76 0b 96 c7 

 ------ BLOCK 80 -------
Plaintext:	c4 74 15 74 a7 a6 c1 a3 73 28 17 76 73 bc 3f e1 
TLAST : 	0 0 0 0 0 0 0 0 0 0 0 0 0 0 0 0 
Cipher:		0c 58 be 33 ee 60 49 3b a0 f9 b9 e8 86 8a 3a 1d 

 ------ BLOCK 81 -------
Plaintext:	36 c5 74 14 f7 90 ac b1 02 2e f6 12 83 6e 31 e6 
TLAST : 	0 0 0 0 0 0 0 0 0 0 0 0 0 0 0 0 
Cipher:		08 1d e4 06 92 9b 29 41 31 b3 ab a5 5c 3e ac 86 

 ------ BLOCK 82 -------
Plaintext:	62 c2 17 88 a7 a6 c1 8f 73 27 1a 72 99 92 2c a7 
TLAST : 	0 0 0 0 0 0 0 0 0 0 0 0 0 0 0 0 
Cipher:		c0 68 99 64 9d ab be d3 00 df a3 43 f8 90 af cf 

 ------ BLOCK 83 -------
Plaintext:	3f 03 bb 6b e1 0f a0 02 61 2c 86 25 86 34 21 a1 
TLAST : 	0 0 0 0 0 0 0 0 0 0 0 0 0 0 0 0 
Cipher:		50 d9 79 53 dc 73 5c c8 2b d8 69 86 7b a2 3d 71 

 ------ BLOCK 84 -------
Plaintext:	04 b4 56 ee 17 a6 6a be 53 28 a7 73 d6 7c d8 6a 
TLAST : 	0 0 0 0 0 0 0 0 0 0 0 0 0 0 0 0 
Cipher:		91 19 b8 ea 48 1c ab 35 82 27 43 68 de 16 fc f9 

 ------ BLOCK 85 -------
Plaintext:	33 dd 56 ee 17 a6 1a 13 32 23 a7 73 65 1c d2 41 
TLAST : 	0 0 0 0 0 0 0 0 0 0 0 0 0 0 0 0 
Cipher:		1a fe 92 29 1d 80 84 23 0f 17 72 b2 76 0b 96 c7 

 ------ BLOCK 86 -------
Plaintext:	c4 74 15 74 a7 a6 c1 a3 73 28 17 76 73 bc 3f e1 
TLAST : 	0 0 0 0 0 0 0 0 0 0 0 0 0 0 0 0 
Cipher:		0c 58 be 33 ee 60 49 3b a0 f9 b9 e8 86 8a 3a 1d 

 ------ BLOCK 87 -------
Plaintext:	36 c5 74 14 f7 90 ac b1 02 2e f6 12 83 6e 31 e6 
TLAST : 	0 0 0 0 0 0 0 0 0 0 0 0 0 0 0 0 
Cipher:		08 1d e4 06 92 9b 29 41 31 b3 ab a5 5c 3e ac 86 

 ------ BLOCK 88 -------
Plaintext:	62 c2 17 88 a7 a6 c1 8f 73 27 1a 72 99 92 2c a7 
TLAST : 	0 0 0 0 0 0 0 0 0 0 0 0 0 0 0 0 
Cipher:		c0 68 99 64 9d ab be d3 00 df a3 43 f8 90 af cf 

 ------ BLOCK 89 -------
Plaintext:	3f 03 bb 6b e1 0f a0 02 61 2c 86 25 86 34 21 a1 
TLAST : 	0 0 0 0 0 0 0 0 0 0 0 0 0 0 0 0 
Cipher:		50 d9 79 53 dc 73 5c c8 2b d8 69 86 7b a2 3d 71 

 ------ BLOCK 90 -------
Plaintext:	04 b4 56 ee 17 a6 6a be 53 28 a7 73 d6 7c d8 6a 
TLAST : 	0 0 0 0 0 0 0 0 0 0 0 0 0 0 0 0 
Cipher:		91 19 b8 ea 48 1c ab 35 82 27 43 68 de 16 fc f9 

 ------ BLOCK 91 -------
Plaintext:	33 dd 56 ee 17 a6 1a 13 32 23 a7 73 65 1c d2 41 
TLAST : 	0 0 0 0 0 0 0 0 0 0 0 0 0 0 0 0 
Cipher:		1a fe 92 29 1d 80 84 23 0f 17 72 b2 76 0b 96 c7 

 ------ BLOCK 92 -------
Plaintext:	c4 74 15 74 a7 a6 c1 a3 73 28 17 76 73 bc 3f e1 
TLAST : 	0 0 0 0 0 0 0 0 0 0 0 0 0 0 0 0 
Cipher:		0c 58 be 33 ee 60 49 3b a0 f9 b9 e8 86 8a 3a 1d 

 ------ BLOCK 93 -------
Plaintext:	36 c5 74 14 f7 90 ac b1 02 2e f6 12 83 6e 31 e6 
TLAST : 	0 0 0 0 0 0 0 0 0 0 0 0 0 0 0 0 
Cipher:		08 1d e4 06 92 9b 29 41 31 b3 ab a5 5c 3e ac 86 

 ------ BLOCK 94 -------
Plaintext:	62 c2 17 88 a7 a6 c1 8f 73 27 1a 72 99 92 2c a7 
TLAST : 	0 0 0 0 0 0 0 0 0 0 0 0 0 0 0 0 
Cipher:		c0 68 99 64 9d ab be d3 00 df a3 43 f8 90 af cf 

 ------ BLOCK 95 -------
Plaintext:	3f 03 bb 6b e1 0f a0 02 61 2c 86 25 86 34 21 a1 
TLAST : 	0 0 0 0 0 0 0 0 0 0 0 0 0 0 0 0 
Cipher:		50 d9 79 53 dc 73 5c c8 2b d8 69 86 7b a2 3d 71 

 ------ BLOCK 96 -------
Plaintext:	04 b4 56 ee 17 a6 6a be 53 28 a7 73 d6 7c d8 6a 
TLAST : 	0 0 0 0 0 0 0 0 0 0 0 0 0 0 0 0 
Cipher:		91 19 b8 ea 48 1c ab 35 82 27 43 68 de 16 fc f9 

 ------ BLOCK 97 -------
Plaintext:	33 dd 56 ee 17 a6 1a 13 32 23 a7 73 65 1c d2 41 
TLAST : 	0 0 0 0 0 0 0 0 0 0 0 0 0 0 0 0 
Cipher:		1a fe 92 29 1d 80 84 23 0f 17 72 b2 76 0b 96 c7 

 ------ BLOCK 98 -------
Plaintext:	c4 74 15 74 a7 a6 c1 a3 73 28 17 76 73 bc 3f e1 
TLAST : 	0 0 0 0 0 0 0 0 0 0 0 0 0 0 0 0 
Cipher:		0c 58 be 33 ee 60 49 3b a0 f9 b9 e8 86 8a 3a 1d 

 ------ BLOCK 99 -------
Plaintext:	36 c5 74 14 f7 90 ac b1 02 2e f6 12 83 6e 31 e6 
TLAST : 	0 0 0 0 0 0 0 0 0 0 0 0 0 0 0 0 
Cipher:		08 1d e4 06 92 9b 29 41 31 b3 ab a5 5c 3e ac 86 

 ------ BLOCK 100 -------
Plaintext:	62 c2 17 88 a7 a6 c1 8f 73 27 1a 72 99 92 2c a7 
TLAST : 	0 0 0 0 0 0 0 0 0 0 0 0 0 0 0 0 
Cipher:		c0 68 99 64 9d ab be d3 00 df a3 43 f8 90 af cf 

 ------ BLOCK 101 -------
Plaintext:	3f 03 bb 6b e1 0f a0 02 61 2c 86 25 86 34 21 a1 
TLAST : 	0 0 0 0 0 0 0 0 0 0 0 0 0 0 0 0 
Cipher:		50 d9 79 53 dc 73 5c c8 2b d8 69 86 7b a2 3d 71 

 ------ BLOCK 102 -------
Plaintext:	04 b4 56 ee 17 a6 6a be 53 28 a7 73 d6 7c d8 6a 
TLAST : 	0 0 0 0 0 0 0 0 0 0 0 0 0 0 0 0 
Cipher:		91 19 b8 ea 48 1c ab 35 82 27 43 68 de 16 fc f9 

 ------ BLOCK 103 -------
Plaintext:	33 dd 56 ee 17 a6 1a 13 32 23 a7 73 65 1c d2 41 
TLAST : 	0 0 0 0 0 0 0 0 0 0 0 0 0 0 0 0 
Cipher:		1a fe 92 29 1d 80 84 23 0f 17 72 b2 76 0b 96 c7 

 ------ BLOCK 104 -------
Plaintext:	c4 74 15 74 a7 a6 c1 a3 73 28 17 76 73 bc 3f e1 
TLAST : 	0 0 0 0 0 0 0 0 0 0 0 0 0 0 0 0 
Cipher:		0c 58 be 33 ee 60 49 3b a0 f9 b9 e8 86 8a 3a 1d 

 ------ BLOCK 105 -------
Plaintext:	36 c5 74 14 f7 90 ac b1 02 2e f6 12 83 6e 31 e6 
TLAST : 	0 0 0 0 0 0 0 0 0 0 0 0 0 0 0 0 
Cipher:		08 1d e4 06 92 9b 29 41 31 b3 ab a5 5c 3e ac 86 

 ------ BLOCK 106 -------
Plaintext:	62 c2 17 88 a7 a6 c1 8f 73 27 1a 72 99 92 2c a7 
TLAST : 	0 0 0 0 0 0 0 0 0 0 0 0 0 0 0 0 
Cipher:		c0 68 99 64 9d ab be d3 00 df a3 43 f8 90 af cf 

 ------ BLOCK 107 -------
Plaintext:	3f 03 bb 6b e1 0f a0 02 61 2c 86 25 86 34 21 a1 
TLAST : 	0 0 0 0 0 0 0 0 0 0 0 0 0 0 0 0 
Cipher:		50 d9 79 53 dc 73 5c c8 2b d8 69 86 7b a2 3d 71 

 ------ BLOCK 108 -------
Plaintext:	04 b4 56 ee 17 a6 6a be 53 28 a7 73 d6 7c d8 6a 
TLAST : 	0 0 0 0 0 0 0 0 0 0 0 0 0 0 0 0 
Cipher:		91 19 b8 ea 48 1c ab 35 82 27 43 68 de 16 fc f9 

 ------ BLOCK 109 -------
Plaintext:	33 dd 56 ee 17 a6 1a 13 32 23 a7 73 65 1c d2 41 
TLAST : 	0 0 0 0 0 0 0 0 0 0 0 0 0 0 0 0 
Cipher:		1a fe 92 29 1d 80 84 23 0f 17 72 b2 76 0b 96 c7 

 ------ BLOCK 110 -------
Plaintext:	c4 74 15 74 a7 a6 c1 a3 73 28 17 76 73 bc 3f e1 
TLAST : 	0 0 0 0 0 0 0 0 0 0 0 0 0 0 0 0 
Cipher:		0c 58 be 33 ee 60 49 3b a0 f9 b9 e8 86 8a 3a 1d 

 ------ BLOCK 111 -------
Plaintext:	36 c5 74 14 f7 90 ac b1 02 2e f6 12 83 6e 31 e6 
TLAST : 	0 0 0 0 0 0 0 0 0 0 0 0 0 0 0 0 
Cipher:		08 1d e4 06 92 9b 29 41 31 b3 ab a5 5c 3e ac 86 

 ------ BLOCK 112 -------
Plaintext:	62 c2 17 88 a7 a6 c1 8f 73 27 1a 72 99 92 2c a7 
TLAST : 	0 0 0 0 0 0 0 0 0 0 0 0 0 0 0 0 
Cipher:		c0 68 99 64 9d ab be d3 00 df a3 43 f8 90 af cf 

 ------ BLOCK 113 -------
Plaintext:	3f 03 bb 6b e1 0f a0 02 61 2c 86 25 86 34 21 a1 
TLAST : 	0 0 0 0 0 0 0 0 0 0 0 0 0 0 0 0 
Cipher:		50 d9 79 53 dc 73 5c c8 2b d8 69 86 7b a2 3d 71 

 ------ BLOCK 114 -------
Plaintext:	04 b4 56 ee 17 a6 6a be 53 28 a7 73 d6 7c d8 6a 
TLAST : 	0 0 0 0 0 0 0 0 0 0 0 0 0 0 0 0 
Cipher:		91 19 b8 ea 48 1c ab 35 82 27 43 68 de 16 fc f9 

 ------ BLOCK 115 -------
Plaintext:	33 dd 56 ee 17 a6 1a 13 32 23 a7 73 65 1c d2 41 
TLAST : 	0 0 0 0 0 0 0 0 0 0 0 0 0 0 0 0 
Cipher:		1a fe 92 29 1d 80 84 23 0f 17 72 b2 76 0b 96 c7 

 ------ BLOCK 116 -------
Plaintext:	c4 74 15 74 a7 a6 c1 a3 73 28 17 76 73 bc 3f e1 
TLAST : 	0 0 0 0 0 0 0 0 0 0 0 0 0 0 0 0 
Cipher:		0c 58 be 33 ee 60 49 3b a0 f9 b9 e8 86 8a 3a 1d 

 ------ BLOCK 117 -------
Plaintext:	36 c5 74 14 f7 90 ac b1 02 2e f6 12 83 6e 31 e6 
TLAST : 	0 0 0 0 0 0 0 0 0 0 0 0 0 0 0 0 
Cipher:		08 1d e4 06 92 9b 29 41 31 b3 ab a5 5c 3e ac 86 

 ------ BLOCK 118 -------
Plaintext:	62 c2 17 88 a7 a6 c1 8f 73 27 1a 72 99 92 2c a7 
TLAST : 	0 0 0 0 0 0 0 0 0 0 0 0 0 0 0 0 
Cipher:		c0 68 99 64 9d ab be d3 00 df a3 43 f8 90 af cf 

 ------ BLOCK 119 -------
Plaintext:	3f 03 bb 6b e1 0f a0 02 61 2c 86 25 86 34 21 a1 
TLAST : 	0 0 0 0 0 0 0 0 0 0 0 0 0 0 0 0 
Cipher:		50 d9 79 53 dc 73 5c c8 2b d8 69 86 7b a2 3d 71 

 ------ BLOCK 120 -------
Plaintext:	04 b4 56 ee 17 a6 6a be 53 28 a7 73 d6 7c d8 6a 
TLAST : 	0 0 0 0 0 0 0 0 0 0 0 0 0 0 0 0 
Cipher:		91 19 b8 ea 48 1c ab 35 82 27 43 68 de 16 fc f9 

 ------ BLOCK 121 -------
Plaintext:	33 dd 56 ee 17 a6 1a 13 32 23 a7 73 65 1c d2 41 
TLAST : 	0 0 0 0 0 0 0 0 0 0 0 0 0 0 0 0 
Cipher:		1a fe 92 29 1d 80 84 23 0f 17 72 b2 76 0b 96 c7 

 ------ BLOCK 122 -------
Plaintext:	c4 74 15 74 a7 a6 c1 a3 73 28 17 76 73 bc 3f e1 
TLAST : 	0 0 0 0 0 0 0 0 0 0 0 0 0 0 0 0 
Cipher:		0c 58 be 33 ee 60 49 3b a0 f9 b9 e8 86 8a 3a 1d 

 ------ BLOCK 123 -------
Plaintext:	36 c5 74 14 f7 90 ac b1 02 2e f6 12 83 6e 31 e6 
TLAST : 	0 0 0 0 0 0 0 0 0 0 0 0 0 0 0 0 
Cipher:		08 1d e4 06 92 9b 29 41 31 b3 ab a5 5c 3e ac 86 

 ------ BLOCK 124 -------
Plaintext:	62 c2 17 88 a7 a6 c1 8f 73 27 1a 72 99 92 2c a7 
TLAST : 	0 0 0 0 0 0 0 0 0 0 0 0 0 0 0 0 
Cipher:		c0 68 99 64 9d ab be d3 00 df a3 43 f8 90 af cf 

 ------ BLOCK 125 -------
Plaintext:	3f 03 bb 6b e1 0f a0 02 61 2c 86 25 86 34 21 a1 
TLAST : 	0 0 0 0 0 0 0 0 0 0 0 0 0 0 0 0 
Cipher:		50 d9 79 53 dc 73 5c c8 2b d8 69 86 7b a2 3d 71 

 ------ BLOCK 126 -------
Plaintext:	04 b4 56 ee 17 a6 6a be 53 28 a7 73 d6 7c d8 6a 
TLAST : 	0 0 0 0 0 0 0 0 0 0 0 0 0 0 0 0 
Cipher:		91 19 b8 ea 48 1c ab 35 82 27 43 68 de 16 fc f9 

 ------ BLOCK 127 -------
Plaintext:	33 dd 56 ee 17 a6 1a 13 32 23 a7 73 65 1c d2 41 
TLAST : 	0 0 0 0 0 0 0 0 0 0 0 0 0 0 0 0 
Cipher:		1a fe 92 29 1d 80 84 23 0f 17 72 b2 76 0b 96 c7 

 ------ BLOCK 128 -------
Plaintext:	c4 74 15 74 a7 a6 c1 a3 73 28 17 76 73 bc 3f e1 
TLAST : 	0 0 0 0 0 0 0 0 0 0 0 0 0 0 0 0 
Cipher:		0c 58 be 33 ee 60 49 3b a0 f9 b9 e8 86 8a 3a 1d 

 ------ BLOCK 129 -------
Plaintext:	36 c5 74 14 f7 90 ac b1 02 2e f6 12 83 6e 31 e6 
TLAST : 	0 0 0 0 0 0 0 0 0 0 0 0 0 0 0 0 
Cipher:		08 1d e4 06 92 9b 29 41 31 b3 ab a5 5c 3e ac 86 

 ------ BLOCK 130 -------
Plaintext:	62 c2 17 88 a7 a6 c1 8f 73 27 1a 72 99 92 2c a7 
TLAST : 	0 0 0 0 0 0 0 0 0 0 0 0 0 0 0 0 
Cipher:		c0 68 99 64 9d ab be d3 00 df a3 43 f8 90 af cf 

 ------ BLOCK 131 -------
Plaintext:	3f 03 bb 6b e1 0f a0 02 61 2c 86 25 86 34 21 a1 
TLAST : 	0 0 0 0 0 0 0 0 0 0 0 0 0 0 0 0 
Cipher:		50 d9 79 53 dc 73 5c c8 2b d8 69 86 7b a2 3d 71 

 ------ BLOCK 132 -------
Plaintext:	04 b4 56 ee 17 a6 6a be 53 28 a7 73 d6 7c d8 6a 
TLAST : 	0 0 0 0 0 0 0 0 0 0 0 0 0 0 0 0 
Cipher:		91 19 b8 ea 48 1c ab 35 82 27 43 68 de 16 fc f9 

 ------ BLOCK 133 -------
Plaintext:	33 dd 56 ee 17 a6 1a 13 32 23 a7 73 65 1c d2 41 
TLAST : 	0 0 0 0 0 0 0 0 0 0 0 0 0 0 0 0 
Cipher:		1a fe 92 29 1d 80 84 23 0f 17 72 b2 76 0b 96 c7 

 ------ BLOCK 134 -------
Plaintext:	c4 74 15 74 a7 a6 c1 a3 73 28 17 76 73 bc 3f e1 
TLAST : 	0 0 0 0 0 0 0 0 0 0 0 0 0 0 0 0 
Cipher:		0c 58 be 33 ee 60 49 3b a0 f9 b9 e8 86 8a 3a 1d 

 ------ BLOCK 135 -------
Plaintext:	36 c5 74 14 f7 90 ac b1 02 2e f6 12 83 6e 31 e6 
TLAST : 	0 0 0 0 0 0 0 0 0 0 0 0 0 0 0 0 
Cipher:		08 1d e4 06 92 9b 29 41 31 b3 ab a5 5c 3e ac 86 

 ------ BLOCK 136 -------
Plaintext:	62 c2 17 88 a7 a6 c1 8f 73 27 1a 72 99 92 2c a7 
TLAST : 	0 0 0 0 0 0 0 0 0 0 0 0 0 0 0 0 
Cipher:		c0 68 99 64 9d ab be d3 00 df a3 43 f8 90 af cf 

 ------ BLOCK 137 -------
Plaintext:	3f 03 bb 6b e1 0f a0 02 61 2c 86 25 86 34 21 a1 
TLAST : 	0 0 0 0 0 0 0 0 0 0 0 0 0 0 0 0 
Cipher:		50 d9 79 53 dc 73 5c c8 2b d8 69 86 7b a2 3d 71 

 ------ BLOCK 138 -------
Plaintext:	04 b4 56 ee 17 a6 6a be 53 28 a7 73 d6 7c d8 6a 
TLAST : 	0 0 0 0 0 0 0 0 0 0 0 0 0 0 0 0 
Cipher:		91 19 b8 ea 48 1c ab 35 82 27 43 68 de 16 fc f9 

 ------ BLOCK 139 -------
Plaintext:	33 dd 56 ee 17 a6 1a 13 32 23 a7 73 65 1c d2 41 
TLAST : 	0 0 0 0 0 0 0 0 0 0 0 0 0 0 0 0 
Cipher:		1a fe 92 29 1d 80 84 23 0f 17 72 b2 76 0b 96 c7 

 ------ BLOCK 140 -------
Plaintext:	c4 74 15 74 a7 a6 c1 a3 73 28 17 76 73 bc 3f e1 
TLAST : 	0 0 0 0 0 0 0 0 0 0 0 0 0 0 0 0 
Cipher:		0c 58 be 33 ee 60 49 3b a0 f9 b9 e8 86 8a 3a 1d 

 ------ BLOCK 141 -------
Plaintext:	36 c5 74 14 f7 90 ac b1 02 2e f6 12 83 6e 31 e6 
TLAST : 	0 0 0 0 0 0 0 0 0 0 0 0 0 0 0 0 
Cipher:		08 1d e4 06 92 9b 29 41 31 b3 ab a5 5c 3e ac 86 

 ------ BLOCK 142 -------
Plaintext:	62 c2 17 88 a7 a6 c1 8f 73 27 1a 72 99 92 2c a7 
TLAST : 	0 0 0 0 0 0 0 0 0 0 0 0 0 0 0 0 
Cipher:		c0 68 99 64 9d ab be d3 00 df a3 43 f8 90 af cf 

 ------ BLOCK 143 -------
Plaintext:	3f 03 bb 6b e1 0f a0 02 61 2c 86 25 86 34 21 a1 
TLAST : 	0 0 0 0 0 0 0 0 0 0 0 0 0 0 0 0 
Cipher:		50 d9 79 53 dc 73 5c c8 2b d8 69 86 7b a2 3d 71 

 ------ BLOCK 144 -------
Plaintext:	04 b4 56 ee 17 a6 6a be 53 28 a7 73 d6 7c d8 6a 
TLAST : 	0 0 0 0 0 0 0 0 0 0 0 0 0 0 0 0 
Cipher:		91 19 b8 ea 48 1c ab 35 82 27 43 68 de 16 fc f9 

 ------ BLOCK 145 -------
Plaintext:	33 dd 56 ee 17 a6 1a 13 32 23 a7 73 65 1c d2 41 
TLAST : 	0 0 0 0 0 0 0 0 0 0 0 0 0 0 0 0 
Cipher:		1a fe 92 29 1d 80 84 23 0f 17 72 b2 76 0b 96 c7 

 ------ BLOCK 146 -------
Plaintext:	c4 74 15 74 a7 a6 c1 a3 73 28 17 76 73 bc 3f e1 
TLAST : 	0 0 0 0 0 0 0 0 0 0 0 0 0 0 0 0 
Cipher:		0c 58 be 33 ee 60 49 3b a0 f9 b9 e8 86 8a 3a 1d 

 ------ BLOCK 147 -------
Plaintext:	36 c5 74 14 f7 90 ac b1 02 2e f6 12 83 6e 31 e6 
TLAST : 	0 0 0 0 0 0 0 0 0 0 0 0 0 0 0 0 
Cipher:		08 1d e4 06 92 9b 29 41 31 b3 ab a5 5c 3e ac 86 

 ------ BLOCK 148 -------
Plaintext:	62 c2 17 88 a7 a6 c1 8f 73 27 1a 72 99 92 2c a7 
TLAST : 	0 0 0 0 0 0 0 0 0 0 0 0 0 0 0 0 
Cipher:		c0 68 99 64 9d ab be d3 00 df a3 43 f8 90 af cf 

 ------ BLOCK 149 -------
Plaintext:	3f 03 bb 6b e1 0f a0 02 61 2c 86 25 86 34 21 a1 
TLAST : 	0 0 0 0 0 0 0 0 0 0 0 0 0 0 0 0 
Cipher:		50 d9 79 53 dc 73 5c c8 2b d8 69 86 7b a2 3d 71 

 ------ BLOCK 150 -------
Plaintext:	04 b4 56 ee 17 a6 6a be 53 28 a7 73 d6 7c d8 6a 
TLAST : 	0 0 0 0 0 0 0 0 0 0 0 0 0 0 0 0 
Cipher:		91 19 b8 ea 48 1c ab 35 82 27 43 68 de 16 fc f9 

 ------ BLOCK 151 -------
Plaintext:	33 dd 56 ee 17 a6 1a 13 32 23 a7 73 65 1c d2 41 
TLAST : 	0 0 0 0 0 0 0 0 0 0 0 0 0 0 0 0 
Cipher:		1a fe 92 29 1d 80 84 23 0f 17 72 b2 76 0b 96 c7 

 ------ BLOCK 152 -------
Plaintext:	c4 74 15 74 a7 a6 c1 a3 73 28 17 76 73 bc 3f e1 
TLAST : 	0 0 0 0 0 0 0 0 0 0 0 0 0 0 0 0 
Cipher:		0c 58 be 33 ee 60 49 3b a0 f9 b9 e8 86 8a 3a 1d 

 ------ BLOCK 153 -------
Plaintext:	36 c5 74 14 f7 90 ac b1 02 2e f6 12 83 6e 31 e6 
TLAST : 	0 0 0 0 0 0 0 0 0 0 0 0 0 0 0 0 
Cipher:		08 1d e4 06 92 9b 29 41 31 b3 ab a5 5c 3e ac 86 

 ------ BLOCK 154 -------
Plaintext:	62 c2 17 88 a7 a6 c1 8f 73 27 1a 72 99 92 2c a7 
TLAST : 	0 0 0 0 0 0 0 0 0 0 0 0 0 0 0 0 
Cipher:		c0 68 99 64 9d ab be d3 00 df a3 43 f8 90 af cf 

 ------ BLOCK 155 -------
Plaintext:	3f 03 bb 6b e1 0f a0 02 61 2c 86 25 86 34 21 a1 
TLAST : 	0 0 0 0 0 0 0 0 0 0 0 0 0 0 0 0 
Cipher:		50 d9 79 53 dc 73 5c c8 2b d8 69 86 7b a2 3d 71 

 ------ BLOCK 156 -------
Plaintext:	04 b4 56 ee 17 a6 6a be 53 28 a7 73 d6 7c d8 6a 
TLAST : 	0 0 0 0 0 0 0 0 0 0 0 0 0 0 0 0 
Cipher:		91 19 b8 ea 48 1c ab 35 82 27 43 68 de 16 fc f9 

 ------ BLOCK 157 -------
Plaintext:	33 dd 56 ee 17 a6 1a 13 32 23 a7 73 65 1c d2 41 
TLAST : 	0 0 0 0 0 0 0 0 0 0 0 0 0 0 0 0 
Cipher:		1a fe 92 29 1d 80 84 23 0f 17 72 b2 76 0b 96 c7 

 ------ BLOCK 158 -------
Plaintext:	c4 74 15 74 a7 a6 c1 a3 73 28 17 76 73 bc 3f e1 
TLAST : 	0 0 0 0 0 0 0 0 0 0 0 0 0 0 0 0 
Cipher:		0c 58 be 33 ee 60 49 3b a0 f9 b9 e8 86 8a 3a 1d 

 ------ BLOCK 159 -------
Plaintext:	36 c5 74 14 f7 90 ac b1 02 2e f6 12 83 6e 31 e6 
TLAST : 	0 0 0 0 0 0 0 0 0 0 0 0 0 0 0 0 
Cipher:		08 1d e4 06 92 9b 29 41 31 b3 ab a5 5c 3e ac 86 

 ------ BLOCK 160 -------
Plaintext:	62 c2 17 88 a7 a6 c1 8f 73 27 1a 72 99 92 2c a7 
TLAST : 	0 0 0 0 0 0 0 0 0 0 0 0 0 0 0 0 
Cipher:		c0 68 99 64 9d ab be d3 00 df a3 43 f8 90 af cf 

 ------ BLOCK 161 -------
Plaintext:	3f 03 bb 6b e1 0f a0 02 61 2c 86 25 86 34 21 a1 
TLAST : 	0 0 0 0 0 0 0 0 0 0 0 0 0 0 0 0 
Cipher:		50 d9 79 53 dc 73 5c c8 2b d8 69 86 7b a2 3d 71 

 ------ BLOCK 162 -------
Plaintext:	04 b4 56 ee 17 a6 6a be 53 28 a7 73 d6 7c d8 6a 
TLAST : 	0 0 0 0 0 0 0 0 0 0 0 0 0 0 0 0 
Cipher:		91 19 b8 ea 48 1c ab 35 82 27 43 68 de 16 fc f9 

 ------ BLOCK 163 -------
Plaintext:	33 dd 56 ee 17 a6 1a 13 32 23 a7 73 65 1c d2 41 
TLAST : 	0 0 0 0 0 0 0 0 0 0 0 0 0 0 0 0 
Cipher:		1a fe 92 29 1d 80 84 23 0f 17 72 b2 76 0b 96 c7 

 ------ BLOCK 164 -------
Plaintext:	c4 74 15 74 a7 a6 c1 a3 73 28 17 76 73 bc 3f e1 
TLAST : 	0 0 0 0 0 0 0 0 0 0 0 0 0 0 0 0 
Cipher:		0c 58 be 33 ee 60 49 3b a0 f9 b9 e8 86 8a 3a 1d 

 ------ BLOCK 165 -------
Plaintext:	36 c5 74 14 f7 90 ac b1 02 2e f6 12 83 6e 31 e6 
TLAST : 	0 0 0 0 0 0 0 0 0 0 0 0 0 0 0 0 
Cipher:		08 1d e4 06 92 9b 29 41 31 b3 ab a5 5c 3e ac 86 

 ------ BLOCK 166 -------
Plaintext:	62 c2 17 88 a7 a6 c1 8f 73 27 1a 72 99 92 2c a7 
TLAST : 	0 0 0 0 0 0 0 0 0 0 0 0 0 0 0 0 
Cipher:		c0 68 99 64 9d ab be d3 00 df a3 43 f8 90 af cf 

 ------ BLOCK 167 -------
Plaintext:	3f 03 bb 6b e1 0f a0 02 61 2c 86 25 86 34 21 a1 
TLAST : 	0 0 0 0 0 0 0 0 0 0 0 0 0 0 0 0 
Cipher:		50 d9 79 53 dc 73 5c c8 2b d8 69 86 7b a2 3d 71 

 ------ BLOCK 168 -------
Plaintext:	04 b4 56 ee 17 a6 6a be 53 28 a7 73 d6 7c d8 6a 
TLAST : 	0 0 0 0 0 0 0 0 0 0 0 0 0 0 0 0 
Cipher:		91 19 b8 ea 48 1c ab 35 82 27 43 68 de 16 fc f9 

 ------ BLOCK 169 -------
Plaintext:	33 dd 56 ee 17 a6 1a 13 32 23 a7 73 65 1c d2 41 
TLAST : 	0 0 0 0 0 0 0 0 0 0 0 0 0 0 0 0 
Cipher:		1a fe 92 29 1d 80 84 23 0f 17 72 b2 76 0b 96 c7 

 ------ BLOCK 170 -------
Plaintext:	c4 74 15 74 a7 a6 c1 a3 73 28 17 76 73 bc 3f e1 
TLAST : 	0 0 0 0 0 0 0 0 0 0 0 0 0 0 0 0 
Cipher:		0c 58 be 33 ee 60 49 3b a0 f9 b9 e8 86 8a 3a 1d 

 ------ BLOCK 171 -------
Plaintext:	36 c5 74 14 f7 90 ac b1 02 2e f6 12 83 6e 31 e6 
TLAST : 	0 0 0 0 0 0 0 0 0 0 0 0 0 0 0 0 
Cipher:		08 1d e4 06 92 9b 29 41 31 b3 ab a5 5c 3e ac 86 

 ------ BLOCK 172 -------
Plaintext:	62 c2 17 88 a7 a6 c1 8f 73 27 1a 72 99 92 2c a7 
TLAST : 	0 0 0 0 0 0 0 0 0 0 0 0 0 0 0 0 
Cipher:		c0 68 99 64 9d ab be d3 00 df a3 43 f8 90 af cf 

 ------ BLOCK 173 -------
Plaintext:	3f 03 bb 6b e1 0f a0 02 61 2c 86 25 86 34 21 a1 
TLAST : 	0 0 0 0 0 0 0 0 0 0 0 0 0 0 0 0 
Cipher:		50 d9 79 53 dc 73 5c c8 2b d8 69 86 7b a2 3d 71 

 ------ BLOCK 174 -------
Plaintext:	04 b4 56 ee 17 a6 6a be 53 28 a7 73 d6 7c d8 6a 
TLAST : 	0 0 0 0 0 0 0 0 0 0 0 0 0 0 0 0 
Cipher:		91 19 b8 ea 48 1c ab 35 82 27 43 68 de 16 fc f9 

 ------ BLOCK 175 -------
Plaintext:	33 dd 56 ee 17 a6 1a 13 32 23 a7 73 65 1c d2 41 
TLAST : 	0 0 0 0 0 0 0 0 0 0 0 0 0 0 0 0 
Cipher:		1a fe 92 29 1d 80 84 23 0f 17 72 b2 76 0b 96 c7 

 ------ BLOCK 176 -------
Plaintext:	c4 74 15 74 a7 a6 c1 a3 73 28 17 76 73 bc 3f e1 
TLAST : 	0 0 0 0 0 0 0 0 0 0 0 0 0 0 0 0 
Cipher:		0c 58 be 33 ee 60 49 3b a0 f9 b9 e8 86 8a 3a 1d 

 ------ BLOCK 177 -------
Plaintext:	36 c5 74 14 f7 90 ac b1 02 2e f6 12 83 6e 31 e6 
TLAST : 	0 0 0 0 0 0 0 0 0 0 0 0 0 0 0 0 
Cipher:		08 1d e4 06 92 9b 29 41 31 b3 ab a5 5c 3e ac 86 

 ------ BLOCK 178 -------
Plaintext:	62 c2 17 88 a7 a6 c1 8f 73 27 1a 72 99 92 2c a7 
TLAST : 	0 0 0 0 0 0 0 0 0 0 0 0 0 0 0 0 
Cipher:		c0 68 99 64 9d ab be d3 00 df a3 43 f8 90 af cf 

 ------ BLOCK 179 -------
Plaintext:	3f 03 bb 6b e1 0f a0 02 61 2c 86 25 86 34 21 a1 
TLAST : 	0 0 0 0 0 0 0 0 0 0 0 0 0 0 0 0 
Cipher:		50 d9 79 53 dc 73 5c c8 2b d8 69 86 7b a2 3d 71 

 ------ BLOCK 180 -------
Plaintext:	04 b4 56 ee 17 a6 6a be 53 28 a7 73 d6 7c d8 6a 
TLAST : 	0 0 0 0 0 0 0 0 0 0 0 0 0 0 0 0 
Cipher:		91 19 b8 ea 48 1c ab 35 82 27 43 68 de 16 fc f9 

 ------ BLOCK 181 -------
Plaintext:	33 dd 56 ee 17 a6 1a 13 32 23 a7 73 65 1c d2 41 
TLAST : 	0 0 0 0 0 0 0 0 0 0 0 0 0 0 0 0 
Cipher:		1a fe 92 29 1d 80 84 23 0f 17 72 b2 76 0b 96 c7 

 ------ BLOCK 182 -------
Plaintext:	c4 74 15 74 a7 a6 c1 a3 73 28 17 76 73 bc 3f e1 
TLAST : 	0 0 0 0 0 0 0 0 0 0 0 0 0 0 0 0 
Cipher:		0c 58 be 33 ee 60 49 3b a0 f9 b9 e8 86 8a 3a 1d 

 ------ BLOCK 183 -------
Plaintext:	36 c5 74 14 f7 90 ac b1 02 2e f6 12 83 6e 31 e6 
TLAST : 	0 0 0 0 0 0 0 0 0 0 0 0 0 0 0 0 
Cipher:		08 1d e4 06 92 9b 29 41 31 b3 ab a5 5c 3e ac 86 

 ------ BLOCK 184 -------
Plaintext:	62 c2 17 88 a7 a6 c1 8f 73 27 1a 72 99 92 2c a7 
TLAST : 	0 0 0 0 0 0 0 0 0 0 0 0 0 0 0 0 
Cipher:		c0 68 99 64 9d ab be d3 00 df a3 43 f8 90 af cf 

 ------ BLOCK 185 -------
Plaintext:	3f 03 bb 6b e1 0f a0 02 61 2c 86 25 86 34 21 a1 
TLAST : 	0 0 0 0 0 0 0 0 0 0 0 0 0 0 0 0 
Cipher:		50 d9 79 53 dc 73 5c c8 2b d8 69 86 7b a2 3d 71 

 ------ BLOCK 186 -------
Plaintext:	04 b4 56 ee 17 a6 6a be 53 28 a7 73 d6 7c d8 6a 
TLAST : 	0 0 0 0 0 0 0 0 0 0 0 0 0 0 0 0 
Cipher:		91 19 b8 ea 48 1c ab 35 82 27 43 68 de 16 fc f9 

 ------ BLOCK 187 -------
Plaintext:	33 dd 56 ee 17 a6 1a 13 32 23 a7 73 65 1c d2 41 
TLAST : 	0 0 0 0 0 0 0 0 0 0 0 0 0 0 0 0 
Cipher:		1a fe 92 29 1d 80 84 23 0f 17 72 b2 76 0b 96 c7 

 ------ BLOCK 188 -------
Plaintext:	c4 74 15 74 a7 a6 c1 a3 73 28 17 76 73 bc 3f e1 
TLAST : 	0 0 0 0 0 0 0 0 0 0 0 0 0 0 0 0 
Cipher:		0c 58 be 33 ee 60 49 3b a0 f9 b9 e8 86 8a 3a 1d 

 ------ BLOCK 189 -------
Plaintext:	36 c5 74 14 f7 90 ac b1 02 2e f6 12 83 6e 31 e6 
TLAST : 	0 0 0 0 0 0 0 0 0 0 0 0 0 0 0 0 
Cipher:		08 1d e4 06 92 9b 29 41 31 b3 ab a5 5c 3e ac 86 

 ------ BLOCK 190 -------
Plaintext:	62 c2 17 88 a7 a6 c1 8f 73 27 1a 72 99 92 2c a7 
TLAST : 	0 0 0 0 0 0 0 0 0 0 0 0 0 0 0 0 
Cipher:		c0 68 99 64 9d ab be d3 00 df a3 43 f8 90 af cf 

 ------ BLOCK 191 -------
Plaintext:	3f 03 bb 6b e1 0f a0 02 61 2c 86 25 86 34 21 a1 
TLAST : 	0 0 0 0 0 0 0 0 0 0 0 0 0 0 0 0 
Cipher:		50 d9 79 53 dc 73 5c c8 2b d8 69 86 7b a2 3d 71 

 ------ BLOCK 192 -------
Plaintext:	04 b4 56 ee 17 a6 6a be 53 28 a7 73 d6 7c d8 6a 
TLAST : 	0 0 0 0 0 0 0 0 0 0 0 0 0 0 0 0 
Cipher:		91 19 b8 ea 48 1c ab 35 82 27 43 68 de 16 fc f9 

 ------ BLOCK 193 -------
Plaintext:	33 dd 56 ee 17 a6 1a 13 32 23 a7 73 65 1c d2 41 
TLAST : 	0 0 0 0 0 0 0 0 0 0 0 0 0 0 0 0 
Cipher:		1a fe 92 29 1d 80 84 23 0f 17 72 b2 76 0b 96 c7 

 ------ BLOCK 194 -------
Plaintext:	c4 74 15 74 a7 a6 c1 a3 73 28 17 76 73 bc 3f e1 
TLAST : 	0 0 0 0 0 0 0 0 0 0 0 0 0 0 0 0 
Cipher:		0c 58 be 33 ee 60 49 3b a0 f9 b9 e8 86 8a 3a 1d 

 ------ BLOCK 195 -------
Plaintext:	36 c5 74 14 f7 90 ac b1 02 2e f6 12 83 6e 31 e6 
TLAST : 	0 0 0 0 0 0 0 0 0 0 0 0 0 0 0 0 
Cipher:		08 1d e4 06 92 9b 29 41 31 b3 ab a5 5c 3e ac 86 

 ------ BLOCK 196 -------
Plaintext:	62 c2 17 88 a7 a6 c1 8f 73 27 1a 72 99 92 2c a7 
TLAST : 	0 0 0 0 0 0 0 0 0 0 0 0 0 0 0 0 
Cipher:		c0 68 99 64 9d ab be d3 00 df a3 43 f8 90 af cf 

 ------ BLOCK 197 -------
Plaintext:	3f 03 bb 6b e1 0f a0 02 61 2c 86 25 86 34 21 a1 
TLAST : 	0 0 0 0 0 0 0 0 0 0 0 0 0 0 0 0 
Cipher:		50 d9 79 53 dc 73 5c c8 2b d8 69 86 7b a2 3d 71 

 ------ BLOCK 198 -------
Plaintext:	04 b4 56 ee 17 a6 6a be 53 28 a7 73 d6 7c d8 6a 
TLAST : 	0 0 0 0 0 0 0 0 0 0 0 0 0 0 0 0 
Cipher:		91 19 b8 ea 48 1c ab 35 82 27 43 68 de 16 fc f9 

 ------ BLOCK 199 -------
Plaintext:	33 dd 56 ee 17 a6 1a 13 32 23 a7 73 65 1c d2 41 
TLAST : 	0 0 0 0 0 0 0 0 0 0 0 0 0 0 0 0 
Cipher:		1a fe 92 29 1d 80 84 23 0f 17 72 b2 76 0b 96 c7 

 ------ BLOCK 200 -------
Plaintext:	c4 74 15 74 a7 a6 c1 a3 73 28 17 76 73 bc 3f e1 
TLAST : 	0 0 0 0 0 0 0 0 0 0 0 0 0 0 0 0 
Cipher:		0c 58 be 33 ee 60 49 3b a0 f9 b9 e8 86 8a 3a 1d 

 ------ BLOCK 201 -------
Plaintext:	36 c5 74 14 f7 90 ac b1 02 2e f6 12 83 6e 31 e6 
TLAST : 	0 0 0 0 0 0 0 0 0 0 0 0 0 0 0 0 
Cipher:		08 1d e4 06 92 9b 29 41 31 b3 ab a5 5c 3e ac 86 

 ------ BLOCK 202 -------
Plaintext:	62 c2 17 88 a7 a6 c1 8f 73 27 1a 72 99 92 2c a7 
TLAST : 	0 0 0 0 0 0 0 0 0 0 0 0 0 0 0 0 
Cipher:		c0 68 99 64 9d ab be d3 00 df a3 43 f8 90 af cf 

 ------ BLOCK 203 -------
Plaintext:	3f 03 bb 6b e1 0f a0 02 61 2c 86 25 86 34 21 a1 
TLAST : 	0 0 0 0 0 0 0 0 0 0 0 0 0 0 0 0 
Cipher:		50 d9 79 53 dc 73 5c c8 2b d8 69 86 7b a2 3d 71 

 ------ BLOCK 204 -------
Plaintext:	04 b4 56 ee 17 a6 6a be 53 28 a7 73 d6 7c d8 6a 
TLAST : 	0 0 0 0 0 0 0 0 0 0 0 0 0 0 0 0 
Cipher:		91 19 b8 ea 48 1c ab 35 82 27 43 68 de 16 fc f9 

 ------ BLOCK 205 -------
Plaintext:	33 dd 56 ee 17 a6 1a 13 32 23 a7 73 65 1c d2 41 
TLAST : 	0 0 0 0 0 0 0 0 0 0 0 0 0 0 0 0 
Cipher:		1a fe 92 29 1d 80 84 23 0f 17 72 b2 76 0b 96 c7 

 ------ BLOCK 206 -------
Plaintext:	c4 74 15 74 a7 a6 c1 a3 73 28 17 76 73 bc 3f e1 
TLAST : 	0 0 0 0 0 0 0 0 0 0 0 0 0 0 0 0 
Cipher:		0c 58 be 33 ee 60 49 3b a0 f9 b9 e8 86 8a 3a 1d 

 ------ BLOCK 207 -------
Plaintext:	36 c5 74 14 f7 90 ac b1 02 2e f6 12 83 6e 31 e6 
TLAST : 	0 0 0 0 0 0 0 0 0 0 0 0 0 0 0 0 
Cipher:		08 1d e4 06 92 9b 29 41 31 b3 ab a5 5c 3e ac 86 

 ------ BLOCK 208 -------
Plaintext:	62 c2 17 88 a7 a6 c1 8f 73 27 1a 72 99 92 2c a7 
TLAST : 	0 0 0 0 0 0 0 0 0 0 0 0 0 0 0 0 
Cipher:		c0 68 99 64 9d ab be d3 00 df a3 43 f8 90 af cf 

 ------ BLOCK 209 -------
Plaintext:	3f 03 bb 6b e1 0f a0 02 61 2c 86 25 86 34 21 a1 
TLAST : 	0 0 0 0 0 0 0 0 0 0 0 0 0 0 0 0 
Cipher:		50 d9 79 53 dc 73 5c c8 2b d8 69 86 7b a2 3d 71 

 ------ BLOCK 210 -------
Plaintext:	04 b4 56 ee 17 a6 6a be 53 28 a7 73 d6 7c d8 6a 
TLAST : 	0 0 0 0 0 0 0 0 0 0 0 0 0 0 0 0 
Cipher:		91 19 b8 ea 48 1c ab 35 82 27 43 68 de 16 fc f9 

 ------ BLOCK 211 -------
Plaintext:	33 dd 56 ee 17 a6 1a 13 32 23 a7 73 65 1c d2 41 
TLAST : 	0 0 0 0 0 0 0 0 0 0 0 0 0 0 0 0 
Cipher:		1a fe 92 29 1d 80 84 23 0f 17 72 b2 76 0b 96 c7 

 ------ BLOCK 212 -------
Plaintext:	c4 74 15 74 a7 a6 c1 a3 73 28 17 76 73 bc 3f e1 
TLAST : 	0 0 0 0 0 0 0 0 0 0 0 0 0 0 0 0 
Cipher:		0c 58 be 33 ee 60 49 3b a0 f9 b9 e8 86 8a 3a 1d 

 ------ BLOCK 213 -------
Plaintext:	36 c5 74 14 f7 90 ac b1 02 2e f6 12 83 6e 31 e6 
TLAST : 	0 0 0 0 0 0 0 0 0 0 0 0 0 0 0 0 
Cipher:		08 1d e4 06 92 9b 29 41 31 b3 ab a5 5c 3e ac 86 

 ------ BLOCK 214 -------
Plaintext:	62 c2 17 88 a7 a6 c1 8f 73 27 1a 72 99 92 2c a7 
TLAST : 	0 0 0 0 0 0 0 0 0 0 0 0 0 0 0 0 
Cipher:		c0 68 99 64 9d ab be d3 00 df a3 43 f8 90 af cf 

 ------ BLOCK 215 -------
Plaintext:	3f 03 bb 6b e1 0f a0 02 61 2c 86 25 86 34 21 a1 
TLAST : 	0 0 0 0 0 0 0 0 0 0 0 0 0 0 0 0 
Cipher:		50 d9 79 53 dc 73 5c c8 2b d8 69 86 7b a2 3d 71 

 ------ BLOCK 216 -------
Plaintext:	04 b4 56 ee 17 a6 6a be 53 28 a7 73 d6 7c d8 6a 
TLAST : 	0 0 0 0 0 0 0 0 0 0 0 0 0 0 0 0 
Cipher:		91 19 b8 ea 48 1c ab 35 82 27 43 68 de 16 fc f9 

 ------ BLOCK 217 -------
Plaintext:	33 dd 56 ee 17 a6 1a 13 32 23 a7 73 65 1c d2 41 
TLAST : 	0 0 0 0 0 0 0 0 0 0 0 0 0 0 0 0 
Cipher:		1a fe 92 29 1d 80 84 23 0f 17 72 b2 76 0b 96 c7 

 ------ BLOCK 218 -------
Plaintext:	c4 74 15 74 a7 a6 c1 a3 73 28 17 76 73 bc 3f e1 
TLAST : 	0 0 0 0 0 0 0 0 0 0 0 0 0 0 0 0 
Cipher:		0c 58 be 33 ee 60 49 3b a0 f9 b9 e8 86 8a 3a 1d 

 ------ BLOCK 219 -------
Plaintext:	36 c5 74 14 f7 90 ac b1 02 2e f6 12 83 6e 31 e6 
TLAST : 	0 0 0 0 0 0 0 0 0 0 0 0 0 0 0 0 
Cipher:		08 1d e4 06 92 9b 29 41 31 b3 ab a5 5c 3e ac 86 

 ------ BLOCK 220 -------
Plaintext:	62 c2 17 88 a7 a6 c1 8f 73 27 1a 72 99 92 2c a7 
TLAST : 	0 0 0 0 0 0 0 0 0 0 0 0 0 0 0 0 
Cipher:		c0 68 99 64 9d ab be d3 00 df a3 43 f8 90 af cf 

 ------ BLOCK 221 -------
Plaintext:	3f 03 bb 6b e1 0f a0 02 61 2c 86 25 86 34 21 a1 
TLAST : 	0 0 0 0 0 0 0 0 0 0 0 0 0 0 0 0 
Cipher:		50 d9 79 53 dc 73 5c c8 2b d8 69 86 7b a2 3d 71 

 ------ BLOCK 222 -------
Plaintext:	04 b4 56 ee 17 a6 6a be 53 28 a7 73 d6 7c d8 6a 
TLAST : 	0 0 0 0 0 0 0 0 0 0 0 0 0 0 0 0 
Cipher:		91 19 b8 ea 48 1c ab 35 82 27 43 68 de 16 fc f9 

 ------ BLOCK 223 -------
Plaintext:	33 dd 56 ee 17 a6 1a 13 32 23 a7 73 65 1c d2 41 
TLAST : 	0 0 0 0 0 0 0 0 0 0 0 0 0 0 0 0 
Cipher:		1a fe 92 29 1d 80 84 23 0f 17 72 b2 76 0b 96 c7 

 ------ BLOCK 224 -------
Plaintext:	c4 74 15 74 a7 a6 c1 a3 73 28 17 76 73 bc 3f e1 
TLAST : 	0 0 0 0 0 0 0 0 0 0 0 0 0 0 0 0 
Cipher:		0c 58 be 33 ee 60 49 3b a0 f9 b9 e8 86 8a 3a 1d 

 ------ BLOCK 225 -------
Plaintext:	36 c5 74 14 f7 90 ac b1 02 2e f6 12 83 6e 31 e6 
TLAST : 	0 0 0 0 0 0 0 0 0 0 0 0 0 0 0 0 
Cipher:		08 1d e4 06 92 9b 29 41 31 b3 ab a5 5c 3e ac 86 

 ------ BLOCK 226 -------
Plaintext:	62 c2 17 88 a7 a6 c1 8f 73 27 1a 72 99 92 2c a7 
TLAST : 	0 0 0 0 0 0 0 0 0 0 0 0 0 0 0 0 
Cipher:		c0 68 99 64 9d ab be d3 00 df a3 43 f8 90 af cf 

 ------ BLOCK 227 -------
Plaintext:	3f 03 bb 6b e1 0f a0 02 61 2c 86 25 86 34 21 a1 
TLAST : 	0 0 0 0 0 0 0 0 0 0 0 0 0 0 0 0 
Cipher:		50 d9 79 53 dc 73 5c c8 2b d8 69 86 7b a2 3d 71 

 ------ BLOCK 228 -------
Plaintext:	04 b4 56 ee 17 a6 6a be 53 28 a7 73 d6 7c d8 6a 
TLAST : 	0 0 0 0 0 0 0 0 0 0 0 0 0 0 0 0 
Cipher:		91 19 b8 ea 48 1c ab 35 82 27 43 68 de 16 fc f9 

 ------ BLOCK 229 -------
Plaintext:	33 dd 56 ee 17 a6 1a 13 32 23 a7 73 65 1c d2 41 
TLAST : 	0 0 0 0 0 0 0 0 0 0 0 0 0 0 0 0 
Cipher:		1a fe 92 29 1d 80 84 23 0f 17 72 b2 76 0b 96 c7 

 ------ BLOCK 230 -------
Plaintext:	c4 74 15 74 a7 a6 c1 a3 73 28 17 76 73 bc 3f e1 
TLAST : 	0 0 0 0 0 0 0 0 0 0 0 0 0 0 0 0 
Cipher:		0c 58 be 33 ee 60 49 3b a0 f9 b9 e8 86 8a 3a 1d 

 ------ BLOCK 231 -------
Plaintext:	36 c5 74 14 f7 90 ac b1 02 2e f6 12 83 6e 31 e6 
TLAST : 	0 0 0 0 0 0 0 0 0 0 0 0 0 0 0 0 
Cipher:		08 1d e4 06 92 9b 29 41 31 b3 ab a5 5c 3e ac 86 

 ------ BLOCK 232 -------
Plaintext:	62 c2 17 88 a7 a6 c1 8f 73 27 1a 72 99 92 2c a7 
TLAST : 	0 0 0 0 0 0 0 0 0 0 0 0 0 0 0 0 
Cipher:		c0 68 99 64 9d ab be d3 00 df a3 43 f8 90 af cf 

 ------ BLOCK 233 -------
Plaintext:	3f 03 bb 6b e1 0f a0 02 61 2c 86 25 86 34 21 a1 
TLAST : 	0 0 0 0 0 0 0 0 0 0 0 0 0 0 0 0 
Cipher:		50 d9 79 53 dc 73 5c c8 2b d8 69 86 7b a2 3d 71 

 ------ BLOCK 234 -------
Plaintext:	04 b4 56 ee 17 a6 6a be 53 28 a7 73 d6 7c d8 6a 
TLAST : 	0 0 0 0 0 0 0 0 0 0 0 0 0 0 0 0 
Cipher:		91 19 b8 ea 48 1c ab 35 82 27 43 68 de 16 fc f9 

 ------ BLOCK 235 -------
Plaintext:	33 dd 56 ee 17 a6 1a 13 32 23 a7 73 65 1c d2 41 
TLAST : 	0 0 0 0 0 0 0 0 0 0 0 0 0 0 0 0 
Cipher:		1a fe 92 29 1d 80 84 23 0f 17 72 b2 76 0b 96 c7 

 ------ BLOCK 236 -------
Plaintext:	c4 74 15 74 a7 a6 c1 a3 73 28 17 76 73 bc 3f e1 
TLAST : 	0 0 0 0 0 0 0 0 0 0 0 0 0 0 0 0 
Cipher:		0c 58 be 33 ee 60 49 3b a0 f9 b9 e8 86 8a 3a 1d 

 ------ BLOCK 237 -------
Plaintext:	36 c5 74 14 f7 90 ac b1 02 2e f6 12 83 6e 31 e6 
TLAST : 	0 0 0 0 0 0 0 0 0 0 0 0 0 0 0 0 
Cipher:		08 1d e4 06 92 9b 29 41 31 b3 ab a5 5c 3e ac 86 

 ------ BLOCK 238 -------
Plaintext:	62 c2 17 88 a7 a6 c1 8f 73 27 1a 72 99 92 2c a7 
TLAST : 	0 0 0 0 0 0 0 0 0 0 0 0 0 0 0 0 
Cipher:		c0 68 99 64 9d ab be d3 00 df a3 43 f8 90 af cf 

 ------ BLOCK 239 -------
Plaintext:	3f 03 bb 6b e1 0f a0 02 61 2c 86 25 86 34 21 a1 
TLAST : 	0 0 0 0 0 0 0 0 0 0 0 0 0 0 0 0 
Cipher:		50 d9 79 53 dc 73 5c c8 2b d8 69 86 7b a2 3d 71 

 ------ BLOCK 240 -------
Plaintext:	04 b4 56 ee 17 a6 6a be 53 28 a7 73 d6 7c d8 6a 
TLAST : 	0 0 0 0 0 0 0 0 0 0 0 0 0 0 0 0 
Cipher:		91 19 b8 ea 48 1c ab 35 82 27 43 68 de 16 fc f9 

 ------ BLOCK 241 -------
Plaintext:	33 dd 56 ee 17 a6 1a 13 32 23 a7 73 65 1c d2 41 
TLAST : 	0 0 0 0 0 0 0 0 0 0 0 0 0 0 0 0 
Cipher:		1a fe 92 29 1d 80 84 23 0f 17 72 b2 76 0b 96 c7 

 ------ BLOCK 242 -------
Plaintext:	c4 74 15 74 a7 a6 c1 a3 73 28 17 76 73 bc 3f e1 
TLAST : 	0 0 0 0 0 0 0 0 0 0 0 0 0 0 0 0 
Cipher:		0c 58 be 33 ee 60 49 3b a0 f9 b9 e8 86 8a 3a 1d 

 ------ BLOCK 243 -------
Plaintext:	36 c5 74 14 f7 90 ac b1 02 2e f6 12 83 6e 31 e6 
TLAST : 	0 0 0 0 0 0 0 0 0 0 0 0 0 0 0 0 
Cipher:		08 1d e4 06 92 9b 29 41 31 b3 ab a5 5c 3e ac 86 

 ------ BLOCK 244 -------
Plaintext:	62 c2 17 88 a7 a6 c1 8f 73 27 1a 72 99 92 2c a7 
TLAST : 	0 0 0 0 0 0 0 0 0 0 0 0 0 0 0 0 
Cipher:		c0 68 99 64 9d ab be d3 00 df a3 43 f8 90 af cf 

 ------ BLOCK 245 -------
Plaintext:	3f 03 bb 6b e1 0f a0 02 61 2c 86 25 86 34 21 a1 
TLAST : 	0 0 0 0 0 0 0 0 0 0 0 0 0 0 0 0 
Cipher:		50 d9 79 53 dc 73 5c c8 2b d8 69 86 7b a2 3d 71 

 ------ BLOCK 246 -------
Plaintext:	04 b4 56 ee 17 a6 6a be 53 28 a7 73 d6 7c d8 6a 
TLAST : 	0 0 0 0 0 0 0 0 0 0 0 0 0 0 0 0 
Cipher:		91 19 b8 ea 48 1c ab 35 82 27 43 68 de 16 fc f9 

 ------ BLOCK 247 -------
Plaintext:	33 dd 56 ee 17 a6 1a 13 32 23 a7 73 65 1c d2 41 
TLAST : 	0 0 0 0 0 0 0 0 0 0 0 0 0 0 0 0 
Cipher:		1a fe 92 29 1d 80 84 23 0f 17 72 b2 76 0b 96 c7 

 ------ BLOCK 248 -------
Plaintext:	c4 74 15 74 a7 a6 c1 a3 73 28 17 76 73 bc 3f e1 
TLAST : 	0 0 0 0 0 0 0 0 0 0 0 0 0 0 0 0 
Cipher:		0c 58 be 33 ee 60 49 3b a0 f9 b9 e8 86 8a 3a 1d 

 ------ BLOCK 249 -------
Plaintext:	36 c5 74 14 f7 90 ac b1 02 2e f6 12 83 6e 31 e6 
TLAST : 	0 0 0 0 0 0 0 0 0 0 0 0 0 0 0 0 
Cipher:		08 1d e4 06 92 9b 29 41 31 b3 ab a5 5c 3e ac 86 

 ------ BLOCK 250 -------
Plaintext:	62 c2 17 88 a7 a6 c1 8f 73 27 1a 72 99 92 2c a7 
TLAST : 	0 0 0 0 0 0 0 0 0 0 0 0 0 0 0 0 
Cipher:		c0 68 99 64 9d ab be d3 00 df a3 43 f8 90 af cf 

 ------ BLOCK 251 -------
Plaintext:	3f 03 bb 6b e1 0f a0 02 61 2c 86 25 86 34 21 a1 
TLAST : 	0 0 0 0 0 0 0 0 0 0 0 0 0 0 0 0 
Cipher:		50 d9 79 53 dc 73 5c c8 2b d8 69 86 7b a2 3d 71 

 ------ BLOCK 252 -------
Plaintext:	04 b4 56 ee 17 a6 6a be 53 28 a7 73 d6 7c d8 6a 
TLAST : 	0 0 0 0 0 0 0 0 0 0 0 0 0 0 0 0 
Cipher:		91 19 b8 ea 48 1c ab 35 82 27 43 68 de 16 fc f9 

 ------ BLOCK 253 -------
Plaintext:	33 dd 56 ee 17 a6 1a 13 32 23 a7 73 65 1c d2 41 
TLAST : 	0 0 0 0 0 0 0 0 0 0 0 0 0 0 0 0 
Cipher:		1a fe 92 29 1d 80 84 23 0f 17 72 b2 76 0b 96 c7 

 ------ BLOCK 254 -------
Plaintext:	c4 74 15 74 a7 a6 c1 a3 73 28 17 76 73 bc 3f e1 
TLAST : 	0 0 0 0 0 0 0 0 0 0 0 0 0 0 0 0 
Cipher:		0c 58 be 33 ee 60 49 3b a0 f9 b9 e8 86 8a 3a 1d 

 ------ BLOCK 255 -------
Plaintext:	36 c5 74 14 f7 90 ac b1 02 2e f6 12 83 6e 31 e6 
TLAST : 	0 0 0 0 0 0 0 0 0 0 0 0 0 0 0 0 
Cipher:		08 1d e4 06 92 9b 29 41 31 b3 ab a5 5c 3e ac 86 

 ------ BLOCK 256 -------
Plaintext:	62 c2 17 88 a7 a6 c1 8f 73 27 1a 72 99 92 2c a7 
TLAST : 	0 0 0 0 0 0 0 0 0 0 0 0 0 0 0 0 
Cipher:		c0 68 99 64 9d ab be d3 00 df a3 43 f8 90 af cf 

 ------ BLOCK 257 -------
Plaintext:	3f 03 bb 6b e1 0f a0 02 61 2c 86 25 86 34 21 a1 
TLAST : 	0 0 0 0 0 0 0 0 0 0 0 0 0 0 0 0 
Cipher:		50 d9 79 53 dc 73 5c c8 2b d8 69 86 7b a2 3d 71 

 ------ BLOCK 258 -------
Plaintext:	04 b4 56 ee 17 a6 6a be 53 28 a7 73 d6 7c d8 6a 
TLAST : 	0 0 0 0 0 0 0 0 0 0 0 0 0 0 0 0 
Cipher:		91 19 b8 ea 48 1c ab 35 82 27 43 68 de 16 fc f9 

 ------ BLOCK 259 -------
Plaintext:	33 dd 56 ee 17 a6 1a 13 32 23 a7 73 65 1c d2 41 
TLAST : 	0 0 0 0 0 0 0 0 0 0 0 0 0 0 0 0 
Cipher:		1a fe 92 29 1d 80 84 23 0f 17 72 b2 76 0b 96 c7 

 ------ BLOCK 260 -------
Plaintext:	c4 74 15 74 a7 a6 c1 a3 73 28 17 76 73 bc 3f e1 
TLAST : 	0 0 0 0 0 0 0 0 0 0 0 0 0 0 0 0 
Cipher:		0c 58 be 33 ee 60 49 3b a0 f9 b9 e8 86 8a 3a 1d 

 ------ BLOCK 261 -------
Plaintext:	36 c5 74 14 f7 90 ac b1 02 2e f6 12 83 6e 31 e6 
TLAST : 	0 0 0 0 0 0 0 0 0 0 0 0 0 0 0 0 
Cipher:		08 1d e4 06 92 9b 29 41 31 b3 ab a5 5c 3e ac 86 

 ------ BLOCK 262 -------
Plaintext:	62 c2 17 88 a7 a6 c1 8f 73 27 1a 72 99 92 2c a7 
TLAST : 	0 0 0 0 0 0 0 0 0 0 0 0 0 0 0 0 
Cipher:		c0 68 99 64 9d ab be d3 00 df a3 43 f8 90 af cf 

 ------ BLOCK 263 -------
Plaintext:	3f 03 bb 6b e1 0f a0 02 61 2c 86 25 86 34 21 a1 
TLAST : 	0 0 0 0 0 0 0 0 0 0 0 0 0 0 0 0 
Cipher:		50 d9 79 53 dc 73 5c c8 2b d8 69 86 7b a2 3d 71 

 ------ BLOCK 264 -------
Plaintext:	04 b4 56 ee 17 a6 6a be 53 28 a7 73 d6 7c d8 6a 
TLAST : 	0 0 0 0 0 0 0 0 0 0 0 0 0 0 0 0 
Cipher:		91 19 b8 ea 48 1c ab 35 82 27 43 68 de 16 fc f9 

 ------ BLOCK 265 -------
Plaintext:	33 dd 56 ee 17 a6 1a 13 32 23 a7 73 65 1c d2 41 
TLAST : 	0 0 0 0 0 0 0 0 0 0 0 0 0 0 0 0 
Cipher:		1a fe 92 29 1d 80 84 23 0f 17 72 b2 76 0b 96 c7 

 ------ BLOCK 266 -------
Plaintext:	c4 74 15 74 a7 a6 c1 a3 73 28 17 76 73 bc 3f e1 
TLAST : 	0 0 0 0 0 0 0 0 0 0 0 0 0 0 0 0 
Cipher:		0c 58 be 33 ee 60 49 3b a0 f9 b9 e8 86 8a 3a 1d 

 ------ BLOCK 267 -------
Plaintext:	36 c5 74 14 f7 90 ac b1 02 2e f6 12 83 6e 31 e6 
TLAST : 	0 0 0 0 0 0 0 0 0 0 0 0 0 0 0 0 
Cipher:		08 1d e4 06 92 9b 29 41 31 b3 ab a5 5c 3e ac 86 

 ------ BLOCK 268 -------
Plaintext:	62 c2 17 88 a7 a6 c1 8f 73 27 1a 72 99 92 2c a7 
TLAST : 	0 0 0 0 0 0 0 0 0 0 0 0 0 0 0 0 
Cipher:		c0 68 99 64 9d ab be d3 00 df a3 43 f8 90 af cf 

 ------ BLOCK 269 -------
Plaintext:	3f 03 bb 6b e1 0f a0 02 61 2c 86 25 86 34 21 a1 
TLAST : 	0 0 0 0 0 0 0 0 0 0 0 0 0 0 0 0 
Cipher:		50 d9 79 53 dc 73 5c c8 2b d8 69 86 7b a2 3d 71 

 ------ BLOCK 270 -------
Plaintext:	04 b4 56 ee 17 a6 6a be 53 28 a7 73 d6 7c d8 6a 
TLAST : 	0 0 0 0 0 0 0 0 0 0 0 0 0 0 0 0 
Cipher:		91 19 b8 ea 48 1c ab 35 82 27 43 68 de 16 fc f9 

 ------ BLOCK 271 -------
Plaintext:	33 dd 56 ee 17 a6 1a 13 32 23 a7 73 65 1c d2 41 
TLAST : 	0 0 0 0 0 0 0 0 0 0 0 0 0 0 0 0 
Cipher:		1a fe 92 29 1d 80 84 23 0f 17 72 b2 76 0b 96 c7 

 ------ BLOCK 272 -------
Plaintext:	c4 74 15 74 a7 a6 c1 a3 73 28 17 76 73 bc 3f e1 
TLAST : 	0 0 0 0 0 0 0 0 0 0 0 0 0 0 0 0 
Cipher:		0c 58 be 33 ee 60 49 3b a0 f9 b9 e8 86 8a 3a 1d 

 ------ BLOCK 273 -------
Plaintext:	36 c5 74 14 f7 90 ac b1 02 2e f6 12 83 6e 31 e6 
TLAST : 	0 0 0 0 0 0 0 0 0 0 0 0 0 0 0 0 
Cipher:		08 1d e4 06 92 9b 29 41 31 b3 ab a5 5c 3e ac 86 

 ------ BLOCK 274 -------
Plaintext:	62 c2 17 88 a7 a6 c1 8f 73 27 1a 72 99 92 2c a7 
TLAST : 	0 0 0 0 0 0 0 0 0 0 0 0 0 0 0 0 
Cipher:		c0 68 99 64 9d ab be d3 00 df a3 43 f8 90 af cf 

 ------ BLOCK 275 -------
Plaintext:	3f 03 bb 6b e1 0f a0 02 61 2c 86 25 86 34 21 a1 
TLAST : 	0 0 0 0 0 0 0 0 0 0 0 0 0 0 0 0 
Cipher:		50 d9 79 53 dc 73 5c c8 2b d8 69 86 7b a2 3d 71 

 ------ BLOCK 276 -------
Plaintext:	04 b4 56 ee 17 a6 6a be 53 28 a7 73 d6 7c d8 6a 
TLAST : 	0 0 0 0 0 0 0 0 0 0 0 0 0 0 0 0 
Cipher:		91 19 b8 ea 48 1c ab 35 82 27 43 68 de 16 fc f9 

 ------ BLOCK 277 -------
Plaintext:	33 dd 56 ee 17 a6 1a 13 32 23 a7 73 65 1c d2 41 
TLAST : 	0 0 0 0 0 0 0 0 0 0 0 0 0 0 0 0 
Cipher:		1a fe 92 29 1d 80 84 23 0f 17 72 b2 76 0b 96 c7 

 ------ BLOCK 278 -------
Plaintext:	c4 74 15 74 a7 a6 c1 a3 73 28 17 76 73 bc 3f e1 
TLAST : 	0 0 0 0 0 0 0 0 0 0 0 0 0 0 0 0 
Cipher:		0c 58 be 33 ee 60 49 3b a0 f9 b9 e8 86 8a 3a 1d 

 ------ BLOCK 279 -------
Plaintext:	36 c5 74 14 f7 90 ac b1 02 2e f6 12 83 6e 31 e6 
TLAST : 	0 0 0 0 0 0 0 0 0 0 0 0 0 0 0 0 
Cipher:		08 1d e4 06 92 9b 29 41 31 b3 ab a5 5c 3e ac 86 

 ------ BLOCK 280 -------
Plaintext:	62 c2 17 88 a7 a6 c1 8f 73 27 1a 72 99 92 2c a7 
TLAST : 	0 0 0 0 0 0 0 0 0 0 0 0 0 0 0 0 
Cipher:		c0 68 99 64 9d ab be d3 00 df a3 43 f8 90 af cf 

 ------ BLOCK 281 -------
Plaintext:	3f 03 bb 6b e1 0f a0 02 61 2c 86 25 86 34 21 a1 
TLAST : 	0 0 0 0 0 0 0 0 0 0 0 0 0 0 0 0 
Cipher:		50 d9 79 53 dc 73 5c c8 2b d8 69 86 7b a2 3d 71 

 ------ BLOCK 282 -------
Plaintext:	04 b4 56 ee 17 a6 6a be 53 28 a7 73 d6 7c d8 6a 
TLAST : 	0 0 0 0 0 0 0 0 0 0 0 0 0 0 0 0 
Cipher:		91 19 b8 ea 48 1c ab 35 82 27 43 68 de 16 fc f9 

 ------ BLOCK 283 -------
Plaintext:	33 dd 56 ee 17 a6 1a 13 32 23 a7 73 65 1c d2 41 
TLAST : 	0 0 0 0 0 0 0 0 0 0 0 0 0 0 0 0 
Cipher:		1a fe 92 29 1d 80 84 23 0f 17 72 b2 76 0b 96 c7 

 ------ BLOCK 284 -------
Plaintext:	c4 74 15 74 a7 a6 c1 a3 73 28 17 76 73 bc 3f e1 
TLAST : 	0 0 0 0 0 0 0 0 0 0 0 0 0 0 0 0 
Cipher:		0c 58 be 33 ee 60 49 3b a0 f9 b9 e8 86 8a 3a 1d 

 ------ BLOCK 285 -------
Plaintext:	36 c5 74 14 f7 90 ac b1 02 2e f6 12 83 6e 31 e6 
TLAST : 	0 0 0 0 0 0 0 0 0 0 0 0 0 0 0 0 
Cipher:		08 1d e4 06 92 9b 29 41 31 b3 ab a5 5c 3e ac 86 

 ------ BLOCK 286 -------
Plaintext:	62 c2 17 88 a7 a6 c1 8f 73 27 1a 72 99 92 2c a7 
TLAST : 	0 0 0 0 0 0 0 0 0 0 0 0 0 0 0 0 
Cipher:		c0 68 99 64 9d ab be d3 00 df a3 43 f8 90 af cf 

 ------ BLOCK 287 -------
Plaintext:	3f 03 bb 6b e1 0f a0 02 61 2c 86 25 86 34 21 a1 
TLAST : 	0 0 0 0 0 0 0 0 0 0 0 0 0 0 0 0 
Cipher:		50 d9 79 53 dc 73 5c c8 2b d8 69 86 7b a2 3d 71 

 ------ BLOCK 288 -------
Plaintext:	04 b4 56 ee 17 a6 6a be 53 28 a7 73 d6 7c d8 6a 
TLAST : 	0 0 0 0 0 0 0 0 0 0 0 0 0 0 0 0 
Cipher:		91 19 b8 ea 48 1c ab 35 82 27 43 68 de 16 fc f9 

 ------ BLOCK 289 -------
Plaintext:	33 dd 56 ee 17 a6 1a 13 32 23 a7 73 65 1c d2 41 
TLAST : 	0 0 0 0 0 0 0 0 0 0 0 0 0 0 0 0 
Cipher:		1a fe 92 29 1d 80 84 23 0f 17 72 b2 76 0b 96 c7 

 ------ BLOCK 290 -------
Plaintext:	c4 74 15 74 a7 a6 c1 a3 73 28 17 76 73 bc 3f e1 
TLAST : 	0 0 0 0 0 0 0 0 0 0 0 0 0 0 0 0 
Cipher:		0c 58 be 33 ee 60 49 3b a0 f9 b9 e8 86 8a 3a 1d 

 ------ BLOCK 291 -------
Plaintext:	36 c5 74 14 f7 90 ac b1 02 2e f6 12 83 6e 31 e6 
TLAST : 	0 0 0 0 0 0 0 0 0 0 0 0 0 0 0 0 
Cipher:		08 1d e4 06 92 9b 29 41 31 b3 ab a5 5c 3e ac 86 

 ------ BLOCK 292 -------
Plaintext:	62 c2 17 88 a7 a6 c1 8f 73 27 1a 72 99 92 2c a7 
TLAST : 	0 0 0 0 0 0 0 0 0 0 0 0 0 0 0 0 
Cipher:		c0 68 99 64 9d ab be d3 00 df a3 43 f8 90 af cf 

 ------ BLOCK 293 -------
Plaintext:	3f 03 bb 6b e1 0f a0 02 61 2c 86 25 86 34 21 a1 
TLAST : 	0 0 0 0 0 0 0 0 0 0 0 0 0 0 0 0 
Cipher:		50 d9 79 53 dc 73 5c c8 2b d8 69 86 7b a2 3d 71 

 ------ BLOCK 294 -------
Plaintext:	04 b4 56 ee 17 a6 6a be 53 28 a7 73 d6 7c d8 6a 
TLAST : 	0 0 0 0 0 0 0 0 0 0 0 0 0 0 0 0 
Cipher:		91 19 b8 ea 48 1c ab 35 82 27 43 68 de 16 fc f9 

 ------ BLOCK 295 -------
Plaintext:	33 dd 56 ee 17 a6 1a 13 32 23 a7 73 65 1c d2 41 
TLAST : 	0 0 0 0 0 0 0 0 0 0 0 0 0 0 0 0 
Cipher:		1a fe 92 29 1d 80 84 23 0f 17 72 b2 76 0b 96 c7 

 ------ BLOCK 296 -------
Plaintext:	c4 74 15 74 a7 a6 c1 a3 73 28 17 76 73 bc 3f e1 
TLAST : 	0 0 0 0 0 0 0 0 0 0 0 0 0 0 0 0 
Cipher:		0c 58 be 33 ee 60 49 3b a0 f9 b9 e8 86 8a 3a 1d 

 ------ BLOCK 297 -------
Plaintext:	36 c5 74 14 f7 90 ac b1 02 2e f6 12 83 6e 31 e6 
TLAST : 	0 0 0 0 0 0 0 0 0 0 0 0 0 0 0 0 
Cipher:		08 1d e4 06 92 9b 29 41 31 b3 ab a5 5c 3e ac 86 

 ------ BLOCK 298 -------
Plaintext:	62 c2 17 88 a7 a6 c1 8f 73 27 1a 72 99 92 2c a7 
TLAST : 	0 0 0 0 0 0 0 0 0 0 0 0 0 0 0 0 
Cipher:		c0 68 99 64 9d ab be d3 00 df a3 43 f8 90 af cf 

 ------ BLOCK 299 -------
Plaintext:	3f 03 bb 6b e1 0f a0 02 61 2c 86 25 86 34 21 a1 
TLAST : 	0 0 0 0 0 0 0 0 0 0 0 0 0 0 0 0 
Cipher:		50 d9 79 53 dc 73 5c c8 2b d8 69 86 7b a2 3d 71 

 ------ BLOCK 300 -------
Plaintext:	04 b4 56 ee 17 a6 6a be 53 28 a7 73 d6 7c d8 6a 
TLAST : 	0 0 0 0 0 0 0 0 0 0 0 0 0 0 0 0 
Cipher:		91 19 b8 ea 48 1c ab 35 82 27 43 68 de 16 fc f9 

 ------ BLOCK 301 -------
Plaintext:	33 dd 56 ee 17 a6 1a 13 32 23 a7 73 65 1c d2 41 
TLAST : 	0 0 0 0 0 0 0 0 0 0 0 0 0 0 0 0 
Cipher:		1a fe 92 29 1d 80 84 23 0f 17 72 b2 76 0b 96 c7 

 ------ BLOCK 302 -------
Plaintext:	c4 74 15 74 a7 a6 c1 a3 73 28 17 76 73 bc 3f e1 
TLAST : 	0 0 0 0 0 0 0 0 0 0 0 0 0 0 0 0 
Cipher:		0c 58 be 33 ee 60 49 3b a0 f9 b9 e8 86 8a 3a 1d 

 ------ BLOCK 303 -------
Plaintext:	36 c5 74 14 f7 90 ac b1 02 2e f6 12 83 6e 31 e6 
TLAST : 	0 0 0 0 0 0 0 0 0 0 0 0 0 0 0 0 
Cipher:		08 1d e4 06 92 9b 29 41 31 b3 ab a5 5c 3e ac 86 

 ------ BLOCK 304 -------
Plaintext:	62 c2 17 88 a7 a6 c1 8f 73 27 1a 72 99 92 2c a7 
TLAST : 	0 0 0 0 0 0 0 0 0 0 0 0 0 0 0 0 
Cipher:		c0 68 99 64 9d ab be d3 00 df a3 43 f8 90 af cf 

 ------ BLOCK 305 -------
Plaintext:	3f 03 bb 6b e1 0f a0 02 61 2c 86 25 86 34 21 a1 
TLAST : 	0 0 0 0 0 0 0 0 0 0 0 0 0 0 0 0 
Cipher:		50 d9 79 53 dc 73 5c c8 2b d8 69 86 7b a2 3d 71 

 ------ BLOCK 306 -------
Plaintext:	04 b4 56 ee 17 a6 6a be 53 28 a7 73 d6 7c d8 6a 
TLAST : 	0 0 0 0 0 0 0 0 0 0 0 0 0 0 0 0 
Cipher:		91 19 b8 ea 48 1c ab 35 82 27 43 68 de 16 fc f9 

 ------ BLOCK 307 -------
Plaintext:	33 dd 56 ee 17 a6 1a 13 32 23 a7 73 65 1c d2 41 
TLAST : 	0 0 0 0 0 0 0 0 0 0 0 0 0 0 0 0 
Cipher:		1a fe 92 29 1d 80 84 23 0f 17 72 b2 76 0b 96 c7 

 ------ BLOCK 308 -------
Plaintext:	c4 74 15 74 a7 a6 c1 a3 73 28 17 76 73 bc 3f e1 
TLAST : 	0 0 0 0 0 0 0 0 0 0 0 0 0 0 0 0 
Cipher:		0c 58 be 33 ee 60 49 3b a0 f9 b9 e8 86 8a 3a 1d 

 ------ BLOCK 309 -------
Plaintext:	36 c5 74 14 f7 90 ac b1 02 2e f6 12 83 6e 31 e6 
TLAST : 	0 0 0 0 0 0 0 0 0 0 0 0 0 0 0 0 
Cipher:		08 1d e4 06 92 9b 29 41 31 b3 ab a5 5c 3e ac 86 

 ------ BLOCK 310 -------
Plaintext:	62 c2 17 88 a7 a6 c1 8f 73 27 1a 72 99 92 2c a7 
TLAST : 	0 0 0 0 0 0 0 0 0 0 0 0 0 0 0 0 
Cipher:		c0 68 99 64 9d ab be d3 00 df a3 43 f8 90 af cf 

 ------ BLOCK 311 -------
Plaintext:	3f 03 bb 6b e1 0f a0 02 61 2c 86 25 86 34 21 a1 
TLAST : 	0 0 0 0 0 0 0 0 0 0 0 0 0 0 0 0 
Cipher:		50 d9 79 53 dc 73 5c c8 2b d8 69 86 7b a2 3d 71 

 ------ BLOCK 312 -------
Plaintext:	04 b4 56 ee 17 a6 6a be 53 28 a7 73 d6 7c d8 6a 
TLAST : 	0 0 0 0 0 0 0 0 0 0 0 0 0 0 0 0 
Cipher:		91 19 b8 ea 48 1c ab 35 82 27 43 68 de 16 fc f9 

 ------ BLOCK 313 -------
Plaintext:	33 dd 56 ee 17 a6 1a 13 32 23 a7 73 65 1c d2 41 
TLAST : 	0 0 0 0 0 0 0 0 0 0 0 0 0 0 0 0 
Cipher:		1a fe 92 29 1d 80 84 23 0f 17 72 b2 76 0b 96 c7 

 ------ BLOCK 314 -------
Plaintext:	c4 74 15 74 a7 a6 c1 a3 73 28 17 76 73 bc 3f e1 
TLAST : 	0 0 0 0 0 0 0 0 0 0 0 0 0 0 0 0 
Cipher:		0c 58 be 33 ee 60 49 3b a0 f9 b9 e8 86 8a 3a 1d 

 ------ BLOCK 315 -------
Plaintext:	36 c5 74 14 f7 90 ac b1 02 2e f6 12 83 6e 31 e6 
TLAST : 	0 0 0 0 0 0 0 0 0 0 0 0 0 0 0 0 
Cipher:		08 1d e4 06 92 9b 29 41 31 b3 ab a5 5c 3e ac 86 

 ------ BLOCK 316 -------
Plaintext:	62 c2 17 88 a7 a6 c1 8f 73 27 1a 72 99 92 2c a7 
TLAST : 	0 0 0 0 0 0 0 0 0 0 0 0 0 0 0 0 
Cipher:		c0 68 99 64 9d ab be d3 00 df a3 43 f8 90 af cf 

 ------ BLOCK 317 -------
Plaintext:	3f 03 bb 6b e1 0f a0 02 61 2c 86 25 86 34 21 a1 
TLAST : 	0 0 0 0 0 0 0 0 0 0 0 0 0 0 0 0 
Cipher:		50 d9 79 53 dc 73 5c c8 2b d8 69 86 7b a2 3d 71 

 ------ BLOCK 318 -------
Plaintext:	04 b4 56 ee 17 a6 6a be 53 28 a7 73 d6 7c d8 6a 
TLAST : 	0 0 0 0 0 0 0 0 0 0 0 0 0 0 0 0 
Cipher:		91 19 b8 ea 48 1c ab 35 82 27 43 68 de 16 fc f9 

 ------ BLOCK 319 -------
Plaintext:	33 dd 56 ee 17 a6 1a 13 32 23 a7 73 65 1c d2 41 
TLAST : 	0 0 0 0 0 0 0 0 0 0 0 0 0 0 0 0 
Cipher:		1a fe 92 29 1d 80 84 23 0f 17 72 b2 76 0b 96 c7 

 ------ BLOCK 320 -------
Plaintext:	c4 74 15 74 a7 a6 c1 a3 73 28 17 76 73 bc 3f e1 
TLAST : 	0 0 0 0 0 0 0 0 0 0 0 0 0 0 0 0 
Cipher:		0c 58 be 33 ee 60 49 3b a0 f9 b9 e8 86 8a 3a 1d 

 ------ BLOCK 321 -------
Plaintext:	36 c5 74 14 f7 90 ac b1 02 2e f6 12 83 6e 31 e6 
TLAST : 	0 0 0 0 0 0 0 0 0 0 0 0 0 0 0 0 
Cipher:		08 1d e4 06 92 9b 29 41 31 b3 ab a5 5c 3e ac 86 

 ------ BLOCK 322 -------
Plaintext:	62 c2 17 88 a7 a6 c1 8f 73 27 1a 72 99 92 2c a7 
TLAST : 	0 0 0 0 0 0 0 0 0 0 0 0 0 0 0 0 
Cipher:		c0 68 99 64 9d ab be d3 00 df a3 43 f8 90 af cf 

 ------ BLOCK 323 -------
Plaintext:	3f 03 bb 6b e1 0f a0 02 61 2c 86 25 86 34 21 a1 
TLAST : 	0 0 0 0 0 0 0 0 0 0 0 0 0 0 0 0 
Cipher:		50 d9 79 53 dc 73 5c c8 2b d8 69 86 7b a2 3d 71 

 ------ BLOCK 324 -------
Plaintext:	04 b4 56 ee 17 a6 6a be 53 28 a7 73 d6 7c d8 6a 
TLAST : 	0 0 0 0 0 0 0 0 0 0 0 0 0 0 0 0 
Cipher:		91 19 b8 ea 48 1c ab 35 82 27 43 68 de 16 fc f9 

 ------ BLOCK 325 -------
Plaintext:	33 dd 56 ee 17 a6 1a 13 32 23 a7 73 65 1c d2 41 
TLAST : 	0 0 0 0 0 0 0 0 0 0 0 0 0 0 0 0 
Cipher:		1a fe 92 29 1d 80 84 23 0f 17 72 b2 76 0b 96 c7 

 ------ BLOCK 326 -------
Plaintext:	c4 74 15 74 a7 a6 c1 a3 73 28 17 76 73 bc 3f e1 
TLAST : 	0 0 0 0 0 0 0 0 0 0 0 0 0 0 0 0 
Cipher:		0c 58 be 33 ee 60 49 3b a0 f9 b9 e8 86 8a 3a 1d 

 ------ BLOCK 327 -------
Plaintext:	36 c5 74 14 f7 90 ac b1 02 2e f6 12 83 6e 31 e6 
TLAST : 	0 0 0 0 0 0 0 0 0 0 0 0 0 0 0 0 
Cipher:		08 1d e4 06 92 9b 29 41 31 b3 ab a5 5c 3e ac 86 

 ------ BLOCK 328 -------
Plaintext:	62 c2 17 88 a7 a6 c1 8f 73 27 1a 72 99 92 2c a7 
TLAST : 	0 0 0 0 0 0 0 0 0 0 0 0 0 0 0 0 
Cipher:		c0 68 99 64 9d ab be d3 00 df a3 43 f8 90 af cf 

 ------ BLOCK 329 -------
Plaintext:	3f 03 bb 6b e1 0f a0 02 61 2c 86 25 86 34 21 a1 
TLAST : 	0 0 0 0 0 0 0 0 0 0 0 0 0 0 0 0 
Cipher:		50 d9 79 53 dc 73 5c c8 2b d8 69 86 7b a2 3d 71 

 ------ BLOCK 330 -------
Plaintext:	04 b4 56 ee 17 a6 6a be 53 28 a7 73 d6 7c d8 6a 
TLAST : 	0 0 0 0 0 0 0 0 0 0 0 0 0 0 0 0 
Cipher:		91 19 b8 ea 48 1c ab 35 82 27 43 68 de 16 fc f9 

 ------ BLOCK 331 -------
Plaintext:	33 dd 56 ee 17 a6 1a 13 32 23 a7 73 65 1c d2 41 
TLAST : 	0 0 0 0 0 0 0 0 0 0 0 0 0 0 0 0 
Cipher:		1a fe 92 29 1d 80 84 23 0f 17 72 b2 76 0b 96 c7 

 ------ BLOCK 332 -------
Plaintext:	c4 74 15 74 a7 a6 c1 a3 73 28 17 76 73 bc 3f e1 
TLAST : 	0 0 0 0 0 0 0 0 0 0 0 0 0 0 0 0 
Cipher:		0c 58 be 33 ee 60 49 3b a0 f9 b9 e8 86 8a 3a 1d 

 ------ BLOCK 333 -------
Plaintext:	36 c5 74 14 f7 90 ac b1 02 2e f6 12 83 6e 31 e6 
TLAST : 	0 0 0 0 0 0 0 0 0 0 0 0 0 0 0 0 
Cipher:		08 1d e4 06 92 9b 29 41 31 b3 ab a5 5c 3e ac 86 

 ------ BLOCK 334 -------
Plaintext:	62 c2 17 88 a7 a6 c1 8f 73 27 1a 72 99 92 2c a7 
TLAST : 	0 0 0 0 0 0 0 0 0 0 0 0 0 0 0 0 
Cipher:		c0 68 99 64 9d ab be d3 00 df a3 43 f8 90 af cf 

 ------ BLOCK 335 -------
Plaintext:	3f 03 bb 6b e1 0f a0 02 61 2c 86 25 86 34 21 a1 
TLAST : 	0 0 0 0 0 0 0 0 0 0 0 0 0 0 0 0 
Cipher:		50 d9 79 53 dc 73 5c c8 2b d8 69 86 7b a2 3d 71 

 ------ BLOCK 336 -------
Plaintext:	04 b4 56 ee 17 a6 6a be 53 28 a7 73 d6 7c d8 6a 
TLAST : 	0 0 0 0 0 0 0 0 0 0 0 0 0 0 0 0 
Cipher:		91 19 b8 ea 48 1c ab 35 82 27 43 68 de 16 fc f9 

 ------ BLOCK 337 -------
Plaintext:	33 dd 56 ee 17 a6 1a 13 32 23 a7 73 65 1c d2 41 
TLAST : 	0 0 0 0 0 0 0 0 0 0 0 0 0 0 0 0 
Cipher:		1a fe 92 29 1d 80 84 23 0f 17 72 b2 76 0b 96 c7 

 ------ BLOCK 338 -------
Plaintext:	c4 74 15 74 a7 a6 c1 a3 73 28 17 76 73 bc 3f e1 
TLAST : 	0 0 0 0 0 0 0 0 0 0 0 0 0 0 0 0 
Cipher:		0c 58 be 33 ee 60 49 3b a0 f9 b9 e8 86 8a 3a 1d 

 ------ BLOCK 339 -------
Plaintext:	36 c5 74 14 f7 90 ac b1 02 2e f6 12 83 6e 31 e6 
TLAST : 	0 0 0 0 0 0 0 0 0 0 0 0 0 0 0 0 
Cipher:		08 1d e4 06 92 9b 29 41 31 b3 ab a5 5c 3e ac 86 

 ------ BLOCK 340 -------
Plaintext:	62 c2 17 88 a7 a6 c1 8f 73 27 1a 72 99 92 2c a7 
TLAST : 	0 0 0 0 0 0 0 0 0 0 0 0 0 0 0 0 
Cipher:		c0 68 99 64 9d ab be d3 00 df a3 43 f8 90 af cf 

 ------ BLOCK 341 -------
Plaintext:	3f 03 bb 6b e1 0f a0 02 61 2c 86 25 86 34 21 a1 
TLAST : 	0 0 0 0 0 0 0 0 0 0 0 0 0 0 0 0 
Cipher:		50 d9 79 53 dc 73 5c c8 2b d8 69 86 7b a2 3d 71 

 ------ BLOCK 342 -------
Plaintext:	04 b4 56 ee 17 a6 6a be 53 28 a7 73 d6 7c d8 6a 
TLAST : 	0 0 0 0 0 0 0 0 0 0 0 0 0 0 0 0 
Cipher:		91 19 b8 ea 48 1c ab 35 82 27 43 68 de 16 fc f9 

 ------ BLOCK 343 -------
Plaintext:	33 dd 56 ee 17 a6 1a 13 32 23 a7 73 65 1c d2 41 
TLAST : 	0 0 0 0 0 0 0 0 0 0 0 0 0 0 0 0 
Cipher:		1a fe 92 29 1d 80 84 23 0f 17 72 b2 76 0b 96 c7 

 ------ BLOCK 344 -------
Plaintext:	c4 74 15 74 a7 a6 c1 a3 73 28 17 76 73 bc 3f e1 
TLAST : 	0 0 0 0 0 0 0 0 0 0 0 0 0 0 0 0 
Cipher:		0c 58 be 33 ee 60 49 3b a0 f9 b9 e8 86 8a 3a 1d 

 ------ BLOCK 345 -------
Plaintext:	36 c5 74 14 f7 90 ac b1 02 2e f6 12 83 6e 31 e6 
TLAST : 	0 0 0 0 0 0 0 0 0 0 0 0 0 0 0 0 
Cipher:		08 1d e4 06 92 9b 29 41 31 b3 ab a5 5c 3e ac 86 

 ------ BLOCK 346 -------
Plaintext:	62 c2 17 88 a7 a6 c1 8f 73 27 1a 72 99 92 2c a7 
TLAST : 	0 0 0 0 0 0 0 0 0 0 0 0 0 0 0 0 
Cipher:		c0 68 99 64 9d ab be d3 00 df a3 43 f8 90 af cf 

 ------ BLOCK 347 -------
Plaintext:	3f 03 bb 6b e1 0f a0 02 61 2c 86 25 86 34 21 a1 
TLAST : 	0 0 0 0 0 0 0 0 0 0 0 0 0 0 0 0 
Cipher:		50 d9 79 53 dc 73 5c c8 2b d8 69 86 7b a2 3d 71 

 ------ BLOCK 348 -------
Plaintext:	04 b4 56 ee 17 a6 6a be 53 28 a7 73 d6 7c d8 6a 
TLAST : 	0 0 0 0 0 0 0 0 0 0 0 0 0 0 0 0 
Cipher:		91 19 b8 ea 48 1c ab 35 82 27 43 68 de 16 fc f9 

 ------ BLOCK 349 -------
Plaintext:	33 dd 56 ee 17 a6 1a 13 32 23 a7 73 65 1c d2 41 
TLAST : 	0 0 0 0 0 0 0 0 0 0 0 0 0 0 0 0 
Cipher:		1a fe 92 29 1d 80 84 23 0f 17 72 b2 76 0b 96 c7 

 ------ BLOCK 350 -------
Plaintext:	c4 74 15 74 a7 a6 c1 a3 73 28 17 76 73 bc 3f e1 
TLAST : 	0 0 0 0 0 0 0 0 0 0 0 0 0 0 0 0 
Cipher:		0c 58 be 33 ee 60 49 3b a0 f9 b9 e8 86 8a 3a 1d 

 ------ BLOCK 351 -------
Plaintext:	36 c5 74 14 f7 90 ac b1 02 2e f6 12 83 6e 31 e6 
TLAST : 	0 0 0 0 0 0 0 0 0 0 0 0 0 0 0 0 
Cipher:		08 1d e4 06 92 9b 29 41 31 b3 ab a5 5c 3e ac 86 

 ------ BLOCK 352 -------
Plaintext:	62 c2 17 88 a7 a6 c1 8f 73 27 1a 72 99 92 2c a7 
TLAST : 	0 0 0 0 0 0 0 0 0 0 0 0 0 0 0 0 
Cipher:		c0 68 99 64 9d ab be d3 00 df a3 43 f8 90 af cf 

 ------ BLOCK 353 -------
Plaintext:	3f 03 bb 6b e1 0f a0 02 61 2c 86 25 86 34 21 a1 
TLAST : 	0 0 0 0 0 0 0 0 0 0 0 0 0 0 0 0 
Cipher:		50 d9 79 53 dc 73 5c c8 2b d8 69 86 7b a2 3d 71 

 ------ BLOCK 354 -------
Plaintext:	04 b4 56 ee 17 a6 6a be 53 28 a7 73 d6 7c d8 6a 
TLAST : 	0 0 0 0 0 0 0 0 0 0 0 0 0 0 0 0 
Cipher:		91 19 b8 ea 48 1c ab 35 82 27 43 68 de 16 fc f9 

 ------ BLOCK 355 -------
Plaintext:	33 dd 56 ee 17 a6 1a 13 32 23 a7 73 65 1c d2 41 
TLAST : 	0 0 0 0 0 0 0 0 0 0 0 0 0 0 0 0 
Cipher:		1a fe 92 29 1d 80 84 23 0f 17 72 b2 76 0b 96 c7 

 ------ BLOCK 356 -------
Plaintext:	c4 74 15 74 a7 a6 c1 a3 73 28 17 76 73 bc 3f e1 
TLAST : 	0 0 0 0 0 0 0 0 0 0 0 0 0 0 0 0 
Cipher:		0c 58 be 33 ee 60 49 3b a0 f9 b9 e8 86 8a 3a 1d 

 ------ BLOCK 357 -------
Plaintext:	36 c5 74 14 f7 90 ac b1 02 2e f6 12 83 6e 31 e6 
TLAST : 	0 0 0 0 0 0 0 0 0 0 0 0 0 0 0 0 
Cipher:		08 1d e4 06 92 9b 29 41 31 b3 ab a5 5c 3e ac 86 

 ------ BLOCK 358 -------
Plaintext:	62 c2 17 88 a7 a6 c1 8f 73 27 1a 72 99 92 2c a7 
TLAST : 	0 0 0 0 0 0 0 0 0 0 0 0 0 0 0 0 
Cipher:		c0 68 99 64 9d ab be d3 00 df a3 43 f8 90 af cf 

 ------ BLOCK 359 -------
Plaintext:	3f 03 bb 6b e1 0f a0 02 61 2c 86 25 86 34 21 a1 
TLAST : 	0 0 0 0 0 0 0 0 0 0 0 0 0 0 0 0 
Cipher:		50 d9 79 53 dc 73 5c c8 2b d8 69 86 7b a2 3d 71 

 ------ BLOCK 360 -------
Plaintext:	04 b4 56 ee 17 a6 6a be 53 28 a7 73 d6 7c d8 6a 
TLAST : 	0 0 0 0 0 0 0 0 0 0 0 0 0 0 0 0 
Cipher:		91 19 b8 ea 48 1c ab 35 82 27 43 68 de 16 fc f9 

 ------ BLOCK 361 -------
Plaintext:	33 dd 56 ee 17 a6 1a 13 32 23 a7 73 65 1c d2 41 
TLAST : 	0 0 0 0 0 0 0 0 0 0 0 0 0 0 0 0 
Cipher:		1a fe 92 29 1d 80 84 23 0f 17 72 b2 76 0b 96 c7 

 ------ BLOCK 362 -------
Plaintext:	c4 74 15 74 a7 a6 c1 a3 73 28 17 76 73 bc 3f e1 
TLAST : 	0 0 0 0 0 0 0 0 0 0 0 0 0 0 0 0 
Cipher:		0c 58 be 33 ee 60 49 3b a0 f9 b9 e8 86 8a 3a 1d 

 ------ BLOCK 363 -------
Plaintext:	36 c5 74 14 f7 90 ac b1 02 2e f6 12 83 6e 31 e6 
TLAST : 	0 0 0 0 0 0 0 0 0 0 0 0 0 0 0 0 
Cipher:		08 1d e4 06 92 9b 29 41 31 b3 ab a5 5c 3e ac 86 

 ------ BLOCK 364 -------
Plaintext:	62 c2 17 88 a7 a6 c1 8f 73 27 1a 72 99 92 2c a7 
TLAST : 	0 0 0 0 0 0 0 0 0 0 0 0 0 0 0 0 
Cipher:		c0 68 99 64 9d ab be d3 00 df a3 43 f8 90 af cf 

 ------ BLOCK 365 -------
Plaintext:	3f 03 bb 6b e1 0f a0 02 61 2c 86 25 86 34 21 a1 
TLAST : 	0 0 0 0 0 0 0 0 0 0 0 0 0 0 0 0 
Cipher:		50 d9 79 53 dc 73 5c c8 2b d8 69 86 7b a2 3d 71 

 ------ BLOCK 366 -------
Plaintext:	04 b4 56 ee 17 a6 6a be 53 28 a7 73 d6 7c d8 6a 
TLAST : 	0 0 0 0 0 0 0 0 0 0 0 0 0 0 0 0 
Cipher:		91 19 b8 ea 48 1c ab 35 82 27 43 68 de 16 fc f9 

 ------ BLOCK 367 -------
Plaintext:	33 dd 56 ee 17 a6 1a 13 32 23 a7 73 65 1c d2 41 
TLAST : 	0 0 0 0 0 0 0 0 0 0 0 0 0 0 0 0 
Cipher:		1a fe 92 29 1d 80 84 23 0f 17 72 b2 76 0b 96 c7 

 ------ BLOCK 368 -------
Plaintext:	c4 74 15 74 a7 a6 c1 a3 73 28 17 76 73 bc 3f e1 
TLAST : 	0 0 0 0 0 0 0 0 0 0 0 0 0 0 0 0 
Cipher:		0c 58 be 33 ee 60 49 3b a0 f9 b9 e8 86 8a 3a 1d 

 ------ BLOCK 369 -------
Plaintext:	36 c5 74 14 f7 90 ac b1 02 2e f6 12 83 6e 31 e6 
TLAST : 	0 0 0 0 0 0 0 0 0 0 0 0 0 0 0 0 
Cipher:		08 1d e4 06 92 9b 29 41 31 b3 ab a5 5c 3e ac 86 

 ------ BLOCK 370 -------
Plaintext:	62 c2 17 88 a7 a6 c1 8f 73 27 1a 72 99 92 2c a7 
TLAST : 	0 0 0 0 0 0 0 0 0 0 0 0 0 0 0 0 
Cipher:		c0 68 99 64 9d ab be d3 00 df a3 43 f8 90 af cf 

 ------ BLOCK 371 -------
Plaintext:	3f 03 bb 6b e1 0f a0 02 61 2c 86 25 86 34 21 a1 
TLAST : 	0 0 0 0 0 0 0 0 0 0 0 0 0 0 0 0 
Cipher:		50 d9 79 53 dc 73 5c c8 2b d8 69 86 7b a2 3d 71 

 ------ BLOCK 372 -------
Plaintext:	04 b4 56 ee 17 a6 6a be 53 28 a7 73 d6 7c d8 6a 
TLAST : 	0 0 0 0 0 0 0 0 0 0 0 0 0 0 0 0 
Cipher:		91 19 b8 ea 48 1c ab 35 82 27 43 68 de 16 fc f9 

 ------ BLOCK 373 -------
Plaintext:	33 dd 56 ee 17 a6 1a 13 32 23 a7 73 65 1c d2 41 
TLAST : 	0 0 0 0 0 0 0 0 0 0 0 0 0 0 0 0 
Cipher:		1a fe 92 29 1d 80 84 23 0f 17 72 b2 76 0b 96 c7 

 ------ BLOCK 374 -------
Plaintext:	c4 74 15 74 a7 a6 c1 a3 73 28 17 76 73 bc 3f e1 
TLAST : 	0 0 0 0 0 0 0 0 0 0 0 0 0 0 0 0 
Cipher:		0c 58 be 33 ee 60 49 3b a0 f9 b9 e8 86 8a 3a 1d 

 ------ BLOCK 375 -------
Plaintext:	36 c5 74 14 f7 90 ac b1 02 2e f6 12 83 6e 31 e6 
TLAST : 	0 0 0 0 0 0 0 0 0 0 0 0 0 0 0 0 
Cipher:		08 1d e4 06 92 9b 29 41 31 b3 ab a5 5c 3e ac 86 

 ------ BLOCK 376 -------
Plaintext:	62 c2 17 88 a7 a6 c1 8f 73 27 1a 72 99 92 2c a7 
TLAST : 	0 0 0 0 0 0 0 0 0 0 0 0 0 0 0 0 
Cipher:		c0 68 99 64 9d ab be d3 00 df a3 43 f8 90 af cf 

 ------ BLOCK 377 -------
Plaintext:	3f 03 bb 6b e1 0f a0 02 61 2c 86 25 86 34 21 a1 
TLAST : 	0 0 0 0 0 0 0 0 0 0 0 0 0 0 0 0 
Cipher:		50 d9 79 53 dc 73 5c c8 2b d8 69 86 7b a2 3d 71 

 ------ BLOCK 378 -------
Plaintext:	04 b4 56 ee 17 a6 6a be 53 28 a7 73 d6 7c d8 6a 
TLAST : 	0 0 0 0 0 0 0 0 0 0 0 0 0 0 0 0 
Cipher:		91 19 b8 ea 48 1c ab 35 82 27 43 68 de 16 fc f9 

 ------ BLOCK 379 -------
Plaintext:	33 dd 56 ee 17 a6 1a 13 32 23 a7 73 65 1c d2 41 
TLAST : 	0 0 0 0 0 0 0 0 0 0 0 0 0 0 0 0 
Cipher:		1a fe 92 29 1d 80 84 23 0f 17 72 b2 76 0b 96 c7 

 ------ BLOCK 380 -------
Plaintext:	c4 74 15 74 a7 a6 c1 a3 73 28 17 76 73 bc 3f e1 
TLAST : 	0 0 0 0 0 0 0 0 0 0 0 0 0 0 0 0 
Cipher:		0c 58 be 33 ee 60 49 3b a0 f9 b9 e8 86 8a 3a 1d 

 ------ BLOCK 381 -------
Plaintext:	36 c5 74 14 f7 90 ac b1 02 2e f6 12 83 6e 31 e6 
TLAST : 	0 0 0 0 0 0 0 0 0 0 0 0 0 0 0 0 
Cipher:		08 1d e4 06 92 9b 29 41 31 b3 ab a5 5c 3e ac 86 

 ------ BLOCK 382 -------
Plaintext:	62 c2 17 88 a7 a6 c1 8f 73 27 1a 72 99 92 2c a7 
TLAST : 	0 0 0 0 0 0 0 0 0 0 0 0 0 0 0 0 
Cipher:		c0 68 99 64 9d ab be d3 00 df a3 43 f8 90 af cf 

 ------ BLOCK 383 -------
Plaintext:	3f 03 bb 6b e1 0f a0 02 61 2c 86 25 86 34 21 a1 
TLAST : 	0 0 0 0 0 0 0 0 0 0 0 0 0 0 0 0 
Cipher:		50 d9 79 53 dc 73 5c c8 2b d8 69 86 7b a2 3d 71 

 ------ BLOCK 384 -------
Plaintext:	04 b4 56 ee 17 a6 6a be 53 28 a7 73 d6 7c d8 6a 
TLAST : 	0 0 0 0 0 0 0 0 0 0 0 0 0 0 0 0 
Cipher:		91 19 b8 ea 48 1c ab 35 82 27 43 68 de 16 fc f9 

 ------ BLOCK 385 -------
Plaintext:	33 dd 56 ee 17 a6 1a 13 32 23 a7 73 65 1c d2 41 
TLAST : 	0 0 0 0 0 0 0 0 0 0 0 0 0 0 0 0 
Cipher:		1a fe 92 29 1d 80 84 23 0f 17 72 b2 76 0b 96 c7 

 ------ BLOCK 386 -------
Plaintext:	c4 74 15 74 a7 a6 c1 a3 73 28 17 76 73 bc 3f e1 
TLAST : 	0 0 0 0 0 0 0 0 0 0 0 0 0 0 0 0 
Cipher:		0c 58 be 33 ee 60 49 3b a0 f9 b9 e8 86 8a 3a 1d 

 ------ BLOCK 387 -------
Plaintext:	36 c5 74 14 f7 90 ac b1 02 2e f6 12 83 6e 31 e6 
TLAST : 	0 0 0 0 0 0 0 0 0 0 0 0 0 0 0 0 
Cipher:		08 1d e4 06 92 9b 29 41 31 b3 ab a5 5c 3e ac 86 

 ------ BLOCK 388 -------
Plaintext:	62 c2 17 88 a7 a6 c1 8f 73 27 1a 72 99 92 2c a7 
TLAST : 	0 0 0 0 0 0 0 0 0 0 0 0 0 0 0 0 
Cipher:		c0 68 99 64 9d ab be d3 00 df a3 43 f8 90 af cf 

 ------ BLOCK 389 -------
Plaintext:	3f 03 bb 6b e1 0f a0 02 61 2c 86 25 86 34 21 a1 
TLAST : 	0 0 0 0 0 0 0 0 0 0 0 0 0 0 0 0 
Cipher:		50 d9 79 53 dc 73 5c c8 2b d8 69 86 7b a2 3d 71 

 ------ BLOCK 390 -------
Plaintext:	04 b4 56 ee 17 a6 6a be 53 28 a7 73 d6 7c d8 6a 
TLAST : 	0 0 0 0 0 0 0 0 0 0 0 0 0 0 0 0 
Cipher:		91 19 b8 ea 48 1c ab 35 82 27 43 68 de 16 fc f9 

 ------ BLOCK 391 -------
Plaintext:	33 dd 56 ee 17 a6 1a 13 32 23 a7 73 65 1c d2 41 
TLAST : 	0 0 0 0 0 0 0 0 0 0 0 0 0 0 0 0 
Cipher:		1a fe 92 29 1d 80 84 23 0f 17 72 b2 76 0b 96 c7 

 ------ BLOCK 392 -------
Plaintext:	c4 74 15 74 a7 a6 c1 a3 73 28 17 76 73 bc 3f e1 
TLAST : 	0 0 0 0 0 0 0 0 0 0 0 0 0 0 0 0 
Cipher:		0c 58 be 33 ee 60 49 3b a0 f9 b9 e8 86 8a 3a 1d 

 ------ BLOCK 393 -------
Plaintext:	36 c5 74 14 f7 90 ac b1 02 2e f6 12 83 6e 31 e6 
TLAST : 	0 0 0 0 0 0 0 0 0 0 0 0 0 0 0 0 
Cipher:		08 1d e4 06 92 9b 29 41 31 b3 ab a5 5c 3e ac 86 

 ------ BLOCK 394 -------
Plaintext:	62 c2 17 88 a7 a6 c1 8f 73 27 1a 72 99 92 2c a7 
TLAST : 	0 0 0 0 0 0 0 0 0 0 0 0 0 0 0 0 
Cipher:		c0 68 99 64 9d ab be d3 00 df a3 43 f8 90 af cf 

 ------ BLOCK 395 -------
Plaintext:	3f 03 bb 6b e1 0f a0 02 61 2c 86 25 86 34 21 a1 
TLAST : 	0 0 0 0 0 0 0 0 0 0 0 0 0 0 0 0 
Cipher:		50 d9 79 53 dc 73 5c c8 2b d8 69 86 7b a2 3d 71 

 ------ BLOCK 396 -------
Plaintext:	04 b4 56 ee 17 a6 6a be 53 28 a7 73 d6 7c d8 6a 
TLAST : 	0 0 0 0 0 0 0 0 0 0 0 0 0 0 0 0 
Cipher:		91 19 b8 ea 48 1c ab 35 82 27 43 68 de 16 fc f9 

 ------ BLOCK 397 -------
Plaintext:	33 dd 56 ee 17 a6 1a 13 32 23 a7 73 65 1c d2 41 
TLAST : 	0 0 0 0 0 0 0 0 0 0 0 0 0 0 0 0 
Cipher:		1a fe 92 29 1d 80 84 23 0f 17 72 b2 76 0b 96 c7 

 ------ BLOCK 398 -------
Plaintext:	c4 74 15 74 a7 a6 c1 a3 73 28 17 76 73 bc 3f e1 
TLAST : 	0 0 0 0 0 0 0 0 0 0 0 0 0 0 0 0 
Cipher:		0c 58 be 33 ee 60 49 3b a0 f9 b9 e8 86 8a 3a 1d 

 ------ BLOCK 399 -------
Plaintext:	36 c5 74 14 f7 90 ac b1 02 2e f6 12 83 6e 31 e6 
TLAST : 	0 0 0 0 0 0 0 0 0 0 0 0 0 0 0 0 
Cipher:		08 1d e4 06 92 9b 29 41 31 b3 ab a5 5c 3e ac 86 

 ------ BLOCK 400 -------
Plaintext:	62 c2 17 88 a7 a6 c1 8f 73 27 1a 72 99 92 2c a7 
TLAST : 	0 0 0 0 0 0 0 0 0 0 0 0 0 0 0 0 
Cipher:		c0 68 99 64 9d ab be d3 00 df a3 43 f8 90 af cf 

 ------ BLOCK 401 -------
Plaintext:	3f 03 bb 6b e1 0f a0 02 61 2c 86 25 86 34 21 a1 
TLAST : 	0 0 0 0 0 0 0 0 0 0 0 0 0 0 0 0 
Cipher:		50 d9 79 53 dc 73 5c c8 2b d8 69 86 7b a2 3d 71 

 ------ BLOCK 402 -------
Plaintext:	04 b4 56 ee 17 a6 6a be 53 28 a7 73 d6 7c d8 6a 
TLAST : 	0 0 0 0 0 0 0 0 0 0 0 0 0 0 0 0 
Cipher:		91 19 b8 ea 48 1c ab 35 82 27 43 68 de 16 fc f9 

 ------ BLOCK 403 -------
Plaintext:	33 dd 56 ee 17 a6 1a 13 32 23 a7 73 65 1c d2 41 
TLAST : 	0 0 0 0 0 0 0 0 0 0 0 0 0 0 0 0 
Cipher:		1a fe 92 29 1d 80 84 23 0f 17 72 b2 76 0b 96 c7 

 ------ BLOCK 404 -------
Plaintext:	c4 74 15 74 a7 a6 c1 a3 73 28 17 76 73 bc 3f e1 
TLAST : 	0 0 0 0 0 0 0 0 0 0 0 0 0 0 0 0 
Cipher:		0c 58 be 33 ee 60 49 3b a0 f9 b9 e8 86 8a 3a 1d 

 ------ BLOCK 405 -------
Plaintext:	36 c5 74 14 f7 90 ac b1 02 2e f6 12 83 6e 31 e6 
TLAST : 	0 0 0 0 0 0 0 0 0 0 0 0 0 0 0 0 
Cipher:		08 1d e4 06 92 9b 29 41 31 b3 ab a5 5c 3e ac 86 

 ------ BLOCK 406 -------
Plaintext:	62 c2 17 88 a7 a6 c1 8f 73 27 1a 72 99 92 2c a7 
TLAST : 	0 0 0 0 0 0 0 0 0 0 0 0 0 0 0 0 
Cipher:		c0 68 99 64 9d ab be d3 00 df a3 43 f8 90 af cf 

 ------ BLOCK 407 -------
Plaintext:	3f 03 bb 6b e1 0f a0 02 61 2c 86 25 86 34 21 a1 
TLAST : 	0 0 0 0 0 0 0 0 0 0 0 0 0 0 0 0 
Cipher:		50 d9 79 53 dc 73 5c c8 2b d8 69 86 7b a2 3d 71 

 ------ BLOCK 408 -------
Plaintext:	04 b4 56 ee 17 a6 6a be 53 28 a7 73 d6 7c d8 6a 
TLAST : 	0 0 0 0 0 0 0 0 0 0 0 0 0 0 0 0 
Cipher:		91 19 b8 ea 48 1c ab 35 82 27 43 68 de 16 fc f9 

 ------ BLOCK 409 -------
Plaintext:	33 dd 56 ee 17 a6 1a 13 32 23 a7 73 65 1c d2 41 
TLAST : 	0 0 0 0 0 0 0 0 0 0 0 0 0 0 0 0 
Cipher:		1a fe 92 29 1d 80 84 23 0f 17 72 b2 76 0b 96 c7 

 ------ BLOCK 410 -------
Plaintext:	c4 74 15 74 a7 a6 c1 a3 73 28 17 76 73 bc 3f e1 
TLAST : 	0 0 0 0 0 0 0 0 0 0 0 0 0 0 0 0 
Cipher:		0c 58 be 33 ee 60 49 3b a0 f9 b9 e8 86 8a 3a 1d 

 ------ BLOCK 411 -------
Plaintext:	36 c5 74 14 f7 90 ac b1 02 2e f6 12 83 6e 31 e6 
TLAST : 	0 0 0 0 0 0 0 0 0 0 0 0 0 0 0 0 
Cipher:		08 1d e4 06 92 9b 29 41 31 b3 ab a5 5c 3e ac 86 

 ------ BLOCK 412 -------
Plaintext:	62 c2 17 88 a7 a6 c1 8f 73 27 1a 72 99 92 2c a7 
TLAST : 	0 0 0 0 0 0 0 0 0 0 0 0 0 0 0 0 
Cipher:		c0 68 99 64 9d ab be d3 00 df a3 43 f8 90 af cf 

 ------ BLOCK 413 -------
Plaintext:	3f 03 bb 6b e1 0f a0 02 61 2c 86 25 86 34 21 a1 
TLAST : 	0 0 0 0 0 0 0 0 0 0 0 0 0 0 0 0 
Cipher:		50 d9 79 53 dc 73 5c c8 2b d8 69 86 7b a2 3d 71 

 ------ BLOCK 414 -------
Plaintext:	04 b4 56 ee 17 a6 6a be 53 28 a7 73 d6 7c d8 6a 
TLAST : 	0 0 0 0 0 0 0 0 0 0 0 0 0 0 0 0 
Cipher:		91 19 b8 ea 48 1c ab 35 82 27 43 68 de 16 fc f9 

 ------ BLOCK 415 -------
Plaintext:	33 dd 56 ee 17 a6 1a 13 32 23 a7 73 65 1c d2 41 
TLAST : 	0 0 0 0 0 0 0 0 0 0 0 0 0 0 0 0 
Cipher:		1a fe 92 29 1d 80 84 23 0f 17 72 b2 76 0b 96 c7 

 ------ BLOCK 416 -------
Plaintext:	c4 74 15 74 a7 a6 c1 a3 73 28 17 76 73 bc 3f e1 
TLAST : 	0 0 0 0 0 0 0 0 0 0 0 0 0 0 0 0 
Cipher:		0c 58 be 33 ee 60 49 3b a0 f9 b9 e8 86 8a 3a 1d 

 ------ BLOCK 417 -------
Plaintext:	36 c5 74 14 f7 90 ac b1 02 2e f6 12 83 6e 31 e6 
TLAST : 	0 0 0 0 0 0 0 0 0 0 0 0 0 0 0 0 
Cipher:		08 1d e4 06 92 9b 29 41 31 b3 ab a5 5c 3e ac 86 

 ------ BLOCK 418 -------
Plaintext:	62 c2 17 88 a7 a6 c1 8f 73 27 1a 72 99 92 2c a7 
TLAST : 	0 0 0 0 0 0 0 0 0 0 0 0 0 0 0 0 
Cipher:		c0 68 99 64 9d ab be d3 00 df a3 43 f8 90 af cf 

 ------ BLOCK 419 -------
Plaintext:	3f 03 bb 6b e1 0f a0 02 61 2c 86 25 86 34 21 a1 
TLAST : 	0 0 0 0 0 0 0 0 0 0 0 0 0 0 0 0 
Cipher:		50 d9 79 53 dc 73 5c c8 2b d8 69 86 7b a2 3d 71 

 ------ BLOCK 420 -------
Plaintext:	04 b4 56 ee 17 a6 6a be 53 28 a7 73 d6 7c d8 6a 
TLAST : 	0 0 0 0 0 0 0 0 0 0 0 0 0 0 0 0 
Cipher:		91 19 b8 ea 48 1c ab 35 82 27 43 68 de 16 fc f9 

 ------ BLOCK 421 -------
Plaintext:	33 dd 56 ee 17 a6 1a 13 32 23 a7 73 65 1c d2 41 
TLAST : 	0 0 0 0 0 0 0 0 0 0 0 0 0 0 0 0 
Cipher:		1a fe 92 29 1d 80 84 23 0f 17 72 b2 76 0b 96 c7 

 ------ BLOCK 422 -------
Plaintext:	c4 74 15 74 a7 a6 c1 a3 73 28 17 76 73 bc 3f e1 
TLAST : 	0 0 0 0 0 0 0 0 0 0 0 0 0 0 0 0 
Cipher:		0c 58 be 33 ee 60 49 3b a0 f9 b9 e8 86 8a 3a 1d 

 ------ BLOCK 423 -------
Plaintext:	36 c5 74 14 f7 90 ac b1 02 2e f6 12 83 6e 31 e6 
TLAST : 	0 0 0 0 0 0 0 0 0 0 0 0 0 0 0 0 
Cipher:		08 1d e4 06 92 9b 29 41 31 b3 ab a5 5c 3e ac 86 

 ------ BLOCK 424 -------
Plaintext:	62 c2 17 88 a7 a6 c1 8f 73 27 1a 72 99 92 2c a7 
TLAST : 	0 0 0 0 0 0 0 0 0 0 0 0 0 0 0 0 
Cipher:		c0 68 99 64 9d ab be d3 00 df a3 43 f8 90 af cf 

 ------ BLOCK 425 -------
Plaintext:	3f 03 bb 6b e1 0f a0 02 61 2c 86 25 86 34 21 a1 
TLAST : 	0 0 0 0 0 0 0 0 0 0 0 0 0 0 0 0 
Cipher:		50 d9 79 53 dc 73 5c c8 2b d8 69 86 7b a2 3d 71 

 ------ BLOCK 426 -------
Plaintext:	04 b4 56 ee 17 a6 6a be 53 28 a7 73 d6 7c d8 6a 
TLAST : 	0 0 0 0 0 0 0 0 0 0 0 0 0 0 0 0 
Cipher:		91 19 b8 ea 48 1c ab 35 82 27 43 68 de 16 fc f9 

 ------ BLOCK 427 -------
Plaintext:	33 dd 56 ee 17 a6 1a 13 32 23 a7 73 65 1c d2 41 
TLAST : 	0 0 0 0 0 0 0 0 0 0 0 0 0 0 0 0 
Cipher:		1a fe 92 29 1d 80 84 23 0f 17 72 b2 76 0b 96 c7 

 ------ BLOCK 428 -------
Plaintext:	c4 74 15 74 a7 a6 c1 a3 73 28 17 76 73 bc 3f e1 
TLAST : 	0 0 0 0 0 0 0 0 0 0 0 0 0 0 0 0 
Cipher:		0c 58 be 33 ee 60 49 3b a0 f9 b9 e8 86 8a 3a 1d 

 ------ BLOCK 429 -------
Plaintext:	36 c5 74 14 f7 90 ac b1 02 2e f6 12 83 6e 31 e6 
TLAST : 	0 0 0 0 0 0 0 0 0 0 0 0 0 0 0 0 
Cipher:		08 1d e4 06 92 9b 29 41 31 b3 ab a5 5c 3e ac 86 

 ------ BLOCK 430 -------
Plaintext:	62 c2 17 88 a7 a6 c1 8f 73 27 1a 72 99 92 2c a7 
TLAST : 	0 0 0 0 0 0 0 0 0 0 0 0 0 0 0 0 
Cipher:		c0 68 99 64 9d ab be d3 00 df a3 43 f8 90 af cf 

 ------ BLOCK 431 -------
Plaintext:	3f 03 bb 6b e1 0f a0 02 61 2c 86 25 86 34 21 a1 
TLAST : 	0 0 0 0 0 0 0 0 0 0 0 0 0 0 0 0 
Cipher:		50 d9 79 53 dc 73 5c c8 2b d8 69 86 7b a2 3d 71 

 ------ BLOCK 432 -------
Plaintext:	04 b4 56 ee 17 a6 6a be 53 28 a7 73 d6 7c d8 6a 
TLAST : 	0 0 0 0 0 0 0 0 0 0 0 0 0 0 0 0 
Cipher:		91 19 b8 ea 48 1c ab 35 82 27 43 68 de 16 fc f9 

 ------ BLOCK 433 -------
Plaintext:	33 dd 56 ee 17 a6 1a 13 32 23 a7 73 65 1c d2 41 
TLAST : 	0 0 0 0 0 0 0 0 0 0 0 0 0 0 0 0 
Cipher:		1a fe 92 29 1d 80 84 23 0f 17 72 b2 76 0b 96 c7 

 ------ BLOCK 434 -------
Plaintext:	c4 74 15 74 a7 a6 c1 a3 73 28 17 76 73 bc 3f e1 
TLAST : 	0 0 0 0 0 0 0 0 0 0 0 0 0 0 0 0 
Cipher:		0c 58 be 33 ee 60 49 3b a0 f9 b9 e8 86 8a 3a 1d 

 ------ BLOCK 435 -------
Plaintext:	36 c5 74 14 f7 90 ac b1 02 2e f6 12 83 6e 31 e6 
TLAST : 	0 0 0 0 0 0 0 0 0 0 0 0 0 0 0 0 
Cipher:		08 1d e4 06 92 9b 29 41 31 b3 ab a5 5c 3e ac 86 

 ------ BLOCK 436 -------
Plaintext:	62 c2 17 88 a7 a6 c1 8f 73 27 1a 72 99 92 2c a7 
TLAST : 	0 0 0 0 0 0 0 0 0 0 0 0 0 0 0 0 
Cipher:		c0 68 99 64 9d ab be d3 00 df a3 43 f8 90 af cf 

 ------ BLOCK 437 -------
Plaintext:	3f 03 bb 6b e1 0f a0 02 61 2c 86 25 86 34 21 a1 
TLAST : 	0 0 0 0 0 0 0 0 0 0 0 0 0 0 0 0 
Cipher:		50 d9 79 53 dc 73 5c c8 2b d8 69 86 7b a2 3d 71 

 ------ BLOCK 438 -------
Plaintext:	04 b4 56 ee 17 a6 6a be 53 28 a7 73 d6 7c d8 6a 
TLAST : 	0 0 0 0 0 0 0 0 0 0 0 0 0 0 0 0 
Cipher:		91 19 b8 ea 48 1c ab 35 82 27 43 68 de 16 fc f9 

 ------ BLOCK 439 -------
Plaintext:	33 dd 56 ee 17 a6 1a 13 32 23 a7 73 65 1c d2 41 
TLAST : 	0 0 0 0 0 0 0 0 0 0 0 0 0 0 0 0 
Cipher:		1a fe 92 29 1d 80 84 23 0f 17 72 b2 76 0b 96 c7 

 ------ BLOCK 440 -------
Plaintext:	c4 74 15 74 a7 a6 c1 a3 73 28 17 76 73 bc 3f e1 
TLAST : 	0 0 0 0 0 0 0 0 0 0 0 0 0 0 0 0 
Cipher:		0c 58 be 33 ee 60 49 3b a0 f9 b9 e8 86 8a 3a 1d 

 ------ BLOCK 441 -------
Plaintext:	36 c5 74 14 f7 90 ac b1 02 2e f6 12 83 6e 31 e6 
TLAST : 	0 0 0 0 0 0 0 0 0 0 0 0 0 0 0 0 
Cipher:		08 1d e4 06 92 9b 29 41 31 b3 ab a5 5c 3e ac 86 

 ------ BLOCK 442 -------
Plaintext:	62 c2 17 88 a7 a6 c1 8f 73 27 1a 72 99 92 2c a7 
TLAST : 	0 0 0 0 0 0 0 0 0 0 0 0 0 0 0 0 
Cipher:		c0 68 99 64 9d ab be d3 00 df a3 43 f8 90 af cf 

 ------ BLOCK 443 -------
Plaintext:	3f 03 bb 6b e1 0f a0 02 61 2c 86 25 86 34 21 a1 
TLAST : 	0 0 0 0 0 0 0 0 0 0 0 0 0 0 0 0 
Cipher:		50 d9 79 53 dc 73 5c c8 2b d8 69 86 7b a2 3d 71 

 ------ BLOCK 444 -------
Plaintext:	04 b4 56 ee 17 a6 6a be 53 28 a7 73 d6 7c d8 6a 
TLAST : 	0 0 0 0 0 0 0 0 0 0 0 0 0 0 0 0 
Cipher:		91 19 b8 ea 48 1c ab 35 82 27 43 68 de 16 fc f9 

 ------ BLOCK 445 -------
Plaintext:	33 dd 56 ee 17 a6 1a 13 32 23 a7 73 65 1c d2 41 
TLAST : 	0 0 0 0 0 0 0 0 0 0 0 0 0 0 0 0 
Cipher:		1a fe 92 29 1d 80 84 23 0f 17 72 b2 76 0b 96 c7 

 ------ BLOCK 446 -------
Plaintext:	c4 74 15 74 a7 a6 c1 a3 73 28 17 76 73 bc 3f e1 
TLAST : 	0 0 0 0 0 0 0 0 0 0 0 0 0 0 0 0 
Cipher:		0c 58 be 33 ee 60 49 3b a0 f9 b9 e8 86 8a 3a 1d 

 ------ BLOCK 447 -------
Plaintext:	36 c5 74 14 f7 90 ac b1 02 2e f6 12 83 6e 31 e6 
TLAST : 	0 0 0 0 0 0 0 0 0 0 0 0 0 0 0 0 
Cipher:		08 1d e4 06 92 9b 29 41 31 b3 ab a5 5c 3e ac 86 

 ------ BLOCK 448 -------
Plaintext:	62 c2 17 88 a7 a6 c1 8f 73 27 1a 72 99 92 2c a7 
TLAST : 	0 0 0 0 0 0 0 0 0 0 0 0 0 0 0 0 
Cipher:		c0 68 99 64 9d ab be d3 00 df a3 43 f8 90 af cf 

 ------ BLOCK 449 -------
Plaintext:	3f 03 bb 6b e1 0f a0 02 61 2c 86 25 86 34 21 a1 
TLAST : 	0 0 0 0 0 0 0 0 0 0 0 0 0 0 0 1 
Cipher:		50 d9 79 53 dc 73 5c c8 2b d8 69 86 7b a2 3d 71 

INFO: [SIM 1] CSim done with 0 errors.
