

================================================================
== Vivado HLS Report for 'AES_encryption_aes_cipher'
================================================================
* Date:           Fri Feb 09 10:21:18 2024

* Version:        2016.2 (Build 1577090 on Thu Jun 02 16:59:10 MDT 2016)
* Project:        AES_Encryption
* Solution:       solution1
* Product family: zynq
* Target device:  xc7z020clg400-1


================================================================
== Performance Estimates
================================================================
+ Timing (ns): 
    * Summary: 
    +--------+-------+----------+------------+
    |  Clock | Target| Estimated| Uncertainty|
    +--------+-------+----------+------------+
    |ap_clk  |  10.00|      6.47|        1.25|
    +--------+-------+----------+------------+

+ Latency (clock cycles): 
    * Summary: 
    +------+------+------+------+---------+
    |   Latency   |   Interval  | Pipeline|
    |  min |  max |  min |  max |   Type  |
    +------+------+------+------+---------+
    |  2111|  2651|  2111|  2651|   none  |
    +------+------+------+------+---------+

    + Detail: 
        * Instance: 
        +-----------------------------------------+------------------------------+-----+-----+-----+-----+---------+
        |                                         |                              |  Latency  |  Interval | Pipeline|
        |                 Instance                |            Module            | min | max | min | max |   Type  |
        +-----------------------------------------+------------------------------+-----+-----+-----+-----+---------+
        |grp_AES_encryption_mix_columns_fu_237    |AES_encryption_mix_columns    |  101|  101|  101|  101|   none  |
        |grp_AES_encryption_add_round_key_fu_242  |AES_encryption_add_round_key  |   17|   17|   17|   17|   none  |
        |grp_AES_encryption_shift_rows_fu_252     |AES_encryption_shift_rows     |   34|   88|   34|   88|   none  |
        |grp_AES_encryption_sub_bytes_fu_257      |AES_encryption_sub_bytes      |   57|   57|   57|   57|   none  |
        +-----------------------------------------+------------------------------+-----+-----+-----+-----+---------+

        * Loop: 
        +----------+------+------+-----------+-----------+-----------+------+----------+
        |          |   Latency   | Iteration |  Initiation Interval  | Trip |          |
        | Loop Name|  min |  max |  Latency  |  achieved |   target  | Count| Pipelined|
        +----------+------+------+-----------+-----------+-----------+------+----------+
        |- Loop 1  |    12|    12|          3|          -|          -|     4|    no    |
        |- Loop 2  |  1953|  2439| 217 ~ 271 |          -|          -|     9|    no    |
        |- Loop 3  |    12|    12|          3|          -|          -|     4|    no    |
        +----------+------+------+-----------+-----------+-----------+------+----------+



================================================================
== Utilization Estimates
================================================================
* Summary: 
+-----------------+---------+-------+--------+-------+
|       Name      | BRAM_18K| DSP48E|   FF   |  LUT  |
+-----------------+---------+-------+--------+-------+
|DSP              |        -|      -|       -|      -|
|Expression       |        -|      -|       0|     72|
|FIFO             |        -|      -|       -|      -|
|Instance         |        1|      -|     662|   1271|
|Memory           |        1|      -|       0|      0|
|Multiplexer      |        -|      -|       -|     82|
|Register         |        -|      -|      59|      -|
+-----------------+---------+-------+--------+-------+
|Total            |        2|      0|     721|   1425|
+-----------------+---------+-------+--------+-------+
|Available        |      280|    220|  106400|  53200|
+-----------------+---------+-------+--------+-------+
|Utilization (%)  |    ~0   |      0|   ~0   |      2|
+-----------------+---------+-------+--------+-------+

+ Detail: 
    * Instance: 
    +-----------------------------------------+------------------------------+---------+-------+-----+------+
    |                 Instance                |            Module            | BRAM_18K| DSP48E|  FF |  LUT |
    +-----------------------------------------+------------------------------+---------+-------+-----+------+
    |grp_AES_encryption_add_round_key_fu_242  |AES_encryption_add_round_key  |        0|      0|   41|    96|
    |grp_AES_encryption_mix_columns_fu_237    |AES_encryption_mix_columns    |        0|      0|  558|  1102|
    |grp_AES_encryption_shift_rows_fu_252     |AES_encryption_shift_rows     |        0|      0|   40|    48|
    |grp_AES_encryption_sub_bytes_fu_257      |AES_encryption_sub_bytes      |        1|      0|   23|    25|
    +-----------------------------------------+------------------------------+---------+-------+-----+------+
    |Total                                    |                              |        1|      0|  662|  1271|
    +-----------------------------------------+------------------------------+---------+-------+-----+------+

    * DSP48: 
    N/A

    * Memory: 
    +---------+---------------------------------+---------+---+----+------+-----+------+-------------+
    |  Memory |              Module             | BRAM_18K| FF| LUT| Words| Bits| Banks| W*Bits*Banks|
    +---------+---------------------------------+---------+---+----+------+-----+------+-------------+
    |state_U  |AES_encryption_aes_cipher_state  |        1|  0|   0|    16|    8|     1|          128|
    +---------+---------------------------------+---------+---+----+------+-----+------+-------------+
    |Total    |                                 |        1|  0|   0|    16|    8|     1|          128|
    +---------+---------------------------------+---------+---+----+------+-----+------+-------------+

    * FIFO: 
    N/A

    * Expression: 
    +---------------------+----------+-------+---+----+------------+------------+
    |    Variable Name    | Operation| DSP48E| FF| LUT| Bitwidth P0| Bitwidth P1|
    +---------------------+----------+-------+---+----+------------+------------+
    |i_7_fu_270_p2        |     +    |      0|  0|   3|           3|           1|
    |i_8_fu_384_p2        |     +    |      0|  0|   3|           3|           1|
    |r_1_fu_372_p2        |     +    |      0|  0|   4|           4|           1|
    |exitcond1_fu_378_p2  |   icmp   |      0|  0|   2|           3|           4|
    |exitcond2_fu_361_p2  |   icmp   |      0|  0|   2|           4|           4|
    |exitcond4_fu_264_p2  |   icmp   |      0|  0|   2|           3|           4|
    |tmp_100_1_fu_341_p2  |    or    |      0|  0|   7|           4|           2|
    |tmp_100_2_fu_351_p2  |    or    |      0|  0|   7|           4|           2|
    |tmp_100_s_fu_309_p2  |    or    |      0|  0|   7|           4|           1|
    |tmp_105_1_fu_434_p2  |    or    |      0|  0|   7|           4|           2|
    |tmp_105_2_fu_444_p2  |    or    |      0|  0|   7|           4|           2|
    |tmp_105_s_fu_407_p2  |    or    |      0|  0|   7|           4|           1|
    |tmp_108_1_fu_423_p2  |    xor   |      0|  0|   7|           3|           4|
    |tmp_98_1_fu_281_p2   |    xor   |      0|  0|   7|           3|           4|
    +---------------------+----------+-------+---+----+------------+------------+
    |Total                |          |      0|  0|  72|          50|          33|
    +---------------------+----------+-------+---+----+------------+------------+

    * Multiplexer: 
    +-------------------------------------------+----+-----------+-----+-----------+
    |                    Name                   | LUT| Input Size| Bits| Total Bits|
    +-------------------------------------------+----+-----------+-----+-----------+
    |ap_NS_fsm                                  |  18|         22|    1|         22|
    |grp_AES_encryption_add_round_key_fu_242_r  |   6|          4|    6|         24|
    |i_1_reg_225                                |   3|          2|    3|          6|
    |i_reg_201                                  |   3|          2|    3|          6|
    |in_r_address0                              |   4|          3|    4|         12|
    |in_r_address1                              |   4|          3|    4|         12|
    |out_r_address0                             |   4|          3|    4|         12|
    |out_r_address1                             |   4|          3|    4|         12|
    |r_reg_213                                  |   4|          2|    4|          8|
    |state_address0                             |   8|          9|    4|         36|
    |state_address1                             |   4|          6|    4|         24|
    |state_ce0                                  |   1|          6|    1|          6|
    |state_ce1                                  |   1|          3|    1|          3|
    |state_d0                                   |   8|          6|    8|         48|
    |state_d1                                   |   8|          3|    8|         24|
    |state_we0                                  |   1|          6|    1|          6|
    |state_we1                                  |   1|          3|    1|          3|
    +-------------------------------------------+----+-----------+-----+-----------+
    |Total                                      |  82|         86|   61|        264|
    +-------------------------------------------+----+-----------+-----+-----------+

    * Register: 
    +---------------------------------------------------------+----+----+-----+-----------+
    |                           Name                          | FF | LUT| Bits| Const Bits|
    +---------------------------------------------------------+----+----+-----+-----------+
    |ap_CS_fsm                                                |  21|   0|   21|          0|
    |ap_reg_grp_AES_encryption_add_round_key_fu_242_ap_start  |   1|   0|    1|          0|
    |ap_reg_grp_AES_encryption_mix_columns_fu_237_ap_start    |   1|   0|    1|          0|
    |ap_reg_grp_AES_encryption_shift_rows_fu_252_ap_start     |   1|   0|    1|          0|
    |ap_reg_grp_AES_encryption_sub_bytes_fu_257_ap_start      |   1|   0|    1|          0|
    |i_1_reg_225                                              |   3|   0|    3|          0|
    |i_7_reg_478                                              |   3|   0|    3|          0|
    |i_8_reg_530                                              |   3|   0|    3|          0|
    |i_reg_201                                                |   3|   0|    3|          0|
    |r_1_reg_522                                              |   4|   0|    4|          0|
    |r_cast3_cast_reg_517                                     |   4|   0|    6|          2|
    |r_reg_213                                                |   4|   0|    4|          0|
    |tmp_108_1_reg_551                                        |   3|   0|    3|          0|
    |tmp_33_reg_535                                           |   2|   0|    4|          2|
    |tmp_98_1_reg_488                                         |   3|   0|    3|          0|
    |tmp_s_reg_498                                            |   2|   0|    4|          2|
    +---------------------------------------------------------+----+----+-----+-----------+
    |Total                                                    |  59|   0|   65|          6|
    +---------------------------------------------------------+----+----+-----+-----------+



================================================================
== Interface
================================================================
* Summary: 
+----------------+-----+-----+------------+---------------------------+--------------+
|    RTL Ports   | Dir | Bits|  Protocol  |       Source Object       |    C Type    |
+----------------+-----+-----+------------+---------------------------+--------------+
|ap_clk          |  in |    1| ap_ctrl_hs | AES_encryption_aes_cipher | return value |
|ap_rst          |  in |    1| ap_ctrl_hs | AES_encryption_aes_cipher | return value |
|ap_start        |  in |    1| ap_ctrl_hs | AES_encryption_aes_cipher | return value |
|ap_done         | out |    1| ap_ctrl_hs | AES_encryption_aes_cipher | return value |
|ap_idle         | out |    1| ap_ctrl_hs | AES_encryption_aes_cipher | return value |
|ap_ready        | out |    1| ap_ctrl_hs | AES_encryption_aes_cipher | return value |
|in_r_address0   | out |    4|  ap_memory |            in_r           |     array    |
|in_r_ce0        | out |    1|  ap_memory |            in_r           |     array    |
|in_r_q0         |  in |    8|  ap_memory |            in_r           |     array    |
|in_r_address1   | out |    4|  ap_memory |            in_r           |     array    |
|in_r_ce1        | out |    1|  ap_memory |            in_r           |     array    |
|in_r_q1         |  in |    8|  ap_memory |            in_r           |     array    |
|out_r_address0  | out |    4|  ap_memory |           out_r           |     array    |
|out_r_ce0       | out |    1|  ap_memory |           out_r           |     array    |
|out_r_we0       | out |    1|  ap_memory |           out_r           |     array    |
|out_r_d0        | out |    8|  ap_memory |           out_r           |     array    |
|out_r_address1  | out |    4|  ap_memory |           out_r           |     array    |
|out_r_ce1       | out |    1|  ap_memory |           out_r           |     array    |
|out_r_we1       | out |    1|  ap_memory |           out_r           |     array    |
|out_r_d1        | out |    8|  ap_memory |           out_r           |     array    |
|w_address0      | out |    8|  ap_memory |             w             |     array    |
|w_ce0           | out |    1|  ap_memory |             w             |     array    |
|w_q0            |  in |    8|  ap_memory |             w             |     array    |
|w_address1      | out |    8|  ap_memory |             w             |     array    |
|w_ce1           | out |    1|  ap_memory |             w             |     array    |
|w_q1            |  in |    8|  ap_memory |             w             |     array    |
+----------------+-----+-----+------------+---------------------------+--------------+

