

================================================================
== Vivado HLS Report for 'single_block_AES_encrypt_aes_key_expansion'
================================================================
* Date:           Thu Feb 08 10:04:02 2024

* Version:        2016.2 (Build 1577090 on Thu Jun 02 16:59:10 MDT 2016)
* Project:        AES_Encryption
* Solution:       solution1
* Product family: zynq
* Target device:  xc7z020clg400-1


================================================================
== Performance Estimates
================================================================
+ Timing (ns): 
    * Summary: 
    +--------+-------+----------+------------+
    |  Clock | Target| Estimated| Uncertainty|
    +--------+-------+----------+------------+
    |ap_clk  |  10.00|      5.33|        1.25|
    +--------+-------+----------+------------+

+ Latency (clock cycles): 
    * Summary: 
    +-----+-----+-----+-----+---------+
    |  Latency  |  Interval | Pipeline|
    | min | max | min | max |   Type  |
    +-----+-----+-----+-----+---------+
    |    ?|    ?|    ?|    ?|   none  |
    +-----+-----+-----+-----+---------+

    + Detail: 
        * Instance: 
        N/A

        * Loop: 
        +-------------+-----+-----+----------+-----------+-----------+------+----------+
        |             |  Latency  | Iteration|  Initiation Interval  | Trip |          |
        |  Loop Name  | min | max |  Latency |  achieved |   target  | Count| Pipelined|
        +-------------+-----+-----+----------+-----------+-----------+------+----------+
        |- Loop 1     |    ?|    ?|         ?|          -|          -|    40|    no    |
        | + Loop 1.1  |    3|    3|         1|          -|          -|     3|    no    |
        | + Loop 1.2  |    8|    8|         2|          -|          -|     4|    no    |
        | + Loop 1.3  |    ?|    ?|         1|          -|          -|     ?|    no    |
        +-------------+-----+-----+----------+-----------+-----------+------+----------+



================================================================
== Utilization Estimates
================================================================
* Summary: 
+-----------------+---------+-------+--------+-------+
|       Name      | BRAM_18K| DSP48E|   FF   |  LUT  |
+-----------------+---------+-------+--------+-------+
|DSP              |        -|      -|       -|      -|
|Expression       |        -|      -|       0|    329|
|FIFO             |        -|      -|       -|      -|
|Instance         |        -|      -|       0|      8|
|Memory           |        1|      -|      16|      1|
|Multiplexer      |        -|      -|       -|    218|
|Register         |        -|      -|     228|      -|
+-----------------+---------+-------+--------+-------+
|Total            |        1|      0|     244|    556|
+-----------------+---------+-------+--------+-------+
|Available        |      280|    220|  106400|  53200|
+-----------------+---------+-------+--------+-------+
|Utilization (%)  |    ~0   |      0|   ~0   |      1|
+-----------------+---------+-------+--------+-------+

+ Detail: 
    * Instance: 
    +-----------------------------------------------+--------------------------------------------+---------+-------+---+----+
    |                    Instance                   |                   Module                   | BRAM_18K| DSP48E| FF| LUT|
    +-----------------------------------------------+--------------------------------------------+---------+-------+---+----+
    |single_block_AES_encrypt_mux_4to1_sel2_8_1_U0  |single_block_AES_encrypt_mux_4to1_sel2_8_1  |        0|      0|  0|   8|
    +-----------------------------------------------+--------------------------------------------+---------+-------+---+----+
    |Total                                          |                                            |        0|      0|  0|   8|
    +-----------------------------------------------+--------------------------------------------+---------+-------+---+----+

    * DSP48: 
    N/A

    * Memory: 
    +---------+--------------------------------------------------+---------+----+----+------+-----+------+-------------+
    |  Memory |                      Module                      | BRAM_18K| FF | LUT| Words| Bits| Banks| W*Bits*Banks|
    +---------+--------------------------------------------------+---------+----+----+------+-----+------+-------------+
    |R_U      |single_block_AES_encrypt_aes_key_expansion_R      |        0|  16|   1|     4|    8|     1|           32|
    |s_box_U  |single_block_AES_encrypt_aes_key_expansion_s_box  |        1|   0|   0|   256|    8|     1|         2048|
    +---------+--------------------------------------------------+---------+----+----+------+-----+------+-------------+
    |Total    |                                                  |        1|  16|   1|   260|   16|     2|         2080|
    +---------+--------------------------------------------------+---------+----+----+------+-----+------+-------------+

    * FIFO: 
    N/A

    * Expression: 
    +-----------------------------+----------+-------+---+----+------------+------------+
    |        Variable Name        | Operation| DSP48E| FF| LUT| Bitwidth P0| Bitwidth P1|
    +-----------------------------+----------+-------+---+----+------------+------------+
    |i_2_fu_779_p2                |     +    |      0|  0|   3|           3|           1|
    |i_3_fu_687_p2                |     +    |      0|  0|   2|           2|           1|
    |i_assign_1_fu_921_p2         |     +    |      0|  0|   8|           8|           2|
    |i_fu_1015_p2                 |     +    |      0|  0|   6|           6|           1|
    |tmp_11_fu_629_p2             |     +    |      0|  0|   8|           4|           8|
    |tmp_13_fu_640_p2             |     +    |      0|  0|   8|           3|           8|
    |tmp_15_fu_651_p2             |     +    |      0|  0|   8|           3|           8|
    |tmp_17_fu_661_p2             |     +    |      0|  0|   8|           2|           8|
    |tmp_21_fu_995_p2             |     +    |      0|  0|   8|           8|           6|
    |tmp_26_fu_1005_p2            |     +    |      0|  0|   8|           8|           5|
    |tmp_31_fu_1033_p2            |     +    |      0|  0|   8|           8|           5|
    |tmp_36_fu_1043_p2            |     +    |      0|  0|   8|           8|           5|
    |exitcond_fu_615_p2           |   icmp   |      0|  0|   3|           6|           6|
    |exitcond_i1_fu_681_p2        |   icmp   |      0|  0|   1|           2|           2|
    |exitcond_i_fu_773_p2         |   icmp   |      0|  0|   2|           3|           4|
    |icmp9_fu_937_p2              |   icmp   |      0|  0|   3|           7|           1|
    |icmp_fu_838_p2               |   icmp   |      0|  0|   2|           3|           1|
    |sel_tmp1_fu_854_p2           |   icmp   |      0|  0|   1|           2|           1|
    |sel_tmp2_i_fu_706_p2         |   icmp   |      0|  0|   1|           2|           1|
    |sel_tmp8_fu_849_p2           |   icmp   |      0|  0|   1|           2|           1|
    |sel_tmp_fu_844_p2            |   icmp   |      0|  0|   2|           2|           3|
    |sel_tmp_i_fu_693_p2          |   icmp   |      0|  0|   1|           2|           1|
    |tmp_19_fu_675_p2             |   icmp   |      0|  0|   1|           2|           1|
    |tmp_20_fu_822_p2             |   icmp   |      0|  0|   2|           4|           1|
    |or_cond_fu_859_p2            |    or    |      0|  0|   1|           1|           1|
    |tmp_29_fu_1057_p2            |    or    |      0|  0|   8|           8|           1|
    |tmp_34_fu_1079_p2            |    or    |      0|  0|   8|           8|           2|
    |tmp_39_fu_1089_p2            |    or    |      0|  0|   8|           8|           2|
    |write_flag_1_i_fu_720_p2     |    or    |      0|  0|   1|           1|           1|
    |a_assign_2_i_fu_963_p3       |  select  |      0|  0|   8|           1|           8|
    |newSel2_fu_881_p3            |  select  |      0|  0|   8|           1|           8|
    |newSel_fu_865_p3             |  select  |      0|  0|   8|           1|           8|
    |tmp_0_1_fu_766_p3            |  select  |      0|  0|   8|           1|           8|
    |tmp_3_4_fu_889_p3            |  select  |      0|  0|   8|           1|           8|
    |tmp_3_5_fu_897_p3            |  select  |      0|  0|   8|           1|           8|
    |tmp_3_7_fu_905_p3            |  select  |      0|  0|   8|           1|           8|
    |tmp_3_8_fu_913_p3            |  select  |      0|  0|   8|           1|           8|
    |tmp_3_fu_873_p3              |  select  |      0|  0|   8|           1|           8|
    |w_3_read_assign_1_fu_712_p3  |  select  |      0|  0|   8|           1|           8|
    |w_3_read_assign_3_fu_726_p3  |  select  |      0|  0|   8|           1|           8|
    |w_3_read_assign_4_fu_734_p3  |  select  |      0|  0|   8|           1|           8|
    |w_3_read_assign_5_fu_742_p3  |  select  |      0|  0|   8|           1|           8|
    |w_3_read_assign_6_fu_750_p3  |  select  |      0|  0|   8|           1|           8|
    |w_3_read_assign_7_fu_758_p3  |  select  |      0|  0|   8|           1|           8|
    |w_3_read_assign_fu_699_p3    |  select  |      0|  0|   8|           1|           8|
    |a_assign_1_i_fu_957_p2       |    xor   |      0|  0|   8|           8|           5|
    |tmp_0_fu_983_p2              |    xor   |      0|  0|   8|           8|           8|
    |tmp_1_3_fu_971_p2            |    xor   |      0|  0|   8|           8|           8|
    |tmp_24_fu_1021_p2            |    xor   |      0|  0|   8|           8|           8|
    |tmp_28_fu_1027_p2            |    xor   |      0|  0|   8|           8|           8|
    |tmp_2_3_fu_977_p2            |    xor   |      0|  0|   8|           8|           8|
    |tmp_33_fu_1067_p2            |    xor   |      0|  0|   8|           8|           8|
    |tmp_38_fu_1073_p2            |    xor   |      0|  0|   8|           8|           8|
    |tmp_3_9_fu_989_p2            |    xor   |      0|  0|   8|           8|           8|
    +-----------------------------+----------+-------+---+----+------------+------------+
    |Total                        |          |      0|  0| 329|         214|         285|
    +-----------------------------+----------+-------+---+----+------------+------------+

    * Multiplexer: 
    +-------------------------+----+-----------+-----+-----------+
    |           Name          | LUT| Input Size| Bits| Total Bits|
    +-------------------------+----+-----------+-----+-----------+
    |R_address0               |   2|          4|    2|          8|
    |R_address1               |   2|          3|    2|          6|
    |R_d0                     |   8|          3|    8|         24|
    |a_2_read_assign_reg_515  |   8|          2|    8|         16|
    |a_3_read_assign_reg_505  |   8|          2|    8|         16|
    |a_assign_reg_558         |   8|          2|    8|         16|
    |ap_NS_fsm                |  18|         22|    1|         22|
    |i_1_reg_440              |   6|          2|    6|         12|
    |i_i1_reg_494             |   2|          2|    2|          4|
    |i_i_reg_547              |   3|          2|    3|          6|
    |p_0_in_i_reg_570         |   8|          2|    8|         16|
    |tmp_0_s_reg_588          |   8|          2|    8|         16|
    |tmp_1_1_reg_484          |   8|          2|    8|         16|
    |tmp_1_s_reg_579          |   8|          2|    8|         16|
    |tmp_2_1_reg_474          |   8|          2|    8|         16|
    |tmp_2_3_2_reg_606        |   8|          2|    8|         16|
    |tmp_3_3_reg_526          |   8|          2|    8|         16|
    |tmp_3_6_reg_537          |   8|          2|    8|         16|
    |tmp_3_s_reg_597          |   8|          2|    8|         16|
    |w_address0               |  24|         15|    8|        120|
    |w_address1               |  24|         15|    8|        120|
    |w_d0                     |  16|         11|    8|         88|
    |w_d1                     |  16|         11|    8|         88|
    |write_flag_i_reg_452     |   1|          2|    1|          2|
    +-------------------------+----+-----------+-----+-----------+
    |Total                    | 218|        116|  153|        692|
    +-------------------------+----+-----------+-----+-----------+

    * Register: 
    +---------------------------+----+----+-----+-----------+
    |            Name           | FF | LUT| Bits| Const Bits|
    +---------------------------+----+----+-----+-----------+
    |a_2_read_assign_reg_515    |   8|   0|    8|          0|
    |a_3_read_assign_reg_505    |   8|   0|    8|          0|
    |a_assign_reg_558           |   8|   0|    8|          0|
    |ap_CS_fsm                  |  21|   0|   21|          0|
    |i_1_reg_440                |   6|   0|    6|          0|
    |i_2_reg_1201               |   3|   0|    3|          0|
    |i_i1_reg_494               |   2|   0|    2|          0|
    |i_i_reg_547                |   3|   0|    3|          0|
    |i_reg_1293                 |   6|   0|    6|          0|
    |icmp_reg_1226              |   1|   0|    1|          0|
    |p_0_in_i_reg_570           |   8|   0|    8|          0|
    |tmp_0_s_reg_588            |   8|   0|    8|          0|
    |tmp_19_reg_1161            |   1|   0|    1|          0|
    |tmp_1_1_reg_484            |   8|   0|    8|          0|
    |tmp_1_3_reg_1263           |   8|   0|    8|          0|
    |tmp_1_reg_1133             |   8|   0|    8|          0|
    |tmp_1_s_reg_579            |   8|   0|    8|          0|
    |tmp_24_reg_1298            |   8|   0|    8|          0|
    |tmp_28_reg_1303            |   8|   0|    8|          0|
    |tmp_2_1_reg_474            |   8|   0|    8|          0|
    |tmp_2_3_2_reg_606          |   8|   0|    8|          0|
    |tmp_2_3_reg_1268           |   8|   0|    8|          0|
    |tmp_33_reg_1318            |   8|   0|    8|          0|
    |tmp_38_reg_1323            |   8|   0|    8|          0|
    |tmp_3_1_reg_1155           |   8|   0|    8|          0|
    |tmp_3_3_reg_526            |   8|   0|    8|          0|
    |tmp_3_6_reg_537            |   8|   0|    8|          0|
    |tmp_3_s_reg_597            |   8|   0|    8|          0|
    |tmp_42_reg_1206            |   2|   0|    2|          0|
    |tmp_47_reg_1126            |   8|   0|    8|          0|
    |tmp_s_reg_1102             |   6|   0|    8|          2|
    |w_3_read_assign_2_reg_463  |   8|   0|    8|          0|
    |write_flag_i_reg_452       |   1|   0|    1|          0|
    +---------------------------+----+----+-----+-----------+
    |Total                      | 228|   0|  230|          2|
    +---------------------------+----+----+-----+-----------+



================================================================
== Interface
================================================================
* Summary: 
+------------+-----+-----+------------+--------------------------------------------+--------------+
|  RTL Ports | Dir | Bits|  Protocol  |                Source Object               |    C Type    |
+------------+-----+-----+------------+--------------------------------------------+--------------+
|ap_clk      |  in |    1| ap_ctrl_hs | single_block_AES_encrypt_aes_key_expansion | return value |
|ap_rst      |  in |    1| ap_ctrl_hs | single_block_AES_encrypt_aes_key_expansion | return value |
|ap_start    |  in |    1| ap_ctrl_hs | single_block_AES_encrypt_aes_key_expansion | return value |
|ap_done     | out |    1| ap_ctrl_hs | single_block_AES_encrypt_aes_key_expansion | return value |
|ap_idle     | out |    1| ap_ctrl_hs | single_block_AES_encrypt_aes_key_expansion | return value |
|ap_ready    | out |    1| ap_ctrl_hs | single_block_AES_encrypt_aes_key_expansion | return value |
|w_address0  | out |    8|  ap_memory |                      w                     |     array    |
|w_ce0       | out |    1|  ap_memory |                      w                     |     array    |
|w_we0       | out |    1|  ap_memory |                      w                     |     array    |
|w_d0        | out |    8|  ap_memory |                      w                     |     array    |
|w_q0        |  in |    8|  ap_memory |                      w                     |     array    |
|w_address1  | out |    8|  ap_memory |                      w                     |     array    |
|w_ce1       | out |    1|  ap_memory |                      w                     |     array    |
|w_we1       | out |    1|  ap_memory |                      w                     |     array    |
|w_d1        | out |    8|  ap_memory |                      w                     |     array    |
|w_q1        |  in |    8|  ap_memory |                      w                     |     array    |
+------------+-----+-----+------------+--------------------------------------------+--------------+

