

================================================================
== Vivado HLS Report for 'single_block_AES_encrypt_shift_rows'
================================================================
* Date:           Thu Feb 08 12:12:22 2024

* Version:        2016.2 (Build 1577090 on Thu Jun 02 16:59:10 MDT 2016)
* Project:        AES_Encryption
* Solution:       solution1
* Product family: zynq
* Target device:  xc7z020clg400-1


================================================================
== Performance Estimates
================================================================
+ Timing (ns): 
    * Summary: 
    +--------+-------+----------+------------+
    |  Clock | Target| Estimated| Uncertainty|
    +--------+-------+----------+------------+
    |ap_clk  |  10.00|      1.04|        1.25|
    +--------+-------+----------+------------+

+ Latency (clock cycles): 
    * Summary: 
    +-----+-----+-----+-----+----------+
    |  Latency  |  Interval | Pipeline |
    | min | max | min | max |   Type   |
    +-----+-----+-----+-----+----------+
    |    0|    0|    1|    1| function |
    +-----+-----+-----+-----+----------+

    + Detail: 
        * Instance: 
        N/A

        * Loop: 
        N/A



================================================================
== Utilization Estimates
================================================================
* Summary: 
+-----------------+---------+-------+--------+-------+
|       Name      | BRAM_18K| DSP48E|   FF   |  LUT  |
+-----------------+---------+-------+--------+-------+
|DSP              |        -|      -|       -|      -|
|Expression       |        -|      -|       -|      -|
|FIFO             |        -|      -|       -|      -|
|Instance         |        -|      -|       -|      -|
|Memory           |        -|      -|       -|      -|
|Multiplexer      |        -|      -|       -|      -|
|Register         |        -|      -|       -|      -|
+-----------------+---------+-------+--------+-------+
|Total            |        0|      0|       0|      0|
+-----------------+---------+-------+--------+-------+
|Available        |      280|    220|  106400|  53200|
+-----------------+---------+-------+--------+-------+
|Utilization (%)  |        0|      0|       0|      0|
+-----------------+---------+-------+--------+-------+

+ Detail: 
    * Instance: 
    N/A

    * DSP48: 
    N/A

    * Memory: 
    N/A

    * FIFO: 
    N/A

    * Expression: 
    N/A

    * Multiplexer: 
    N/A

    * Register: 
    N/A



================================================================
== Interface
================================================================
* Summary: 
+---------------+-----+-----+------------+-------------------------------------+--------------+
|   RTL Ports   | Dir | Bits|  Protocol  |            Source Object            |    C Type    |
+---------------+-----+-----+------------+-------------------------------------+--------------+
|state_4_read   |  in |    8|   ap_none  |             state_4_read            |    scalar    |
|state_5_read   |  in |    8|   ap_none  |             state_5_read            |    scalar    |
|state_6_read   |  in |    8|   ap_none  |             state_6_read            |    scalar    |
|state_7_read   |  in |    8|   ap_none  |             state_7_read            |    scalar    |
|state_8_read   |  in |    8|   ap_none  |             state_8_read            |    scalar    |
|state_9_read   |  in |    8|   ap_none  |             state_9_read            |    scalar    |
|state_10_read  |  in |    8|   ap_none  |            state_10_read            |    scalar    |
|state_11_read  |  in |    8|   ap_none  |            state_11_read            |    scalar    |
|state_12_read  |  in |    8|   ap_none  |            state_12_read            |    scalar    |
|state_13_read  |  in |    8|   ap_none  |            state_13_read            |    scalar    |
|state_14_read  |  in |    8|   ap_none  |            state_14_read            |    scalar    |
|state_15_read  |  in |    8|   ap_none  |            state_15_read            |    scalar    |
|ap_return_0    | out |    8| ap_ctrl_hs | single_block_AES_encrypt_shift_rows | return value |
|ap_return_1    | out |    8| ap_ctrl_hs | single_block_AES_encrypt_shift_rows | return value |
|ap_return_2    | out |    8| ap_ctrl_hs | single_block_AES_encrypt_shift_rows | return value |
|ap_return_3    | out |    8| ap_ctrl_hs | single_block_AES_encrypt_shift_rows | return value |
|ap_return_4    | out |    8| ap_ctrl_hs | single_block_AES_encrypt_shift_rows | return value |
|ap_return_5    | out |    8| ap_ctrl_hs | single_block_AES_encrypt_shift_rows | return value |
|ap_return_6    | out |    8| ap_ctrl_hs | single_block_AES_encrypt_shift_rows | return value |
|ap_return_7    | out |    8| ap_ctrl_hs | single_block_AES_encrypt_shift_rows | return value |
|ap_return_8    | out |    8| ap_ctrl_hs | single_block_AES_encrypt_shift_rows | return value |
|ap_return_9    | out |    8| ap_ctrl_hs | single_block_AES_encrypt_shift_rows | return value |
|ap_return_10   | out |    8| ap_ctrl_hs | single_block_AES_encrypt_shift_rows | return value |
|ap_return_11   | out |    8| ap_ctrl_hs | single_block_AES_encrypt_shift_rows | return value |
+---------------+-----+-----+------------+-------------------------------------+--------------+

