

================================================================
== Vivado HLS Report for 'AES_encryption_aes_cipher'
================================================================
* Date:           Fri Feb 09 10:18:50 2024

* Version:        2016.2 (Build 1577090 on Thu Jun 02 16:59:10 MDT 2016)
* Project:        AES_Encryption
* Solution:       solution1
* Product family: zynq
* Target device:  xc7z020clg400-1


================================================================
== Performance Estimates
================================================================
+ Timing (ns): 
    * Summary: 
    +--------+-------+----------+------------+
    |  Clock | Target| Estimated| Uncertainty|
    +--------+-------+----------+------------+
    |ap_clk  |  10.00|      6.47|        1.25|
    +--------+-------+----------+------------+

+ Latency (clock cycles): 
    * Summary: 
    +------+------+------+------+---------+
    |   Latency   |   Interval  | Pipeline|
    |  min |  max |  min |  max |   Type  |
    +------+------+------+------+---------+
    |  2111|  2651|  2111|  2651|   none  |
    +------+------+------+------+---------+

    + Detail: 
        * Instance: 
        N/A

        * Loop: 
        +----------+------+------+-----------+-----------+-----------+------+----------+
        |          |   Latency   | Iteration |  Initiation Interval  | Trip |          |
        | Loop Name|  min |  max |  Latency  |  achieved |   target  | Count| Pipelined|
        +----------+------+------+-----------+-----------+-----------+------+----------+
        |- Loop 1  |    12|    12|          3|          -|          -|     4|    no    |
        |- Loop 2  |  1953|  2439| 217 ~ 271 |          -|          -|     9|    no    |
        |- Loop 3  |    12|    12|          3|          -|          -|     4|    no    |
        +----------+------+------+-----------+-----------+-----------+------+----------+

============================================================
+ Verbose Summary: Synthesis Manager
============================================================
InlineROM: 1
ExposeGlobal: 0
============================================================
+ Verbose Summary: CDFG Model
============================================================
IsTopModel: 0
ResetActiveHigh: 1
IsCombinational: 0
IsDatapathOnly: 0
HasWiredReturn: 1
HasMFsm: 0
HasVarLatency: 1
IsPipeline: 0
IsRtlPipelined: 0
IsInstanceOverlapped: 0
IsDontTouch: 0
HasImplIP: 0
IsGatedGlobalClock: 0


============================================================
+ Verbose Summary: Schedule
============================================================
* Number of FSM states: 21
* Pipeline: 0
* Dataflow Pipeline: 0

* FSM state transitions: 
1 --> 
	2  / true
2 --> 
	3  / (!exitcond4)
	5  / (exitcond4)
3 --> 
	4  / true
4 --> 
	2  / true
5 --> 
	6  / true
6 --> 
	7  / (!exitcond2)
	14  / (exitcond2)
7 --> 
	8  / true
8 --> 
	9  / true
9 --> 
	10  / true
10 --> 
	11  / true
11 --> 
	12  / true
12 --> 
	13  / true
13 --> 
	6  / true
14 --> 
	15  / true
15 --> 
	16  / true
16 --> 
	17  / true
17 --> 
	18  / true
18 --> 
	19  / true
19 --> 
	20  / (!exitcond1)
20 --> 
	21  / true
21 --> 
	19  / true
* FSM state operations: 

 <State 1>: 2.39ns
ST_1: state [1/1] 2.39ns
:0  %state = alloca [16 x i8], align 16

ST_1: stg_23 [1/1] 1.57ns
:1  br label %1


 <State 2>: 3.76ns
ST_2: i [1/1] 0.00ns
:0  %i = phi i3 [ 0, %0 ], [ %i_7, %.preheader5.preheader ]

ST_2: exitcond4 [1/1] 1.62ns
:1  %exitcond4 = icmp eq i3 %i, -4

ST_2: empty [1/1] 0.00ns
:2  %empty = call i32 (...)* @_ssdm_op_SpecLoopTripCount(i64 4, i64 4, i64 4)

ST_2: i_7 [1/1] 0.80ns
:3  %i_7 = add i3 %i, 1

ST_2: stg_28 [1/1] 0.00ns
:4  br i1 %exitcond4, label %2, label %.preheader5.preheader

ST_2: tmp_31 [1/1] 0.00ns
.preheader5.preheader:2  %tmp_31 = zext i3 %i to i64

ST_2: in_addr [1/1] 0.00ns
.preheader5.preheader:3  %in_addr = getelementptr [16 x i8]* %in_r, i64 0, i64 %tmp_31

ST_2: in_load [2/2] 2.39ns
.preheader5.preheader:4  %in_load = load i8* %in_addr, align 1

ST_2: tmp_98_1 [1/1] 1.37ns
.preheader5.preheader:8  %tmp_98_1 = xor i3 %i, -4

ST_2: tmp_99_1 [1/1] 0.00ns
.preheader5.preheader:9  %tmp_99_1 = zext i3 %tmp_98_1 to i64

ST_2: in_addr_1 [1/1] 0.00ns
.preheader5.preheader:10  %in_addr_1 = getelementptr [16 x i8]* %in_r, i64 0, i64 %tmp_99_1

ST_2: in_load_1 [2/2] 2.39ns
.preheader5.preheader:11  %in_load_1 = load i8* %in_addr_1, align 1

ST_2: stg_36 [2/2] 1.04ns
:0  call fastcc void @AES_encryption_add_round_key([16 x i8]* %state, [176 x i8]* %w, i6 zeroext 0)


 <State 3>: 4.78ns
ST_3: tmp [1/1] 0.00ns
.preheader5.preheader:0  %tmp = trunc i3 %i to i2

ST_3: tmp_s [1/1] 0.00ns
.preheader5.preheader:1  %tmp_s = call i4 @_ssdm_op_BitConcatenate.i4.i2.i2(i2 %tmp, i2 0)

ST_3: in_load [1/2] 2.39ns
.preheader5.preheader:4  %in_load = load i8* %in_addr, align 1

ST_3: tmp_32 [1/1] 0.00ns
.preheader5.preheader:5  %tmp_32 = zext i4 %tmp_s to i64

ST_3: state_addr [1/1] 0.00ns
.preheader5.preheader:6  %state_addr = getelementptr inbounds [16 x i8]* %state, i64 0, i64 %tmp_32

ST_3: stg_42 [1/1] 2.39ns
.preheader5.preheader:7  store i8 %in_load, i8* %state_addr, align 4

ST_3: in_load_1 [1/2] 2.39ns
.preheader5.preheader:11  %in_load_1 = load i8* %in_addr_1, align 1

ST_3: tmp_100_s [1/1] 0.00ns
.preheader5.preheader:12  %tmp_100_s = or i4 %tmp_s, 1

ST_3: tmp_101_1 [1/1] 0.00ns
.preheader5.preheader:13  %tmp_101_1 = zext i4 %tmp_100_s to i64

ST_3: state_addr_5 [1/1] 0.00ns
.preheader5.preheader:14  %state_addr_5 = getelementptr inbounds [16 x i8]* %state, i64 0, i64 %tmp_101_1

ST_3: stg_47 [1/1] 2.39ns
.preheader5.preheader:15  store i8 %in_load_1, i8* %state_addr_5, align 1

ST_3: tmp_98_s [1/1] 0.00ns
.preheader5.preheader:16  %tmp_98_s = call i4 @_ssdm_op_BitConcatenate.i4.i1.i3(i1 true, i3 %i)

ST_3: tmp_99_2 [1/1] 0.00ns
.preheader5.preheader:17  %tmp_99_2 = zext i4 %tmp_98_s to i64

ST_3: in_addr_2 [1/1] 0.00ns
.preheader5.preheader:18  %in_addr_2 = getelementptr [16 x i8]* %in_r, i64 0, i64 %tmp_99_2

ST_3: in_load_2 [2/2] 2.39ns
.preheader5.preheader:19  %in_load_2 = load i8* %in_addr_2, align 1

ST_3: tmp_98_3_cast7 [1/1] 0.00ns
.preheader5.preheader:24  %tmp_98_3_cast7 = sext i3 %tmp_98_1 to i4

ST_3: tmp_99_3 [1/1] 0.00ns
.preheader5.preheader:25  %tmp_99_3 = zext i4 %tmp_98_3_cast7 to i64

ST_3: in_addr_3 [1/1] 0.00ns
.preheader5.preheader:26  %in_addr_3 = getelementptr [16 x i8]* %in_r, i64 0, i64 %tmp_99_3

ST_3: in_load_3 [2/2] 2.39ns
.preheader5.preheader:27  %in_load_3 = load i8* %in_addr_3, align 1


 <State 4>: 4.78ns
ST_4: in_load_2 [1/2] 2.39ns
.preheader5.preheader:19  %in_load_2 = load i8* %in_addr_2, align 1

ST_4: tmp_100_1 [1/1] 0.00ns
.preheader5.preheader:20  %tmp_100_1 = or i4 %tmp_s, 2

ST_4: tmp_101_2 [1/1] 0.00ns
.preheader5.preheader:21  %tmp_101_2 = zext i4 %tmp_100_1 to i64

ST_4: state_addr_6 [1/1] 0.00ns
.preheader5.preheader:22  %state_addr_6 = getelementptr inbounds [16 x i8]* %state, i64 0, i64 %tmp_101_2

ST_4: stg_60 [1/1] 2.39ns
.preheader5.preheader:23  store i8 %in_load_2, i8* %state_addr_6, align 2

ST_4: in_load_3 [1/2] 2.39ns
.preheader5.preheader:27  %in_load_3 = load i8* %in_addr_3, align 1

ST_4: tmp_100_2 [1/1] 0.00ns
.preheader5.preheader:28  %tmp_100_2 = or i4 %tmp_s, 3

ST_4: tmp_101_3 [1/1] 0.00ns
.preheader5.preheader:29  %tmp_101_3 = zext i4 %tmp_100_2 to i64

ST_4: state_addr_7 [1/1] 0.00ns
.preheader5.preheader:30  %state_addr_7 = getelementptr inbounds [16 x i8]* %state, i64 0, i64 %tmp_101_3

ST_4: stg_65 [1/1] 2.39ns
.preheader5.preheader:31  store i8 %in_load_3, i8* %state_addr_7, align 1

ST_4: stg_66 [1/1] 0.00ns
.preheader5.preheader:32  br label %1


 <State 5>: 1.57ns
ST_5: stg_67 [1/2] 0.00ns
:0  call fastcc void @AES_encryption_add_round_key([16 x i8]* %state, [176 x i8]* %w, i6 zeroext 0)

ST_5: stg_68 [1/1] 1.57ns
:1  br label %3


 <State 6>: 1.88ns
ST_6: r [1/1] 0.00ns
:0  %r = phi i4 [ 1, %2 ], [ %r_1, %4 ]

ST_6: exitcond2 [1/1] 1.88ns
:1  %exitcond2 = icmp eq i4 %r, -6

ST_6: empty_22 [1/1] 0.00ns
:2  %empty_22 = call i32 (...)* @_ssdm_op_SpecLoopTripCount(i64 9, i64 9, i64 9)

ST_6: stg_72 [1/1] 0.00ns
:3  br i1 %exitcond2, label %5, label %4

ST_6: stg_73 [2/2] 0.00ns
:0  call fastcc void @AES_encryption_sub_bytes([16 x i8]* %state)

ST_6: stg_74 [2/2] 0.00ns
:0  call fastcc void @AES_encryption_sub_bytes([16 x i8]* %state)


 <State 7>: 0.00ns
ST_7: stg_75 [1/2] 0.00ns
:0  call fastcc void @AES_encryption_sub_bytes([16 x i8]* %state)


 <State 8>: 0.00ns
ST_8: stg_76 [2/2] 0.00ns
:1  call fastcc void @AES_encryption_shift_rows([16 x i8]* %state)


 <State 9>: 0.00ns
ST_9: stg_77 [1/2] 0.00ns
:1  call fastcc void @AES_encryption_shift_rows([16 x i8]* %state)


 <State 10>: 0.00ns
ST_10: stg_78 [2/2] 0.00ns
:2  call fastcc void @AES_encryption_mix_columns([16 x i8]* %state)


 <State 11>: 0.00ns
ST_11: stg_79 [1/2] 0.00ns
:2  call fastcc void @AES_encryption_mix_columns([16 x i8]* %state)


 <State 12>: 1.04ns
ST_12: r_cast3_cast [1/1] 0.00ns
:3  %r_cast3_cast = zext i4 %r to i6

ST_12: stg_81 [2/2] 1.04ns
:4  call fastcc void @AES_encryption_add_round_key([16 x i8]* %state, [176 x i8]* %w, i6 zeroext %r_cast3_cast)

ST_12: r_1 [1/1] 0.80ns
:5  %r_1 = add i4 %r, 1


 <State 13>: 0.00ns
ST_13: stg_83 [1/2] 0.00ns
:4  call fastcc void @AES_encryption_add_round_key([16 x i8]* %state, [176 x i8]* %w, i6 zeroext %r_cast3_cast)

ST_13: stg_84 [1/1] 0.00ns
:6  br label %3


 <State 14>: 0.00ns
ST_14: stg_85 [1/2] 0.00ns
:0  call fastcc void @AES_encryption_sub_bytes([16 x i8]* %state)


 <State 15>: 0.00ns
ST_15: stg_86 [2/2] 0.00ns
:1  call fastcc void @AES_encryption_shift_rows([16 x i8]* %state)


 <State 16>: 0.00ns
ST_16: stg_87 [1/2] 0.00ns
:1  call fastcc void @AES_encryption_shift_rows([16 x i8]* %state)


 <State 17>: 1.04ns
ST_17: stg_88 [2/2] 1.04ns
:2  call fastcc void @AES_encryption_add_round_key([16 x i8]* %state, [176 x i8]* %w, i6 zeroext 10)


 <State 18>: 1.57ns
ST_18: stg_89 [1/2] 0.00ns
:2  call fastcc void @AES_encryption_add_round_key([16 x i8]* %state, [176 x i8]* %w, i6 zeroext 10)

ST_18: stg_90 [1/1] 1.57ns
:3  br label %6


 <State 19>: 2.39ns
ST_19: i_1 [1/1] 0.00ns
:0  %i_1 = phi i3 [ 0, %5 ], [ %i_8, %.preheader.preheader ]

ST_19: exitcond1 [1/1] 1.62ns
:1  %exitcond1 = icmp eq i3 %i_1, -4

ST_19: empty_23 [1/1] 0.00ns
:2  %empty_23 = call i32 (...)* @_ssdm_op_SpecLoopTripCount(i64 4, i64 4, i64 4)

ST_19: i_8 [1/1] 0.80ns
:3  %i_8 = add i3 %i_1, 1

ST_19: stg_95 [1/1] 0.00ns
:4  br i1 %exitcond1, label %7, label %.preheader.preheader

ST_19: tmp_45 [1/1] 0.00ns
.preheader.preheader:0  %tmp_45 = trunc i3 %i_1 to i2

ST_19: tmp_33 [1/1] 0.00ns
.preheader.preheader:1  %tmp_33 = call i4 @_ssdm_op_BitConcatenate.i4.i2.i2(i2 %tmp_45, i2 0)

ST_19: tmp_34 [1/1] 0.00ns
.preheader.preheader:2  %tmp_34 = zext i4 %tmp_33 to i64

ST_19: state_addr_8 [1/1] 0.00ns
.preheader.preheader:3  %state_addr_8 = getelementptr inbounds [16 x i8]* %state, i64 0, i64 %tmp_34

ST_19: state_load [2/2] 2.39ns
.preheader.preheader:4  %state_load = load i8* %state_addr_8, align 4

ST_19: tmp_105_s [1/1] 0.00ns
.preheader.preheader:8  %tmp_105_s = or i4 %tmp_33, 1

ST_19: tmp_106_1 [1/1] 0.00ns
.preheader.preheader:9  %tmp_106_1 = zext i4 %tmp_105_s to i64

ST_19: state_addr_9 [1/1] 0.00ns
.preheader.preheader:10  %state_addr_9 = getelementptr inbounds [16 x i8]* %state, i64 0, i64 %tmp_106_1

ST_19: state_load_1 [2/2] 2.39ns
.preheader.preheader:11  %state_load_1 = load i8* %state_addr_9, align 1

ST_19: stg_105 [1/1] 0.00ns
:0  ret void


 <State 20>: 4.78ns
ST_20: state_load [1/2] 2.39ns
.preheader.preheader:4  %state_load = load i8* %state_addr_8, align 4

ST_20: tmp_35 [1/1] 0.00ns
.preheader.preheader:5  %tmp_35 = zext i3 %i_1 to i64

ST_20: out_addr [1/1] 0.00ns
.preheader.preheader:6  %out_addr = getelementptr [16 x i8]* %out_r, i64 0, i64 %tmp_35

ST_20: stg_109 [1/1] 2.39ns
.preheader.preheader:7  store i8 %state_load, i8* %out_addr, align 1

ST_20: state_load_1 [1/2] 2.39ns
.preheader.preheader:11  %state_load_1 = load i8* %state_addr_9, align 1

ST_20: tmp_108_1 [1/1] 1.37ns
.preheader.preheader:12  %tmp_108_1 = xor i3 %i_1, -4

ST_20: tmp_109_1 [1/1] 0.00ns
.preheader.preheader:13  %tmp_109_1 = zext i3 %tmp_108_1 to i64

ST_20: out_addr_1 [1/1] 0.00ns
.preheader.preheader:14  %out_addr_1 = getelementptr [16 x i8]* %out_r, i64 0, i64 %tmp_109_1

ST_20: stg_114 [1/1] 2.39ns
.preheader.preheader:15  store i8 %state_load_1, i8* %out_addr_1, align 1

ST_20: tmp_105_1 [1/1] 0.00ns
.preheader.preheader:16  %tmp_105_1 = or i4 %tmp_33, 2

ST_20: tmp_106_2 [1/1] 0.00ns
.preheader.preheader:17  %tmp_106_2 = zext i4 %tmp_105_1 to i64

ST_20: state_addr_10 [1/1] 0.00ns
.preheader.preheader:18  %state_addr_10 = getelementptr inbounds [16 x i8]* %state, i64 0, i64 %tmp_106_2

ST_20: state_load_2 [2/2] 2.39ns
.preheader.preheader:19  %state_load_2 = load i8* %state_addr_10, align 2

ST_20: tmp_105_2 [1/1] 0.00ns
.preheader.preheader:24  %tmp_105_2 = or i4 %tmp_33, 3

ST_20: tmp_106_3 [1/1] 0.00ns
.preheader.preheader:25  %tmp_106_3 = zext i4 %tmp_105_2 to i64

ST_20: state_addr_11 [1/1] 0.00ns
.preheader.preheader:26  %state_addr_11 = getelementptr inbounds [16 x i8]* %state, i64 0, i64 %tmp_106_3

ST_20: state_load_3 [2/2] 2.39ns
.preheader.preheader:27  %state_load_3 = load i8* %state_addr_11, align 1


 <State 21>: 4.78ns
ST_21: state_load_2 [1/2] 2.39ns
.preheader.preheader:19  %state_load_2 = load i8* %state_addr_10, align 2

ST_21: tmp_108_s [1/1] 0.00ns
.preheader.preheader:20  %tmp_108_s = call i4 @_ssdm_op_BitConcatenate.i4.i1.i3(i1 true, i3 %i_1)

ST_21: tmp_109_2 [1/1] 0.00ns
.preheader.preheader:21  %tmp_109_2 = zext i4 %tmp_108_s to i64

ST_21: out_addr_2 [1/1] 0.00ns
.preheader.preheader:22  %out_addr_2 = getelementptr [16 x i8]* %out_r, i64 0, i64 %tmp_109_2

ST_21: stg_127 [1/1] 2.39ns
.preheader.preheader:23  store i8 %state_load_2, i8* %out_addr_2, align 1

ST_21: state_load_3 [1/2] 2.39ns
.preheader.preheader:27  %state_load_3 = load i8* %state_addr_11, align 1

ST_21: tmp_108_3_cast6 [1/1] 0.00ns
.preheader.preheader:28  %tmp_108_3_cast6 = sext i3 %tmp_108_1 to i4

ST_21: tmp_109_3 [1/1] 0.00ns
.preheader.preheader:29  %tmp_109_3 = zext i4 %tmp_108_3_cast6 to i64

ST_21: out_addr_3 [1/1] 0.00ns
.preheader.preheader:30  %out_addr_3 = getelementptr [16 x i8]* %out_r, i64 0, i64 %tmp_109_3

ST_21: stg_132 [1/1] 2.39ns
.preheader.preheader:31  store i8 %state_load_3, i8* %out_addr_3, align 1

ST_21: stg_133 [1/1] 0.00ns
.preheader.preheader:32  br label %6



============================================================
+ Verbose Summary: Binding
============================================================
STG Binding: 
---------------- STG Properties BEGIN ----------------
- Is combinational: 0
- Is one-state seq: 0
- Is datapath-only: 0
- Is clock enabled: 0
- Is pipelined: 0
- Is top level: 0
Port [ Return ] is wired: 1; IO mode=ap_ctrl_hs:ce=0
Port [ in_r]:  wired=1; compound=1; hidden=0; nouse=0; global=0; static=0; extern=0; dir=0; type=1; pingpong=0; private_global=0; MemPort=[11]; IO mode=ap_memory:ce=0
Port [ out_r]:  wired=1; compound=1; hidden=0; nouse=0; global=0; static=0; extern=0; dir=1; type=1; pingpong=0; private_global=0; MemPort=[00]; IO mode=ap_memory:ce=0
Port [ w]:  wired=1; compound=1; hidden=0; nouse=0; global=0; static=0; extern=0; dir=0; type=1; pingpong=0; private_global=0; MemPort=[11]; IO mode=ap_memory:ce=0
Port [ s_box]:  wired=0; compound=1; hidden=1; nouse=1; global=1; static=1; extern=0; dir=0; type=1; pingpong=0; private_global=0; linkage=7; visibility=0; MemPort=[1]; IO mode=ap_memory:ce=0
---------------- STG Properties END ------------------

---------------- Datapath Model BEGIN ----------------

<LifeTime>
<method=bitvector/>
state           (alloca           ) [ 0011111111111111111111]
stg_23          (br               ) [ 0111100000000000000000]
i               (phi              ) [ 0011000000000000000000]
exitcond4       (icmp             ) [ 0011100000000000000000]
empty           (speclooptripcount) [ 0000000000000000000000]
i_7             (add              ) [ 0111100000000000000000]
stg_28          (br               ) [ 0000000000000000000000]
tmp_31          (zext             ) [ 0000000000000000000000]
in_addr         (getelementptr    ) [ 0001000000000000000000]
tmp_98_1        (xor              ) [ 0001000000000000000000]
tmp_99_1        (zext             ) [ 0000000000000000000000]
in_addr_1       (getelementptr    ) [ 0001000000000000000000]
tmp             (trunc            ) [ 0000000000000000000000]
tmp_s           (bitconcatenate   ) [ 0000100000000000000000]
in_load         (load             ) [ 0000000000000000000000]
tmp_32          (zext             ) [ 0000000000000000000000]
state_addr      (getelementptr    ) [ 0000000000000000000000]
stg_42          (store            ) [ 0000000000000000000000]
in_load_1       (load             ) [ 0000000000000000000000]
tmp_100_s       (or               ) [ 0000000000000000000000]
tmp_101_1       (zext             ) [ 0000000000000000000000]
state_addr_5    (getelementptr    ) [ 0000000000000000000000]
stg_47          (store            ) [ 0000000000000000000000]
tmp_98_s        (bitconcatenate   ) [ 0000000000000000000000]
tmp_99_2        (zext             ) [ 0000000000000000000000]
in_addr_2       (getelementptr    ) [ 0000100000000000000000]
tmp_98_3_cast7  (sext             ) [ 0000000000000000000000]
tmp_99_3        (zext             ) [ 0000000000000000000000]
in_addr_3       (getelementptr    ) [ 0000100000000000000000]
in_load_2       (load             ) [ 0000000000000000000000]
tmp_100_1       (or               ) [ 0000000000000000000000]
tmp_101_2       (zext             ) [ 0000000000000000000000]
state_addr_6    (getelementptr    ) [ 0000000000000000000000]
stg_60          (store            ) [ 0000000000000000000000]
in_load_3       (load             ) [ 0000000000000000000000]
tmp_100_2       (or               ) [ 0000000000000000000000]
tmp_101_3       (zext             ) [ 0000000000000000000000]
state_addr_7    (getelementptr    ) [ 0000000000000000000000]
stg_65          (store            ) [ 0000000000000000000000]
stg_66          (br               ) [ 0111100000000000000000]
stg_67          (call             ) [ 0000000000000000000000]
stg_68          (br               ) [ 0000011111111100000000]
r               (phi              ) [ 0000001111111000000000]
exitcond2       (icmp             ) [ 0000001111111100000000]
empty_22        (speclooptripcount) [ 0000000000000000000000]
stg_72          (br               ) [ 0000000000000000000000]
stg_75          (call             ) [ 0000000000000000000000]
stg_77          (call             ) [ 0000000000000000000000]
stg_79          (call             ) [ 0000000000000000000000]
r_cast3_cast    (zext             ) [ 0000000000000100000000]
r_1             (add              ) [ 0000011000000100000000]
stg_83          (call             ) [ 0000000000000000000000]
stg_84          (br               ) [ 0000011111111100000000]
stg_85          (call             ) [ 0000000000000000000000]
stg_87          (call             ) [ 0000000000000000000000]
stg_89          (call             ) [ 0000000000000000000000]
stg_90          (br               ) [ 0000000000000000001111]
i_1             (phi              ) [ 0000000000000000000111]
exitcond1       (icmp             ) [ 0000000000000000000111]
empty_23        (speclooptripcount) [ 0000000000000000000000]
i_8             (add              ) [ 0000000000000000001111]
stg_95          (br               ) [ 0000000000000000000000]
tmp_45          (trunc            ) [ 0000000000000000000000]
tmp_33          (bitconcatenate   ) [ 0000000000000000000010]
tmp_34          (zext             ) [ 0000000000000000000000]
state_addr_8    (getelementptr    ) [ 0000000000000000000010]
tmp_105_s       (or               ) [ 0000000000000000000000]
tmp_106_1       (zext             ) [ 0000000000000000000000]
state_addr_9    (getelementptr    ) [ 0000000000000000000010]
stg_105         (ret              ) [ 0000000000000000000000]
state_load      (load             ) [ 0000000000000000000000]
tmp_35          (zext             ) [ 0000000000000000000000]
out_addr        (getelementptr    ) [ 0000000000000000000000]
stg_109         (store            ) [ 0000000000000000000000]
state_load_1    (load             ) [ 0000000000000000000000]
tmp_108_1       (xor              ) [ 0000000000000000000001]
tmp_109_1       (zext             ) [ 0000000000000000000000]
out_addr_1      (getelementptr    ) [ 0000000000000000000000]
stg_114         (store            ) [ 0000000000000000000000]
tmp_105_1       (or               ) [ 0000000000000000000000]
tmp_106_2       (zext             ) [ 0000000000000000000000]
state_addr_10   (getelementptr    ) [ 0000000000000000000001]
tmp_105_2       (or               ) [ 0000000000000000000000]
tmp_106_3       (zext             ) [ 0000000000000000000000]
state_addr_11   (getelementptr    ) [ 0000000000000000000001]
state_load_2    (load             ) [ 0000000000000000000000]
tmp_108_s       (bitconcatenate   ) [ 0000000000000000000000]
tmp_109_2       (zext             ) [ 0000000000000000000000]
out_addr_2      (getelementptr    ) [ 0000000000000000000000]
stg_127         (store            ) [ 0000000000000000000000]
state_load_3    (load             ) [ 0000000000000000000000]
tmp_108_3_cast6 (sext             ) [ 0000000000000000000000]
tmp_109_3       (zext             ) [ 0000000000000000000000]
out_addr_3      (getelementptr    ) [ 0000000000000000000000]
stg_132         (store            ) [ 0000000000000000000000]
stg_133         (br               ) [ 0000000000000000001111]
</LifeTime>

<model>

<comp_list>
<comp id="0" class="1000" name="in_r">
<pin_list>
<pin id="1" dir="1" index="0" bw="1" slack="0"/>
</pin_list>
<bind>
<StgValue><ssdm name="in_r"/><MemPortTyVec>1 1 </MemPortTyVec>
</StgValue>
</bind>
</comp>

<comp id="2" class="1000" name="out_r">
<pin_list>
<pin id="3" dir="1" index="0" bw="1" slack="0"/>
</pin_list>
<bind>
<StgValue><ssdm name="out_r"/><MemPortTyVec>0 0 </MemPortTyVec>
</StgValue>
</bind>
</comp>

<comp id="4" class="1000" name="w">
<pin_list>
<pin id="5" dir="1" index="0" bw="1" slack="0"/>
</pin_list>
<bind>
<StgValue><ssdm name="w"/><MemPortTyVec>1 1 </MemPortTyVec>
</StgValue>
</bind>
</comp>

<comp id="6" class="1000" name="s_box">
<pin_list>
<pin id="7" dir="1" index="0" bw="1" slack="0"/>
</pin_list>
<bind>
<StgValue><ssdm name="s_box"/><MemPortTyVec>1 </MemPortTyVec>
</StgValue>
</bind>
</comp>

<comp id="8" class="1001" name="const_8">
<pin_list>
<pin id="9" dir="1" index="0" bw="1" slack="0"/>
</pin_list>
<bind>
<StgValue><ssdm name=""/></StgValue>
</bind>
</comp>

<comp id="10" class="1001" name="const_10">
<pin_list>
<pin id="11" dir="1" index="0" bw="1" slack="1"/>
</pin_list>
<bind>
<StgValue><ssdm name=""/></StgValue>
</bind>
</comp>

<comp id="12" class="1001" name="const_12">
<pin_list>
<pin id="13" dir="1" index="0" bw="1" slack="0"/>
</pin_list>
<bind>
<StgValue><ssdm name=""/></StgValue>
</bind>
</comp>

<comp id="14" class="1001" name="const_14">
<pin_list>
<pin id="15" dir="1" index="0" bw="1" slack="2147483647"/>
</pin_list>
<bind>
<StgValue><ssdm name="_ssdm_op_SpecLoopTripCount"/></StgValue>
</bind>
</comp>

<comp id="16" class="1001" name="const_16">
<pin_list>
<pin id="17" dir="1" index="0" bw="1" slack="2147483647"/>
</pin_list>
<bind>
<StgValue><ssdm name=""/></StgValue>
</bind>
</comp>

<comp id="18" class="1001" name="const_18">
<pin_list>
<pin id="19" dir="1" index="0" bw="1" slack="0"/>
</pin_list>
<bind>
<StgValue><ssdm name=""/></StgValue>
</bind>
</comp>

<comp id="20" class="1001" name="const_20">
<pin_list>
<pin id="21" dir="1" index="0" bw="1" slack="0"/>
</pin_list>
<bind>
<StgValue><ssdm name=""/></StgValue>
</bind>
</comp>

<comp id="22" class="1001" name="const_22">
<pin_list>
<pin id="23" dir="1" index="0" bw="1" slack="0"/>
</pin_list>
<bind>
<StgValue><ssdm name="AES_encryption_add_round_key"/></StgValue>
</bind>
</comp>

<comp id="24" class="1001" name="const_24">
<pin_list>
<pin id="25" dir="1" index="0" bw="1" slack="0"/>
</pin_list>
<bind>
<StgValue><ssdm name=""/></StgValue>
</bind>
</comp>

<comp id="26" class="1001" name="const_26">
<pin_list>
<pin id="27" dir="1" index="0" bw="1" slack="0"/>
</pin_list>
<bind>
<StgValue><ssdm name="_ssdm_op_BitConcatenate.i4.i2.i2"/></StgValue>
</bind>
</comp>

<comp id="28" class="1001" name="const_28">
<pin_list>
<pin id="29" dir="1" index="0" bw="1" slack="0"/>
</pin_list>
<bind>
<StgValue><ssdm name=""/></StgValue>
</bind>
</comp>

<comp id="30" class="1001" name="const_30">
<pin_list>
<pin id="31" dir="1" index="0" bw="1" slack="0"/>
</pin_list>
<bind>
<StgValue><ssdm name=""/></StgValue>
</bind>
</comp>

<comp id="32" class="1001" name="const_32">
<pin_list>
<pin id="33" dir="1" index="0" bw="1" slack="0"/>
</pin_list>
<bind>
<StgValue><ssdm name="_ssdm_op_BitConcatenate.i4.i1.i3"/></StgValue>
</bind>
</comp>

<comp id="34" class="1001" name="const_34">
<pin_list>
<pin id="35" dir="1" index="0" bw="1" slack="0"/>
</pin_list>
<bind>
<StgValue><ssdm name=""/></StgValue>
</bind>
</comp>

<comp id="36" class="1001" name="const_36">
<pin_list>
<pin id="37" dir="1" index="0" bw="1" slack="0"/>
</pin_list>
<bind>
<StgValue><ssdm name=""/></StgValue>
</bind>
</comp>

<comp id="38" class="1001" name="const_38">
<pin_list>
<pin id="39" dir="1" index="0" bw="1" slack="0"/>
</pin_list>
<bind>
<StgValue><ssdm name=""/></StgValue>
</bind>
</comp>

<comp id="40" class="1001" name="const_40">
<pin_list>
<pin id="41" dir="1" index="0" bw="1" slack="0"/>
</pin_list>
<bind>
<StgValue><ssdm name=""/></StgValue>
</bind>
</comp>

<comp id="42" class="1001" name="const_42">
<pin_list>
<pin id="43" dir="1" index="0" bw="1" slack="2147483647"/>
</pin_list>
<bind>
<StgValue><ssdm name=""/></StgValue>
</bind>
</comp>

<comp id="44" class="1001" name="const_44">
<pin_list>
<pin id="45" dir="1" index="0" bw="1" slack="0"/>
</pin_list>
<bind>
<StgValue><ssdm name="AES_encryption_sub_bytes"/></StgValue>
</bind>
</comp>

<comp id="46" class="1001" name="const_46">
<pin_list>
<pin id="47" dir="1" index="0" bw="1" slack="0"/>
</pin_list>
<bind>
<StgValue><ssdm name="AES_encryption_shift_rows"/></StgValue>
</bind>
</comp>

<comp id="48" class="1001" name="const_48">
<pin_list>
<pin id="49" dir="1" index="0" bw="1" slack="0"/>
</pin_list>
<bind>
<StgValue><ssdm name="AES_encryption_mix_columns"/></StgValue>
</bind>
</comp>

<comp id="50" class="1001" name="const_50">
<pin_list>
<pin id="51" dir="1" index="0" bw="1" slack="0"/>
</pin_list>
<bind>
<StgValue><ssdm name=""/></StgValue>
</bind>
</comp>

<comp id="52" class="1004" name="state_alloca_fu_52">
<pin_list>
<pin id="53" dir="0" index="0" bw="1" slack="0"/>
<pin id="54" dir="1" index="1" bw="8" slack="2147483647"/>
</pin_list>
<bind>
<opcode="alloca(26) " fcode="alloca"/>
<opset="state/1 "/>
</bind>
</comp>

<comp id="56" class="1004" name="in_addr_gep_fu_56">
<pin_list>
<pin id="57" dir="0" index="0" bw="8" slack="0"/>
<pin id="58" dir="0" index="1" bw="1" slack="0"/>
<pin id="59" dir="0" index="2" bw="3" slack="0"/>
<pin id="60" dir="1" index="3" bw="4" slack="0"/>
</pin_list>
<bind>
<opcode="getelementptr(29) " fcode="getelementptr"/>
<opset="in_addr/2 "/>
</bind>
</comp>

<comp id="63" class="1004" name="grp_access_fu_63">
<pin_list>
<pin id="64" dir="0" index="0" bw="4" slack="0"/>
<pin id="65" dir="0" index="1" bw="8" slack="2147483647"/>
<pin id="75" dir="0" index="3" bw="4" slack="0"/>
<pin id="76" dir="0" index="4" bw="8" slack="2147483647"/>
<pin id="66" dir="1" index="2" bw="8" slack="0"/>
<pin id="77" dir="1" index="5" bw="8" slack="0"/>
</pin_list>
<bind>
<opcode="load(27) " fcode="load"/>
<opset="in_load/2 in_load_1/2 in_load_2/3 in_load_3/3 "/>
</bind>
</comp>

<comp id="68" class="1004" name="in_addr_1_gep_fu_68">
<pin_list>
<pin id="69" dir="0" index="0" bw="8" slack="0"/>
<pin id="70" dir="0" index="1" bw="1" slack="0"/>
<pin id="71" dir="0" index="2" bw="3" slack="0"/>
<pin id="72" dir="1" index="3" bw="4" slack="0"/>
</pin_list>
<bind>
<opcode="getelementptr(29) " fcode="getelementptr"/>
<opset="in_addr_1/2 "/>
</bind>
</comp>

<comp id="79" class="1004" name="state_addr_gep_fu_79">
<pin_list>
<pin id="80" dir="0" index="0" bw="8" slack="2147483647"/>
<pin id="81" dir="0" index="1" bw="1" slack="0"/>
<pin id="82" dir="0" index="2" bw="4" slack="0"/>
<pin id="83" dir="1" index="3" bw="4" slack="0"/>
</pin_list>
<bind>
<opcode="getelementptr(29) " fcode="getelementptr"/>
<opset="state_addr/3 "/>
</bind>
</comp>

<comp id="85" class="1004" name="grp_access_fu_85">
<pin_list>
<pin id="86" dir="0" index="0" bw="4" slack="0"/>
<pin id="87" dir="0" index="1" bw="8" slack="0"/>
<pin id="97" dir="0" index="3" bw="4" slack="0"/>
<pin id="98" dir="0" index="4" bw="8" slack="0"/>
<pin id="88" dir="1" index="2" bw="8" slack="0"/>
<pin id="99" dir="1" index="5" bw="8" slack="0"/>
</pin_list>
<bind>
<opcode="load(27) store(28) " fcode="load"/>
<opset="stg_42/3 stg_47/3 stg_60/4 stg_65/4 state_load/19 state_load_1/19 state_load_2/20 state_load_3/20 "/>
</bind>
</comp>

<comp id="91" class="1004" name="state_addr_5_gep_fu_91">
<pin_list>
<pin id="92" dir="0" index="0" bw="8" slack="2147483647"/>
<pin id="93" dir="0" index="1" bw="1" slack="0"/>
<pin id="94" dir="0" index="2" bw="4" slack="0"/>
<pin id="95" dir="1" index="3" bw="4" slack="0"/>
</pin_list>
<bind>
<opcode="getelementptr(29) " fcode="getelementptr"/>
<opset="state_addr_5/3 "/>
</bind>
</comp>

<comp id="102" class="1004" name="in_addr_2_gep_fu_102">
<pin_list>
<pin id="103" dir="0" index="0" bw="8" slack="0"/>
<pin id="104" dir="0" index="1" bw="1" slack="0"/>
<pin id="105" dir="0" index="2" bw="4" slack="0"/>
<pin id="106" dir="1" index="3" bw="4" slack="0"/>
</pin_list>
<bind>
<opcode="getelementptr(29) " fcode="getelementptr"/>
<opset="in_addr_2/3 "/>
</bind>
</comp>

<comp id="110" class="1004" name="in_addr_3_gep_fu_110">
<pin_list>
<pin id="111" dir="0" index="0" bw="8" slack="0"/>
<pin id="112" dir="0" index="1" bw="1" slack="0"/>
<pin id="113" dir="0" index="2" bw="4" slack="0"/>
<pin id="114" dir="1" index="3" bw="4" slack="0"/>
</pin_list>
<bind>
<opcode="getelementptr(29) " fcode="getelementptr"/>
<opset="in_addr_3/3 "/>
</bind>
</comp>

<comp id="118" class="1004" name="state_addr_6_gep_fu_118">
<pin_list>
<pin id="119" dir="0" index="0" bw="8" slack="2147483647"/>
<pin id="120" dir="0" index="1" bw="1" slack="0"/>
<pin id="121" dir="0" index="2" bw="4" slack="0"/>
<pin id="122" dir="1" index="3" bw="4" slack="0"/>
</pin_list>
<bind>
<opcode="getelementptr(29) " fcode="getelementptr"/>
<opset="state_addr_6/4 "/>
</bind>
</comp>

<comp id="125" class="1004" name="state_addr_7_gep_fu_125">
<pin_list>
<pin id="126" dir="0" index="0" bw="8" slack="2147483647"/>
<pin id="127" dir="0" index="1" bw="1" slack="0"/>
<pin id="128" dir="0" index="2" bw="4" slack="0"/>
<pin id="129" dir="1" index="3" bw="4" slack="0"/>
</pin_list>
<bind>
<opcode="getelementptr(29) " fcode="getelementptr"/>
<opset="state_addr_7/4 "/>
</bind>
</comp>

<comp id="132" class="1004" name="state_addr_8_gep_fu_132">
<pin_list>
<pin id="133" dir="0" index="0" bw="8" slack="2147483647"/>
<pin id="134" dir="0" index="1" bw="1" slack="0"/>
<pin id="135" dir="0" index="2" bw="4" slack="0"/>
<pin id="136" dir="1" index="3" bw="4" slack="0"/>
</pin_list>
<bind>
<opcode="getelementptr(29) " fcode="getelementptr"/>
<opset="state_addr_8/19 "/>
</bind>
</comp>

<comp id="139" class="1004" name="state_addr_9_gep_fu_139">
<pin_list>
<pin id="140" dir="0" index="0" bw="8" slack="2147483647"/>
<pin id="141" dir="0" index="1" bw="1" slack="0"/>
<pin id="142" dir="0" index="2" bw="4" slack="0"/>
<pin id="143" dir="1" index="3" bw="4" slack="0"/>
</pin_list>
<bind>
<opcode="getelementptr(29) " fcode="getelementptr"/>
<opset="state_addr_9/19 "/>
</bind>
</comp>

<comp id="146" class="1004" name="out_addr_gep_fu_146">
<pin_list>
<pin id="147" dir="0" index="0" bw="8" slack="0"/>
<pin id="148" dir="0" index="1" bw="1" slack="0"/>
<pin id="149" dir="0" index="2" bw="3" slack="0"/>
<pin id="150" dir="1" index="3" bw="4" slack="0"/>
</pin_list>
<bind>
<opcode="getelementptr(29) " fcode="getelementptr"/>
<opset="out_addr/20 "/>
</bind>
</comp>

<comp id="153" class="1004" name="grp_access_fu_153">
<pin_list>
<pin id="154" dir="0" index="0" bw="4" slack="0"/>
<pin id="155" dir="0" index="1" bw="8" slack="0"/>
<pin id="166" dir="0" index="3" bw="4" slack="0"/>
<pin id="167" dir="0" index="4" bw="8" slack="0"/>
<pin id="156" dir="1" index="2" bw="8" slack="2147483647"/>
<pin id="168" dir="1" index="5" bw="8" slack="2147483647"/>
</pin_list>
<bind>
<opcode="store(28) " fcode="store"/>
<opset="stg_109/20 stg_114/20 stg_127/21 stg_132/21 "/>
</bind>
</comp>

<comp id="159" class="1004" name="out_addr_1_gep_fu_159">
<pin_list>
<pin id="160" dir="0" index="0" bw="8" slack="0"/>
<pin id="161" dir="0" index="1" bw="1" slack="0"/>
<pin id="162" dir="0" index="2" bw="3" slack="0"/>
<pin id="163" dir="1" index="3" bw="4" slack="0"/>
</pin_list>
<bind>
<opcode="getelementptr(29) " fcode="getelementptr"/>
<opset="out_addr_1/20 "/>
</bind>
</comp>

<comp id="171" class="1004" name="state_addr_10_gep_fu_171">
<pin_list>
<pin id="172" dir="0" index="0" bw="8" slack="2147483647"/>
<pin id="173" dir="0" index="1" bw="1" slack="0"/>
<pin id="174" dir="0" index="2" bw="4" slack="0"/>
<pin id="175" dir="1" index="3" bw="4" slack="0"/>
</pin_list>
<bind>
<opcode="getelementptr(29) " fcode="getelementptr"/>
<opset="state_addr_10/20 "/>
</bind>
</comp>

<comp id="178" class="1004" name="state_addr_11_gep_fu_178">
<pin_list>
<pin id="179" dir="0" index="0" bw="8" slack="2147483647"/>
<pin id="180" dir="0" index="1" bw="1" slack="0"/>
<pin id="181" dir="0" index="2" bw="4" slack="0"/>
<pin id="182" dir="1" index="3" bw="4" slack="0"/>
</pin_list>
<bind>
<opcode="getelementptr(29) " fcode="getelementptr"/>
<opset="state_addr_11/20 "/>
</bind>
</comp>

<comp id="185" class="1004" name="out_addr_2_gep_fu_185">
<pin_list>
<pin id="186" dir="0" index="0" bw="8" slack="0"/>
<pin id="187" dir="0" index="1" bw="1" slack="0"/>
<pin id="188" dir="0" index="2" bw="4" slack="0"/>
<pin id="189" dir="1" index="3" bw="4" slack="0"/>
</pin_list>
<bind>
<opcode="getelementptr(29) " fcode="getelementptr"/>
<opset="out_addr_2/21 "/>
</bind>
</comp>

<comp id="193" class="1004" name="out_addr_3_gep_fu_193">
<pin_list>
<pin id="194" dir="0" index="0" bw="8" slack="0"/>
<pin id="195" dir="0" index="1" bw="1" slack="0"/>
<pin id="196" dir="0" index="2" bw="4" slack="0"/>
<pin id="197" dir="1" index="3" bw="4" slack="0"/>
</pin_list>
<bind>
<opcode="getelementptr(29) " fcode="getelementptr"/>
<opset="out_addr_3/21 "/>
</bind>
</comp>

<comp id="201" class="1005" name="i_reg_201">
<pin_list>
<pin id="202" dir="0" index="0" bw="3" slack="1"/>
<pin id="203" dir="1" index="1" bw="3" slack="1"/>
</pin_list>
<bind>
<opset="i (phireg) "/>
</bind>
</comp>

<comp id="205" class="1004" name="i_phi_fu_205">
<pin_list>
<pin id="206" dir="0" index="0" bw="1" slack="1"/>
<pin id="207" dir="0" index="1" bw="0" slack="2147483647"/>
<pin id="208" dir="0" index="2" bw="3" slack="0"/>
<pin id="209" dir="0" index="3" bw="0" slack="2147483647"/>
<pin id="210" dir="1" index="4" bw="3" slack="0"/>
</pin_list>
<bind>
<opcode="phi(47) " fcode="phi"/>
<opset="i/2 "/>
</bind>
</comp>

<comp id="213" class="1005" name="r_reg_213">
<pin_list>
<pin id="214" dir="0" index="0" bw="4" slack="1"/>
<pin id="215" dir="1" index="1" bw="4" slack="1"/>
</pin_list>
<bind>
<opset="r (phireg) "/>
</bind>
</comp>

<comp id="217" class="1004" name="r_phi_fu_217">
<pin_list>
<pin id="218" dir="0" index="0" bw="1" slack="1"/>
<pin id="219" dir="0" index="1" bw="0" slack="2147483647"/>
<pin id="220" dir="0" index="2" bw="4" slack="1"/>
<pin id="221" dir="0" index="3" bw="0" slack="2147483647"/>
<pin id="222" dir="1" index="4" bw="4" slack="0"/>
</pin_list>
<bind>
<opcode="phi(47) " fcode="phi"/>
<opset="r/6 "/>
</bind>
</comp>

<comp id="225" class="1005" name="i_1_reg_225">
<pin_list>
<pin id="226" dir="0" index="0" bw="3" slack="1"/>
<pin id="227" dir="1" index="1" bw="3" slack="1"/>
</pin_list>
<bind>
<opset="i_1 (phireg) "/>
</bind>
</comp>

<comp id="229" class="1004" name="i_1_phi_fu_229">
<pin_list>
<pin id="230" dir="0" index="0" bw="1" slack="1"/>
<pin id="231" dir="0" index="1" bw="0" slack="2147483647"/>
<pin id="232" dir="0" index="2" bw="3" slack="0"/>
<pin id="233" dir="0" index="3" bw="0" slack="2147483647"/>
<pin id="234" dir="1" index="4" bw="3" slack="0"/>
</pin_list>
<bind>
<opcode="phi(47) " fcode="phi"/>
<opset="i_1/19 "/>
</bind>
</comp>

<comp id="237" class="1004" name="grp_AES_encryption_mix_columns_fu_237">
<pin_list>
<pin id="238" dir="0" index="0" bw="0" slack="0"/>
<pin id="239" dir="0" index="1" bw="8" slack="2147483647"/>
<pin id="240" dir="1" index="2" bw="0" slack="2147483647"/>
</pin_list>
<bind>
<opcode="call(48) " fcode="call"/>
<opset="stg_78/10 "/>
</bind>
</comp>

<comp id="242" class="1004" name="grp_AES_encryption_add_round_key_fu_242">
<pin_list>
<pin id="243" dir="0" index="0" bw="0" slack="0"/>
<pin id="244" dir="0" index="1" bw="8" slack="2147483647"/>
<pin id="245" dir="0" index="2" bw="8" slack="0"/>
<pin id="246" dir="0" index="3" bw="5" slack="0"/>
<pin id="247" dir="1" index="4" bw="0" slack="2147483647"/>
</pin_list>
<bind>
<opcode="call(48) " fcode="call"/>
<opset="stg_36/2 stg_81/12 stg_88/17 "/>
</bind>
</comp>

<comp id="252" class="1004" name="grp_AES_encryption_shift_rows_fu_252">
<pin_list>
<pin id="253" dir="0" index="0" bw="0" slack="0"/>
<pin id="254" dir="0" index="1" bw="8" slack="2147483647"/>
<pin id="255" dir="1" index="2" bw="0" slack="2147483647"/>
</pin_list>
<bind>
<opcode="call(48) " fcode="call"/>
<opset="stg_76/8 stg_86/15 "/>
</bind>
</comp>

<comp id="257" class="1004" name="grp_AES_encryption_sub_bytes_fu_257">
<pin_list>
<pin id="258" dir="0" index="0" bw="0" slack="0"/>
<pin id="259" dir="0" index="1" bw="8" slack="2147483647"/>
<pin id="260" dir="0" index="2" bw="8" slack="0"/>
<pin id="261" dir="1" index="3" bw="0" slack="2147483647"/>
</pin_list>
<bind>
<opcode="call(48) " fcode="call"/>
<opset="stg_73/6 stg_74/6 "/>
</bind>
</comp>

<comp id="264" class="1004" name="exitcond4_fu_264">
<pin_list>
<pin id="265" dir="0" index="0" bw="3" slack="0"/>
<pin id="266" dir="0" index="1" bw="3" slack="0"/>
<pin id="267" dir="1" index="2" bw="1" slack="2147483647"/>
</pin_list>
<bind>
<opcode="icmp(45) " fcode="icmp"/>
<opset="exitcond4/2 "/>
</bind>
</comp>

<comp id="270" class="1004" name="i_7_fu_270">
<pin_list>
<pin id="271" dir="0" index="0" bw="3" slack="0"/>
<pin id="272" dir="0" index="1" bw="1" slack="0"/>
<pin id="273" dir="1" index="2" bw="3" slack="0"/>
</pin_list>
<bind>
<opcode="add(8) " fcode="add"/>
<opset="i_7/2 "/>
</bind>
</comp>

<comp id="276" class="1004" name="tmp_31_fu_276">
<pin_list>
<pin id="277" dir="0" index="0" bw="3" slack="0"/>
<pin id="278" dir="1" index="1" bw="64" slack="0"/>
</pin_list>
<bind>
<opcode="zext(34) " fcode="zext"/>
<opset="tmp_31/2 "/>
</bind>
</comp>

<comp id="281" class="1004" name="tmp_98_1_fu_281">
<pin_list>
<pin id="282" dir="0" index="0" bw="3" slack="0"/>
<pin id="283" dir="0" index="1" bw="3" slack="0"/>
<pin id="284" dir="1" index="2" bw="3" slack="0"/>
</pin_list>
<bind>
<opcode="xor(25) " fcode="xor"/>
<opset="tmp_98_1/2 "/>
</bind>
</comp>

<comp id="287" class="1004" name="tmp_99_1_fu_287">
<pin_list>
<pin id="288" dir="0" index="0" bw="3" slack="0"/>
<pin id="289" dir="1" index="1" bw="64" slack="0"/>
</pin_list>
<bind>
<opcode="zext(34) " fcode="zext"/>
<opset="tmp_99_1/2 "/>
</bind>
</comp>

<comp id="292" class="1004" name="tmp_fu_292">
<pin_list>
<pin id="293" dir="0" index="0" bw="3" slack="1"/>
<pin id="294" dir="1" index="1" bw="2" slack="0"/>
</pin_list>
<bind>
<opcode="trunc(33) " fcode="trunc"/>
<opset="tmp/3 "/>
</bind>
</comp>

<comp id="296" class="1004" name="tmp_s_fu_296">
<pin_list>
<pin id="297" dir="0" index="0" bw="4" slack="0"/>
<pin id="298" dir="0" index="1" bw="2" slack="0"/>
<pin id="299" dir="0" index="2" bw="1" slack="0"/>
<pin id="300" dir="1" index="3" bw="4" slack="0"/>
</pin_list>
<bind>
<opcode="bitconcatenate(1004) " fcode="bitconcatenate"/>
<opset="tmp_s/3 "/>
</bind>
</comp>

<comp id="304" class="1004" name="tmp_32_fu_304">
<pin_list>
<pin id="305" dir="0" index="0" bw="4" slack="0"/>
<pin id="306" dir="1" index="1" bw="64" slack="0"/>
</pin_list>
<bind>
<opcode="zext(34) " fcode="zext"/>
<opset="tmp_32/3 "/>
</bind>
</comp>

<comp id="309" class="1004" name="tmp_100_s_fu_309">
<pin_list>
<pin id="310" dir="0" index="0" bw="4" slack="0"/>
<pin id="311" dir="0" index="1" bw="1" slack="0"/>
<pin id="312" dir="1" index="2" bw="4" slack="0"/>
</pin_list>
<bind>
<opcode="or(24) " fcode="or"/>
<opset="tmp_100_s/3 "/>
</bind>
</comp>

<comp id="315" class="1004" name="tmp_101_1_fu_315">
<pin_list>
<pin id="316" dir="0" index="0" bw="4" slack="0"/>
<pin id="317" dir="1" index="1" bw="64" slack="0"/>
</pin_list>
<bind>
<opcode="zext(34) " fcode="zext"/>
<opset="tmp_101_1/3 "/>
</bind>
</comp>

<comp id="320" class="1004" name="tmp_98_s_fu_320">
<pin_list>
<pin id="321" dir="0" index="0" bw="4" slack="0"/>
<pin id="322" dir="0" index="1" bw="1" slack="0"/>
<pin id="323" dir="0" index="2" bw="3" slack="1"/>
<pin id="324" dir="1" index="3" bw="4" slack="0"/>
</pin_list>
<bind>
<opcode="bitconcatenate(1004) " fcode="bitconcatenate"/>
<opset="tmp_98_s/3 "/>
</bind>
</comp>

<comp id="328" class="1004" name="tmp_99_2_fu_328">
<pin_list>
<pin id="329" dir="0" index="0" bw="4" slack="0"/>
<pin id="330" dir="1" index="1" bw="64" slack="0"/>
</pin_list>
<bind>
<opcode="zext(34) " fcode="zext"/>
<opset="tmp_99_2/3 "/>
</bind>
</comp>

<comp id="333" class="1004" name="tmp_98_3_cast7_fu_333">
<pin_list>
<pin id="334" dir="0" index="0" bw="3" slack="1"/>
<pin id="335" dir="1" index="1" bw="4" slack="0"/>
</pin_list>
<bind>
<opcode="sext(35) " fcode="sext"/>
<opset="tmp_98_3_cast7/3 "/>
</bind>
</comp>

<comp id="336" class="1004" name="tmp_99_3_fu_336">
<pin_list>
<pin id="337" dir="0" index="0" bw="3" slack="0"/>
<pin id="338" dir="1" index="1" bw="64" slack="0"/>
</pin_list>
<bind>
<opcode="zext(34) " fcode="zext"/>
<opset="tmp_99_3/3 "/>
</bind>
</comp>

<comp id="341" class="1004" name="tmp_100_1_fu_341">
<pin_list>
<pin id="342" dir="0" index="0" bw="4" slack="1"/>
<pin id="343" dir="0" index="1" bw="3" slack="0"/>
<pin id="344" dir="1" index="2" bw="4" slack="0"/>
</pin_list>
<bind>
<opcode="or(24) " fcode="or"/>
<opset="tmp_100_1/4 "/>
</bind>
</comp>

<comp id="346" class="1004" name="tmp_101_2_fu_346">
<pin_list>
<pin id="347" dir="0" index="0" bw="4" slack="0"/>
<pin id="348" dir="1" index="1" bw="64" slack="0"/>
</pin_list>
<bind>
<opcode="zext(34) " fcode="zext"/>
<opset="tmp_101_2/4 "/>
</bind>
</comp>

<comp id="351" class="1004" name="tmp_100_2_fu_351">
<pin_list>
<pin id="352" dir="0" index="0" bw="4" slack="1"/>
<pin id="353" dir="0" index="1" bw="3" slack="0"/>
<pin id="354" dir="1" index="2" bw="4" slack="0"/>
</pin_list>
<bind>
<opcode="or(24) " fcode="or"/>
<opset="tmp_100_2/4 "/>
</bind>
</comp>

<comp id="356" class="1004" name="tmp_101_3_fu_356">
<pin_list>
<pin id="357" dir="0" index="0" bw="4" slack="0"/>
<pin id="358" dir="1" index="1" bw="64" slack="0"/>
</pin_list>
<bind>
<opcode="zext(34) " fcode="zext"/>
<opset="tmp_101_3/4 "/>
</bind>
</comp>

<comp id="361" class="1004" name="exitcond2_fu_361">
<pin_list>
<pin id="362" dir="0" index="0" bw="4" slack="0"/>
<pin id="363" dir="0" index="1" bw="4" slack="0"/>
<pin id="364" dir="1" index="2" bw="1" slack="2147483647"/>
</pin_list>
<bind>
<opcode="icmp(45) " fcode="icmp"/>
<opset="exitcond2/6 "/>
</bind>
</comp>

<comp id="367" class="1004" name="r_cast3_cast_fu_367">
<pin_list>
<pin id="368" dir="0" index="0" bw="4" slack="6"/>
<pin id="369" dir="1" index="1" bw="6" slack="0"/>
</pin_list>
<bind>
<opcode="zext(34) " fcode="zext"/>
<opset="r_cast3_cast/12 "/>
</bind>
</comp>

<comp id="372" class="1004" name="r_1_fu_372">
<pin_list>
<pin id="373" dir="0" index="0" bw="4" slack="6"/>
<pin id="374" dir="0" index="1" bw="1" slack="0"/>
<pin id="375" dir="1" index="2" bw="4" slack="1"/>
</pin_list>
<bind>
<opcode="add(8) " fcode="add"/>
<opset="r_1/12 "/>
</bind>
</comp>

<comp id="378" class="1004" name="exitcond1_fu_378">
<pin_list>
<pin id="379" dir="0" index="0" bw="3" slack="0"/>
<pin id="380" dir="0" index="1" bw="3" slack="0"/>
<pin id="381" dir="1" index="2" bw="1" slack="2147483647"/>
</pin_list>
<bind>
<opcode="icmp(45) " fcode="icmp"/>
<opset="exitcond1/19 "/>
</bind>
</comp>

<comp id="384" class="1004" name="i_8_fu_384">
<pin_list>
<pin id="385" dir="0" index="0" bw="3" slack="0"/>
<pin id="386" dir="0" index="1" bw="1" slack="0"/>
<pin id="387" dir="1" index="2" bw="3" slack="0"/>
</pin_list>
<bind>
<opcode="add(8) " fcode="add"/>
<opset="i_8/19 "/>
</bind>
</comp>

<comp id="390" class="1004" name="tmp_45_fu_390">
<pin_list>
<pin id="391" dir="0" index="0" bw="3" slack="0"/>
<pin id="392" dir="1" index="1" bw="2" slack="0"/>
</pin_list>
<bind>
<opcode="trunc(33) " fcode="trunc"/>
<opset="tmp_45/19 "/>
</bind>
</comp>

<comp id="394" class="1004" name="tmp_33_fu_394">
<pin_list>
<pin id="395" dir="0" index="0" bw="4" slack="0"/>
<pin id="396" dir="0" index="1" bw="2" slack="0"/>
<pin id="397" dir="0" index="2" bw="1" slack="0"/>
<pin id="398" dir="1" index="3" bw="4" slack="0"/>
</pin_list>
<bind>
<opcode="bitconcatenate(1004) " fcode="bitconcatenate"/>
<opset="tmp_33/19 "/>
</bind>
</comp>

<comp id="402" class="1004" name="tmp_34_fu_402">
<pin_list>
<pin id="403" dir="0" index="0" bw="4" slack="0"/>
<pin id="404" dir="1" index="1" bw="64" slack="0"/>
</pin_list>
<bind>
<opcode="zext(34) " fcode="zext"/>
<opset="tmp_34/19 "/>
</bind>
</comp>

<comp id="407" class="1004" name="tmp_105_s_fu_407">
<pin_list>
<pin id="408" dir="0" index="0" bw="4" slack="0"/>
<pin id="409" dir="0" index="1" bw="1" slack="0"/>
<pin id="410" dir="1" index="2" bw="4" slack="0"/>
</pin_list>
<bind>
<opcode="or(24) " fcode="or"/>
<opset="tmp_105_s/19 "/>
</bind>
</comp>

<comp id="413" class="1004" name="tmp_106_1_fu_413">
<pin_list>
<pin id="414" dir="0" index="0" bw="4" slack="0"/>
<pin id="415" dir="1" index="1" bw="64" slack="0"/>
</pin_list>
<bind>
<opcode="zext(34) " fcode="zext"/>
<opset="tmp_106_1/19 "/>
</bind>
</comp>

<comp id="418" class="1004" name="tmp_35_fu_418">
<pin_list>
<pin id="419" dir="0" index="0" bw="3" slack="1"/>
<pin id="420" dir="1" index="1" bw="64" slack="0"/>
</pin_list>
<bind>
<opcode="zext(34) " fcode="zext"/>
<opset="tmp_35/20 "/>
</bind>
</comp>

<comp id="423" class="1004" name="tmp_108_1_fu_423">
<pin_list>
<pin id="424" dir="0" index="0" bw="3" slack="1"/>
<pin id="425" dir="0" index="1" bw="3" slack="0"/>
<pin id="426" dir="1" index="2" bw="3" slack="0"/>
</pin_list>
<bind>
<opcode="xor(25) " fcode="xor"/>
<opset="tmp_108_1/20 "/>
</bind>
</comp>

<comp id="429" class="1004" name="tmp_109_1_fu_429">
<pin_list>
<pin id="430" dir="0" index="0" bw="3" slack="0"/>
<pin id="431" dir="1" index="1" bw="64" slack="0"/>
</pin_list>
<bind>
<opcode="zext(34) " fcode="zext"/>
<opset="tmp_109_1/20 "/>
</bind>
</comp>

<comp id="434" class="1004" name="tmp_105_1_fu_434">
<pin_list>
<pin id="435" dir="0" index="0" bw="4" slack="1"/>
<pin id="436" dir="0" index="1" bw="3" slack="0"/>
<pin id="437" dir="1" index="2" bw="4" slack="0"/>
</pin_list>
<bind>
<opcode="or(24) " fcode="or"/>
<opset="tmp_105_1/20 "/>
</bind>
</comp>

<comp id="439" class="1004" name="tmp_106_2_fu_439">
<pin_list>
<pin id="440" dir="0" index="0" bw="4" slack="0"/>
<pin id="441" dir="1" index="1" bw="64" slack="0"/>
</pin_list>
<bind>
<opcode="zext(34) " fcode="zext"/>
<opset="tmp_106_2/20 "/>
</bind>
</comp>

<comp id="444" class="1004" name="tmp_105_2_fu_444">
<pin_list>
<pin id="445" dir="0" index="0" bw="4" slack="1"/>
<pin id="446" dir="0" index="1" bw="3" slack="0"/>
<pin id="447" dir="1" index="2" bw="4" slack="0"/>
</pin_list>
<bind>
<opcode="or(24) " fcode="or"/>
<opset="tmp_105_2/20 "/>
</bind>
</comp>

<comp id="449" class="1004" name="tmp_106_3_fu_449">
<pin_list>
<pin id="450" dir="0" index="0" bw="4" slack="0"/>
<pin id="451" dir="1" index="1" bw="64" slack="0"/>
</pin_list>
<bind>
<opcode="zext(34) " fcode="zext"/>
<opset="tmp_106_3/20 "/>
</bind>
</comp>

<comp id="454" class="1004" name="tmp_108_s_fu_454">
<pin_list>
<pin id="455" dir="0" index="0" bw="4" slack="0"/>
<pin id="456" dir="0" index="1" bw="1" slack="0"/>
<pin id="457" dir="0" index="2" bw="3" slack="2"/>
<pin id="458" dir="1" index="3" bw="4" slack="0"/>
</pin_list>
<bind>
<opcode="bitconcatenate(1004) " fcode="bitconcatenate"/>
<opset="tmp_108_s/21 "/>
</bind>
</comp>

<comp id="462" class="1004" name="tmp_109_2_fu_462">
<pin_list>
<pin id="463" dir="0" index="0" bw="4" slack="0"/>
<pin id="464" dir="1" index="1" bw="64" slack="0"/>
</pin_list>
<bind>
<opcode="zext(34) " fcode="zext"/>
<opset="tmp_109_2/21 "/>
</bind>
</comp>

<comp id="467" class="1004" name="tmp_108_3_cast6_fu_467">
<pin_list>
<pin id="468" dir="0" index="0" bw="3" slack="1"/>
<pin id="469" dir="1" index="1" bw="4" slack="0"/>
</pin_list>
<bind>
<opcode="sext(35) " fcode="sext"/>
<opset="tmp_108_3_cast6/21 "/>
</bind>
</comp>

<comp id="470" class="1004" name="tmp_109_3_fu_470">
<pin_list>
<pin id="471" dir="0" index="0" bw="3" slack="0"/>
<pin id="472" dir="1" index="1" bw="64" slack="0"/>
</pin_list>
<bind>
<opcode="zext(34) " fcode="zext"/>
<opset="tmp_109_3/21 "/>
</bind>
</comp>

<comp id="478" class="1005" name="i_7_reg_478">
<pin_list>
<pin id="479" dir="0" index="0" bw="3" slack="0"/>
<pin id="480" dir="1" index="1" bw="3" slack="0"/>
</pin_list>
<bind>
<opset="i_7 "/>
</bind>
</comp>

<comp id="483" class="1005" name="in_addr_reg_483">
<pin_list>
<pin id="484" dir="0" index="0" bw="4" slack="1"/>
<pin id="485" dir="1" index="1" bw="4" slack="1"/>
</pin_list>
<bind>
<opset="in_addr "/>
</bind>
</comp>

<comp id="488" class="1005" name="tmp_98_1_reg_488">
<pin_list>
<pin id="489" dir="0" index="0" bw="3" slack="1"/>
<pin id="490" dir="1" index="1" bw="3" slack="1"/>
</pin_list>
<bind>
<opset="tmp_98_1 "/>
</bind>
</comp>

<comp id="493" class="1005" name="in_addr_1_reg_493">
<pin_list>
<pin id="494" dir="0" index="0" bw="4" slack="1"/>
<pin id="495" dir="1" index="1" bw="4" slack="1"/>
</pin_list>
<bind>
<opset="in_addr_1 "/>
</bind>
</comp>

<comp id="498" class="1005" name="tmp_s_reg_498">
<pin_list>
<pin id="499" dir="0" index="0" bw="4" slack="1"/>
<pin id="500" dir="1" index="1" bw="4" slack="1"/>
</pin_list>
<bind>
<opset="tmp_s "/>
</bind>
</comp>

<comp id="504" class="1005" name="in_addr_2_reg_504">
<pin_list>
<pin id="505" dir="0" index="0" bw="4" slack="1"/>
<pin id="506" dir="1" index="1" bw="4" slack="1"/>
</pin_list>
<bind>
<opset="in_addr_2 "/>
</bind>
</comp>

<comp id="509" class="1005" name="in_addr_3_reg_509">
<pin_list>
<pin id="510" dir="0" index="0" bw="4" slack="1"/>
<pin id="511" dir="1" index="1" bw="4" slack="1"/>
</pin_list>
<bind>
<opset="in_addr_3 "/>
</bind>
</comp>

<comp id="517" class="1005" name="r_cast3_cast_reg_517">
<pin_list>
<pin id="518" dir="0" index="0" bw="6" slack="1"/>
<pin id="519" dir="1" index="1" bw="6" slack="1"/>
</pin_list>
<bind>
<opset="r_cast3_cast "/>
</bind>
</comp>

<comp id="522" class="1005" name="r_1_reg_522">
<pin_list>
<pin id="523" dir="0" index="0" bw="4" slack="1"/>
<pin id="524" dir="1" index="1" bw="4" slack="1"/>
</pin_list>
<bind>
<opset="r_1 "/>
</bind>
</comp>

<comp id="530" class="1005" name="i_8_reg_530">
<pin_list>
<pin id="531" dir="0" index="0" bw="3" slack="0"/>
<pin id="532" dir="1" index="1" bw="3" slack="0"/>
</pin_list>
<bind>
<opset="i_8 "/>
</bind>
</comp>

<comp id="535" class="1005" name="tmp_33_reg_535">
<pin_list>
<pin id="536" dir="0" index="0" bw="4" slack="1"/>
<pin id="537" dir="1" index="1" bw="4" slack="1"/>
</pin_list>
<bind>
<opset="tmp_33 "/>
</bind>
</comp>

<comp id="541" class="1005" name="state_addr_8_reg_541">
<pin_list>
<pin id="542" dir="0" index="0" bw="4" slack="1"/>
<pin id="543" dir="1" index="1" bw="4" slack="1"/>
</pin_list>
<bind>
<opset="state_addr_8 "/>
</bind>
</comp>

<comp id="546" class="1005" name="state_addr_9_reg_546">
<pin_list>
<pin id="547" dir="0" index="0" bw="4" slack="1"/>
<pin id="548" dir="1" index="1" bw="4" slack="1"/>
</pin_list>
<bind>
<opset="state_addr_9 "/>
</bind>
</comp>

<comp id="551" class="1005" name="tmp_108_1_reg_551">
<pin_list>
<pin id="552" dir="0" index="0" bw="3" slack="1"/>
<pin id="553" dir="1" index="1" bw="3" slack="1"/>
</pin_list>
<bind>
<opset="tmp_108_1 "/>
</bind>
</comp>

<comp id="556" class="1005" name="state_addr_10_reg_556">
<pin_list>
<pin id="557" dir="0" index="0" bw="4" slack="1"/>
<pin id="558" dir="1" index="1" bw="4" slack="1"/>
</pin_list>
<bind>
<opset="state_addr_10 "/>
</bind>
</comp>

<comp id="561" class="1005" name="state_addr_11_reg_561">
<pin_list>
<pin id="562" dir="0" index="0" bw="4" slack="1"/>
<pin id="563" dir="1" index="1" bw="4" slack="1"/>
</pin_list>
<bind>
<opset="state_addr_11 "/>
</bind>
</comp>

</comp_list>

<net_list>
<net id="55"><net_src comp="8" pin="0"/><net_sink comp="52" pin=0"/></net>

<net id="61"><net_src comp="0" pin="0"/><net_sink comp="56" pin=0"/></net>

<net id="62"><net_src comp="20" pin="0"/><net_sink comp="56" pin=1"/></net>

<net id="67"><net_src comp="56" pin="3"/><net_sink comp="63" pin=0"/></net>

<net id="73"><net_src comp="0" pin="0"/><net_sink comp="68" pin=0"/></net>

<net id="74"><net_src comp="20" pin="0"/><net_sink comp="68" pin=1"/></net>

<net id="78"><net_src comp="68" pin="3"/><net_sink comp="63" pin=3"/></net>

<net id="84"><net_src comp="20" pin="0"/><net_sink comp="79" pin=1"/></net>

<net id="89"><net_src comp="63" pin="2"/><net_sink comp="85" pin=1"/></net>

<net id="90"><net_src comp="79" pin="3"/><net_sink comp="85" pin=0"/></net>

<net id="96"><net_src comp="20" pin="0"/><net_sink comp="91" pin=1"/></net>

<net id="100"><net_src comp="63" pin="5"/><net_sink comp="85" pin=4"/></net>

<net id="101"><net_src comp="91" pin="3"/><net_sink comp="85" pin=3"/></net>

<net id="107"><net_src comp="0" pin="0"/><net_sink comp="102" pin=0"/></net>

<net id="108"><net_src comp="20" pin="0"/><net_sink comp="102" pin=1"/></net>

<net id="109"><net_src comp="102" pin="3"/><net_sink comp="63" pin=0"/></net>

<net id="115"><net_src comp="0" pin="0"/><net_sink comp="110" pin=0"/></net>

<net id="116"><net_src comp="20" pin="0"/><net_sink comp="110" pin=1"/></net>

<net id="117"><net_src comp="110" pin="3"/><net_sink comp="63" pin=3"/></net>

<net id="123"><net_src comp="20" pin="0"/><net_sink comp="118" pin=1"/></net>

<net id="124"><net_src comp="118" pin="3"/><net_sink comp="85" pin=0"/></net>

<net id="130"><net_src comp="20" pin="0"/><net_sink comp="125" pin=1"/></net>

<net id="131"><net_src comp="125" pin="3"/><net_sink comp="85" pin=3"/></net>

<net id="137"><net_src comp="20" pin="0"/><net_sink comp="132" pin=1"/></net>

<net id="138"><net_src comp="132" pin="3"/><net_sink comp="85" pin=0"/></net>

<net id="144"><net_src comp="20" pin="0"/><net_sink comp="139" pin=1"/></net>

<net id="145"><net_src comp="139" pin="3"/><net_sink comp="85" pin=3"/></net>

<net id="151"><net_src comp="2" pin="0"/><net_sink comp="146" pin=0"/></net>

<net id="152"><net_src comp="20" pin="0"/><net_sink comp="146" pin=1"/></net>

<net id="157"><net_src comp="85" pin="2"/><net_sink comp="153" pin=1"/></net>

<net id="158"><net_src comp="146" pin="3"/><net_sink comp="153" pin=0"/></net>

<net id="164"><net_src comp="2" pin="0"/><net_sink comp="159" pin=0"/></net>

<net id="165"><net_src comp="20" pin="0"/><net_sink comp="159" pin=1"/></net>

<net id="169"><net_src comp="85" pin="5"/><net_sink comp="153" pin=4"/></net>

<net id="170"><net_src comp="159" pin="3"/><net_sink comp="153" pin=3"/></net>

<net id="176"><net_src comp="20" pin="0"/><net_sink comp="171" pin=1"/></net>

<net id="177"><net_src comp="171" pin="3"/><net_sink comp="85" pin=0"/></net>

<net id="183"><net_src comp="20" pin="0"/><net_sink comp="178" pin=1"/></net>

<net id="184"><net_src comp="178" pin="3"/><net_sink comp="85" pin=3"/></net>

<net id="190"><net_src comp="2" pin="0"/><net_sink comp="185" pin=0"/></net>

<net id="191"><net_src comp="20" pin="0"/><net_sink comp="185" pin=1"/></net>

<net id="192"><net_src comp="185" pin="3"/><net_sink comp="153" pin=0"/></net>

<net id="198"><net_src comp="2" pin="0"/><net_sink comp="193" pin=0"/></net>

<net id="199"><net_src comp="20" pin="0"/><net_sink comp="193" pin=1"/></net>

<net id="200"><net_src comp="193" pin="3"/><net_sink comp="153" pin=3"/></net>

<net id="204"><net_src comp="10" pin="0"/><net_sink comp="201" pin=0"/></net>

<net id="211"><net_src comp="201" pin="1"/><net_sink comp="205" pin=0"/></net>

<net id="212"><net_src comp="205" pin="4"/><net_sink comp="201" pin=0"/></net>

<net id="216"><net_src comp="30" pin="0"/><net_sink comp="213" pin=0"/></net>

<net id="223"><net_src comp="213" pin="1"/><net_sink comp="217" pin=0"/></net>

<net id="224"><net_src comp="217" pin="4"/><net_sink comp="213" pin=0"/></net>

<net id="228"><net_src comp="10" pin="0"/><net_sink comp="225" pin=0"/></net>

<net id="235"><net_src comp="225" pin="1"/><net_sink comp="229" pin=0"/></net>

<net id="236"><net_src comp="229" pin="4"/><net_sink comp="225" pin=0"/></net>

<net id="241"><net_src comp="48" pin="0"/><net_sink comp="237" pin=0"/></net>

<net id="248"><net_src comp="22" pin="0"/><net_sink comp="242" pin=0"/></net>

<net id="249"><net_src comp="4" pin="0"/><net_sink comp="242" pin=2"/></net>

<net id="250"><net_src comp="24" pin="0"/><net_sink comp="242" pin=3"/></net>

<net id="251"><net_src comp="50" pin="0"/><net_sink comp="242" pin=3"/></net>

<net id="256"><net_src comp="46" pin="0"/><net_sink comp="252" pin=0"/></net>

<net id="262"><net_src comp="44" pin="0"/><net_sink comp="257" pin=0"/></net>

<net id="263"><net_src comp="6" pin="0"/><net_sink comp="257" pin=2"/></net>

<net id="268"><net_src comp="205" pin="4"/><net_sink comp="264" pin=0"/></net>

<net id="269"><net_src comp="12" pin="0"/><net_sink comp="264" pin=1"/></net>

<net id="274"><net_src comp="205" pin="4"/><net_sink comp="270" pin=0"/></net>

<net id="275"><net_src comp="18" pin="0"/><net_sink comp="270" pin=1"/></net>

<net id="279"><net_src comp="205" pin="4"/><net_sink comp="276" pin=0"/></net>

<net id="280"><net_src comp="276" pin="1"/><net_sink comp="56" pin=2"/></net>

<net id="285"><net_src comp="205" pin="4"/><net_sink comp="281" pin=0"/></net>

<net id="286"><net_src comp="12" pin="0"/><net_sink comp="281" pin=1"/></net>

<net id="290"><net_src comp="281" pin="2"/><net_sink comp="287" pin=0"/></net>

<net id="291"><net_src comp="287" pin="1"/><net_sink comp="68" pin=2"/></net>

<net id="295"><net_src comp="201" pin="1"/><net_sink comp="292" pin=0"/></net>

<net id="301"><net_src comp="26" pin="0"/><net_sink comp="296" pin=0"/></net>

<net id="302"><net_src comp="292" pin="1"/><net_sink comp="296" pin=1"/></net>

<net id="303"><net_src comp="28" pin="0"/><net_sink comp="296" pin=2"/></net>

<net id="307"><net_src comp="296" pin="3"/><net_sink comp="304" pin=0"/></net>

<net id="308"><net_src comp="304" pin="1"/><net_sink comp="79" pin=2"/></net>

<net id="313"><net_src comp="296" pin="3"/><net_sink comp="309" pin=0"/></net>

<net id="314"><net_src comp="30" pin="0"/><net_sink comp="309" pin=1"/></net>

<net id="318"><net_src comp="309" pin="2"/><net_sink comp="315" pin=0"/></net>

<net id="319"><net_src comp="315" pin="1"/><net_sink comp="91" pin=2"/></net>

<net id="325"><net_src comp="32" pin="0"/><net_sink comp="320" pin=0"/></net>

<net id="326"><net_src comp="34" pin="0"/><net_sink comp="320" pin=1"/></net>

<net id="327"><net_src comp="201" pin="1"/><net_sink comp="320" pin=2"/></net>

<net id="331"><net_src comp="320" pin="3"/><net_sink comp="328" pin=0"/></net>

<net id="332"><net_src comp="328" pin="1"/><net_sink comp="102" pin=2"/></net>

<net id="339"><net_src comp="333" pin="1"/><net_sink comp="336" pin=0"/></net>

<net id="340"><net_src comp="336" pin="1"/><net_sink comp="110" pin=2"/></net>

<net id="345"><net_src comp="36" pin="0"/><net_sink comp="341" pin=1"/></net>

<net id="349"><net_src comp="341" pin="2"/><net_sink comp="346" pin=0"/></net>

<net id="350"><net_src comp="346" pin="1"/><net_sink comp="118" pin=2"/></net>

<net id="355"><net_src comp="38" pin="0"/><net_sink comp="351" pin=1"/></net>

<net id="359"><net_src comp="351" pin="2"/><net_sink comp="356" pin=0"/></net>

<net id="360"><net_src comp="356" pin="1"/><net_sink comp="125" pin=2"/></net>

<net id="365"><net_src comp="217" pin="4"/><net_sink comp="361" pin=0"/></net>

<net id="366"><net_src comp="40" pin="0"/><net_sink comp="361" pin=1"/></net>

<net id="370"><net_src comp="213" pin="1"/><net_sink comp="367" pin=0"/></net>

<net id="371"><net_src comp="367" pin="1"/><net_sink comp="242" pin=3"/></net>

<net id="376"><net_src comp="213" pin="1"/><net_sink comp="372" pin=0"/></net>

<net id="377"><net_src comp="30" pin="0"/><net_sink comp="372" pin=1"/></net>

<net id="382"><net_src comp="229" pin="4"/><net_sink comp="378" pin=0"/></net>

<net id="383"><net_src comp="12" pin="0"/><net_sink comp="378" pin=1"/></net>

<net id="388"><net_src comp="229" pin="4"/><net_sink comp="384" pin=0"/></net>

<net id="389"><net_src comp="18" pin="0"/><net_sink comp="384" pin=1"/></net>

<net id="393"><net_src comp="229" pin="4"/><net_sink comp="390" pin=0"/></net>

<net id="399"><net_src comp="26" pin="0"/><net_sink comp="394" pin=0"/></net>

<net id="400"><net_src comp="390" pin="1"/><net_sink comp="394" pin=1"/></net>

<net id="401"><net_src comp="28" pin="0"/><net_sink comp="394" pin=2"/></net>

<net id="405"><net_src comp="394" pin="3"/><net_sink comp="402" pin=0"/></net>

<net id="406"><net_src comp="402" pin="1"/><net_sink comp="132" pin=2"/></net>

<net id="411"><net_src comp="394" pin="3"/><net_sink comp="407" pin=0"/></net>

<net id="412"><net_src comp="30" pin="0"/><net_sink comp="407" pin=1"/></net>

<net id="416"><net_src comp="407" pin="2"/><net_sink comp="413" pin=0"/></net>

<net id="417"><net_src comp="413" pin="1"/><net_sink comp="139" pin=2"/></net>

<net id="421"><net_src comp="225" pin="1"/><net_sink comp="418" pin=0"/></net>

<net id="422"><net_src comp="418" pin="1"/><net_sink comp="146" pin=2"/></net>

<net id="427"><net_src comp="225" pin="1"/><net_sink comp="423" pin=0"/></net>

<net id="428"><net_src comp="12" pin="0"/><net_sink comp="423" pin=1"/></net>

<net id="432"><net_src comp="423" pin="2"/><net_sink comp="429" pin=0"/></net>

<net id="433"><net_src comp="429" pin="1"/><net_sink comp="159" pin=2"/></net>

<net id="438"><net_src comp="36" pin="0"/><net_sink comp="434" pin=1"/></net>

<net id="442"><net_src comp="434" pin="2"/><net_sink comp="439" pin=0"/></net>

<net id="443"><net_src comp="439" pin="1"/><net_sink comp="171" pin=2"/></net>

<net id="448"><net_src comp="38" pin="0"/><net_sink comp="444" pin=1"/></net>

<net id="452"><net_src comp="444" pin="2"/><net_sink comp="449" pin=0"/></net>

<net id="453"><net_src comp="449" pin="1"/><net_sink comp="178" pin=2"/></net>

<net id="459"><net_src comp="32" pin="0"/><net_sink comp="454" pin=0"/></net>

<net id="460"><net_src comp="34" pin="0"/><net_sink comp="454" pin=1"/></net>

<net id="461"><net_src comp="225" pin="1"/><net_sink comp="454" pin=2"/></net>

<net id="465"><net_src comp="454" pin="3"/><net_sink comp="462" pin=0"/></net>

<net id="466"><net_src comp="462" pin="1"/><net_sink comp="185" pin=2"/></net>

<net id="473"><net_src comp="467" pin="1"/><net_sink comp="470" pin=0"/></net>

<net id="474"><net_src comp="470" pin="1"/><net_sink comp="193" pin=2"/></net>

<net id="481"><net_src comp="270" pin="2"/><net_sink comp="478" pin=0"/></net>

<net id="482"><net_src comp="478" pin="1"/><net_sink comp="205" pin=2"/></net>

<net id="486"><net_src comp="56" pin="3"/><net_sink comp="483" pin=0"/></net>

<net id="487"><net_src comp="483" pin="1"/><net_sink comp="63" pin=0"/></net>

<net id="491"><net_src comp="281" pin="2"/><net_sink comp="488" pin=0"/></net>

<net id="492"><net_src comp="488" pin="1"/><net_sink comp="333" pin=0"/></net>

<net id="496"><net_src comp="68" pin="3"/><net_sink comp="493" pin=0"/></net>

<net id="497"><net_src comp="493" pin="1"/><net_sink comp="63" pin=3"/></net>

<net id="501"><net_src comp="296" pin="3"/><net_sink comp="498" pin=0"/></net>

<net id="502"><net_src comp="498" pin="1"/><net_sink comp="341" pin=0"/></net>

<net id="503"><net_src comp="498" pin="1"/><net_sink comp="351" pin=0"/></net>

<net id="507"><net_src comp="102" pin="3"/><net_sink comp="504" pin=0"/></net>

<net id="508"><net_src comp="504" pin="1"/><net_sink comp="63" pin=0"/></net>

<net id="512"><net_src comp="110" pin="3"/><net_sink comp="509" pin=0"/></net>

<net id="513"><net_src comp="509" pin="1"/><net_sink comp="63" pin=3"/></net>

<net id="520"><net_src comp="367" pin="1"/><net_sink comp="517" pin=0"/></net>

<net id="521"><net_src comp="517" pin="1"/><net_sink comp="242" pin=3"/></net>

<net id="525"><net_src comp="372" pin="2"/><net_sink comp="522" pin=0"/></net>

<net id="526"><net_src comp="522" pin="1"/><net_sink comp="217" pin=2"/></net>

<net id="533"><net_src comp="384" pin="2"/><net_sink comp="530" pin=0"/></net>

<net id="534"><net_src comp="530" pin="1"/><net_sink comp="229" pin=2"/></net>

<net id="538"><net_src comp="394" pin="3"/><net_sink comp="535" pin=0"/></net>

<net id="539"><net_src comp="535" pin="1"/><net_sink comp="434" pin=0"/></net>

<net id="540"><net_src comp="535" pin="1"/><net_sink comp="444" pin=0"/></net>

<net id="544"><net_src comp="132" pin="3"/><net_sink comp="541" pin=0"/></net>

<net id="545"><net_src comp="541" pin="1"/><net_sink comp="85" pin=0"/></net>

<net id="549"><net_src comp="139" pin="3"/><net_sink comp="546" pin=0"/></net>

<net id="550"><net_src comp="546" pin="1"/><net_sink comp="85" pin=3"/></net>

<net id="554"><net_src comp="423" pin="2"/><net_sink comp="551" pin=0"/></net>

<net id="555"><net_src comp="551" pin="1"/><net_sink comp="467" pin=0"/></net>

<net id="559"><net_src comp="171" pin="3"/><net_sink comp="556" pin=0"/></net>

<net id="560"><net_src comp="556" pin="1"/><net_sink comp="85" pin=0"/></net>

<net id="564"><net_src comp="178" pin="3"/><net_sink comp="561" pin=0"/></net>

<net id="565"><net_src comp="561" pin="1"/><net_sink comp="85" pin=3"/></net>

</net_list>

</model> 
---------------- Datapath Model END ------------------

* FSMD analyzer results:
  - Output states:
	Port: out_r | {20 21 }
 - Input state : 
	Port: AES_encryption_aes_cipher : in_r | {2 3 4 }
	Port: AES_encryption_aes_cipher : w | {2 5 12 13 17 18 }
	Port: AES_encryption_aes_cipher : s_box | {6 7 14 }
  - Chain level:
	State 1
	State 2
		exitcond4 : 1
		i_7 : 1
		stg_28 : 2
		tmp_31 : 1
		in_addr : 2
		in_load : 3
		tmp_98_1 : 1
		tmp_99_1 : 1
		in_addr_1 : 2
		in_load_1 : 3
	State 3
		tmp_s : 1
		tmp_32 : 2
		state_addr : 3
		stg_42 : 4
		tmp_100_s : 2
		tmp_101_1 : 2
		state_addr_5 : 3
		stg_47 : 4
		tmp_99_2 : 1
		in_addr_2 : 2
		in_load_2 : 3
		tmp_99_3 : 1
		in_addr_3 : 2
		in_load_3 : 3
	State 4
		state_addr_6 : 1
		stg_60 : 2
		state_addr_7 : 1
		stg_65 : 2
	State 5
	State 6
		exitcond2 : 1
		stg_72 : 2
	State 7
	State 8
	State 9
	State 10
	State 11
	State 12
		stg_81 : 1
	State 13
	State 14
	State 15
	State 16
	State 17
	State 18
	State 19
		exitcond1 : 1
		i_8 : 1
		stg_95 : 2
		tmp_45 : 1
		tmp_33 : 2
		tmp_34 : 3
		state_addr_8 : 4
		state_load : 5
		tmp_105_s : 3
		tmp_106_1 : 3
		state_addr_9 : 4
		state_load_1 : 5
	State 20
		out_addr : 1
		stg_109 : 2
		out_addr_1 : 1
		stg_114 : 2
		state_addr_10 : 1
		state_load_2 : 2
		state_addr_11 : 1
		state_load_3 : 2
	State 21
		tmp_109_2 : 1
		out_addr_2 : 2
		stg_127 : 3
		tmp_109_3 : 1
		out_addr_3 : 2
		stg_132 : 3


============================================================
+ Verbose Summary: Datapath Resource usage 
============================================================

* Functional unit list:
|----------|-----------------------------------------|---------|---------|---------|
| Operation|             Functional Unit             |  Delay  |    FF   |   LUT   |
|----------|-----------------------------------------|---------|---------|---------|
|          |  grp_AES_encryption_mix_columns_fu_237  |  20.423 |   988   |   743   |
|   call   | grp_AES_encryption_add_round_key_fu_242 |  11.733 |    79   |    77   |
|          |   grp_AES_encryption_shift_rows_fu_252  |  5.081  |    48   |    35   |
|          |   grp_AES_encryption_sub_bytes_fu_257   |  3.142  |    28   |    26   |
|----------|-----------------------------------------|---------|---------|---------|
|          |                i_7_fu_270               |    0    |    0    |    3    |
|    add   |                r_1_fu_372               |    0    |    0    |    4    |
|          |                i_8_fu_384               |    0    |    0    |    3    |
|----------|-----------------------------------------|---------|---------|---------|
|    xor   |             tmp_98_1_fu_281             |    0    |    0    |    5    |
|          |             tmp_108_1_fu_423            |    0    |    0    |    5    |
|----------|-----------------------------------------|---------|---------|---------|
|          |             exitcond4_fu_264            |    0    |    0    |    2    |
|   icmp   |             exitcond2_fu_361            |    0    |    0    |    2    |
|          |             exitcond1_fu_378            |    0    |    0    |    2    |
|----------|-----------------------------------------|---------|---------|---------|
|          |              tmp_31_fu_276              |    0    |    0    |    0    |
|          |             tmp_99_1_fu_287             |    0    |    0    |    0    |
|          |              tmp_32_fu_304              |    0    |    0    |    0    |
|          |             tmp_101_1_fu_315            |    0    |    0    |    0    |
|          |             tmp_99_2_fu_328             |    0    |    0    |    0    |
|          |             tmp_99_3_fu_336             |    0    |    0    |    0    |
|          |             tmp_101_2_fu_346            |    0    |    0    |    0    |
|          |             tmp_101_3_fu_356            |    0    |    0    |    0    |
|   zext   |           r_cast3_cast_fu_367           |    0    |    0    |    0    |
|          |              tmp_34_fu_402              |    0    |    0    |    0    |
|          |             tmp_106_1_fu_413            |    0    |    0    |    0    |
|          |              tmp_35_fu_418              |    0    |    0    |    0    |
|          |             tmp_109_1_fu_429            |    0    |    0    |    0    |
|          |             tmp_106_2_fu_439            |    0    |    0    |    0    |
|          |             tmp_106_3_fu_449            |    0    |    0    |    0    |
|          |             tmp_109_2_fu_462            |    0    |    0    |    0    |
|          |             tmp_109_3_fu_470            |    0    |    0    |    0    |
|----------|-----------------------------------------|---------|---------|---------|
|   trunc  |                tmp_fu_292               |    0    |    0    |    0    |
|          |              tmp_45_fu_390              |    0    |    0    |    0    |
|----------|-----------------------------------------|---------|---------|---------|
|          |               tmp_s_fu_296              |    0    |    0    |    0    |
|bitconcatenate|             tmp_98_s_fu_320             |    0    |    0    |    0    |
|          |              tmp_33_fu_394              |    0    |    0    |    0    |
|          |             tmp_108_s_fu_454            |    0    |    0    |    0    |
|----------|-----------------------------------------|---------|---------|---------|
|          |             tmp_100_s_fu_309            |    0    |    0    |    0    |
|          |             tmp_100_1_fu_341            |    0    |    0    |    0    |
|    or    |             tmp_100_2_fu_351            |    0    |    0    |    0    |
|          |             tmp_105_s_fu_407            |    0    |    0    |    0    |
|          |             tmp_105_1_fu_434            |    0    |    0    |    0    |
|          |             tmp_105_2_fu_444            |    0    |    0    |    0    |
|----------|-----------------------------------------|---------|---------|---------|
|   sext   |          tmp_98_3_cast7_fu_333          |    0    |    0    |    0    |
|          |          tmp_108_3_cast6_fu_467         |    0    |    0    |    0    |
|----------|-----------------------------------------|---------|---------|---------|
|   Total  |                                         |  40.379 |   1143  |   907   |
|----------|-----------------------------------------|---------|---------|---------|

Memories:
+-----+--------+--------+--------+
|     |  BRAM  |   FF   |   LUT  |
+-----+--------+--------+--------+
|state|    1   |    0   |    0   |
+-----+--------+--------+--------+
|Total|    1   |    0   |    0   |
+-----+--------+--------+--------+

* Register list:
+---------------------+--------+
|                     |   FF   |
+---------------------+--------+
|     i_1_reg_225     |    3   |
|     i_7_reg_478     |    3   |
|     i_8_reg_530     |    3   |
|      i_reg_201      |    3   |
|  in_addr_1_reg_493  |    4   |
|  in_addr_2_reg_504  |    4   |
|  in_addr_3_reg_509  |    4   |
|   in_addr_reg_483   |    4   |
|     r_1_reg_522     |    4   |
| r_cast3_cast_reg_517|    6   |
|      r_reg_213      |    4   |
|state_addr_10_reg_556|    4   |
|state_addr_11_reg_561|    4   |
| state_addr_8_reg_541|    4   |
| state_addr_9_reg_546|    4   |
|  tmp_108_1_reg_551  |    3   |
|    tmp_33_reg_535   |    4   |
|   tmp_98_1_reg_488  |    3   |
|    tmp_s_reg_498    |    4   |
+---------------------+--------+
|        Total        |   72   |
+---------------------+--------+

* Multiplexer (MUX) list: 
|-----------------------------------------|------|------|------|--------||---------||---------|
|                   Comp                  |  Pin | Size |  BW  | S x BW ||  Delay  ||   LUT   |
|-----------------------------------------|------|------|------|--------||---------||---------|
|             grp_access_fu_63            |  p0  |   4  |   4  |   16   ||    4    |
|             grp_access_fu_63            |  p3  |   4  |   4  |   16   ||    4    |
|             grp_access_fu_85            |  p0  |   6  |   4  |   24   ||    4    |
|             grp_access_fu_85            |  p3  |   6  |   4  |   24   ||    4    |
|            grp_access_fu_153            |  p0  |   2  |   4  |    8   ||    4    |
|            grp_access_fu_153            |  p3  |   2  |   4  |    8   ||    4    |
|                i_reg_201                |  p0  |   2  |   3  |    6   ||    3    |
|                r_reg_213                |  p0  |   2  |   4  |    8   ||    4    |
|               i_1_reg_225               |  p0  |   2  |   3  |    6   ||    3    |
| grp_AES_encryption_add_round_key_fu_242 |  p3  |   4  |   5  |   20   ||    5    |
|-----------------------------------------|------|------|------|--------||---------||---------|
|                  Total                  |      |      |      |   136  ||  16.446 ||    39   |
|-----------------------------------------|------|------|------|--------||---------||---------|



* Summary:
+-----------+--------+--------+--------+--------+
|           |  BRAM  |  Delay |   FF   |   LUT  |
+-----------+--------+--------+--------+--------+
|  Function |    -   |   40   |  1143  |   907  |
|   Memory  |    1   |    -   |    0   |    0   |
|Multiplexer|    -   |   16   |    -   |   39   |
|  Register |    -   |    -   |   72   |    -   |
+-----------+--------+--------+--------+--------+
|   Total   |    1   |   56   |  1215  |   946  |
+-----------+--------+--------+--------+--------+
