

================================================================
== Vivado HLS Report for 'single_block_AES_encrypt_add_round_key'
================================================================
* Date:           Thu Feb 08 15:38:58 2024

* Version:        2016.2 (Build 1577090 on Thu Jun 02 16:59:10 MDT 2016)
* Project:        AES_Encryption
* Solution:       solution1
* Product family: zynq
* Target device:  xc7z020clg400-1


================================================================
== Performance Estimates
================================================================
+ Timing (ns): 
    * Summary: 
    +--------+-------+----------+------------+
    |  Clock | Target| Estimated| Uncertainty|
    +--------+-------+----------+------------+
    |ap_clk  |  10.00|      6.47|        1.25|
    +--------+-------+----------+------------+

+ Latency (clock cycles): 
    * Summary: 
    +-----+-----+-----+-----+---------+
    |  Latency  |  Interval | Pipeline|
    | min | max | min | max |   Type  |
    +-----+-----+-----+-----+---------+
    |   17|   17|   17|   17|   none  |
    +-----+-----+-----+-----+---------+

    + Detail: 
        * Instance: 
        N/A

        * Loop: 
        +----------+-----+-----+----------+-----------+-----------+------+----------+
        |          |  Latency  | Iteration|  Initiation Interval  | Trip |          |
        | Loop Name| min | max |  Latency |  achieved |   target  | Count| Pipelined|
        +----------+-----+-----+----------+-----------+-----------+------+----------+
        |- Loop 1  |   16|   16|         4|          -|          -|     4|    no    |
        +----------+-----+-----+----------+-----------+-----------+------+----------+

============================================================
+ Verbose Summary: Synthesis Manager
============================================================
InlineROM: 1
ExposeGlobal: 0
============================================================
+ Verbose Summary: CDFG Model
============================================================
IsTopModel: 0
ResetActiveHigh: 1
IsCombinational: 0
IsDatapathOnly: 0
HasWiredReturn: 1
HasMFsm: 0
HasVarLatency: 1
IsPipeline: 0
IsRtlPipelined: 0
IsInstanceOverlapped: 0
IsDontTouch: 0
HasImplIP: 0
IsGatedGlobalClock: 0


============================================================
+ Verbose Summary: Schedule
============================================================
* Number of FSM states: 5
* Pipeline: 0
* Dataflow Pipeline: 0

* FSM state transitions: 
1 --> 
	2  / true
2 --> 
	3  / (!exitcond)
3 --> 
	4  / true
4 --> 
	5  / true
5 --> 
	2  / true
* FSM state operations: 

 <State 1>: 1.57ns
ST_1: r_read [1/1] 1.04ns
:0  %r_read = call i6 @_ssdm_op_Read.ap_auto.i6(i6 %r)

ST_1: stg_7 [1/1] 1.57ns
:1  br label %1


 <State 2>: 3.76ns
ST_2: c [1/1] 0.00ns
:0  %c = phi i3 [ 0, %0 ], [ %c_1, %2 ]

ST_2: exitcond [1/1] 1.62ns
:1  %exitcond = icmp eq i3 %c, -4

ST_2: empty [1/1] 0.00ns
:2  %empty = call i32 (...)* @_ssdm_op_SpecLoopTripCount(i64 4, i64 4, i64 4)

ST_2: c_1 [1/1] 0.80ns
:3  %c_1 = add i3 %c, 1

ST_2: stg_12 [1/1] 0.00ns
:4  br i1 %exitcond, label %3, label %2

ST_2: tmp_67 [1/1] 0.00ns
:0  %tmp_67 = zext i3 %c to i64

ST_2: state_addr [1/1] 0.00ns
:1  %state_addr = getelementptr [16 x i8]* %state, i64 0, i64 %tmp_67

ST_2: state_load [2/2] 2.39ns
:2  %state_load = load i8* %state_addr, align 1

ST_2: tmp [1/1] 0.00ns
:3  %tmp = trunc i3 %c to i2

ST_2: tmp_31 [1/1] 0.00ns
:4  %tmp_31 = trunc i6 %r_read to i4

ST_2: tmp_70 [1/1] 0.00ns
:5  %tmp_70 = call i8 @_ssdm_op_BitConcatenate.i8.i4.i2.i2(i4 %tmp_31, i2 %tmp, i2 0)

ST_2: tmp_73 [1/1] 1.37ns
:11  %tmp_73 = xor i3 %c, -4

ST_2: tmp_74 [1/1] 0.00ns
:12  %tmp_74 = zext i3 %tmp_73 to i64

ST_2: state_addr_12 [1/1] 0.00ns
:13  %state_addr_12 = getelementptr [16 x i8]* %state, i64 0, i64 %tmp_74

ST_2: state_load_1 [2/2] 2.39ns
:14  %state_load_1 = load i8* %state_addr_12, align 1

ST_2: tmp_75 [1/1] 0.00ns
:15  %tmp_75 = or i8 %tmp_70, 1

ST_2: tmp_76 [1/1] 0.00ns
:16  %tmp_76 = zext i8 %tmp_75 to i64

ST_2: w_addr_28 [1/1] 0.00ns
:17  %w_addr_28 = getelementptr [176 x i8]* %w, i64 0, i64 %tmp_76

ST_2: w_load_4 [2/2] 2.71ns
:18  %w_load_4 = load i8* %w_addr_28, align 1

ST_2: stg_27 [1/1] 0.00ns
:0  ret void


 <State 3>: 6.47ns
ST_3: state_load [1/2] 2.39ns
:2  %state_load = load i8* %state_addr, align 1

ST_3: tmp_71 [1/1] 0.00ns
:6  %tmp_71 = zext i8 %tmp_70 to i64

ST_3: w_addr [1/1] 0.00ns
:7  %w_addr = getelementptr [176 x i8]* %w, i64 0, i64 %tmp_71

ST_3: w_load [2/2] 2.71ns
:8  %w_load = load i8* %w_addr, align 1

ST_3: state_load_1 [1/2] 2.39ns
:14  %state_load_1 = load i8* %state_addr_12, align 1

ST_3: w_load_4 [1/2] 2.71ns
:18  %w_load_4 = load i8* %w_addr_28, align 1

ST_3: tmp_77 [1/1] 1.37ns
:19  %tmp_77 = xor i8 %w_load_4, %state_load_1

ST_3: stg_35 [1/1] 2.39ns
:20  store i8 %tmp_77, i8* %state_addr_12, align 1

ST_3: tmp_s [1/1] 0.00ns
:21  %tmp_s = call i4 @_ssdm_op_BitConcatenate.i4.i1.i3(i1 true, i3 %c)

ST_3: tmp_79 [1/1] 0.00ns
:22  %tmp_79 = zext i4 %tmp_s to i64

ST_3: state_addr_13 [1/1] 0.00ns
:23  %state_addr_13 = getelementptr [16 x i8]* %state, i64 0, i64 %tmp_79

ST_3: state_load_2 [2/2] 2.39ns
:24  %state_load_2 = load i8* %state_addr_13, align 1


 <State 4>: 6.47ns
ST_4: w_load [1/2] 2.71ns
:8  %w_load = load i8* %w_addr, align 1

ST_4: tmp_72 [1/1] 1.37ns
:9  %tmp_72 = xor i8 %w_load, %state_load

ST_4: stg_42 [1/1] 2.39ns
:10  store i8 %tmp_72, i8* %state_addr, align 1

ST_4: state_load_2 [1/2] 2.39ns
:24  %state_load_2 = load i8* %state_addr_13, align 1

ST_4: tmp_80 [1/1] 0.00ns
:25  %tmp_80 = or i8 %tmp_70, 2

ST_4: tmp_81 [1/1] 0.00ns
:26  %tmp_81 = zext i8 %tmp_80 to i64

ST_4: w_addr_29 [1/1] 0.00ns
:27  %w_addr_29 = getelementptr [176 x i8]* %w, i64 0, i64 %tmp_81

ST_4: w_load_5 [2/2] 2.71ns
:28  %w_load_5 = load i8* %w_addr_29, align 1

ST_4: tmp_83_cast3 [1/1] 0.00ns
:31  %tmp_83_cast3 = sext i3 %tmp_73 to i4

ST_4: tmp_84 [1/1] 0.00ns
:32  %tmp_84 = zext i4 %tmp_83_cast3 to i64

ST_4: state_addr_14 [1/1] 0.00ns
:33  %state_addr_14 = getelementptr [16 x i8]* %state, i64 0, i64 %tmp_84

ST_4: state_load_3 [2/2] 2.39ns
:34  %state_load_3 = load i8* %state_addr_14, align 1

ST_4: tmp_85 [1/1] 0.00ns
:35  %tmp_85 = or i8 %tmp_70, 3

ST_4: tmp_86 [1/1] 0.00ns
:36  %tmp_86 = zext i8 %tmp_85 to i64

ST_4: w_addr_30 [1/1] 0.00ns
:37  %w_addr_30 = getelementptr [176 x i8]* %w, i64 0, i64 %tmp_86

ST_4: w_load_6 [2/2] 2.71ns
:38  %w_load_6 = load i8* %w_addr_30, align 1


 <State 5>: 6.47ns
ST_5: w_load_5 [1/2] 2.71ns
:28  %w_load_5 = load i8* %w_addr_29, align 1

ST_5: tmp_82 [1/1] 1.37ns
:29  %tmp_82 = xor i8 %w_load_5, %state_load_2

ST_5: stg_58 [1/1] 2.39ns
:30  store i8 %tmp_82, i8* %state_addr_13, align 1

ST_5: state_load_3 [1/2] 2.39ns
:34  %state_load_3 = load i8* %state_addr_14, align 1

ST_5: w_load_6 [1/2] 2.71ns
:38  %w_load_6 = load i8* %w_addr_30, align 1

ST_5: tmp_87 [1/1] 1.37ns
:39  %tmp_87 = xor i8 %w_load_6, %state_load_3

ST_5: stg_62 [1/1] 2.39ns
:40  store i8 %tmp_87, i8* %state_addr_14, align 1

ST_5: stg_63 [1/1] 0.00ns
:41  br label %1



============================================================
+ Verbose Summary: Timing violations
============================================================
Target clock period: 10ns, clock uncertainty: 1.25ns.

 No timing violations. 


============================================================
+ Verbose Summary: Binding
============================================================
N/A
* FSMD analyzer results:
  - Output states:
 - Input state : 
  - Chain level:
	State 1
	State 2
	State 3
	State 4
	State 5


============================================================
+ Verbose Summary: Datapath Resource usage 
============================================================
N/A
