

================================================================
== Vivado HLS Report for 'single_block_AES_encrypt_sub_bytes'
================================================================
* Date:           Thu Feb 08 10:04:03 2024

* Version:        2016.2 (Build 1577090 on Thu Jun 02 16:59:10 MDT 2016)
* Project:        AES_Encryption
* Solution:       solution1
* Product family: zynq
* Target device:  xc7z020clg400-1


================================================================
== Performance Estimates
================================================================
+ Timing (ns): 
    * Summary: 
    +--------+-------+----------+------------+
    |  Clock | Target| Estimated| Uncertainty|
    +--------+-------+----------+------------+
    |ap_clk  |  10.00|      2.39|        1.25|
    +--------+-------+----------+------------+

+ Latency (clock cycles): 
    * Summary: 
    +-----+-----+-----+-----+----------+
    |  Latency  |  Interval | Pipeline |
    | min | max | min | max |   Type   |
    +-----+-----+-----+-----+----------+
    |    1|    1|    1|    1| function |
    +-----+-----+-----+-----+----------+

    + Detail: 
        * Instance: 
        N/A

        * Loop: 
        N/A



================================================================
== Utilization Estimates
================================================================
* Summary: 
+-----------------+---------+-------+--------+-------+
|       Name      | BRAM_18K| DSP48E|   FF   |  LUT  |
+-----------------+---------+-------+--------+-------+
|DSP              |        -|      -|       -|      -|
|Expression       |        -|      -|       -|      -|
|FIFO             |        -|      -|       -|      -|
|Instance         |        -|      -|       -|      -|
|Memory           |        8|      -|       0|      0|
|Multiplexer      |        -|      -|       -|      -|
|Register         |        -|      -|       2|      -|
+-----------------+---------+-------+--------+-------+
|Total            |        8|      0|       2|      0|
+-----------------+---------+-------+--------+-------+
|Available        |      280|    220|  106400|  53200|
+-----------------+---------+-------+--------+-------+
|Utilization (%)  |        2|      0|   ~0   |      0|
+-----------------+---------+-------+--------+-------+

+ Detail: 
    * Instance: 
    N/A

    * DSP48: 
    N/A

    * Memory: 
    +---------+------------------------------------------+---------+---+----+------+-----+------+-------------+
    |  Memory |                  Module                  | BRAM_18K| FF| LUT| Words| Bits| Banks| W*Bits*Banks|
    +---------+------------------------------------------+---------+---+----+------+-----+------+-------------+
    |s_box_U  |single_block_AES_encrypt_sub_bytes_s_box  |        8|  0|   0|   256|    8|     1|         2048|
    +---------+------------------------------------------+---------+---+----+------+-----+------+-------------+
    |Total    |                                          |        8|  0|   0|   256|    8|     1|         2048|
    +---------+------------------------------------------+---------+---+----+------+-----+------+-------------+

    * FIFO: 
    N/A

    * Expression: 
    N/A

    * Multiplexer: 
    N/A

    * Register: 
    +-----------------------+---+----+-----+-----------+
    |          Name         | FF| LUT| Bits| Const Bits|
    +-----------------------+---+----+-----+-----------+
    |ap_CS_fsm              |  1|   0|    1|          0|
    |ap_reg_ppiten_pp0_it1  |  1|   0|    1|          0|
    +-----------------------+---+----+-----+-----------+
    |Total                  |  2|   0|    2|          0|
    +-----------------------+---+----+-----+-----------+



================================================================
== Interface
================================================================
* Summary: 
+---------------+-----+-----+------------+------------------------------------+--------------+
|   RTL Ports   | Dir | Bits|  Protocol  |            Source Object           |    C Type    |
+---------------+-----+-----+------------+------------------------------------+--------------+
|ap_clk         |  in |    1| ap_ctrl_hs | single_block_AES_encrypt_sub_bytes | return value |
|ap_rst         |  in |    1| ap_ctrl_hs | single_block_AES_encrypt_sub_bytes | return value |
|ap_start       |  in |    1| ap_ctrl_hs | single_block_AES_encrypt_sub_bytes | return value |
|ap_done        | out |    1| ap_ctrl_hs | single_block_AES_encrypt_sub_bytes | return value |
|ap_idle        | out |    1| ap_ctrl_hs | single_block_AES_encrypt_sub_bytes | return value |
|ap_ready       | out |    1| ap_ctrl_hs | single_block_AES_encrypt_sub_bytes | return value |
|ap_ce          |  in |    1| ap_ctrl_hs | single_block_AES_encrypt_sub_bytes | return value |
|ap_return_0    | out |    8| ap_ctrl_hs | single_block_AES_encrypt_sub_bytes | return value |
|ap_return_1    | out |    8| ap_ctrl_hs | single_block_AES_encrypt_sub_bytes | return value |
|ap_return_2    | out |    8| ap_ctrl_hs | single_block_AES_encrypt_sub_bytes | return value |
|ap_return_3    | out |    8| ap_ctrl_hs | single_block_AES_encrypt_sub_bytes | return value |
|ap_return_4    | out |    8| ap_ctrl_hs | single_block_AES_encrypt_sub_bytes | return value |
|ap_return_5    | out |    8| ap_ctrl_hs | single_block_AES_encrypt_sub_bytes | return value |
|ap_return_6    | out |    8| ap_ctrl_hs | single_block_AES_encrypt_sub_bytes | return value |
|ap_return_7    | out |    8| ap_ctrl_hs | single_block_AES_encrypt_sub_bytes | return value |
|ap_return_8    | out |    8| ap_ctrl_hs | single_block_AES_encrypt_sub_bytes | return value |
|ap_return_9    | out |    8| ap_ctrl_hs | single_block_AES_encrypt_sub_bytes | return value |
|ap_return_10   | out |    8| ap_ctrl_hs | single_block_AES_encrypt_sub_bytes | return value |
|ap_return_11   | out |    8| ap_ctrl_hs | single_block_AES_encrypt_sub_bytes | return value |
|ap_return_12   | out |    8| ap_ctrl_hs | single_block_AES_encrypt_sub_bytes | return value |
|ap_return_13   | out |    8| ap_ctrl_hs | single_block_AES_encrypt_sub_bytes | return value |
|ap_return_14   | out |    8| ap_ctrl_hs | single_block_AES_encrypt_sub_bytes | return value |
|ap_return_15   | out |    8| ap_ctrl_hs | single_block_AES_encrypt_sub_bytes | return value |
|state_0_read   |  in |    8|   ap_none  |            state_0_read            |    scalar    |
|state_1_read   |  in |    8|   ap_none  |            state_1_read            |    scalar    |
|state_2_read   |  in |    8|   ap_none  |            state_2_read            |    scalar    |
|state_3_read   |  in |    8|   ap_none  |            state_3_read            |    scalar    |
|state_4_read   |  in |    8|   ap_none  |            state_4_read            |    scalar    |
|state_5_read   |  in |    8|   ap_none  |            state_5_read            |    scalar    |
|state_6_read   |  in |    8|   ap_none  |            state_6_read            |    scalar    |
|state_7_read   |  in |    8|   ap_none  |            state_7_read            |    scalar    |
|state_8_read   |  in |    8|   ap_none  |            state_8_read            |    scalar    |
|state_9_read   |  in |    8|   ap_none  |            state_9_read            |    scalar    |
|state_10_read  |  in |    8|   ap_none  |            state_10_read           |    scalar    |
|state_11_read  |  in |    8|   ap_none  |            state_11_read           |    scalar    |
|state_12_read  |  in |    8|   ap_none  |            state_12_read           |    scalar    |
|state_13_read  |  in |    8|   ap_none  |            state_13_read           |    scalar    |
|state_14_read  |  in |    8|   ap_none  |            state_14_read           |    scalar    |
|state_15_read  |  in |    8|   ap_none  |            state_15_read           |    scalar    |
+---------------+-----+-----+------------+------------------------------------+--------------+

============================================================
+ Verbose Summary: Synthesis Manager
============================================================
InlineROM: 1
ExposeGlobal: 0
============================================================
+ Verbose Summary: CDFG Model
============================================================
IsTopModel: 0
ResetActiveHigh: 1
IsCombinational: 2
IsDatapathOnly: 2
HasWiredReturn: 1
HasMFsm: 2
HasVarLatency: 0
IsPipeline: 1
IsRtlPipelined: 1
IsInstanceOverlapped: 0
IsDontTouch: 0
HasImplIP: 0
IsGatedGlobalClock: 0

+ Individual pipeline summary: 
  * Pipeline-0: initiation interval (II) = 1, depth = 2


============================================================
+ Verbose Summary: Schedule
============================================================
* Number of FSM states: 2
* Pipeline: 1
  Pipeline-0: II = 1, D = 2, States = { 1 2 }
* Dataflow Pipeline: 0

* FSM state transitions: 
1 --> 
	2  / true
2 --> 
* FSM state operations: 

 <State 1>: 2.39ns
ST_1: state_15_read_1 [1/1] 0.00ns
.preheader.preheader.0:0  %state_15_read_1 = call i8 @_ssdm_op_Read.ap_auto.i8(i8 %state_15_read)

ST_1: state_14_read_1 [1/1] 0.00ns
.preheader.preheader.0:1  %state_14_read_1 = call i8 @_ssdm_op_Read.ap_auto.i8(i8 %state_14_read)

ST_1: state_13_read_1 [1/1] 0.00ns
.preheader.preheader.0:2  %state_13_read_1 = call i8 @_ssdm_op_Read.ap_auto.i8(i8 %state_13_read)

ST_1: state_12_read_1 [1/1] 0.00ns
.preheader.preheader.0:3  %state_12_read_1 = call i8 @_ssdm_op_Read.ap_auto.i8(i8 %state_12_read)

ST_1: state_11_read_1 [1/1] 0.00ns
.preheader.preheader.0:4  %state_11_read_1 = call i8 @_ssdm_op_Read.ap_auto.i8(i8 %state_11_read)

ST_1: state_10_read_1 [1/1] 0.00ns
.preheader.preheader.0:5  %state_10_read_1 = call i8 @_ssdm_op_Read.ap_auto.i8(i8 %state_10_read)

ST_1: state_9_read_1 [1/1] 0.00ns
.preheader.preheader.0:6  %state_9_read_1 = call i8 @_ssdm_op_Read.ap_auto.i8(i8 %state_9_read)

ST_1: state_8_read_1 [1/1] 0.00ns
.preheader.preheader.0:7  %state_8_read_1 = call i8 @_ssdm_op_Read.ap_auto.i8(i8 %state_8_read)

ST_1: state_7_read_1 [1/1] 0.00ns
.preheader.preheader.0:8  %state_7_read_1 = call i8 @_ssdm_op_Read.ap_auto.i8(i8 %state_7_read)

ST_1: state_6_read_1 [1/1] 0.00ns
.preheader.preheader.0:9  %state_6_read_1 = call i8 @_ssdm_op_Read.ap_auto.i8(i8 %state_6_read)

ST_1: state_5_read_1 [1/1] 0.00ns
.preheader.preheader.0:10  %state_5_read_1 = call i8 @_ssdm_op_Read.ap_auto.i8(i8 %state_5_read)

ST_1: state_4_read_1 [1/1] 0.00ns
.preheader.preheader.0:11  %state_4_read_1 = call i8 @_ssdm_op_Read.ap_auto.i8(i8 %state_4_read)

ST_1: state_3_read_1 [1/1] 0.00ns
.preheader.preheader.0:12  %state_3_read_1 = call i8 @_ssdm_op_Read.ap_auto.i8(i8 %state_3_read)

ST_1: state_2_read_1 [1/1] 0.00ns
.preheader.preheader.0:13  %state_2_read_1 = call i8 @_ssdm_op_Read.ap_auto.i8(i8 %state_2_read)

ST_1: state_1_read_1 [1/1] 0.00ns
.preheader.preheader.0:14  %state_1_read_1 = call i8 @_ssdm_op_Read.ap_auto.i8(i8 %state_1_read)

ST_1: state_0_read_1 [1/1] 0.00ns
.preheader.preheader.0:15  %state_0_read_1 = call i8 @_ssdm_op_Read.ap_auto.i8(i8 %state_0_read)

ST_1: tmp_8 [1/1] 0.00ns
.preheader.preheader.0:16  %tmp_8 = zext i8 %state_0_read_1 to i64

ST_1: s_box_addr [1/1] 0.00ns
.preheader.preheader.0:17  %s_box_addr = getelementptr inbounds [256 x i8]* @s_box, i64 0, i64 %tmp_8

ST_1: s_box_load [2/2] 2.39ns
.preheader.preheader.0:18  %s_box_load = load i8* %s_box_addr, align 1

ST_1: tmp_8_0_1 [1/1] 0.00ns
.preheader.preheader.0:19  %tmp_8_0_1 = zext i8 %state_1_read_1 to i64

ST_1: s_box_addr_1 [1/1] 0.00ns
.preheader.preheader.0:20  %s_box_addr_1 = getelementptr inbounds [256 x i8]* @s_box, i64 0, i64 %tmp_8_0_1

ST_1: s_box_load_1 [2/2] 2.39ns
.preheader.preheader.0:21  %s_box_load_1 = load i8* %s_box_addr_1, align 1

ST_1: tmp_8_0_2 [1/1] 0.00ns
.preheader.preheader.0:22  %tmp_8_0_2 = zext i8 %state_2_read_1 to i64

ST_1: s_box_addr_2 [1/1] 0.00ns
.preheader.preheader.0:23  %s_box_addr_2 = getelementptr inbounds [256 x i8]* @s_box, i64 0, i64 %tmp_8_0_2

ST_1: s_box_load_2 [2/2] 2.39ns
.preheader.preheader.0:24  %s_box_load_2 = load i8* %s_box_addr_2, align 1

ST_1: tmp_8_0_3 [1/1] 0.00ns
.preheader.preheader.0:25  %tmp_8_0_3 = zext i8 %state_3_read_1 to i64

ST_1: s_box_addr_3 [1/1] 0.00ns
.preheader.preheader.0:26  %s_box_addr_3 = getelementptr inbounds [256 x i8]* @s_box, i64 0, i64 %tmp_8_0_3

ST_1: s_box_load_3 [2/2] 2.39ns
.preheader.preheader.0:27  %s_box_load_3 = load i8* %s_box_addr_3, align 1

ST_1: tmp_8_1 [1/1] 0.00ns
.preheader.preheader.0:28  %tmp_8_1 = zext i8 %state_4_read_1 to i64

ST_1: s_box_addr_4 [1/1] 0.00ns
.preheader.preheader.0:29  %s_box_addr_4 = getelementptr inbounds [256 x i8]* @s_box, i64 0, i64 %tmp_8_1

ST_1: s_box_load_4 [2/2] 2.39ns
.preheader.preheader.0:30  %s_box_load_4 = load i8* %s_box_addr_4, align 1

ST_1: tmp_8_1_1 [1/1] 0.00ns
.preheader.preheader.0:31  %tmp_8_1_1 = zext i8 %state_5_read_1 to i64

ST_1: s_box_addr_5 [1/1] 0.00ns
.preheader.preheader.0:32  %s_box_addr_5 = getelementptr inbounds [256 x i8]* @s_box, i64 0, i64 %tmp_8_1_1

ST_1: s_box_load_5 [2/2] 2.39ns
.preheader.preheader.0:33  %s_box_load_5 = load i8* %s_box_addr_5, align 1

ST_1: tmp_8_1_2 [1/1] 0.00ns
.preheader.preheader.0:34  %tmp_8_1_2 = zext i8 %state_6_read_1 to i64

ST_1: s_box_addr_6 [1/1] 0.00ns
.preheader.preheader.0:35  %s_box_addr_6 = getelementptr inbounds [256 x i8]* @s_box, i64 0, i64 %tmp_8_1_2

ST_1: s_box_load_6 [2/2] 2.39ns
.preheader.preheader.0:36  %s_box_load_6 = load i8* %s_box_addr_6, align 1

ST_1: tmp_8_1_3 [1/1] 0.00ns
.preheader.preheader.0:37  %tmp_8_1_3 = zext i8 %state_7_read_1 to i64

ST_1: s_box_addr_7 [1/1] 0.00ns
.preheader.preheader.0:38  %s_box_addr_7 = getelementptr inbounds [256 x i8]* @s_box, i64 0, i64 %tmp_8_1_3

ST_1: s_box_load_7 [2/2] 2.39ns
.preheader.preheader.0:39  %s_box_load_7 = load i8* %s_box_addr_7, align 1

ST_1: tmp_8_2 [1/1] 0.00ns
.preheader.preheader.0:40  %tmp_8_2 = zext i8 %state_8_read_1 to i64

ST_1: s_box_addr_8 [1/1] 0.00ns
.preheader.preheader.0:41  %s_box_addr_8 = getelementptr inbounds [256 x i8]* @s_box, i64 0, i64 %tmp_8_2

ST_1: s_box_load_8 [2/2] 2.39ns
.preheader.preheader.0:42  %s_box_load_8 = load i8* %s_box_addr_8, align 1

ST_1: tmp_8_2_1 [1/1] 0.00ns
.preheader.preheader.0:43  %tmp_8_2_1 = zext i8 %state_9_read_1 to i64

ST_1: s_box_addr_9 [1/1] 0.00ns
.preheader.preheader.0:44  %s_box_addr_9 = getelementptr inbounds [256 x i8]* @s_box, i64 0, i64 %tmp_8_2_1

ST_1: s_box_load_9 [2/2] 2.39ns
.preheader.preheader.0:45  %s_box_load_9 = load i8* %s_box_addr_9, align 1

ST_1: tmp_8_2_2 [1/1] 0.00ns
.preheader.preheader.0:46  %tmp_8_2_2 = zext i8 %state_10_read_1 to i64

ST_1: s_box_addr_10 [1/1] 0.00ns
.preheader.preheader.0:47  %s_box_addr_10 = getelementptr inbounds [256 x i8]* @s_box, i64 0, i64 %tmp_8_2_2

ST_1: s_box_load_10 [2/2] 2.39ns
.preheader.preheader.0:48  %s_box_load_10 = load i8* %s_box_addr_10, align 1

ST_1: tmp_8_2_3 [1/1] 0.00ns
.preheader.preheader.0:49  %tmp_8_2_3 = zext i8 %state_11_read_1 to i64

ST_1: s_box_addr_11 [1/1] 0.00ns
.preheader.preheader.0:50  %s_box_addr_11 = getelementptr inbounds [256 x i8]* @s_box, i64 0, i64 %tmp_8_2_3

ST_1: s_box_load_11 [2/2] 2.39ns
.preheader.preheader.0:51  %s_box_load_11 = load i8* %s_box_addr_11, align 1

ST_1: tmp_8_3 [1/1] 0.00ns
.preheader.preheader.0:52  %tmp_8_3 = zext i8 %state_12_read_1 to i64

ST_1: s_box_addr_12 [1/1] 0.00ns
.preheader.preheader.0:53  %s_box_addr_12 = getelementptr inbounds [256 x i8]* @s_box, i64 0, i64 %tmp_8_3

ST_1: s_box_load_12 [2/2] 2.39ns
.preheader.preheader.0:54  %s_box_load_12 = load i8* %s_box_addr_12, align 1

ST_1: tmp_8_3_1 [1/1] 0.00ns
.preheader.preheader.0:55  %tmp_8_3_1 = zext i8 %state_13_read_1 to i64

ST_1: s_box_addr_13 [1/1] 0.00ns
.preheader.preheader.0:56  %s_box_addr_13 = getelementptr inbounds [256 x i8]* @s_box, i64 0, i64 %tmp_8_3_1

ST_1: s_box_load_13 [2/2] 2.39ns
.preheader.preheader.0:57  %s_box_load_13 = load i8* %s_box_addr_13, align 1

ST_1: tmp_8_3_2 [1/1] 0.00ns
.preheader.preheader.0:58  %tmp_8_3_2 = zext i8 %state_14_read_1 to i64

ST_1: s_box_addr_14 [1/1] 0.00ns
.preheader.preheader.0:59  %s_box_addr_14 = getelementptr inbounds [256 x i8]* @s_box, i64 0, i64 %tmp_8_3_2

ST_1: s_box_load_14 [2/2] 2.39ns
.preheader.preheader.0:60  %s_box_load_14 = load i8* %s_box_addr_14, align 1

ST_1: tmp_8_3_3 [1/1] 0.00ns
.preheader.preheader.0:61  %tmp_8_3_3 = zext i8 %state_15_read_1 to i64

ST_1: s_box_addr_15 [1/1] 0.00ns
.preheader.preheader.0:62  %s_box_addr_15 = getelementptr inbounds [256 x i8]* @s_box, i64 0, i64 %tmp_8_3_3

ST_1: s_box_load_15 [2/2] 2.39ns
.preheader.preheader.0:63  %s_box_load_15 = load i8* %s_box_addr_15, align 1


 <State 2>: 2.39ns
ST_2: s_box_load [1/2] 2.39ns
.preheader.preheader.0:18  %s_box_load = load i8* %s_box_addr, align 1

ST_2: s_box_load_1 [1/2] 2.39ns
.preheader.preheader.0:21  %s_box_load_1 = load i8* %s_box_addr_1, align 1

ST_2: s_box_load_2 [1/2] 2.39ns
.preheader.preheader.0:24  %s_box_load_2 = load i8* %s_box_addr_2, align 1

ST_2: s_box_load_3 [1/2] 2.39ns
.preheader.preheader.0:27  %s_box_load_3 = load i8* %s_box_addr_3, align 1

ST_2: s_box_load_4 [1/2] 2.39ns
.preheader.preheader.0:30  %s_box_load_4 = load i8* %s_box_addr_4, align 1

ST_2: s_box_load_5 [1/2] 2.39ns
.preheader.preheader.0:33  %s_box_load_5 = load i8* %s_box_addr_5, align 1

ST_2: s_box_load_6 [1/2] 2.39ns
.preheader.preheader.0:36  %s_box_load_6 = load i8* %s_box_addr_6, align 1

ST_2: s_box_load_7 [1/2] 2.39ns
.preheader.preheader.0:39  %s_box_load_7 = load i8* %s_box_addr_7, align 1

ST_2: s_box_load_8 [1/2] 2.39ns
.preheader.preheader.0:42  %s_box_load_8 = load i8* %s_box_addr_8, align 1

ST_2: s_box_load_9 [1/2] 2.39ns
.preheader.preheader.0:45  %s_box_load_9 = load i8* %s_box_addr_9, align 1

ST_2: s_box_load_10 [1/2] 2.39ns
.preheader.preheader.0:48  %s_box_load_10 = load i8* %s_box_addr_10, align 1

ST_2: s_box_load_11 [1/2] 2.39ns
.preheader.preheader.0:51  %s_box_load_11 = load i8* %s_box_addr_11, align 1

ST_2: s_box_load_12 [1/2] 2.39ns
.preheader.preheader.0:54  %s_box_load_12 = load i8* %s_box_addr_12, align 1

ST_2: s_box_load_13 [1/2] 2.39ns
.preheader.preheader.0:57  %s_box_load_13 = load i8* %s_box_addr_13, align 1

ST_2: s_box_load_14 [1/2] 2.39ns
.preheader.preheader.0:60  %s_box_load_14 = load i8* %s_box_addr_14, align 1

ST_2: s_box_load_15 [1/2] 2.39ns
.preheader.preheader.0:63  %s_box_load_15 = load i8* %s_box_addr_15, align 1

ST_2: mrv [1/1] 0.00ns
.preheader.preheader.0:64  %mrv = insertvalue { i8, i8, i8, i8, i8, i8, i8, i8, i8, i8, i8, i8, i8, i8, i8, i8 } undef, i8 %s_box_load, 0

ST_2: mrv_1 [1/1] 0.00ns
.preheader.preheader.0:65  %mrv_1 = insertvalue { i8, i8, i8, i8, i8, i8, i8, i8, i8, i8, i8, i8, i8, i8, i8, i8 } %mrv, i8 %s_box_load_1, 1

ST_2: mrv_2 [1/1] 0.00ns
.preheader.preheader.0:66  %mrv_2 = insertvalue { i8, i8, i8, i8, i8, i8, i8, i8, i8, i8, i8, i8, i8, i8, i8, i8 } %mrv_1, i8 %s_box_load_2, 2

ST_2: mrv_3 [1/1] 0.00ns
.preheader.preheader.0:67  %mrv_3 = insertvalue { i8, i8, i8, i8, i8, i8, i8, i8, i8, i8, i8, i8, i8, i8, i8, i8 } %mrv_2, i8 %s_box_load_3, 3

ST_2: mrv_4 [1/1] 0.00ns
.preheader.preheader.0:68  %mrv_4 = insertvalue { i8, i8, i8, i8, i8, i8, i8, i8, i8, i8, i8, i8, i8, i8, i8, i8 } %mrv_3, i8 %s_box_load_4, 4

ST_2: mrv_5 [1/1] 0.00ns
.preheader.preheader.0:69  %mrv_5 = insertvalue { i8, i8, i8, i8, i8, i8, i8, i8, i8, i8, i8, i8, i8, i8, i8, i8 } %mrv_4, i8 %s_box_load_5, 5

ST_2: mrv_6 [1/1] 0.00ns
.preheader.preheader.0:70  %mrv_6 = insertvalue { i8, i8, i8, i8, i8, i8, i8, i8, i8, i8, i8, i8, i8, i8, i8, i8 } %mrv_5, i8 %s_box_load_6, 6

ST_2: mrv_7 [1/1] 0.00ns
.preheader.preheader.0:71  %mrv_7 = insertvalue { i8, i8, i8, i8, i8, i8, i8, i8, i8, i8, i8, i8, i8, i8, i8, i8 } %mrv_6, i8 %s_box_load_7, 7

ST_2: mrv_8 [1/1] 0.00ns
.preheader.preheader.0:72  %mrv_8 = insertvalue { i8, i8, i8, i8, i8, i8, i8, i8, i8, i8, i8, i8, i8, i8, i8, i8 } %mrv_7, i8 %s_box_load_8, 8

ST_2: mrv_9 [1/1] 0.00ns
.preheader.preheader.0:73  %mrv_9 = insertvalue { i8, i8, i8, i8, i8, i8, i8, i8, i8, i8, i8, i8, i8, i8, i8, i8 } %mrv_8, i8 %s_box_load_9, 9

ST_2: mrv_s [1/1] 0.00ns
.preheader.preheader.0:74  %mrv_s = insertvalue { i8, i8, i8, i8, i8, i8, i8, i8, i8, i8, i8, i8, i8, i8, i8, i8 } %mrv_9, i8 %s_box_load_10, 10

ST_2: mrv_10 [1/1] 0.00ns
.preheader.preheader.0:75  %mrv_10 = insertvalue { i8, i8, i8, i8, i8, i8, i8, i8, i8, i8, i8, i8, i8, i8, i8, i8 } %mrv_s, i8 %s_box_load_11, 11

ST_2: mrv_11 [1/1] 0.00ns
.preheader.preheader.0:76  %mrv_11 = insertvalue { i8, i8, i8, i8, i8, i8, i8, i8, i8, i8, i8, i8, i8, i8, i8, i8 } %mrv_10, i8 %s_box_load_12, 12

ST_2: mrv_12 [1/1] 0.00ns
.preheader.preheader.0:77  %mrv_12 = insertvalue { i8, i8, i8, i8, i8, i8, i8, i8, i8, i8, i8, i8, i8, i8, i8, i8 } %mrv_11, i8 %s_box_load_13, 13

ST_2: mrv_13 [1/1] 0.00ns
.preheader.preheader.0:78  %mrv_13 = insertvalue { i8, i8, i8, i8, i8, i8, i8, i8, i8, i8, i8, i8, i8, i8, i8, i8 } %mrv_12, i8 %s_box_load_14, 14

ST_2: mrv_14 [1/1] 0.00ns
.preheader.preheader.0:79  %mrv_14 = insertvalue { i8, i8, i8, i8, i8, i8, i8, i8, i8, i8, i8, i8, i8, i8, i8, i8 } %mrv_13, i8 %s_box_load_15, 15

ST_2: stg_99 [1/1] 0.00ns
.preheader.preheader.0:80  ret { i8, i8, i8, i8, i8, i8, i8, i8, i8, i8, i8, i8, i8, i8, i8, i8 } %mrv_14



============================================================
+ Verbose Summary: Binding
============================================================
STG Binding: 
---------------- STG Properties BEGIN ----------------
- Is combinational: 0
- Is one-state seq: 0
- Is datapath-only: 0
- Is clock enabled: 1
- Is pipelined: 1
- Is top level: 0
Port [ Return ] is wired: 1; IO mode=ap_ctrl_hs:ce=0
Port [ state_0_read]:  wired=1; compound=0; hidden=0; nouse=0; global=0; static=0; extern=0; dir=0; type=0; pingpong=0; private_global=0; IO mode=ap_none:ce=0
Port [ state_1_read]:  wired=1; compound=0; hidden=0; nouse=0; global=0; static=0; extern=0; dir=0; type=0; pingpong=0; private_global=0; IO mode=ap_none:ce=0
Port [ state_2_read]:  wired=1; compound=0; hidden=0; nouse=0; global=0; static=0; extern=0; dir=0; type=0; pingpong=0; private_global=0; IO mode=ap_none:ce=0
Port [ state_3_read]:  wired=1; compound=0; hidden=0; nouse=0; global=0; static=0; extern=0; dir=0; type=0; pingpong=0; private_global=0; IO mode=ap_none:ce=0
Port [ state_4_read]:  wired=1; compound=0; hidden=0; nouse=0; global=0; static=0; extern=0; dir=0; type=0; pingpong=0; private_global=0; IO mode=ap_none:ce=0
Port [ state_5_read]:  wired=1; compound=0; hidden=0; nouse=0; global=0; static=0; extern=0; dir=0; type=0; pingpong=0; private_global=0; IO mode=ap_none:ce=0
Port [ state_6_read]:  wired=1; compound=0; hidden=0; nouse=0; global=0; static=0; extern=0; dir=0; type=0; pingpong=0; private_global=0; IO mode=ap_none:ce=0
Port [ state_7_read]:  wired=1; compound=0; hidden=0; nouse=0; global=0; static=0; extern=0; dir=0; type=0; pingpong=0; private_global=0; IO mode=ap_none:ce=0
Port [ state_8_read]:  wired=1; compound=0; hidden=0; nouse=0; global=0; static=0; extern=0; dir=0; type=0; pingpong=0; private_global=0; IO mode=ap_none:ce=0
Port [ state_9_read]:  wired=1; compound=0; hidden=0; nouse=0; global=0; static=0; extern=0; dir=0; type=0; pingpong=0; private_global=0; IO mode=ap_none:ce=0
Port [ state_10_read]:  wired=1; compound=0; hidden=0; nouse=0; global=0; static=0; extern=0; dir=0; type=0; pingpong=0; private_global=0; IO mode=ap_none:ce=0
Port [ state_11_read]:  wired=1; compound=0; hidden=0; nouse=0; global=0; static=0; extern=0; dir=0; type=0; pingpong=0; private_global=0; IO mode=ap_none:ce=0
Port [ state_12_read]:  wired=1; compound=0; hidden=0; nouse=0; global=0; static=0; extern=0; dir=0; type=0; pingpong=0; private_global=0; IO mode=ap_none:ce=0
Port [ state_13_read]:  wired=1; compound=0; hidden=0; nouse=0; global=0; static=0; extern=0; dir=0; type=0; pingpong=0; private_global=0; IO mode=ap_none:ce=0
Port [ state_14_read]:  wired=1; compound=0; hidden=0; nouse=0; global=0; static=0; extern=0; dir=0; type=0; pingpong=0; private_global=0; IO mode=ap_none:ce=0
Port [ state_15_read]:  wired=1; compound=0; hidden=0; nouse=0; global=0; static=0; extern=0; dir=0; type=0; pingpong=0; private_global=0; IO mode=ap_none:ce=0
Port [ s_box]:  wired=0; compound=1; hidden=1; nouse=0; global=1; static=1; extern=0; dir=0; type=1; pingpong=0; private_global=0; linkage=7; visibility=0; MemPort=[1111111111111111]; IO mode=ap_memory:ce=0
---------------- STG Properties END ------------------

---------------- Datapath Model BEGIN ----------------

<LifeTime>
<method=bitvector/>
state_15_read_1 (read         ) [ 000]
state_14_read_1 (read         ) [ 000]
state_13_read_1 (read         ) [ 000]
state_12_read_1 (read         ) [ 000]
state_11_read_1 (read         ) [ 000]
state_10_read_1 (read         ) [ 000]
state_9_read_1  (read         ) [ 000]
state_8_read_1  (read         ) [ 000]
state_7_read_1  (read         ) [ 000]
state_6_read_1  (read         ) [ 000]
state_5_read_1  (read         ) [ 000]
state_4_read_1  (read         ) [ 000]
state_3_read_1  (read         ) [ 000]
state_2_read_1  (read         ) [ 000]
state_1_read_1  (read         ) [ 000]
state_0_read_1  (read         ) [ 000]
tmp_8           (zext         ) [ 000]
s_box_addr      (getelementptr) [ 011]
tmp_8_0_1       (zext         ) [ 000]
s_box_addr_1    (getelementptr) [ 011]
tmp_8_0_2       (zext         ) [ 000]
s_box_addr_2    (getelementptr) [ 011]
tmp_8_0_3       (zext         ) [ 000]
s_box_addr_3    (getelementptr) [ 011]
tmp_8_1         (zext         ) [ 000]
s_box_addr_4    (getelementptr) [ 011]
tmp_8_1_1       (zext         ) [ 000]
s_box_addr_5    (getelementptr) [ 011]
tmp_8_1_2       (zext         ) [ 000]
s_box_addr_6    (getelementptr) [ 011]
tmp_8_1_3       (zext         ) [ 000]
s_box_addr_7    (getelementptr) [ 011]
tmp_8_2         (zext         ) [ 000]
s_box_addr_8    (getelementptr) [ 011]
tmp_8_2_1       (zext         ) [ 000]
s_box_addr_9    (getelementptr) [ 011]
tmp_8_2_2       (zext         ) [ 000]
s_box_addr_10   (getelementptr) [ 011]
tmp_8_2_3       (zext         ) [ 000]
s_box_addr_11   (getelementptr) [ 011]
tmp_8_3         (zext         ) [ 000]
s_box_addr_12   (getelementptr) [ 011]
tmp_8_3_1       (zext         ) [ 000]
s_box_addr_13   (getelementptr) [ 011]
tmp_8_3_2       (zext         ) [ 000]
s_box_addr_14   (getelementptr) [ 011]
tmp_8_3_3       (zext         ) [ 000]
s_box_addr_15   (getelementptr) [ 011]
s_box_load      (load         ) [ 000]
s_box_load_1    (load         ) [ 000]
s_box_load_2    (load         ) [ 000]
s_box_load_3    (load         ) [ 000]
s_box_load_4    (load         ) [ 000]
s_box_load_5    (load         ) [ 000]
s_box_load_6    (load         ) [ 000]
s_box_load_7    (load         ) [ 000]
s_box_load_8    (load         ) [ 000]
s_box_load_9    (load         ) [ 000]
s_box_load_10   (load         ) [ 000]
s_box_load_11   (load         ) [ 000]
s_box_load_12   (load         ) [ 000]
s_box_load_13   (load         ) [ 000]
s_box_load_14   (load         ) [ 000]
s_box_load_15   (load         ) [ 000]
mrv             (insertvalue  ) [ 000]
mrv_1           (insertvalue  ) [ 000]
mrv_2           (insertvalue  ) [ 000]
mrv_3           (insertvalue  ) [ 000]
mrv_4           (insertvalue  ) [ 000]
mrv_5           (insertvalue  ) [ 000]
mrv_6           (insertvalue  ) [ 000]
mrv_7           (insertvalue  ) [ 000]
mrv_8           (insertvalue  ) [ 000]
mrv_9           (insertvalue  ) [ 000]
mrv_s           (insertvalue  ) [ 000]
mrv_10          (insertvalue  ) [ 000]
mrv_11          (insertvalue  ) [ 000]
mrv_12          (insertvalue  ) [ 000]
mrv_13          (insertvalue  ) [ 000]
mrv_14          (insertvalue  ) [ 000]
stg_99          (ret          ) [ 000]
</LifeTime>

<model>

<comp_list>
<comp id="0" class="1000" name="state_0_read">
<pin_list>
<pin id="1" dir="1" index="0" bw="1" slack="0"/>
</pin_list>
<bind>
<StgValue><ssdm name="state_0_read"/></StgValue>
</bind>
</comp>

<comp id="2" class="1000" name="state_1_read">
<pin_list>
<pin id="3" dir="1" index="0" bw="1" slack="0"/>
</pin_list>
<bind>
<StgValue><ssdm name="state_1_read"/></StgValue>
</bind>
</comp>

<comp id="4" class="1000" name="state_2_read">
<pin_list>
<pin id="5" dir="1" index="0" bw="1" slack="0"/>
</pin_list>
<bind>
<StgValue><ssdm name="state_2_read"/></StgValue>
</bind>
</comp>

<comp id="6" class="1000" name="state_3_read">
<pin_list>
<pin id="7" dir="1" index="0" bw="1" slack="0"/>
</pin_list>
<bind>
<StgValue><ssdm name="state_3_read"/></StgValue>
</bind>
</comp>

<comp id="8" class="1000" name="state_4_read">
<pin_list>
<pin id="9" dir="1" index="0" bw="1" slack="0"/>
</pin_list>
<bind>
<StgValue><ssdm name="state_4_read"/></StgValue>
</bind>
</comp>

<comp id="10" class="1000" name="state_5_read">
<pin_list>
<pin id="11" dir="1" index="0" bw="1" slack="0"/>
</pin_list>
<bind>
<StgValue><ssdm name="state_5_read"/></StgValue>
</bind>
</comp>

<comp id="12" class="1000" name="state_6_read">
<pin_list>
<pin id="13" dir="1" index="0" bw="1" slack="0"/>
</pin_list>
<bind>
<StgValue><ssdm name="state_6_read"/></StgValue>
</bind>
</comp>

<comp id="14" class="1000" name="state_7_read">
<pin_list>
<pin id="15" dir="1" index="0" bw="1" slack="0"/>
</pin_list>
<bind>
<StgValue><ssdm name="state_7_read"/></StgValue>
</bind>
</comp>

<comp id="16" class="1000" name="state_8_read">
<pin_list>
<pin id="17" dir="1" index="0" bw="1" slack="0"/>
</pin_list>
<bind>
<StgValue><ssdm name="state_8_read"/></StgValue>
</bind>
</comp>

<comp id="18" class="1000" name="state_9_read">
<pin_list>
<pin id="19" dir="1" index="0" bw="1" slack="0"/>
</pin_list>
<bind>
<StgValue><ssdm name="state_9_read"/></StgValue>
</bind>
</comp>

<comp id="20" class="1000" name="state_10_read">
<pin_list>
<pin id="21" dir="1" index="0" bw="1" slack="0"/>
</pin_list>
<bind>
<StgValue><ssdm name="state_10_read"/></StgValue>
</bind>
</comp>

<comp id="22" class="1000" name="state_11_read">
<pin_list>
<pin id="23" dir="1" index="0" bw="1" slack="0"/>
</pin_list>
<bind>
<StgValue><ssdm name="state_11_read"/></StgValue>
</bind>
</comp>

<comp id="24" class="1000" name="state_12_read">
<pin_list>
<pin id="25" dir="1" index="0" bw="1" slack="0"/>
</pin_list>
<bind>
<StgValue><ssdm name="state_12_read"/></StgValue>
</bind>
</comp>

<comp id="26" class="1000" name="state_13_read">
<pin_list>
<pin id="27" dir="1" index="0" bw="1" slack="0"/>
</pin_list>
<bind>
<StgValue><ssdm name="state_13_read"/></StgValue>
</bind>
</comp>

<comp id="28" class="1000" name="state_14_read">
<pin_list>
<pin id="29" dir="1" index="0" bw="1" slack="0"/>
</pin_list>
<bind>
<StgValue><ssdm name="state_14_read"/></StgValue>
</bind>
</comp>

<comp id="30" class="1000" name="state_15_read">
<pin_list>
<pin id="31" dir="1" index="0" bw="1" slack="0"/>
</pin_list>
<bind>
<StgValue><ssdm name="state_15_read"/></StgValue>
</bind>
</comp>

<comp id="32" class="1000" name="s_box">
<pin_list>
<pin id="33" dir="1" index="0" bw="1" slack="0"/>
</pin_list>
<bind>
<StgValue><ssdm name="s_box"/><MemPortTyVec>1 1 1 1 1 1 1 1 1 1 1 1 1 1 1 1 </MemPortTyVec>
</StgValue>
</bind>
</comp>

<comp id="34" class="1001" name="const_34">
<pin_list>
<pin id="35" dir="1" index="0" bw="1" slack="0"/>
</pin_list>
<bind>
<StgValue><ssdm name="_ssdm_op_Read.ap_auto.i8"/></StgValue>
</bind>
</comp>

<comp id="36" class="1001" name="const_36">
<pin_list>
<pin id="37" dir="1" index="0" bw="1" slack="0"/>
</pin_list>
<bind>
<StgValue><ssdm name=""/></StgValue>
</bind>
</comp>

<comp id="38" class="1001" name="const_38">
<pin_list>
<pin id="39" dir="1" index="0" bw="1" slack="0"/>
</pin_list>
<bind>
<StgValue><ssdm name=""/></StgValue>
</bind>
</comp>

<comp id="40" class="1004" name="state_15_read_1_read_fu_40">
<pin_list>
<pin id="41" dir="0" index="0" bw="8" slack="0"/>
<pin id="42" dir="0" index="1" bw="8" slack="0"/>
<pin id="43" dir="1" index="2" bw="8" slack="0"/>
</pin_list>
<bind>
<opcode="read(1150) " fcode="read"/>
<opset="state_15_read_1/1 "/>
</bind>
</comp>

<comp id="46" class="1004" name="state_14_read_1_read_fu_46">
<pin_list>
<pin id="47" dir="0" index="0" bw="8" slack="0"/>
<pin id="48" dir="0" index="1" bw="8" slack="0"/>
<pin id="49" dir="1" index="2" bw="8" slack="0"/>
</pin_list>
<bind>
<opcode="read(1150) " fcode="read"/>
<opset="state_14_read_1/1 "/>
</bind>
</comp>

<comp id="52" class="1004" name="state_13_read_1_read_fu_52">
<pin_list>
<pin id="53" dir="0" index="0" bw="8" slack="0"/>
<pin id="54" dir="0" index="1" bw="8" slack="0"/>
<pin id="55" dir="1" index="2" bw="8" slack="0"/>
</pin_list>
<bind>
<opcode="read(1150) " fcode="read"/>
<opset="state_13_read_1/1 "/>
</bind>
</comp>

<comp id="58" class="1004" name="state_12_read_1_read_fu_58">
<pin_list>
<pin id="59" dir="0" index="0" bw="8" slack="0"/>
<pin id="60" dir="0" index="1" bw="8" slack="0"/>
<pin id="61" dir="1" index="2" bw="8" slack="0"/>
</pin_list>
<bind>
<opcode="read(1150) " fcode="read"/>
<opset="state_12_read_1/1 "/>
</bind>
</comp>

<comp id="64" class="1004" name="state_11_read_1_read_fu_64">
<pin_list>
<pin id="65" dir="0" index="0" bw="8" slack="0"/>
<pin id="66" dir="0" index="1" bw="8" slack="0"/>
<pin id="67" dir="1" index="2" bw="8" slack="0"/>
</pin_list>
<bind>
<opcode="read(1150) " fcode="read"/>
<opset="state_11_read_1/1 "/>
</bind>
</comp>

<comp id="70" class="1004" name="state_10_read_1_read_fu_70">
<pin_list>
<pin id="71" dir="0" index="0" bw="8" slack="0"/>
<pin id="72" dir="0" index="1" bw="8" slack="0"/>
<pin id="73" dir="1" index="2" bw="8" slack="0"/>
</pin_list>
<bind>
<opcode="read(1150) " fcode="read"/>
<opset="state_10_read_1/1 "/>
</bind>
</comp>

<comp id="76" class="1004" name="state_9_read_1_read_fu_76">
<pin_list>
<pin id="77" dir="0" index="0" bw="8" slack="0"/>
<pin id="78" dir="0" index="1" bw="8" slack="0"/>
<pin id="79" dir="1" index="2" bw="8" slack="0"/>
</pin_list>
<bind>
<opcode="read(1150) " fcode="read"/>
<opset="state_9_read_1/1 "/>
</bind>
</comp>

<comp id="82" class="1004" name="state_8_read_1_read_fu_82">
<pin_list>
<pin id="83" dir="0" index="0" bw="8" slack="0"/>
<pin id="84" dir="0" index="1" bw="8" slack="0"/>
<pin id="85" dir="1" index="2" bw="8" slack="0"/>
</pin_list>
<bind>
<opcode="read(1150) " fcode="read"/>
<opset="state_8_read_1/1 "/>
</bind>
</comp>

<comp id="88" class="1004" name="state_7_read_1_read_fu_88">
<pin_list>
<pin id="89" dir="0" index="0" bw="8" slack="0"/>
<pin id="90" dir="0" index="1" bw="8" slack="0"/>
<pin id="91" dir="1" index="2" bw="8" slack="0"/>
</pin_list>
<bind>
<opcode="read(1150) " fcode="read"/>
<opset="state_7_read_1/1 "/>
</bind>
</comp>

<comp id="94" class="1004" name="state_6_read_1_read_fu_94">
<pin_list>
<pin id="95" dir="0" index="0" bw="8" slack="0"/>
<pin id="96" dir="0" index="1" bw="8" slack="0"/>
<pin id="97" dir="1" index="2" bw="8" slack="0"/>
</pin_list>
<bind>
<opcode="read(1150) " fcode="read"/>
<opset="state_6_read_1/1 "/>
</bind>
</comp>

<comp id="100" class="1004" name="state_5_read_1_read_fu_100">
<pin_list>
<pin id="101" dir="0" index="0" bw="8" slack="0"/>
<pin id="102" dir="0" index="1" bw="8" slack="0"/>
<pin id="103" dir="1" index="2" bw="8" slack="0"/>
</pin_list>
<bind>
<opcode="read(1150) " fcode="read"/>
<opset="state_5_read_1/1 "/>
</bind>
</comp>

<comp id="106" class="1004" name="state_4_read_1_read_fu_106">
<pin_list>
<pin id="107" dir="0" index="0" bw="8" slack="0"/>
<pin id="108" dir="0" index="1" bw="8" slack="0"/>
<pin id="109" dir="1" index="2" bw="8" slack="0"/>
</pin_list>
<bind>
<opcode="read(1150) " fcode="read"/>
<opset="state_4_read_1/1 "/>
</bind>
</comp>

<comp id="112" class="1004" name="state_3_read_1_read_fu_112">
<pin_list>
<pin id="113" dir="0" index="0" bw="8" slack="0"/>
<pin id="114" dir="0" index="1" bw="8" slack="0"/>
<pin id="115" dir="1" index="2" bw="8" slack="0"/>
</pin_list>
<bind>
<opcode="read(1150) " fcode="read"/>
<opset="state_3_read_1/1 "/>
</bind>
</comp>

<comp id="118" class="1004" name="state_2_read_1_read_fu_118">
<pin_list>
<pin id="119" dir="0" index="0" bw="8" slack="0"/>
<pin id="120" dir="0" index="1" bw="8" slack="0"/>
<pin id="121" dir="1" index="2" bw="8" slack="0"/>
</pin_list>
<bind>
<opcode="read(1150) " fcode="read"/>
<opset="state_2_read_1/1 "/>
</bind>
</comp>

<comp id="124" class="1004" name="state_1_read_1_read_fu_124">
<pin_list>
<pin id="125" dir="0" index="0" bw="8" slack="0"/>
<pin id="126" dir="0" index="1" bw="8" slack="0"/>
<pin id="127" dir="1" index="2" bw="8" slack="0"/>
</pin_list>
<bind>
<opcode="read(1150) " fcode="read"/>
<opset="state_1_read_1/1 "/>
</bind>
</comp>

<comp id="130" class="1004" name="state_0_read_1_read_fu_130">
<pin_list>
<pin id="131" dir="0" index="0" bw="8" slack="0"/>
<pin id="132" dir="0" index="1" bw="8" slack="0"/>
<pin id="133" dir="1" index="2" bw="8" slack="0"/>
</pin_list>
<bind>
<opcode="read(1150) " fcode="read"/>
<opset="state_0_read_1/1 "/>
</bind>
</comp>

<comp id="136" class="1004" name="s_box_addr_gep_fu_136">
<pin_list>
<pin id="137" dir="0" index="0" bw="8" slack="0"/>
<pin id="138" dir="0" index="1" bw="1" slack="0"/>
<pin id="139" dir="0" index="2" bw="8" slack="0"/>
<pin id="140" dir="1" index="3" bw="8" slack="0"/>
</pin_list>
<bind>
<opcode="getelementptr(29) " fcode="getelementptr"/>
<opset="s_box_addr/1 "/>
</bind>
</comp>

<comp id="143" class="1004" name="grp_access_fu_143">
<pin_list>
<pin id="144" dir="0" index="0" bw="8" slack="0"/>
<pin id="145" dir="0" index="1" bw="8" slack="2147483647"/>
<pin id="155" dir="0" index="3" bw="8" slack="0"/>
<pin id="156" dir="0" index="4" bw="8" slack="2147483647"/>
<pin id="166" dir="0" index="6" bw="8" slack="0"/>
<pin id="167" dir="0" index="7" bw="8" slack="2147483647"/>
<pin id="177" dir="0" index="9" bw="8" slack="0"/>
<pin id="178" dir="0" index="10" bw="8" slack="2147483647"/>
<pin id="188" dir="0" index="12" bw="8" slack="0"/>
<pin id="189" dir="0" index="13" bw="8" slack="2147483647"/>
<pin id="199" dir="0" index="15" bw="8" slack="0"/>
<pin id="200" dir="0" index="16" bw="8" slack="2147483647"/>
<pin id="210" dir="0" index="18" bw="8" slack="0"/>
<pin id="211" dir="0" index="19" bw="8" slack="2147483647"/>
<pin id="221" dir="0" index="21" bw="8" slack="0"/>
<pin id="222" dir="0" index="22" bw="8" slack="2147483647"/>
<pin id="232" dir="0" index="24" bw="8" slack="0"/>
<pin id="233" dir="0" index="25" bw="8" slack="2147483647"/>
<pin id="243" dir="0" index="27" bw="8" slack="0"/>
<pin id="244" dir="0" index="28" bw="8" slack="2147483647"/>
<pin id="254" dir="0" index="30" bw="8" slack="0"/>
<pin id="255" dir="0" index="31" bw="8" slack="2147483647"/>
<pin id="265" dir="0" index="33" bw="8" slack="0"/>
<pin id="266" dir="0" index="34" bw="8" slack="2147483647"/>
<pin id="276" dir="0" index="36" bw="8" slack="0"/>
<pin id="277" dir="0" index="37" bw="8" slack="2147483647"/>
<pin id="287" dir="0" index="39" bw="8" slack="0"/>
<pin id="288" dir="0" index="40" bw="8" slack="2147483647"/>
<pin id="298" dir="0" index="42" bw="8" slack="0"/>
<pin id="299" dir="0" index="43" bw="8" slack="2147483647"/>
<pin id="309" dir="0" index="45" bw="8" slack="0"/>
<pin id="310" dir="0" index="46" bw="8" slack="2147483647"/>
<pin id="146" dir="1" index="2" bw="8" slack="0"/>
<pin id="157" dir="1" index="5" bw="8" slack="0"/>
<pin id="168" dir="1" index="8" bw="8" slack="0"/>
<pin id="179" dir="1" index="11" bw="8" slack="0"/>
<pin id="190" dir="1" index="14" bw="8" slack="0"/>
<pin id="201" dir="1" index="17" bw="8" slack="0"/>
<pin id="212" dir="1" index="20" bw="8" slack="0"/>
<pin id="223" dir="1" index="23" bw="8" slack="0"/>
<pin id="234" dir="1" index="26" bw="8" slack="0"/>
<pin id="245" dir="1" index="29" bw="8" slack="0"/>
<pin id="256" dir="1" index="32" bw="8" slack="0"/>
<pin id="267" dir="1" index="35" bw="8" slack="0"/>
<pin id="278" dir="1" index="38" bw="8" slack="0"/>
<pin id="289" dir="1" index="41" bw="8" slack="0"/>
<pin id="300" dir="1" index="44" bw="8" slack="0"/>
<pin id="311" dir="1" index="47" bw="8" slack="0"/>
</pin_list>
<bind>
<opcode="load(27) " fcode="load"/>
<opset="s_box_load/1 s_box_load_1/1 s_box_load_2/1 s_box_load_3/1 s_box_load_4/1 s_box_load_5/1 s_box_load_6/1 s_box_load_7/1 s_box_load_8/1 s_box_load_9/1 s_box_load_10/1 s_box_load_11/1 s_box_load_12/1 s_box_load_13/1 s_box_load_14/1 s_box_load_15/1 "/>
</bind>
</comp>

<comp id="148" class="1004" name="s_box_addr_1_gep_fu_148">
<pin_list>
<pin id="149" dir="0" index="0" bw="8" slack="0"/>
<pin id="150" dir="0" index="1" bw="1" slack="0"/>
<pin id="151" dir="0" index="2" bw="8" slack="0"/>
<pin id="152" dir="1" index="3" bw="8" slack="0"/>
</pin_list>
<bind>
<opcode="getelementptr(29) " fcode="getelementptr"/>
<opset="s_box_addr_1/1 "/>
</bind>
</comp>

<comp id="159" class="1004" name="s_box_addr_2_gep_fu_159">
<pin_list>
<pin id="160" dir="0" index="0" bw="8" slack="0"/>
<pin id="161" dir="0" index="1" bw="1" slack="0"/>
<pin id="162" dir="0" index="2" bw="8" slack="0"/>
<pin id="163" dir="1" index="3" bw="8" slack="0"/>
</pin_list>
<bind>
<opcode="getelementptr(29) " fcode="getelementptr"/>
<opset="s_box_addr_2/1 "/>
</bind>
</comp>

<comp id="170" class="1004" name="s_box_addr_3_gep_fu_170">
<pin_list>
<pin id="171" dir="0" index="0" bw="8" slack="0"/>
<pin id="172" dir="0" index="1" bw="1" slack="0"/>
<pin id="173" dir="0" index="2" bw="8" slack="0"/>
<pin id="174" dir="1" index="3" bw="8" slack="0"/>
</pin_list>
<bind>
<opcode="getelementptr(29) " fcode="getelementptr"/>
<opset="s_box_addr_3/1 "/>
</bind>
</comp>

<comp id="181" class="1004" name="s_box_addr_4_gep_fu_181">
<pin_list>
<pin id="182" dir="0" index="0" bw="8" slack="0"/>
<pin id="183" dir="0" index="1" bw="1" slack="0"/>
<pin id="184" dir="0" index="2" bw="8" slack="0"/>
<pin id="185" dir="1" index="3" bw="8" slack="0"/>
</pin_list>
<bind>
<opcode="getelementptr(29) " fcode="getelementptr"/>
<opset="s_box_addr_4/1 "/>
</bind>
</comp>

<comp id="192" class="1004" name="s_box_addr_5_gep_fu_192">
<pin_list>
<pin id="193" dir="0" index="0" bw="8" slack="0"/>
<pin id="194" dir="0" index="1" bw="1" slack="0"/>
<pin id="195" dir="0" index="2" bw="8" slack="0"/>
<pin id="196" dir="1" index="3" bw="8" slack="0"/>
</pin_list>
<bind>
<opcode="getelementptr(29) " fcode="getelementptr"/>
<opset="s_box_addr_5/1 "/>
</bind>
</comp>

<comp id="203" class="1004" name="s_box_addr_6_gep_fu_203">
<pin_list>
<pin id="204" dir="0" index="0" bw="8" slack="0"/>
<pin id="205" dir="0" index="1" bw="1" slack="0"/>
<pin id="206" dir="0" index="2" bw="8" slack="0"/>
<pin id="207" dir="1" index="3" bw="8" slack="0"/>
</pin_list>
<bind>
<opcode="getelementptr(29) " fcode="getelementptr"/>
<opset="s_box_addr_6/1 "/>
</bind>
</comp>

<comp id="214" class="1004" name="s_box_addr_7_gep_fu_214">
<pin_list>
<pin id="215" dir="0" index="0" bw="8" slack="0"/>
<pin id="216" dir="0" index="1" bw="1" slack="0"/>
<pin id="217" dir="0" index="2" bw="8" slack="0"/>
<pin id="218" dir="1" index="3" bw="8" slack="0"/>
</pin_list>
<bind>
<opcode="getelementptr(29) " fcode="getelementptr"/>
<opset="s_box_addr_7/1 "/>
</bind>
</comp>

<comp id="225" class="1004" name="s_box_addr_8_gep_fu_225">
<pin_list>
<pin id="226" dir="0" index="0" bw="8" slack="0"/>
<pin id="227" dir="0" index="1" bw="1" slack="0"/>
<pin id="228" dir="0" index="2" bw="8" slack="0"/>
<pin id="229" dir="1" index="3" bw="8" slack="0"/>
</pin_list>
<bind>
<opcode="getelementptr(29) " fcode="getelementptr"/>
<opset="s_box_addr_8/1 "/>
</bind>
</comp>

<comp id="236" class="1004" name="s_box_addr_9_gep_fu_236">
<pin_list>
<pin id="237" dir="0" index="0" bw="8" slack="0"/>
<pin id="238" dir="0" index="1" bw="1" slack="0"/>
<pin id="239" dir="0" index="2" bw="8" slack="0"/>
<pin id="240" dir="1" index="3" bw="8" slack="0"/>
</pin_list>
<bind>
<opcode="getelementptr(29) " fcode="getelementptr"/>
<opset="s_box_addr_9/1 "/>
</bind>
</comp>

<comp id="247" class="1004" name="s_box_addr_10_gep_fu_247">
<pin_list>
<pin id="248" dir="0" index="0" bw="8" slack="0"/>
<pin id="249" dir="0" index="1" bw="1" slack="0"/>
<pin id="250" dir="0" index="2" bw="8" slack="0"/>
<pin id="251" dir="1" index="3" bw="8" slack="0"/>
</pin_list>
<bind>
<opcode="getelementptr(29) " fcode="getelementptr"/>
<opset="s_box_addr_10/1 "/>
</bind>
</comp>

<comp id="258" class="1004" name="s_box_addr_11_gep_fu_258">
<pin_list>
<pin id="259" dir="0" index="0" bw="8" slack="0"/>
<pin id="260" dir="0" index="1" bw="1" slack="0"/>
<pin id="261" dir="0" index="2" bw="8" slack="0"/>
<pin id="262" dir="1" index="3" bw="8" slack="0"/>
</pin_list>
<bind>
<opcode="getelementptr(29) " fcode="getelementptr"/>
<opset="s_box_addr_11/1 "/>
</bind>
</comp>

<comp id="269" class="1004" name="s_box_addr_12_gep_fu_269">
<pin_list>
<pin id="270" dir="0" index="0" bw="8" slack="0"/>
<pin id="271" dir="0" index="1" bw="1" slack="0"/>
<pin id="272" dir="0" index="2" bw="8" slack="0"/>
<pin id="273" dir="1" index="3" bw="8" slack="0"/>
</pin_list>
<bind>
<opcode="getelementptr(29) " fcode="getelementptr"/>
<opset="s_box_addr_12/1 "/>
</bind>
</comp>

<comp id="280" class="1004" name="s_box_addr_13_gep_fu_280">
<pin_list>
<pin id="281" dir="0" index="0" bw="8" slack="0"/>
<pin id="282" dir="0" index="1" bw="1" slack="0"/>
<pin id="283" dir="0" index="2" bw="8" slack="0"/>
<pin id="284" dir="1" index="3" bw="8" slack="0"/>
</pin_list>
<bind>
<opcode="getelementptr(29) " fcode="getelementptr"/>
<opset="s_box_addr_13/1 "/>
</bind>
</comp>

<comp id="291" class="1004" name="s_box_addr_14_gep_fu_291">
<pin_list>
<pin id="292" dir="0" index="0" bw="8" slack="0"/>
<pin id="293" dir="0" index="1" bw="1" slack="0"/>
<pin id="294" dir="0" index="2" bw="8" slack="0"/>
<pin id="295" dir="1" index="3" bw="8" slack="0"/>
</pin_list>
<bind>
<opcode="getelementptr(29) " fcode="getelementptr"/>
<opset="s_box_addr_14/1 "/>
</bind>
</comp>

<comp id="302" class="1004" name="s_box_addr_15_gep_fu_302">
<pin_list>
<pin id="303" dir="0" index="0" bw="8" slack="0"/>
<pin id="304" dir="0" index="1" bw="1" slack="0"/>
<pin id="305" dir="0" index="2" bw="8" slack="0"/>
<pin id="306" dir="1" index="3" bw="8" slack="0"/>
</pin_list>
<bind>
<opcode="getelementptr(29) " fcode="getelementptr"/>
<opset="s_box_addr_15/1 "/>
</bind>
</comp>

<comp id="313" class="1004" name="tmp_8_fu_313">
<pin_list>
<pin id="314" dir="0" index="0" bw="8" slack="0"/>
<pin id="315" dir="1" index="1" bw="64" slack="0"/>
</pin_list>
<bind>
<opcode="zext(34) " fcode="zext"/>
<opset="tmp_8/1 "/>
</bind>
</comp>

<comp id="318" class="1004" name="tmp_8_0_1_fu_318">
<pin_list>
<pin id="319" dir="0" index="0" bw="8" slack="0"/>
<pin id="320" dir="1" index="1" bw="64" slack="0"/>
</pin_list>
<bind>
<opcode="zext(34) " fcode="zext"/>
<opset="tmp_8_0_1/1 "/>
</bind>
</comp>

<comp id="323" class="1004" name="tmp_8_0_2_fu_323">
<pin_list>
<pin id="324" dir="0" index="0" bw="8" slack="0"/>
<pin id="325" dir="1" index="1" bw="64" slack="0"/>
</pin_list>
<bind>
<opcode="zext(34) " fcode="zext"/>
<opset="tmp_8_0_2/1 "/>
</bind>
</comp>

<comp id="328" class="1004" name="tmp_8_0_3_fu_328">
<pin_list>
<pin id="329" dir="0" index="0" bw="8" slack="0"/>
<pin id="330" dir="1" index="1" bw="64" slack="0"/>
</pin_list>
<bind>
<opcode="zext(34) " fcode="zext"/>
<opset="tmp_8_0_3/1 "/>
</bind>
</comp>

<comp id="333" class="1004" name="tmp_8_1_fu_333">
<pin_list>
<pin id="334" dir="0" index="0" bw="8" slack="0"/>
<pin id="335" dir="1" index="1" bw="64" slack="0"/>
</pin_list>
<bind>
<opcode="zext(34) " fcode="zext"/>
<opset="tmp_8_1/1 "/>
</bind>
</comp>

<comp id="338" class="1004" name="tmp_8_1_1_fu_338">
<pin_list>
<pin id="339" dir="0" index="0" bw="8" slack="0"/>
<pin id="340" dir="1" index="1" bw="64" slack="0"/>
</pin_list>
<bind>
<opcode="zext(34) " fcode="zext"/>
<opset="tmp_8_1_1/1 "/>
</bind>
</comp>

<comp id="343" class="1004" name="tmp_8_1_2_fu_343">
<pin_list>
<pin id="344" dir="0" index="0" bw="8" slack="0"/>
<pin id="345" dir="1" index="1" bw="64" slack="0"/>
</pin_list>
<bind>
<opcode="zext(34) " fcode="zext"/>
<opset="tmp_8_1_2/1 "/>
</bind>
</comp>

<comp id="348" class="1004" name="tmp_8_1_3_fu_348">
<pin_list>
<pin id="349" dir="0" index="0" bw="8" slack="0"/>
<pin id="350" dir="1" index="1" bw="64" slack="0"/>
</pin_list>
<bind>
<opcode="zext(34) " fcode="zext"/>
<opset="tmp_8_1_3/1 "/>
</bind>
</comp>

<comp id="353" class="1004" name="tmp_8_2_fu_353">
<pin_list>
<pin id="354" dir="0" index="0" bw="8" slack="0"/>
<pin id="355" dir="1" index="1" bw="64" slack="0"/>
</pin_list>
<bind>
<opcode="zext(34) " fcode="zext"/>
<opset="tmp_8_2/1 "/>
</bind>
</comp>

<comp id="358" class="1004" name="tmp_8_2_1_fu_358">
<pin_list>
<pin id="359" dir="0" index="0" bw="8" slack="0"/>
<pin id="360" dir="1" index="1" bw="64" slack="0"/>
</pin_list>
<bind>
<opcode="zext(34) " fcode="zext"/>
<opset="tmp_8_2_1/1 "/>
</bind>
</comp>

<comp id="363" class="1004" name="tmp_8_2_2_fu_363">
<pin_list>
<pin id="364" dir="0" index="0" bw="8" slack="0"/>
<pin id="365" dir="1" index="1" bw="64" slack="0"/>
</pin_list>
<bind>
<opcode="zext(34) " fcode="zext"/>
<opset="tmp_8_2_2/1 "/>
</bind>
</comp>

<comp id="368" class="1004" name="tmp_8_2_3_fu_368">
<pin_list>
<pin id="369" dir="0" index="0" bw="8" slack="0"/>
<pin id="370" dir="1" index="1" bw="64" slack="0"/>
</pin_list>
<bind>
<opcode="zext(34) " fcode="zext"/>
<opset="tmp_8_2_3/1 "/>
</bind>
</comp>

<comp id="373" class="1004" name="tmp_8_3_fu_373">
<pin_list>
<pin id="374" dir="0" index="0" bw="8" slack="0"/>
<pin id="375" dir="1" index="1" bw="64" slack="0"/>
</pin_list>
<bind>
<opcode="zext(34) " fcode="zext"/>
<opset="tmp_8_3/1 "/>
</bind>
</comp>

<comp id="378" class="1004" name="tmp_8_3_1_fu_378">
<pin_list>
<pin id="379" dir="0" index="0" bw="8" slack="0"/>
<pin id="380" dir="1" index="1" bw="64" slack="0"/>
</pin_list>
<bind>
<opcode="zext(34) " fcode="zext"/>
<opset="tmp_8_3_1/1 "/>
</bind>
</comp>

<comp id="383" class="1004" name="tmp_8_3_2_fu_383">
<pin_list>
<pin id="384" dir="0" index="0" bw="8" slack="0"/>
<pin id="385" dir="1" index="1" bw="64" slack="0"/>
</pin_list>
<bind>
<opcode="zext(34) " fcode="zext"/>
<opset="tmp_8_3_2/1 "/>
</bind>
</comp>

<comp id="388" class="1004" name="tmp_8_3_3_fu_388">
<pin_list>
<pin id="389" dir="0" index="0" bw="8" slack="0"/>
<pin id="390" dir="1" index="1" bw="64" slack="0"/>
</pin_list>
<bind>
<opcode="zext(34) " fcode="zext"/>
<opset="tmp_8_3_3/1 "/>
</bind>
</comp>

<comp id="393" class="1004" name="mrv_fu_393">
<pin_list>
<pin id="394" dir="0" index="0" bw="128" slack="0"/>
<pin id="395" dir="0" index="1" bw="8" slack="0"/>
<pin id="396" dir="1" index="2" bw="128" slack="0"/>
</pin_list>
<bind>
<opcode="insertvalue(57) " fcode="insertvalue"/>
<opset="mrv/2 "/>
</bind>
</comp>

<comp id="399" class="1004" name="mrv_1_fu_399">
<pin_list>
<pin id="400" dir="0" index="0" bw="128" slack="0"/>
<pin id="401" dir="0" index="1" bw="8" slack="0"/>
<pin id="402" dir="1" index="2" bw="128" slack="0"/>
</pin_list>
<bind>
<opcode="insertvalue(57) " fcode="insertvalue"/>
<opset="mrv_1/2 "/>
</bind>
</comp>

<comp id="405" class="1004" name="mrv_2_fu_405">
<pin_list>
<pin id="406" dir="0" index="0" bw="128" slack="0"/>
<pin id="407" dir="0" index="1" bw="8" slack="0"/>
<pin id="408" dir="1" index="2" bw="128" slack="0"/>
</pin_list>
<bind>
<opcode="insertvalue(57) " fcode="insertvalue"/>
<opset="mrv_2/2 "/>
</bind>
</comp>

<comp id="411" class="1004" name="mrv_3_fu_411">
<pin_list>
<pin id="412" dir="0" index="0" bw="128" slack="0"/>
<pin id="413" dir="0" index="1" bw="8" slack="0"/>
<pin id="414" dir="1" index="2" bw="128" slack="0"/>
</pin_list>
<bind>
<opcode="insertvalue(57) " fcode="insertvalue"/>
<opset="mrv_3/2 "/>
</bind>
</comp>

<comp id="417" class="1004" name="mrv_4_fu_417">
<pin_list>
<pin id="418" dir="0" index="0" bw="128" slack="0"/>
<pin id="419" dir="0" index="1" bw="8" slack="0"/>
<pin id="420" dir="1" index="2" bw="128" slack="0"/>
</pin_list>
<bind>
<opcode="insertvalue(57) " fcode="insertvalue"/>
<opset="mrv_4/2 "/>
</bind>
</comp>

<comp id="423" class="1004" name="mrv_5_fu_423">
<pin_list>
<pin id="424" dir="0" index="0" bw="128" slack="0"/>
<pin id="425" dir="0" index="1" bw="8" slack="0"/>
<pin id="426" dir="1" index="2" bw="128" slack="0"/>
</pin_list>
<bind>
<opcode="insertvalue(57) " fcode="insertvalue"/>
<opset="mrv_5/2 "/>
</bind>
</comp>

<comp id="429" class="1004" name="mrv_6_fu_429">
<pin_list>
<pin id="430" dir="0" index="0" bw="128" slack="0"/>
<pin id="431" dir="0" index="1" bw="8" slack="0"/>
<pin id="432" dir="1" index="2" bw="128" slack="0"/>
</pin_list>
<bind>
<opcode="insertvalue(57) " fcode="insertvalue"/>
<opset="mrv_6/2 "/>
</bind>
</comp>

<comp id="435" class="1004" name="mrv_7_fu_435">
<pin_list>
<pin id="436" dir="0" index="0" bw="128" slack="0"/>
<pin id="437" dir="0" index="1" bw="8" slack="0"/>
<pin id="438" dir="1" index="2" bw="128" slack="0"/>
</pin_list>
<bind>
<opcode="insertvalue(57) " fcode="insertvalue"/>
<opset="mrv_7/2 "/>
</bind>
</comp>

<comp id="441" class="1004" name="mrv_8_fu_441">
<pin_list>
<pin id="442" dir="0" index="0" bw="128" slack="0"/>
<pin id="443" dir="0" index="1" bw="8" slack="0"/>
<pin id="444" dir="1" index="2" bw="128" slack="0"/>
</pin_list>
<bind>
<opcode="insertvalue(57) " fcode="insertvalue"/>
<opset="mrv_8/2 "/>
</bind>
</comp>

<comp id="447" class="1004" name="mrv_9_fu_447">
<pin_list>
<pin id="448" dir="0" index="0" bw="128" slack="0"/>
<pin id="449" dir="0" index="1" bw="8" slack="0"/>
<pin id="450" dir="1" index="2" bw="128" slack="0"/>
</pin_list>
<bind>
<opcode="insertvalue(57) " fcode="insertvalue"/>
<opset="mrv_9/2 "/>
</bind>
</comp>

<comp id="453" class="1004" name="mrv_s_fu_453">
<pin_list>
<pin id="454" dir="0" index="0" bw="128" slack="0"/>
<pin id="455" dir="0" index="1" bw="8" slack="0"/>
<pin id="456" dir="1" index="2" bw="128" slack="0"/>
</pin_list>
<bind>
<opcode="insertvalue(57) " fcode="insertvalue"/>
<opset="mrv_s/2 "/>
</bind>
</comp>

<comp id="459" class="1004" name="mrv_10_fu_459">
<pin_list>
<pin id="460" dir="0" index="0" bw="128" slack="0"/>
<pin id="461" dir="0" index="1" bw="8" slack="0"/>
<pin id="462" dir="1" index="2" bw="128" slack="0"/>
</pin_list>
<bind>
<opcode="insertvalue(57) " fcode="insertvalue"/>
<opset="mrv_10/2 "/>
</bind>
</comp>

<comp id="465" class="1004" name="mrv_11_fu_465">
<pin_list>
<pin id="466" dir="0" index="0" bw="128" slack="0"/>
<pin id="467" dir="0" index="1" bw="8" slack="0"/>
<pin id="468" dir="1" index="2" bw="128" slack="0"/>
</pin_list>
<bind>
<opcode="insertvalue(57) " fcode="insertvalue"/>
<opset="mrv_11/2 "/>
</bind>
</comp>

<comp id="471" class="1004" name="mrv_12_fu_471">
<pin_list>
<pin id="472" dir="0" index="0" bw="128" slack="0"/>
<pin id="473" dir="0" index="1" bw="8" slack="0"/>
<pin id="474" dir="1" index="2" bw="128" slack="0"/>
</pin_list>
<bind>
<opcode="insertvalue(57) " fcode="insertvalue"/>
<opset="mrv_12/2 "/>
</bind>
</comp>

<comp id="477" class="1004" name="mrv_13_fu_477">
<pin_list>
<pin id="478" dir="0" index="0" bw="128" slack="0"/>
<pin id="479" dir="0" index="1" bw="8" slack="0"/>
<pin id="480" dir="1" index="2" bw="128" slack="0"/>
</pin_list>
<bind>
<opcode="insertvalue(57) " fcode="insertvalue"/>
<opset="mrv_13/2 "/>
</bind>
</comp>

<comp id="483" class="1004" name="mrv_14_fu_483">
<pin_list>
<pin id="484" dir="0" index="0" bw="128" slack="0"/>
<pin id="485" dir="0" index="1" bw="8" slack="0"/>
<pin id="486" dir="1" index="2" bw="128" slack="2147483647"/>
</pin_list>
<bind>
<opcode="insertvalue(57) " fcode="insertvalue"/>
<opset="mrv_14/2 "/>
</bind>
</comp>

<comp id="489" class="1005" name="s_box_addr_reg_489">
<pin_list>
<pin id="490" dir="0" index="0" bw="8" slack="1"/>
<pin id="491" dir="1" index="1" bw="8" slack="1"/>
</pin_list>
<bind>
<opset="s_box_addr "/>
</bind>
</comp>

<comp id="494" class="1005" name="s_box_addr_1_reg_494">
<pin_list>
<pin id="495" dir="0" index="0" bw="8" slack="1"/>
<pin id="496" dir="1" index="1" bw="8" slack="1"/>
</pin_list>
<bind>
<opset="s_box_addr_1 "/>
</bind>
</comp>

<comp id="499" class="1005" name="s_box_addr_2_reg_499">
<pin_list>
<pin id="500" dir="0" index="0" bw="8" slack="1"/>
<pin id="501" dir="1" index="1" bw="8" slack="1"/>
</pin_list>
<bind>
<opset="s_box_addr_2 "/>
</bind>
</comp>

<comp id="504" class="1005" name="s_box_addr_3_reg_504">
<pin_list>
<pin id="505" dir="0" index="0" bw="8" slack="1"/>
<pin id="506" dir="1" index="1" bw="8" slack="1"/>
</pin_list>
<bind>
<opset="s_box_addr_3 "/>
</bind>
</comp>

<comp id="509" class="1005" name="s_box_addr_4_reg_509">
<pin_list>
<pin id="510" dir="0" index="0" bw="8" slack="1"/>
<pin id="511" dir="1" index="1" bw="8" slack="1"/>
</pin_list>
<bind>
<opset="s_box_addr_4 "/>
</bind>
</comp>

<comp id="514" class="1005" name="s_box_addr_5_reg_514">
<pin_list>
<pin id="515" dir="0" index="0" bw="8" slack="1"/>
<pin id="516" dir="1" index="1" bw="8" slack="1"/>
</pin_list>
<bind>
<opset="s_box_addr_5 "/>
</bind>
</comp>

<comp id="519" class="1005" name="s_box_addr_6_reg_519">
<pin_list>
<pin id="520" dir="0" index="0" bw="8" slack="1"/>
<pin id="521" dir="1" index="1" bw="8" slack="1"/>
</pin_list>
<bind>
<opset="s_box_addr_6 "/>
</bind>
</comp>

<comp id="524" class="1005" name="s_box_addr_7_reg_524">
<pin_list>
<pin id="525" dir="0" index="0" bw="8" slack="1"/>
<pin id="526" dir="1" index="1" bw="8" slack="1"/>
</pin_list>
<bind>
<opset="s_box_addr_7 "/>
</bind>
</comp>

<comp id="529" class="1005" name="s_box_addr_8_reg_529">
<pin_list>
<pin id="530" dir="0" index="0" bw="8" slack="1"/>
<pin id="531" dir="1" index="1" bw="8" slack="1"/>
</pin_list>
<bind>
<opset="s_box_addr_8 "/>
</bind>
</comp>

<comp id="534" class="1005" name="s_box_addr_9_reg_534">
<pin_list>
<pin id="535" dir="0" index="0" bw="8" slack="1"/>
<pin id="536" dir="1" index="1" bw="8" slack="1"/>
</pin_list>
<bind>
<opset="s_box_addr_9 "/>
</bind>
</comp>

<comp id="539" class="1005" name="s_box_addr_10_reg_539">
<pin_list>
<pin id="540" dir="0" index="0" bw="8" slack="1"/>
<pin id="541" dir="1" index="1" bw="8" slack="1"/>
</pin_list>
<bind>
<opset="s_box_addr_10 "/>
</bind>
</comp>

<comp id="544" class="1005" name="s_box_addr_11_reg_544">
<pin_list>
<pin id="545" dir="0" index="0" bw="8" slack="1"/>
<pin id="546" dir="1" index="1" bw="8" slack="1"/>
</pin_list>
<bind>
<opset="s_box_addr_11 "/>
</bind>
</comp>

<comp id="549" class="1005" name="s_box_addr_12_reg_549">
<pin_list>
<pin id="550" dir="0" index="0" bw="8" slack="1"/>
<pin id="551" dir="1" index="1" bw="8" slack="1"/>
</pin_list>
<bind>
<opset="s_box_addr_12 "/>
</bind>
</comp>

<comp id="554" class="1005" name="s_box_addr_13_reg_554">
<pin_list>
<pin id="555" dir="0" index="0" bw="8" slack="1"/>
<pin id="556" dir="1" index="1" bw="8" slack="1"/>
</pin_list>
<bind>
<opset="s_box_addr_13 "/>
</bind>
</comp>

<comp id="559" class="1005" name="s_box_addr_14_reg_559">
<pin_list>
<pin id="560" dir="0" index="0" bw="8" slack="1"/>
<pin id="561" dir="1" index="1" bw="8" slack="1"/>
</pin_list>
<bind>
<opset="s_box_addr_14 "/>
</bind>
</comp>

<comp id="564" class="1005" name="s_box_addr_15_reg_564">
<pin_list>
<pin id="565" dir="0" index="0" bw="8" slack="1"/>
<pin id="566" dir="1" index="1" bw="8" slack="1"/>
</pin_list>
<bind>
<opset="s_box_addr_15 "/>
</bind>
</comp>

</comp_list>

<net_list>
<net id="44"><net_src comp="34" pin="0"/><net_sink comp="40" pin=0"/></net>

<net id="45"><net_src comp="30" pin="0"/><net_sink comp="40" pin=1"/></net>

<net id="50"><net_src comp="34" pin="0"/><net_sink comp="46" pin=0"/></net>

<net id="51"><net_src comp="28" pin="0"/><net_sink comp="46" pin=1"/></net>

<net id="56"><net_src comp="34" pin="0"/><net_sink comp="52" pin=0"/></net>

<net id="57"><net_src comp="26" pin="0"/><net_sink comp="52" pin=1"/></net>

<net id="62"><net_src comp="34" pin="0"/><net_sink comp="58" pin=0"/></net>

<net id="63"><net_src comp="24" pin="0"/><net_sink comp="58" pin=1"/></net>

<net id="68"><net_src comp="34" pin="0"/><net_sink comp="64" pin=0"/></net>

<net id="69"><net_src comp="22" pin="0"/><net_sink comp="64" pin=1"/></net>

<net id="74"><net_src comp="34" pin="0"/><net_sink comp="70" pin=0"/></net>

<net id="75"><net_src comp="20" pin="0"/><net_sink comp="70" pin=1"/></net>

<net id="80"><net_src comp="34" pin="0"/><net_sink comp="76" pin=0"/></net>

<net id="81"><net_src comp="18" pin="0"/><net_sink comp="76" pin=1"/></net>

<net id="86"><net_src comp="34" pin="0"/><net_sink comp="82" pin=0"/></net>

<net id="87"><net_src comp="16" pin="0"/><net_sink comp="82" pin=1"/></net>

<net id="92"><net_src comp="34" pin="0"/><net_sink comp="88" pin=0"/></net>

<net id="93"><net_src comp="14" pin="0"/><net_sink comp="88" pin=1"/></net>

<net id="98"><net_src comp="34" pin="0"/><net_sink comp="94" pin=0"/></net>

<net id="99"><net_src comp="12" pin="0"/><net_sink comp="94" pin=1"/></net>

<net id="104"><net_src comp="34" pin="0"/><net_sink comp="100" pin=0"/></net>

<net id="105"><net_src comp="10" pin="0"/><net_sink comp="100" pin=1"/></net>

<net id="110"><net_src comp="34" pin="0"/><net_sink comp="106" pin=0"/></net>

<net id="111"><net_src comp="8" pin="0"/><net_sink comp="106" pin=1"/></net>

<net id="116"><net_src comp="34" pin="0"/><net_sink comp="112" pin=0"/></net>

<net id="117"><net_src comp="6" pin="0"/><net_sink comp="112" pin=1"/></net>

<net id="122"><net_src comp="34" pin="0"/><net_sink comp="118" pin=0"/></net>

<net id="123"><net_src comp="4" pin="0"/><net_sink comp="118" pin=1"/></net>

<net id="128"><net_src comp="34" pin="0"/><net_sink comp="124" pin=0"/></net>

<net id="129"><net_src comp="2" pin="0"/><net_sink comp="124" pin=1"/></net>

<net id="134"><net_src comp="34" pin="0"/><net_sink comp="130" pin=0"/></net>

<net id="135"><net_src comp="0" pin="0"/><net_sink comp="130" pin=1"/></net>

<net id="141"><net_src comp="32" pin="0"/><net_sink comp="136" pin=0"/></net>

<net id="142"><net_src comp="36" pin="0"/><net_sink comp="136" pin=1"/></net>

<net id="147"><net_src comp="136" pin="3"/><net_sink comp="143" pin=0"/></net>

<net id="153"><net_src comp="32" pin="0"/><net_sink comp="148" pin=0"/></net>

<net id="154"><net_src comp="36" pin="0"/><net_sink comp="148" pin=1"/></net>

<net id="158"><net_src comp="148" pin="3"/><net_sink comp="143" pin=3"/></net>

<net id="164"><net_src comp="32" pin="0"/><net_sink comp="159" pin=0"/></net>

<net id="165"><net_src comp="36" pin="0"/><net_sink comp="159" pin=1"/></net>

<net id="169"><net_src comp="159" pin="3"/><net_sink comp="143" pin=6"/></net>

<net id="175"><net_src comp="32" pin="0"/><net_sink comp="170" pin=0"/></net>

<net id="176"><net_src comp="36" pin="0"/><net_sink comp="170" pin=1"/></net>

<net id="180"><net_src comp="170" pin="3"/><net_sink comp="143" pin=9"/></net>

<net id="186"><net_src comp="32" pin="0"/><net_sink comp="181" pin=0"/></net>

<net id="187"><net_src comp="36" pin="0"/><net_sink comp="181" pin=1"/></net>

<net id="191"><net_src comp="181" pin="3"/><net_sink comp="143" pin=12"/></net>

<net id="197"><net_src comp="32" pin="0"/><net_sink comp="192" pin=0"/></net>

<net id="198"><net_src comp="36" pin="0"/><net_sink comp="192" pin=1"/></net>

<net id="202"><net_src comp="192" pin="3"/><net_sink comp="143" pin=15"/></net>

<net id="208"><net_src comp="32" pin="0"/><net_sink comp="203" pin=0"/></net>

<net id="209"><net_src comp="36" pin="0"/><net_sink comp="203" pin=1"/></net>

<net id="213"><net_src comp="203" pin="3"/><net_sink comp="143" pin=18"/></net>

<net id="219"><net_src comp="32" pin="0"/><net_sink comp="214" pin=0"/></net>

<net id="220"><net_src comp="36" pin="0"/><net_sink comp="214" pin=1"/></net>

<net id="224"><net_src comp="214" pin="3"/><net_sink comp="143" pin=21"/></net>

<net id="230"><net_src comp="32" pin="0"/><net_sink comp="225" pin=0"/></net>

<net id="231"><net_src comp="36" pin="0"/><net_sink comp="225" pin=1"/></net>

<net id="235"><net_src comp="225" pin="3"/><net_sink comp="143" pin=24"/></net>

<net id="241"><net_src comp="32" pin="0"/><net_sink comp="236" pin=0"/></net>

<net id="242"><net_src comp="36" pin="0"/><net_sink comp="236" pin=1"/></net>

<net id="246"><net_src comp="236" pin="3"/><net_sink comp="143" pin=27"/></net>

<net id="252"><net_src comp="32" pin="0"/><net_sink comp="247" pin=0"/></net>

<net id="253"><net_src comp="36" pin="0"/><net_sink comp="247" pin=1"/></net>

<net id="257"><net_src comp="247" pin="3"/><net_sink comp="143" pin=30"/></net>

<net id="263"><net_src comp="32" pin="0"/><net_sink comp="258" pin=0"/></net>

<net id="264"><net_src comp="36" pin="0"/><net_sink comp="258" pin=1"/></net>

<net id="268"><net_src comp="258" pin="3"/><net_sink comp="143" pin=33"/></net>

<net id="274"><net_src comp="32" pin="0"/><net_sink comp="269" pin=0"/></net>

<net id="275"><net_src comp="36" pin="0"/><net_sink comp="269" pin=1"/></net>

<net id="279"><net_src comp="269" pin="3"/><net_sink comp="143" pin=36"/></net>

<net id="285"><net_src comp="32" pin="0"/><net_sink comp="280" pin=0"/></net>

<net id="286"><net_src comp="36" pin="0"/><net_sink comp="280" pin=1"/></net>

<net id="290"><net_src comp="280" pin="3"/><net_sink comp="143" pin=39"/></net>

<net id="296"><net_src comp="32" pin="0"/><net_sink comp="291" pin=0"/></net>

<net id="297"><net_src comp="36" pin="0"/><net_sink comp="291" pin=1"/></net>

<net id="301"><net_src comp="291" pin="3"/><net_sink comp="143" pin=42"/></net>

<net id="307"><net_src comp="32" pin="0"/><net_sink comp="302" pin=0"/></net>

<net id="308"><net_src comp="36" pin="0"/><net_sink comp="302" pin=1"/></net>

<net id="312"><net_src comp="302" pin="3"/><net_sink comp="143" pin=45"/></net>

<net id="316"><net_src comp="130" pin="2"/><net_sink comp="313" pin=0"/></net>

<net id="317"><net_src comp="313" pin="1"/><net_sink comp="136" pin=2"/></net>

<net id="321"><net_src comp="124" pin="2"/><net_sink comp="318" pin=0"/></net>

<net id="322"><net_src comp="318" pin="1"/><net_sink comp="148" pin=2"/></net>

<net id="326"><net_src comp="118" pin="2"/><net_sink comp="323" pin=0"/></net>

<net id="327"><net_src comp="323" pin="1"/><net_sink comp="159" pin=2"/></net>

<net id="331"><net_src comp="112" pin="2"/><net_sink comp="328" pin=0"/></net>

<net id="332"><net_src comp="328" pin="1"/><net_sink comp="170" pin=2"/></net>

<net id="336"><net_src comp="106" pin="2"/><net_sink comp="333" pin=0"/></net>

<net id="337"><net_src comp="333" pin="1"/><net_sink comp="181" pin=2"/></net>

<net id="341"><net_src comp="100" pin="2"/><net_sink comp="338" pin=0"/></net>

<net id="342"><net_src comp="338" pin="1"/><net_sink comp="192" pin=2"/></net>

<net id="346"><net_src comp="94" pin="2"/><net_sink comp="343" pin=0"/></net>

<net id="347"><net_src comp="343" pin="1"/><net_sink comp="203" pin=2"/></net>

<net id="351"><net_src comp="88" pin="2"/><net_sink comp="348" pin=0"/></net>

<net id="352"><net_src comp="348" pin="1"/><net_sink comp="214" pin=2"/></net>

<net id="356"><net_src comp="82" pin="2"/><net_sink comp="353" pin=0"/></net>

<net id="357"><net_src comp="353" pin="1"/><net_sink comp="225" pin=2"/></net>

<net id="361"><net_src comp="76" pin="2"/><net_sink comp="358" pin=0"/></net>

<net id="362"><net_src comp="358" pin="1"/><net_sink comp="236" pin=2"/></net>

<net id="366"><net_src comp="70" pin="2"/><net_sink comp="363" pin=0"/></net>

<net id="367"><net_src comp="363" pin="1"/><net_sink comp="247" pin=2"/></net>

<net id="371"><net_src comp="64" pin="2"/><net_sink comp="368" pin=0"/></net>

<net id="372"><net_src comp="368" pin="1"/><net_sink comp="258" pin=2"/></net>

<net id="376"><net_src comp="58" pin="2"/><net_sink comp="373" pin=0"/></net>

<net id="377"><net_src comp="373" pin="1"/><net_sink comp="269" pin=2"/></net>

<net id="381"><net_src comp="52" pin="2"/><net_sink comp="378" pin=0"/></net>

<net id="382"><net_src comp="378" pin="1"/><net_sink comp="280" pin=2"/></net>

<net id="386"><net_src comp="46" pin="2"/><net_sink comp="383" pin=0"/></net>

<net id="387"><net_src comp="383" pin="1"/><net_sink comp="291" pin=2"/></net>

<net id="391"><net_src comp="40" pin="2"/><net_sink comp="388" pin=0"/></net>

<net id="392"><net_src comp="388" pin="1"/><net_sink comp="302" pin=2"/></net>

<net id="397"><net_src comp="38" pin="0"/><net_sink comp="393" pin=0"/></net>

<net id="398"><net_src comp="143" pin="2"/><net_sink comp="393" pin=1"/></net>

<net id="403"><net_src comp="393" pin="2"/><net_sink comp="399" pin=0"/></net>

<net id="404"><net_src comp="143" pin="5"/><net_sink comp="399" pin=1"/></net>

<net id="409"><net_src comp="399" pin="2"/><net_sink comp="405" pin=0"/></net>

<net id="410"><net_src comp="143" pin="8"/><net_sink comp="405" pin=1"/></net>

<net id="415"><net_src comp="405" pin="2"/><net_sink comp="411" pin=0"/></net>

<net id="416"><net_src comp="143" pin="11"/><net_sink comp="411" pin=1"/></net>

<net id="421"><net_src comp="411" pin="2"/><net_sink comp="417" pin=0"/></net>

<net id="422"><net_src comp="143" pin="14"/><net_sink comp="417" pin=1"/></net>

<net id="427"><net_src comp="417" pin="2"/><net_sink comp="423" pin=0"/></net>

<net id="428"><net_src comp="143" pin="17"/><net_sink comp="423" pin=1"/></net>

<net id="433"><net_src comp="423" pin="2"/><net_sink comp="429" pin=0"/></net>

<net id="434"><net_src comp="143" pin="20"/><net_sink comp="429" pin=1"/></net>

<net id="439"><net_src comp="429" pin="2"/><net_sink comp="435" pin=0"/></net>

<net id="440"><net_src comp="143" pin="23"/><net_sink comp="435" pin=1"/></net>

<net id="445"><net_src comp="435" pin="2"/><net_sink comp="441" pin=0"/></net>

<net id="446"><net_src comp="143" pin="26"/><net_sink comp="441" pin=1"/></net>

<net id="451"><net_src comp="441" pin="2"/><net_sink comp="447" pin=0"/></net>

<net id="452"><net_src comp="143" pin="29"/><net_sink comp="447" pin=1"/></net>

<net id="457"><net_src comp="447" pin="2"/><net_sink comp="453" pin=0"/></net>

<net id="458"><net_src comp="143" pin="32"/><net_sink comp="453" pin=1"/></net>

<net id="463"><net_src comp="453" pin="2"/><net_sink comp="459" pin=0"/></net>

<net id="464"><net_src comp="143" pin="35"/><net_sink comp="459" pin=1"/></net>

<net id="469"><net_src comp="459" pin="2"/><net_sink comp="465" pin=0"/></net>

<net id="470"><net_src comp="143" pin="38"/><net_sink comp="465" pin=1"/></net>

<net id="475"><net_src comp="465" pin="2"/><net_sink comp="471" pin=0"/></net>

<net id="476"><net_src comp="143" pin="41"/><net_sink comp="471" pin=1"/></net>

<net id="481"><net_src comp="471" pin="2"/><net_sink comp="477" pin=0"/></net>

<net id="482"><net_src comp="143" pin="44"/><net_sink comp="477" pin=1"/></net>

<net id="487"><net_src comp="477" pin="2"/><net_sink comp="483" pin=0"/></net>

<net id="488"><net_src comp="143" pin="47"/><net_sink comp="483" pin=1"/></net>

<net id="492"><net_src comp="136" pin="3"/><net_sink comp="489" pin=0"/></net>

<net id="493"><net_src comp="489" pin="1"/><net_sink comp="143" pin=0"/></net>

<net id="497"><net_src comp="148" pin="3"/><net_sink comp="494" pin=0"/></net>

<net id="498"><net_src comp="494" pin="1"/><net_sink comp="143" pin=3"/></net>

<net id="502"><net_src comp="159" pin="3"/><net_sink comp="499" pin=0"/></net>

<net id="503"><net_src comp="499" pin="1"/><net_sink comp="143" pin=6"/></net>

<net id="507"><net_src comp="170" pin="3"/><net_sink comp="504" pin=0"/></net>

<net id="508"><net_src comp="504" pin="1"/><net_sink comp="143" pin=9"/></net>

<net id="512"><net_src comp="181" pin="3"/><net_sink comp="509" pin=0"/></net>

<net id="513"><net_src comp="509" pin="1"/><net_sink comp="143" pin=12"/></net>

<net id="517"><net_src comp="192" pin="3"/><net_sink comp="514" pin=0"/></net>

<net id="518"><net_src comp="514" pin="1"/><net_sink comp="143" pin=15"/></net>

<net id="522"><net_src comp="203" pin="3"/><net_sink comp="519" pin=0"/></net>

<net id="523"><net_src comp="519" pin="1"/><net_sink comp="143" pin=18"/></net>

<net id="527"><net_src comp="214" pin="3"/><net_sink comp="524" pin=0"/></net>

<net id="528"><net_src comp="524" pin="1"/><net_sink comp="143" pin=21"/></net>

<net id="532"><net_src comp="225" pin="3"/><net_sink comp="529" pin=0"/></net>

<net id="533"><net_src comp="529" pin="1"/><net_sink comp="143" pin=24"/></net>

<net id="537"><net_src comp="236" pin="3"/><net_sink comp="534" pin=0"/></net>

<net id="538"><net_src comp="534" pin="1"/><net_sink comp="143" pin=27"/></net>

<net id="542"><net_src comp="247" pin="3"/><net_sink comp="539" pin=0"/></net>

<net id="543"><net_src comp="539" pin="1"/><net_sink comp="143" pin=30"/></net>

<net id="547"><net_src comp="258" pin="3"/><net_sink comp="544" pin=0"/></net>

<net id="548"><net_src comp="544" pin="1"/><net_sink comp="143" pin=33"/></net>

<net id="552"><net_src comp="269" pin="3"/><net_sink comp="549" pin=0"/></net>

<net id="553"><net_src comp="549" pin="1"/><net_sink comp="143" pin=36"/></net>

<net id="557"><net_src comp="280" pin="3"/><net_sink comp="554" pin=0"/></net>

<net id="558"><net_src comp="554" pin="1"/><net_sink comp="143" pin=39"/></net>

<net id="562"><net_src comp="291" pin="3"/><net_sink comp="559" pin=0"/></net>

<net id="563"><net_src comp="559" pin="1"/><net_sink comp="143" pin=42"/></net>

<net id="567"><net_src comp="302" pin="3"/><net_sink comp="564" pin=0"/></net>

<net id="568"><net_src comp="564" pin="1"/><net_sink comp="143" pin=45"/></net>

</net_list>

</model> 
---------------- Datapath Model END ------------------

* FSMD analyzer results:
  - Output states:
	Port: state_0_read | {}
	Port: state_1_read | {}
	Port: state_2_read | {}
	Port: state_3_read | {}
	Port: state_4_read | {}
	Port: state_5_read | {}
	Port: state_6_read | {}
	Port: state_7_read | {}
	Port: state_8_read | {}
	Port: state_9_read | {}
	Port: state_10_read | {}
	Port: state_11_read | {}
	Port: state_12_read | {}
	Port: state_13_read | {}
	Port: state_14_read | {}
	Port: state_15_read | {}
	Port: s_box | {}
 - Input state : 
	Port: single_block_AES_encrypt_sub_bytes : state_0_read | {1 }
	Port: single_block_AES_encrypt_sub_bytes : state_1_read | {1 }
	Port: single_block_AES_encrypt_sub_bytes : state_2_read | {1 }
	Port: single_block_AES_encrypt_sub_bytes : state_3_read | {1 }
	Port: single_block_AES_encrypt_sub_bytes : state_4_read | {1 }
	Port: single_block_AES_encrypt_sub_bytes : state_5_read | {1 }
	Port: single_block_AES_encrypt_sub_bytes : state_6_read | {1 }
	Port: single_block_AES_encrypt_sub_bytes : state_7_read | {1 }
	Port: single_block_AES_encrypt_sub_bytes : state_8_read | {1 }
	Port: single_block_AES_encrypt_sub_bytes : state_9_read | {1 }
	Port: single_block_AES_encrypt_sub_bytes : state_10_read | {1 }
	Port: single_block_AES_encrypt_sub_bytes : state_11_read | {1 }
	Port: single_block_AES_encrypt_sub_bytes : state_12_read | {1 }
	Port: single_block_AES_encrypt_sub_bytes : state_13_read | {1 }
	Port: single_block_AES_encrypt_sub_bytes : state_14_read | {1 }
	Port: single_block_AES_encrypt_sub_bytes : state_15_read | {1 }
	Port: single_block_AES_encrypt_sub_bytes : s_box | {1 2 }
  - Chain level:
	State 1
		s_box_addr : 1
		s_box_load : 2
		s_box_addr_1 : 1
		s_box_load_1 : 2
		s_box_addr_2 : 1
		s_box_load_2 : 2
		s_box_addr_3 : 1
		s_box_load_3 : 2
		s_box_addr_4 : 1
		s_box_load_4 : 2
		s_box_addr_5 : 1
		s_box_load_5 : 2
		s_box_addr_6 : 1
		s_box_load_6 : 2
		s_box_addr_7 : 1
		s_box_load_7 : 2
		s_box_addr_8 : 1
		s_box_load_8 : 2
		s_box_addr_9 : 1
		s_box_load_9 : 2
		s_box_addr_10 : 1
		s_box_load_10 : 2
		s_box_addr_11 : 1
		s_box_load_11 : 2
		s_box_addr_12 : 1
		s_box_load_12 : 2
		s_box_addr_13 : 1
		s_box_load_13 : 2
		s_box_addr_14 : 1
		s_box_load_14 : 2
		s_box_addr_15 : 1
		s_box_load_15 : 2
	State 2
		mrv : 1
		mrv_1 : 2
		mrv_2 : 3
		mrv_3 : 4
		mrv_4 : 5
		mrv_5 : 6
		mrv_6 : 7
		mrv_7 : 8
		mrv_8 : 9
		mrv_9 : 10
		mrv_s : 11
		mrv_10 : 12
		mrv_11 : 13
		mrv_12 : 14
		mrv_13 : 15
		mrv_14 : 16
		stg_99 : 17


============================================================
+ Verbose Summary: Datapath Resource usage 
============================================================

* Functional unit list:
|----------|----------------------------|
| Operation|       Functional Unit      |
|----------|----------------------------|
|          | state_15_read_1_read_fu_40 |
|          | state_14_read_1_read_fu_46 |
|          | state_13_read_1_read_fu_52 |
|          | state_12_read_1_read_fu_58 |
|          | state_11_read_1_read_fu_64 |
|          | state_10_read_1_read_fu_70 |
|          |  state_9_read_1_read_fu_76 |
|   read   |  state_8_read_1_read_fu_82 |
|          |  state_7_read_1_read_fu_88 |
|          |  state_6_read_1_read_fu_94 |
|          | state_5_read_1_read_fu_100 |
|          | state_4_read_1_read_fu_106 |
|          | state_3_read_1_read_fu_112 |
|          | state_2_read_1_read_fu_118 |
|          | state_1_read_1_read_fu_124 |
|          | state_0_read_1_read_fu_130 |
|----------|----------------------------|
|          |        tmp_8_fu_313        |
|          |      tmp_8_0_1_fu_318      |
|          |      tmp_8_0_2_fu_323      |
|          |      tmp_8_0_3_fu_328      |
|          |       tmp_8_1_fu_333       |
|          |      tmp_8_1_1_fu_338      |
|          |      tmp_8_1_2_fu_343      |
|   zext   |      tmp_8_1_3_fu_348      |
|          |       tmp_8_2_fu_353       |
|          |      tmp_8_2_1_fu_358      |
|          |      tmp_8_2_2_fu_363      |
|          |      tmp_8_2_3_fu_368      |
|          |       tmp_8_3_fu_373       |
|          |      tmp_8_3_1_fu_378      |
|          |      tmp_8_3_2_fu_383      |
|          |      tmp_8_3_3_fu_388      |
|----------|----------------------------|
|          |         mrv_fu_393         |
|          |        mrv_1_fu_399        |
|          |        mrv_2_fu_405        |
|          |        mrv_3_fu_411        |
|          |        mrv_4_fu_417        |
|          |        mrv_5_fu_423        |
|          |        mrv_6_fu_429        |
|insertvalue|        mrv_7_fu_435        |
|          |        mrv_8_fu_441        |
|          |        mrv_9_fu_447        |
|          |        mrv_s_fu_453        |
|          |        mrv_10_fu_459       |
|          |        mrv_11_fu_465       |
|          |        mrv_12_fu_471       |
|          |        mrv_13_fu_477       |
|          |        mrv_14_fu_483       |
|----------|----------------------------|
|   Total  |                            |
|----------|----------------------------|

Memories:
N/A

* Register list:
+---------------------+--------+
|                     |   FF   |
+---------------------+--------+
|s_box_addr_10_reg_539|    8   |
|s_box_addr_11_reg_544|    8   |
|s_box_addr_12_reg_549|    8   |
|s_box_addr_13_reg_554|    8   |
|s_box_addr_14_reg_559|    8   |
|s_box_addr_15_reg_564|    8   |
| s_box_addr_1_reg_494|    8   |
| s_box_addr_2_reg_499|    8   |
| s_box_addr_3_reg_504|    8   |
| s_box_addr_4_reg_509|    8   |
| s_box_addr_5_reg_514|    8   |
| s_box_addr_6_reg_519|    8   |
| s_box_addr_7_reg_524|    8   |
| s_box_addr_8_reg_529|    8   |
| s_box_addr_9_reg_534|    8   |
|  s_box_addr_reg_489 |    8   |
+---------------------+--------+
|        Total        |   128  |
+---------------------+--------+

* Multiplexer (MUX) list: 
|-------------------|------|------|------|--------||---------||---------|
|        Comp       |  Pin | Size |  BW  | S x BW ||  Delay  ||   LUT   |
|-------------------|------|------|------|--------||---------||---------|
| grp_access_fu_143 |  p0  |   2  |   8  |   16   ||    8    |
| grp_access_fu_143 |  p3  |   2  |   8  |   16   ||    8    |
| grp_access_fu_143 |  p6  |   2  |   8  |   16   ||    8    |
| grp_access_fu_143 |  p9  |   2  |   8  |   16   ||    8    |
| grp_access_fu_143 |  p12 |   2  |   8  |   16   ||    8    |
| grp_access_fu_143 |  p15 |   2  |   8  |   16   ||    8    |
| grp_access_fu_143 |  p18 |   2  |   8  |   16   ||    8    |
| grp_access_fu_143 |  p21 |   2  |   8  |   16   ||    8    |
| grp_access_fu_143 |  p24 |   2  |   8  |   16   ||    8    |
| grp_access_fu_143 |  p27 |   2  |   8  |   16   ||    8    |
| grp_access_fu_143 |  p30 |   2  |   8  |   16   ||    8    |
| grp_access_fu_143 |  p33 |   2  |   8  |   16   ||    8    |
| grp_access_fu_143 |  p36 |   2  |   8  |   16   ||    8    |
| grp_access_fu_143 |  p39 |   2  |   8  |   16   ||    8    |
| grp_access_fu_143 |  p42 |   2  |   8  |   16   ||    8    |
| grp_access_fu_143 |  p45 |   2  |   8  |   16   ||    8    |
|-------------------|------|------|------|--------||---------||---------|
|       Total       |      |      |      |   256  ||  25.136 ||   128   |
|-------------------|------|------|------|--------||---------||---------|



* Summary:
+-----------+--------+--------+--------+
|           |  Delay |   FF   |   LUT  |
+-----------+--------+--------+--------+
|  Function |    -   |    -   |    -   |
|   Memory  |    -   |    -   |    -   |
|Multiplexer|   25   |    -   |   128  |
|  Register |    -   |   128  |    -   |
+-----------+--------+--------+--------+
|   Total   |   25   |   128  |   128  |
+-----------+--------+--------+--------+
