

================================================================
== Vivado HLS Report for 'single_block_AES_encrypt_gmult'
================================================================
* Date:           Thu Feb 08 10:03:56 2024

* Version:        2016.2 (Build 1577090 on Thu Jun 02 16:59:10 MDT 2016)
* Project:        AES_Encryption
* Solution:       solution1
* Product family: zynq
* Target device:  xc7z020clg400-1


================================================================
== Performance Estimates
================================================================
+ Timing (ns): 
    * Summary: 
    +--------+-------+----------+------------+
    |  Clock | Target| Estimated| Uncertainty|
    +--------+-------+----------+------------+
    |ap_clk  |  10.00|      4.11|        1.25|
    +--------+-------+----------+------------+

+ Latency (clock cycles): 
    * Summary: 
    +-----+-----+-----+-----+----------+
    |  Latency  |  Interval | Pipeline |
    | min | max | min | max |   Type   |
    +-----+-----+-----+-----+----------+
    |    0|    0|    1|    1| function |
    +-----+-----+-----+-----+----------+

    + Detail: 
        * Instance: 
        N/A

        * Loop: 
        N/A

============================================================
+ Verbose Summary: Synthesis Manager
============================================================
InlineROM: 1
ExposeGlobal: 0
============================================================
+ Verbose Summary: CDFG Model
============================================================
IsTopModel: 0
ResetActiveHigh: 1
IsCombinational: 0
IsDatapathOnly: 0
HasWiredReturn: 1
HasMFsm: 2
HasVarLatency: 0
IsPipeline: 1
IsRtlPipelined: 0
IsInstanceOverlapped: 0
IsDontTouch: 0
HasImplIP: 0
IsGatedGlobalClock: 0

+ Individual pipeline summary: 
  * Pipeline-0: initiation interval (II) = 1, depth = 1


============================================================
+ Verbose Summary: Schedule
============================================================
* Number of FSM states: 1
* Pipeline: 1
  Pipeline-0: II = 1, D = 1, States = { 1 }
* Dataflow Pipeline: 0

* FSM state transitions: 
1 --> 
* FSM state operations: 

 <State 1>: 4.11ns
ST_1: b_read [1/1] 0.00ns
:0  %b_read = call i8 @_ssdm_op_Read.ap_auto.i8(i8 %b)

ST_1: a_read [1/1] 0.00ns
:1  %a_read = call i4 @_ssdm_op_Read.ap_auto.i4(i4 %a)

ST_1: tmp [1/1] 0.00ns (grouped into LUT with out node tmp2_cast)
:2  %tmp = trunc i8 %b_read to i1

ST_1: tmp_1 [1/1] 0.00ns
:3  %tmp_1 = trunc i4 %a_read to i2

ST_1: tmp_7 [1/1] 0.00ns (grouped into LUT with out node tmp2_cast)
:4  %tmp_7 = select i1 %tmp, i2 %tmp_1, i2 0

ST_1: tmp_7_cast [1/1] 0.00ns (grouped into LUT with out node tmp2_cast)
:5  %tmp_7_cast = zext i2 %tmp_7 to i3

ST_1: a_assign [1/1] 0.00ns (grouped into LUT with out node tmp2_cast)
:6  %a_assign = call i3 @_ssdm_op_BitConcatenate.i3.i2.i1(i2 %tmp_1, i1 false)

ST_1: tmp_2 [1/1] 0.00ns (grouped into LUT with out node tmp2_cast)
:7  %tmp_2 = call i1 @_ssdm_op_BitSelect.i1.i8.i32(i8 %b_read, i32 1)

ST_1: tmp_24_1 [1/1] 0.00ns (grouped into LUT with out node tmp2_cast)
:8  %tmp_24_1 = select i1 %tmp_2, i3 %a_assign, i3 0

ST_1: tmp_3 [1/1] 0.00ns (grouped into LUT with out node tmp4)
:9  %tmp_3 = shl i4 %a_read, 2

ST_1: tmp_4 [1/1] 0.00ns (grouped into LUT with out node tmp4)
:10  %tmp_4 = call i1 @_ssdm_op_BitSelect.i1.i8.i32(i8 %b_read, i32 2)

ST_1: tmp_24_2 [1/1] 0.00ns (grouped into LUT with out node tmp4)
:11  %tmp_24_2 = select i1 %tmp_4, i4 %tmp_3, i4 0

ST_1: tmp_24_2_cast [1/1] 0.00ns (grouped into LUT with out node tmp4)
:12  %tmp_24_2_cast = zext i4 %tmp_24_2 to i5

ST_1: a_assign_7 [1/1] 0.00ns (grouped into LUT with out node tmp4)
:13  %a_assign_7 = call i5 @_ssdm_op_BitConcatenate.i5.i2.i3(i2 %tmp_1, i3 0)

ST_1: tmp_5 [1/1] 0.00ns (grouped into LUT with out node tmp4)
:14  %tmp_5 = call i1 @_ssdm_op_BitSelect.i1.i8.i32(i8 %b_read, i32 3)

ST_1: tmp_24_3 [1/1] 0.00ns (grouped into LUT with out node tmp4)
:15  %tmp_24_3 = select i1 %tmp_5, i5 %a_assign_7, i5 0

ST_1: a_assign_3 [1/1] 0.00ns (grouped into LUT with out node p_0_7)
:16  %a_assign_3 = call i6 @_ssdm_op_BitConcatenate.i6.i2.i4(i2 %tmp_1, i4 0)

ST_1: tmp_6 [1/1] 0.00ns (grouped into LUT with out node p_0_7)
:17  %tmp_6 = call i1 @_ssdm_op_BitSelect.i1.i8.i32(i8 %b_read, i32 4)

ST_1: tmp_24_4 [1/1] 0.00ns (grouped into LUT with out node p_0_7)
:18  %tmp_24_4 = select i1 %tmp_6, i6 %a_assign_3, i6 0

ST_1: tmp_24_4_cast [1/1] 0.00ns (grouped into LUT with out node p_0_7)
:19  %tmp_24_4_cast = zext i6 %tmp_24_4 to i7

ST_1: a_assign_4 [1/1] 0.00ns (grouped into LUT with out node p_0_7)
:20  %a_assign_4 = call i7 @_ssdm_op_BitConcatenate.i7.i2.i5(i2 %tmp_1, i5 0)

ST_1: tmp_8 [1/1] 0.00ns (grouped into LUT with out node p_0_7)
:21  %tmp_8 = call i1 @_ssdm_op_BitSelect.i1.i8.i32(i8 %b_read, i32 5)

ST_1: tmp_24_5 [1/1] 0.00ns (grouped into LUT with out node p_0_7)
:22  %tmp_24_5 = select i1 %tmp_8, i7 %a_assign_4, i7 0

ST_1: a_assign_5 [1/1] 0.00ns (grouped into LUT with out node tmp7)
:23  %a_assign_5 = call i8 @_ssdm_op_BitConcatenate.i8.i2.i6(i2 %tmp_1, i6 0)

ST_1: tmp_9 [1/1] 0.00ns (grouped into LUT with out node tmp7)
:24  %tmp_9 = call i1 @_ssdm_op_BitSelect.i1.i8.i32(i8 %b_read, i32 6)

ST_1: tmp_24_6 [1/1] 0.00ns (grouped into LUT with out node tmp7)
:25  %tmp_24_6 = select i1 %tmp_9, i8 %a_assign_5, i8 0

ST_1: tmp_10 [1/1] 0.00ns
:26  %tmp_10 = trunc i4 %a_read to i1

ST_1: a_assign_6 [1/1] 0.00ns
:27  %a_assign_6 = call i8 @_ssdm_op_BitConcatenate.i8.i1.i7(i1 %tmp_10, i7 0)

ST_1: tmp_11 [1/1] 0.00ns (grouped into LUT with out node tmp7)
:28  %tmp_11 = call i1 @_ssdm_op_BitSelect.i1.i4.i32(i4 %a_read, i32 1)

ST_1: a_assign_1_s [1/1] 0.00ns (grouped into LUT with out node tmp7)
:29  %a_assign_1_s = or i8 %a_assign_6, 27

ST_1: a_assign_2_6 [1/1] 0.00ns (grouped into LUT with out node tmp7)
:30  %a_assign_2_6 = select i1 %tmp_11, i8 %a_assign_1_s, i8 %a_assign_6

ST_1: tmp_12 [1/1] 0.00ns (grouped into LUT with out node tmp7)
:31  %tmp_12 = call i1 @_ssdm_op_BitSelect.i1.i8.i32(i8 %b_read, i32 7)

ST_1: tmp_24_7 [1/1] 0.00ns (grouped into LUT with out node tmp7)
:32  %tmp_24_7 = select i1 %tmp_12, i8 %a_assign_2_6, i8 0

ST_1: tmp3 [1/1] 0.00ns (grouped into LUT with out node tmp2_cast)
:33  %tmp3 = xor i3 %tmp_24_1, %tmp_7_cast

ST_1: tmp3_cast [1/1] 0.00ns (grouped into LUT with out node tmp2_cast)
:34  %tmp3_cast = zext i3 %tmp3 to i5

ST_1: tmp4 [1/1] 1.37ns (out node of the LUT)
:35  %tmp4 = xor i5 %tmp_24_2_cast, %tmp_24_3

ST_1: tmp2 [1/1] 0.00ns (grouped into LUT with out node tmp2_cast)
:36  %tmp2 = xor i5 %tmp4, %tmp3_cast

ST_1: tmp2_cast [1/1] 1.37ns (out node of the LUT)
:37  %tmp2_cast = zext i5 %tmp2 to i8

ST_1: tmp6 [1/1] 0.00ns (grouped into LUT with out node p_0_7)
:38  %tmp6 = xor i7 %tmp_24_4_cast, %tmp_24_5

ST_1: tmp6_cast [1/1] 0.00ns (grouped into LUT with out node p_0_7)
:39  %tmp6_cast = zext i7 %tmp6 to i8

ST_1: tmp7 [1/1] 1.37ns (out node of the LUT)
:40  %tmp7 = xor i8 %tmp_24_6, %tmp_24_7

ST_1: tmp5 [1/1] 0.00ns (grouped into LUT with out node p_0_7)
:41  %tmp5 = xor i8 %tmp7, %tmp6_cast

ST_1: p_0_7 [1/1] 1.37ns (out node of the LUT)
:42  %p_0_7 = xor i8 %tmp5, %tmp2_cast

ST_1: stg_45 [1/1] 0.00ns
:43  ret i8 %p_0_7



============================================================
+ Verbose Summary: Binding
============================================================
STG Binding: 
---------------- STG Properties BEGIN ----------------
- Is combinational: 1
- Is one-state seq: 0
- Is datapath-only: 0
- Is clock enabled: 0
- Is pipelined: 1
- Is top level: 0
Port [ Return ] is wired: 1; IO mode=ap_ctrl_hs:ce=0
Port [ a]:  wired=1; compound=0; hidden=0; nouse=0; global=0; static=0; extern=0; dir=0; type=0; pingpong=0; private_global=0; IO mode=ap_none:ce=0
Port [ b]:  wired=1; compound=0; hidden=0; nouse=0; global=0; static=0; extern=0; dir=0; type=0; pingpong=0; private_global=0; IO mode=ap_none:ce=0
---------------- STG Properties END ------------------

---------------- Datapath Model BEGIN ----------------

<LifeTime>
<method=bitvector/>
b_read        (read          ) [ 00]
a_read        (read          ) [ 00]
tmp           (trunc         ) [ 00]
tmp_1         (trunc         ) [ 00]
tmp_7         (select        ) [ 00]
tmp_7_cast    (zext          ) [ 00]
a_assign      (bitconcatenate) [ 00]
tmp_2         (bitselect     ) [ 01]
tmp_24_1      (select        ) [ 00]
tmp_3         (shl           ) [ 00]
tmp_4         (bitselect     ) [ 01]
tmp_24_2      (select        ) [ 00]
tmp_24_2_cast (zext          ) [ 00]
a_assign_7    (bitconcatenate) [ 00]
tmp_5         (bitselect     ) [ 01]
tmp_24_3      (select        ) [ 00]
a_assign_3    (bitconcatenate) [ 00]
tmp_6         (bitselect     ) [ 01]
tmp_24_4      (select        ) [ 00]
tmp_24_4_cast (zext          ) [ 00]
a_assign_4    (bitconcatenate) [ 00]
tmp_8         (bitselect     ) [ 01]
tmp_24_5      (select        ) [ 00]
a_assign_5    (bitconcatenate) [ 00]
tmp_9         (bitselect     ) [ 01]
tmp_24_6      (select        ) [ 00]
tmp_10        (trunc         ) [ 00]
a_assign_6    (bitconcatenate) [ 00]
tmp_11        (bitselect     ) [ 01]
a_assign_1_s  (or            ) [ 00]
a_assign_2_6  (select        ) [ 00]
tmp_12        (bitselect     ) [ 01]
tmp_24_7      (select        ) [ 00]
tmp3          (xor           ) [ 00]
tmp3_cast     (zext          ) [ 00]
tmp4          (xor           ) [ 00]
tmp2          (xor           ) [ 00]
tmp2_cast     (zext          ) [ 00]
tmp6          (xor           ) [ 00]
tmp6_cast     (zext          ) [ 00]
tmp7          (xor           ) [ 00]
tmp5          (xor           ) [ 00]
p_0_7         (xor           ) [ 00]
stg_45        (ret           ) [ 00]
</LifeTime>

<model>

<comp_list>
<comp id="0" class="1000" name="a">
<pin_list>
<pin id="1" dir="1" index="0" bw="1" slack="0"/>
</pin_list>
<bind>
<StgValue><ssdm name="a"/></StgValue>
</bind>
</comp>

<comp id="2" class="1000" name="b">
<pin_list>
<pin id="3" dir="1" index="0" bw="1" slack="0"/>
</pin_list>
<bind>
<StgValue><ssdm name="b"/></StgValue>
</bind>
</comp>

<comp id="4" class="1001" name="const_4">
<pin_list>
<pin id="5" dir="1" index="0" bw="1" slack="0"/>
</pin_list>
<bind>
<StgValue><ssdm name="_ssdm_op_Read.ap_auto.i8"/></StgValue>
</bind>
</comp>

<comp id="6" class="1001" name="const_6">
<pin_list>
<pin id="7" dir="1" index="0" bw="1" slack="0"/>
</pin_list>
<bind>
<StgValue><ssdm name="_ssdm_op_Read.ap_auto.i4"/></StgValue>
</bind>
</comp>

<comp id="8" class="1001" name="const_8">
<pin_list>
<pin id="9" dir="1" index="0" bw="1" slack="0"/>
</pin_list>
<bind>
<StgValue><ssdm name=""/></StgValue>
</bind>
</comp>

<comp id="10" class="1001" name="const_10">
<pin_list>
<pin id="11" dir="1" index="0" bw="1" slack="0"/>
</pin_list>
<bind>
<StgValue><ssdm name="_ssdm_op_BitConcatenate.i3.i2.i1"/></StgValue>
</bind>
</comp>

<comp id="12" class="1001" name="const_12">
<pin_list>
<pin id="13" dir="1" index="0" bw="1" slack="0"/>
</pin_list>
<bind>
<StgValue><ssdm name=""/></StgValue>
</bind>
</comp>

<comp id="14" class="1001" name="const_14">
<pin_list>
<pin id="15" dir="1" index="0" bw="1" slack="0"/>
</pin_list>
<bind>
<StgValue><ssdm name="_ssdm_op_BitSelect.i1.i8.i32"/></StgValue>
</bind>
</comp>

<comp id="16" class="1001" name="const_16">
<pin_list>
<pin id="17" dir="1" index="0" bw="1" slack="0"/>
</pin_list>
<bind>
<StgValue><ssdm name=""/></StgValue>
</bind>
</comp>

<comp id="18" class="1001" name="const_18">
<pin_list>
<pin id="19" dir="1" index="0" bw="1" slack="0"/>
</pin_list>
<bind>
<StgValue><ssdm name=""/></StgValue>
</bind>
</comp>

<comp id="20" class="1001" name="const_20">
<pin_list>
<pin id="21" dir="1" index="0" bw="1" slack="0"/>
</pin_list>
<bind>
<StgValue><ssdm name=""/></StgValue>
</bind>
</comp>

<comp id="22" class="1001" name="const_22">
<pin_list>
<pin id="23" dir="1" index="0" bw="1" slack="0"/>
</pin_list>
<bind>
<StgValue><ssdm name=""/></StgValue>
</bind>
</comp>

<comp id="24" class="1001" name="const_24">
<pin_list>
<pin id="25" dir="1" index="0" bw="1" slack="0"/>
</pin_list>
<bind>
<StgValue><ssdm name=""/></StgValue>
</bind>
</comp>

<comp id="26" class="1001" name="const_26">
<pin_list>
<pin id="27" dir="1" index="0" bw="1" slack="0"/>
</pin_list>
<bind>
<StgValue><ssdm name="_ssdm_op_BitConcatenate.i5.i2.i3"/></StgValue>
</bind>
</comp>

<comp id="28" class="1001" name="const_28">
<pin_list>
<pin id="29" dir="1" index="0" bw="1" slack="0"/>
</pin_list>
<bind>
<StgValue><ssdm name=""/></StgValue>
</bind>
</comp>

<comp id="30" class="1001" name="const_30">
<pin_list>
<pin id="31" dir="1" index="0" bw="1" slack="0"/>
</pin_list>
<bind>
<StgValue><ssdm name=""/></StgValue>
</bind>
</comp>

<comp id="32" class="1001" name="const_32">
<pin_list>
<pin id="33" dir="1" index="0" bw="1" slack="0"/>
</pin_list>
<bind>
<StgValue><ssdm name="_ssdm_op_BitConcatenate.i6.i2.i4"/></StgValue>
</bind>
</comp>

<comp id="34" class="1001" name="const_34">
<pin_list>
<pin id="35" dir="1" index="0" bw="1" slack="0"/>
</pin_list>
<bind>
<StgValue><ssdm name=""/></StgValue>
</bind>
</comp>

<comp id="36" class="1001" name="const_36">
<pin_list>
<pin id="37" dir="1" index="0" bw="1" slack="0"/>
</pin_list>
<bind>
<StgValue><ssdm name=""/></StgValue>
</bind>
</comp>

<comp id="38" class="1001" name="const_38">
<pin_list>
<pin id="39" dir="1" index="0" bw="1" slack="0"/>
</pin_list>
<bind>
<StgValue><ssdm name="_ssdm_op_BitConcatenate.i7.i2.i5"/></StgValue>
</bind>
</comp>

<comp id="40" class="1001" name="const_40">
<pin_list>
<pin id="41" dir="1" index="0" bw="1" slack="0"/>
</pin_list>
<bind>
<StgValue><ssdm name=""/></StgValue>
</bind>
</comp>

<comp id="42" class="1001" name="const_42">
<pin_list>
<pin id="43" dir="1" index="0" bw="1" slack="0"/>
</pin_list>
<bind>
<StgValue><ssdm name=""/></StgValue>
</bind>
</comp>

<comp id="44" class="1001" name="const_44">
<pin_list>
<pin id="45" dir="1" index="0" bw="1" slack="0"/>
</pin_list>
<bind>
<StgValue><ssdm name="_ssdm_op_BitConcatenate.i8.i2.i6"/></StgValue>
</bind>
</comp>

<comp id="46" class="1001" name="const_46">
<pin_list>
<pin id="47" dir="1" index="0" bw="1" slack="0"/>
</pin_list>
<bind>
<StgValue><ssdm name=""/></StgValue>
</bind>
</comp>

<comp id="48" class="1001" name="const_48">
<pin_list>
<pin id="49" dir="1" index="0" bw="1" slack="0"/>
</pin_list>
<bind>
<StgValue><ssdm name=""/></StgValue>
</bind>
</comp>

<comp id="50" class="1001" name="const_50">
<pin_list>
<pin id="51" dir="1" index="0" bw="1" slack="0"/>
</pin_list>
<bind>
<StgValue><ssdm name="_ssdm_op_BitConcatenate.i8.i1.i7"/></StgValue>
</bind>
</comp>

<comp id="52" class="1001" name="const_52">
<pin_list>
<pin id="53" dir="1" index="0" bw="1" slack="0"/>
</pin_list>
<bind>
<StgValue><ssdm name="_ssdm_op_BitSelect.i1.i4.i32"/></StgValue>
</bind>
</comp>

<comp id="54" class="1001" name="const_54">
<pin_list>
<pin id="55" dir="1" index="0" bw="1" slack="0"/>
</pin_list>
<bind>
<StgValue><ssdm name=""/></StgValue>
</bind>
</comp>

<comp id="56" class="1001" name="const_56">
<pin_list>
<pin id="57" dir="1" index="0" bw="1" slack="0"/>
</pin_list>
<bind>
<StgValue><ssdm name=""/></StgValue>
</bind>
</comp>

<comp id="58" class="1004" name="b_read_read_fu_58">
<pin_list>
<pin id="59" dir="0" index="0" bw="8" slack="0"/>
<pin id="60" dir="0" index="1" bw="8" slack="0"/>
<pin id="61" dir="1" index="2" bw="8" slack="0"/>
</pin_list>
<bind>
<opcode="read(1150) " fcode="read"/>
<opset="b_read/1 "/>
</bind>
</comp>

<comp id="64" class="1004" name="a_read_read_fu_64">
<pin_list>
<pin id="65" dir="0" index="0" bw="4" slack="0"/>
<pin id="66" dir="0" index="1" bw="4" slack="0"/>
<pin id="67" dir="1" index="2" bw="4" slack="0"/>
</pin_list>
<bind>
<opcode="read(1150) " fcode="read"/>
<opset="a_read/1 "/>
</bind>
</comp>

<comp id="70" class="1004" name="tmp_fu_70">
<pin_list>
<pin id="71" dir="0" index="0" bw="8" slack="0"/>
<pin id="72" dir="1" index="1" bw="1" slack="0"/>
</pin_list>
<bind>
<opcode="trunc(33) " fcode="trunc"/>
<opset="tmp/1 "/>
</bind>
</comp>

<comp id="74" class="1004" name="tmp_1_fu_74">
<pin_list>
<pin id="75" dir="0" index="0" bw="4" slack="0"/>
<pin id="76" dir="1" index="1" bw="2" slack="0"/>
</pin_list>
<bind>
<opcode="trunc(33) " fcode="trunc"/>
<opset="tmp_1/1 "/>
</bind>
</comp>

<comp id="78" class="1004" name="tmp_7_fu_78">
<pin_list>
<pin id="79" dir="0" index="0" bw="1" slack="0"/>
<pin id="80" dir="0" index="1" bw="2" slack="0"/>
<pin id="81" dir="0" index="2" bw="1" slack="0"/>
<pin id="82" dir="1" index="3" bw="2" slack="0"/>
</pin_list>
<bind>
<opcode="select(49) " fcode="select"/>
<opset="tmp_7/1 "/>
</bind>
</comp>

<comp id="86" class="1004" name="tmp_7_cast_fu_86">
<pin_list>
<pin id="87" dir="0" index="0" bw="2" slack="0"/>
<pin id="88" dir="1" index="1" bw="3" slack="0"/>
</pin_list>
<bind>
<opcode="zext(34) " fcode="zext"/>
<opset="tmp_7_cast/1 "/>
</bind>
</comp>

<comp id="90" class="1004" name="a_assign_fu_90">
<pin_list>
<pin id="91" dir="0" index="0" bw="3" slack="0"/>
<pin id="92" dir="0" index="1" bw="2" slack="0"/>
<pin id="93" dir="0" index="2" bw="1" slack="0"/>
<pin id="94" dir="1" index="3" bw="3" slack="0"/>
</pin_list>
<bind>
<opcode="bitconcatenate(1004) " fcode="bitconcatenate"/>
<opset="a_assign/1 "/>
</bind>
</comp>

<comp id="98" class="1004" name="tmp_2_fu_98">
<pin_list>
<pin id="99" dir="0" index="0" bw="1" slack="0"/>
<pin id="100" dir="0" index="1" bw="8" slack="0"/>
<pin id="101" dir="0" index="2" bw="1" slack="0"/>
<pin id="102" dir="1" index="3" bw="1" slack="0"/>
</pin_list>
<bind>
<opcode="bitselect(1000) " fcode="bitselect"/>
<opset="tmp_2/1 "/>
</bind>
</comp>

<comp id="106" class="1004" name="tmp_24_1_fu_106">
<pin_list>
<pin id="107" dir="0" index="0" bw="1" slack="0"/>
<pin id="108" dir="0" index="1" bw="3" slack="0"/>
<pin id="109" dir="0" index="2" bw="1" slack="0"/>
<pin id="110" dir="1" index="3" bw="3" slack="0"/>
</pin_list>
<bind>
<opcode="select(49) " fcode="select"/>
<opset="tmp_24_1/1 "/>
</bind>
</comp>

<comp id="114" class="1004" name="tmp_3_fu_114">
<pin_list>
<pin id="115" dir="0" index="0" bw="4" slack="0"/>
<pin id="116" dir="0" index="1" bw="3" slack="0"/>
<pin id="117" dir="1" index="2" bw="4" slack="0"/>
</pin_list>
<bind>
<opcode="shl(20) " fcode="shl"/>
<opset="tmp_3/1 "/>
</bind>
</comp>

<comp id="120" class="1004" name="tmp_4_fu_120">
<pin_list>
<pin id="121" dir="0" index="0" bw="1" slack="0"/>
<pin id="122" dir="0" index="1" bw="8" slack="0"/>
<pin id="123" dir="0" index="2" bw="3" slack="0"/>
<pin id="124" dir="1" index="3" bw="1" slack="0"/>
</pin_list>
<bind>
<opcode="bitselect(1000) " fcode="bitselect"/>
<opset="tmp_4/1 "/>
</bind>
</comp>

<comp id="128" class="1004" name="tmp_24_2_fu_128">
<pin_list>
<pin id="129" dir="0" index="0" bw="1" slack="0"/>
<pin id="130" dir="0" index="1" bw="4" slack="0"/>
<pin id="131" dir="0" index="2" bw="1" slack="0"/>
<pin id="132" dir="1" index="3" bw="4" slack="0"/>
</pin_list>
<bind>
<opcode="select(49) " fcode="select"/>
<opset="tmp_24_2/1 "/>
</bind>
</comp>

<comp id="136" class="1004" name="tmp_24_2_cast_fu_136">
<pin_list>
<pin id="137" dir="0" index="0" bw="4" slack="0"/>
<pin id="138" dir="1" index="1" bw="5" slack="0"/>
</pin_list>
<bind>
<opcode="zext(34) " fcode="zext"/>
<opset="tmp_24_2_cast/1 "/>
</bind>
</comp>

<comp id="140" class="1004" name="a_assign_7_fu_140">
<pin_list>
<pin id="141" dir="0" index="0" bw="5" slack="0"/>
<pin id="142" dir="0" index="1" bw="2" slack="0"/>
<pin id="143" dir="0" index="2" bw="1" slack="0"/>
<pin id="144" dir="1" index="3" bw="5" slack="0"/>
</pin_list>
<bind>
<opcode="bitconcatenate(1004) " fcode="bitconcatenate"/>
<opset="a_assign_7/1 "/>
</bind>
</comp>

<comp id="148" class="1004" name="tmp_5_fu_148">
<pin_list>
<pin id="149" dir="0" index="0" bw="1" slack="0"/>
<pin id="150" dir="0" index="1" bw="8" slack="0"/>
<pin id="151" dir="0" index="2" bw="3" slack="0"/>
<pin id="152" dir="1" index="3" bw="1" slack="0"/>
</pin_list>
<bind>
<opcode="bitselect(1000) " fcode="bitselect"/>
<opset="tmp_5/1 "/>
</bind>
</comp>

<comp id="156" class="1004" name="tmp_24_3_fu_156">
<pin_list>
<pin id="157" dir="0" index="0" bw="1" slack="0"/>
<pin id="158" dir="0" index="1" bw="5" slack="0"/>
<pin id="159" dir="0" index="2" bw="1" slack="0"/>
<pin id="160" dir="1" index="3" bw="5" slack="0"/>
</pin_list>
<bind>
<opcode="select(49) " fcode="select"/>
<opset="tmp_24_3/1 "/>
</bind>
</comp>

<comp id="164" class="1004" name="a_assign_3_fu_164">
<pin_list>
<pin id="165" dir="0" index="0" bw="6" slack="0"/>
<pin id="166" dir="0" index="1" bw="2" slack="0"/>
<pin id="167" dir="0" index="2" bw="1" slack="0"/>
<pin id="168" dir="1" index="3" bw="6" slack="0"/>
</pin_list>
<bind>
<opcode="bitconcatenate(1004) " fcode="bitconcatenate"/>
<opset="a_assign_3/1 "/>
</bind>
</comp>

<comp id="172" class="1004" name="tmp_6_fu_172">
<pin_list>
<pin id="173" dir="0" index="0" bw="1" slack="0"/>
<pin id="174" dir="0" index="1" bw="8" slack="0"/>
<pin id="175" dir="0" index="2" bw="4" slack="0"/>
<pin id="176" dir="1" index="3" bw="1" slack="0"/>
</pin_list>
<bind>
<opcode="bitselect(1000) " fcode="bitselect"/>
<opset="tmp_6/1 "/>
</bind>
</comp>

<comp id="180" class="1004" name="tmp_24_4_fu_180">
<pin_list>
<pin id="181" dir="0" index="0" bw="1" slack="0"/>
<pin id="182" dir="0" index="1" bw="6" slack="0"/>
<pin id="183" dir="0" index="2" bw="1" slack="0"/>
<pin id="184" dir="1" index="3" bw="6" slack="0"/>
</pin_list>
<bind>
<opcode="select(49) " fcode="select"/>
<opset="tmp_24_4/1 "/>
</bind>
</comp>

<comp id="188" class="1004" name="tmp_24_4_cast_fu_188">
<pin_list>
<pin id="189" dir="0" index="0" bw="6" slack="0"/>
<pin id="190" dir="1" index="1" bw="7" slack="0"/>
</pin_list>
<bind>
<opcode="zext(34) " fcode="zext"/>
<opset="tmp_24_4_cast/1 "/>
</bind>
</comp>

<comp id="192" class="1004" name="a_assign_4_fu_192">
<pin_list>
<pin id="193" dir="0" index="0" bw="7" slack="0"/>
<pin id="194" dir="0" index="1" bw="2" slack="0"/>
<pin id="195" dir="0" index="2" bw="1" slack="0"/>
<pin id="196" dir="1" index="3" bw="7" slack="0"/>
</pin_list>
<bind>
<opcode="bitconcatenate(1004) " fcode="bitconcatenate"/>
<opset="a_assign_4/1 "/>
</bind>
</comp>

<comp id="200" class="1004" name="tmp_8_fu_200">
<pin_list>
<pin id="201" dir="0" index="0" bw="1" slack="0"/>
<pin id="202" dir="0" index="1" bw="8" slack="0"/>
<pin id="203" dir="0" index="2" bw="4" slack="0"/>
<pin id="204" dir="1" index="3" bw="1" slack="0"/>
</pin_list>
<bind>
<opcode="bitselect(1000) " fcode="bitselect"/>
<opset="tmp_8/1 "/>
</bind>
</comp>

<comp id="208" class="1004" name="tmp_24_5_fu_208">
<pin_list>
<pin id="209" dir="0" index="0" bw="1" slack="0"/>
<pin id="210" dir="0" index="1" bw="7" slack="0"/>
<pin id="211" dir="0" index="2" bw="1" slack="0"/>
<pin id="212" dir="1" index="3" bw="7" slack="0"/>
</pin_list>
<bind>
<opcode="select(49) " fcode="select"/>
<opset="tmp_24_5/1 "/>
</bind>
</comp>

<comp id="216" class="1004" name="a_assign_5_fu_216">
<pin_list>
<pin id="217" dir="0" index="0" bw="8" slack="0"/>
<pin id="218" dir="0" index="1" bw="2" slack="0"/>
<pin id="219" dir="0" index="2" bw="1" slack="0"/>
<pin id="220" dir="1" index="3" bw="8" slack="0"/>
</pin_list>
<bind>
<opcode="bitconcatenate(1004) " fcode="bitconcatenate"/>
<opset="a_assign_5/1 "/>
</bind>
</comp>

<comp id="224" class="1004" name="tmp_9_fu_224">
<pin_list>
<pin id="225" dir="0" index="0" bw="1" slack="0"/>
<pin id="226" dir="0" index="1" bw="8" slack="0"/>
<pin id="227" dir="0" index="2" bw="4" slack="0"/>
<pin id="228" dir="1" index="3" bw="1" slack="0"/>
</pin_list>
<bind>
<opcode="bitselect(1000) " fcode="bitselect"/>
<opset="tmp_9/1 "/>
</bind>
</comp>

<comp id="232" class="1004" name="tmp_24_6_fu_232">
<pin_list>
<pin id="233" dir="0" index="0" bw="1" slack="0"/>
<pin id="234" dir="0" index="1" bw="8" slack="0"/>
<pin id="235" dir="0" index="2" bw="1" slack="0"/>
<pin id="236" dir="1" index="3" bw="8" slack="0"/>
</pin_list>
<bind>
<opcode="select(49) " fcode="select"/>
<opset="tmp_24_6/1 "/>
</bind>
</comp>

<comp id="240" class="1004" name="tmp_10_fu_240">
<pin_list>
<pin id="241" dir="0" index="0" bw="4" slack="0"/>
<pin id="242" dir="1" index="1" bw="1" slack="0"/>
</pin_list>
<bind>
<opcode="trunc(33) " fcode="trunc"/>
<opset="tmp_10/1 "/>
</bind>
</comp>

<comp id="244" class="1004" name="a_assign_6_fu_244">
<pin_list>
<pin id="245" dir="0" index="0" bw="8" slack="0"/>
<pin id="246" dir="0" index="1" bw="1" slack="0"/>
<pin id="247" dir="0" index="2" bw="1" slack="0"/>
<pin id="248" dir="1" index="3" bw="8" slack="0"/>
</pin_list>
<bind>
<opcode="bitconcatenate(1004) " fcode="bitconcatenate"/>
<opset="a_assign_6/1 "/>
</bind>
</comp>

<comp id="252" class="1004" name="tmp_11_fu_252">
<pin_list>
<pin id="253" dir="0" index="0" bw="1" slack="0"/>
<pin id="254" dir="0" index="1" bw="4" slack="0"/>
<pin id="255" dir="0" index="2" bw="1" slack="0"/>
<pin id="256" dir="1" index="3" bw="1" slack="0"/>
</pin_list>
<bind>
<opcode="bitselect(1000) " fcode="bitselect"/>
<opset="tmp_11/1 "/>
</bind>
</comp>

<comp id="260" class="1004" name="a_assign_1_s_fu_260">
<pin_list>
<pin id="261" dir="0" index="0" bw="8" slack="0"/>
<pin id="262" dir="0" index="1" bw="6" slack="0"/>
<pin id="263" dir="1" index="2" bw="8" slack="0"/>
</pin_list>
<bind>
<opcode="or(24) " fcode="or"/>
<opset="a_assign_1_s/1 "/>
</bind>
</comp>

<comp id="266" class="1004" name="a_assign_2_6_fu_266">
<pin_list>
<pin id="267" dir="0" index="0" bw="1" slack="0"/>
<pin id="268" dir="0" index="1" bw="8" slack="0"/>
<pin id="269" dir="0" index="2" bw="8" slack="0"/>
<pin id="270" dir="1" index="3" bw="8" slack="0"/>
</pin_list>
<bind>
<opcode="select(49) " fcode="select"/>
<opset="a_assign_2_6/1 "/>
</bind>
</comp>

<comp id="274" class="1004" name="tmp_12_fu_274">
<pin_list>
<pin id="275" dir="0" index="0" bw="1" slack="0"/>
<pin id="276" dir="0" index="1" bw="8" slack="0"/>
<pin id="277" dir="0" index="2" bw="4" slack="0"/>
<pin id="278" dir="1" index="3" bw="1" slack="0"/>
</pin_list>
<bind>
<opcode="bitselect(1000) " fcode="bitselect"/>
<opset="tmp_12/1 "/>
</bind>
</comp>

<comp id="282" class="1004" name="tmp_24_7_fu_282">
<pin_list>
<pin id="283" dir="0" index="0" bw="1" slack="0"/>
<pin id="284" dir="0" index="1" bw="8" slack="0"/>
<pin id="285" dir="0" index="2" bw="1" slack="0"/>
<pin id="286" dir="1" index="3" bw="8" slack="0"/>
</pin_list>
<bind>
<opcode="select(49) " fcode="select"/>
<opset="tmp_24_7/1 "/>
</bind>
</comp>

<comp id="290" class="1004" name="tmp3_fu_290">
<pin_list>
<pin id="291" dir="0" index="0" bw="3" slack="0"/>
<pin id="292" dir="0" index="1" bw="2" slack="0"/>
<pin id="293" dir="1" index="2" bw="3" slack="0"/>
</pin_list>
<bind>
<opcode="xor(25) " fcode="xor"/>
<opset="tmp3/1 "/>
</bind>
</comp>

<comp id="296" class="1004" name="tmp3_cast_fu_296">
<pin_list>
<pin id="297" dir="0" index="0" bw="3" slack="0"/>
<pin id="298" dir="1" index="1" bw="5" slack="0"/>
</pin_list>
<bind>
<opcode="zext(34) " fcode="zext"/>
<opset="tmp3_cast/1 "/>
</bind>
</comp>

<comp id="300" class="1004" name="tmp4_fu_300">
<pin_list>
<pin id="301" dir="0" index="0" bw="4" slack="0"/>
<pin id="302" dir="0" index="1" bw="5" slack="0"/>
<pin id="303" dir="1" index="2" bw="5" slack="0"/>
</pin_list>
<bind>
<opcode="xor(25) " fcode="xor"/>
<opset="tmp4/1 "/>
</bind>
</comp>

<comp id="306" class="1004" name="tmp2_fu_306">
<pin_list>
<pin id="307" dir="0" index="0" bw="5" slack="0"/>
<pin id="308" dir="0" index="1" bw="3" slack="0"/>
<pin id="309" dir="1" index="2" bw="5" slack="0"/>
</pin_list>
<bind>
<opcode="xor(25) " fcode="xor"/>
<opset="tmp2/1 "/>
</bind>
</comp>

<comp id="312" class="1004" name="tmp2_cast_fu_312">
<pin_list>
<pin id="313" dir="0" index="0" bw="5" slack="0"/>
<pin id="314" dir="1" index="1" bw="8" slack="0"/>
</pin_list>
<bind>
<opcode="zext(34) " fcode="zext"/>
<opset="tmp2_cast/1 "/>
</bind>
</comp>

<comp id="316" class="1004" name="tmp6_fu_316">
<pin_list>
<pin id="317" dir="0" index="0" bw="6" slack="0"/>
<pin id="318" dir="0" index="1" bw="7" slack="0"/>
<pin id="319" dir="1" index="2" bw="7" slack="0"/>
</pin_list>
<bind>
<opcode="xor(25) " fcode="xor"/>
<opset="tmp6/1 "/>
</bind>
</comp>

<comp id="322" class="1004" name="tmp6_cast_fu_322">
<pin_list>
<pin id="323" dir="0" index="0" bw="7" slack="0"/>
<pin id="324" dir="1" index="1" bw="8" slack="0"/>
</pin_list>
<bind>
<opcode="zext(34) " fcode="zext"/>
<opset="tmp6_cast/1 "/>
</bind>
</comp>

<comp id="326" class="1004" name="tmp7_fu_326">
<pin_list>
<pin id="327" dir="0" index="0" bw="8" slack="0"/>
<pin id="328" dir="0" index="1" bw="8" slack="0"/>
<pin id="329" dir="1" index="2" bw="8" slack="0"/>
</pin_list>
<bind>
<opcode="xor(25) " fcode="xor"/>
<opset="tmp7/1 "/>
</bind>
</comp>

<comp id="332" class="1004" name="tmp5_fu_332">
<pin_list>
<pin id="333" dir="0" index="0" bw="8" slack="0"/>
<pin id="334" dir="0" index="1" bw="7" slack="0"/>
<pin id="335" dir="1" index="2" bw="8" slack="0"/>
</pin_list>
<bind>
<opcode="xor(25) " fcode="xor"/>
<opset="tmp5/1 "/>
</bind>
</comp>

<comp id="338" class="1004" name="p_0_7_fu_338">
<pin_list>
<pin id="339" dir="0" index="0" bw="8" slack="0"/>
<pin id="340" dir="0" index="1" bw="5" slack="0"/>
<pin id="341" dir="1" index="2" bw="8" slack="2147483647"/>
</pin_list>
<bind>
<opcode="xor(25) " fcode="xor"/>
<opset="p_0_7/1 "/>
</bind>
</comp>

</comp_list>

<net_list>
<net id="62"><net_src comp="4" pin="0"/><net_sink comp="58" pin=0"/></net>

<net id="63"><net_src comp="2" pin="0"/><net_sink comp="58" pin=1"/></net>

<net id="68"><net_src comp="6" pin="0"/><net_sink comp="64" pin=0"/></net>

<net id="69"><net_src comp="0" pin="0"/><net_sink comp="64" pin=1"/></net>

<net id="73"><net_src comp="58" pin="2"/><net_sink comp="70" pin=0"/></net>

<net id="77"><net_src comp="64" pin="2"/><net_sink comp="74" pin=0"/></net>

<net id="83"><net_src comp="70" pin="1"/><net_sink comp="78" pin=0"/></net>

<net id="84"><net_src comp="74" pin="1"/><net_sink comp="78" pin=1"/></net>

<net id="85"><net_src comp="8" pin="0"/><net_sink comp="78" pin=2"/></net>

<net id="89"><net_src comp="78" pin="3"/><net_sink comp="86" pin=0"/></net>

<net id="95"><net_src comp="10" pin="0"/><net_sink comp="90" pin=0"/></net>

<net id="96"><net_src comp="74" pin="1"/><net_sink comp="90" pin=1"/></net>

<net id="97"><net_src comp="12" pin="0"/><net_sink comp="90" pin=2"/></net>

<net id="103"><net_src comp="14" pin="0"/><net_sink comp="98" pin=0"/></net>

<net id="104"><net_src comp="58" pin="2"/><net_sink comp="98" pin=1"/></net>

<net id="105"><net_src comp="16" pin="0"/><net_sink comp="98" pin=2"/></net>

<net id="111"><net_src comp="98" pin="3"/><net_sink comp="106" pin=0"/></net>

<net id="112"><net_src comp="90" pin="3"/><net_sink comp="106" pin=1"/></net>

<net id="113"><net_src comp="18" pin="0"/><net_sink comp="106" pin=2"/></net>

<net id="118"><net_src comp="64" pin="2"/><net_sink comp="114" pin=0"/></net>

<net id="119"><net_src comp="20" pin="0"/><net_sink comp="114" pin=1"/></net>

<net id="125"><net_src comp="14" pin="0"/><net_sink comp="120" pin=0"/></net>

<net id="126"><net_src comp="58" pin="2"/><net_sink comp="120" pin=1"/></net>

<net id="127"><net_src comp="22" pin="0"/><net_sink comp="120" pin=2"/></net>

<net id="133"><net_src comp="120" pin="3"/><net_sink comp="128" pin=0"/></net>

<net id="134"><net_src comp="114" pin="2"/><net_sink comp="128" pin=1"/></net>

<net id="135"><net_src comp="24" pin="0"/><net_sink comp="128" pin=2"/></net>

<net id="139"><net_src comp="128" pin="3"/><net_sink comp="136" pin=0"/></net>

<net id="145"><net_src comp="26" pin="0"/><net_sink comp="140" pin=0"/></net>

<net id="146"><net_src comp="74" pin="1"/><net_sink comp="140" pin=1"/></net>

<net id="147"><net_src comp="18" pin="0"/><net_sink comp="140" pin=2"/></net>

<net id="153"><net_src comp="14" pin="0"/><net_sink comp="148" pin=0"/></net>

<net id="154"><net_src comp="58" pin="2"/><net_sink comp="148" pin=1"/></net>

<net id="155"><net_src comp="28" pin="0"/><net_sink comp="148" pin=2"/></net>

<net id="161"><net_src comp="148" pin="3"/><net_sink comp="156" pin=0"/></net>

<net id="162"><net_src comp="140" pin="3"/><net_sink comp="156" pin=1"/></net>

<net id="163"><net_src comp="30" pin="0"/><net_sink comp="156" pin=2"/></net>

<net id="169"><net_src comp="32" pin="0"/><net_sink comp="164" pin=0"/></net>

<net id="170"><net_src comp="74" pin="1"/><net_sink comp="164" pin=1"/></net>

<net id="171"><net_src comp="24" pin="0"/><net_sink comp="164" pin=2"/></net>

<net id="177"><net_src comp="14" pin="0"/><net_sink comp="172" pin=0"/></net>

<net id="178"><net_src comp="58" pin="2"/><net_sink comp="172" pin=1"/></net>

<net id="179"><net_src comp="34" pin="0"/><net_sink comp="172" pin=2"/></net>

<net id="185"><net_src comp="172" pin="3"/><net_sink comp="180" pin=0"/></net>

<net id="186"><net_src comp="164" pin="3"/><net_sink comp="180" pin=1"/></net>

<net id="187"><net_src comp="36" pin="0"/><net_sink comp="180" pin=2"/></net>

<net id="191"><net_src comp="180" pin="3"/><net_sink comp="188" pin=0"/></net>

<net id="197"><net_src comp="38" pin="0"/><net_sink comp="192" pin=0"/></net>

<net id="198"><net_src comp="74" pin="1"/><net_sink comp="192" pin=1"/></net>

<net id="199"><net_src comp="30" pin="0"/><net_sink comp="192" pin=2"/></net>

<net id="205"><net_src comp="14" pin="0"/><net_sink comp="200" pin=0"/></net>

<net id="206"><net_src comp="58" pin="2"/><net_sink comp="200" pin=1"/></net>

<net id="207"><net_src comp="40" pin="0"/><net_sink comp="200" pin=2"/></net>

<net id="213"><net_src comp="200" pin="3"/><net_sink comp="208" pin=0"/></net>

<net id="214"><net_src comp="192" pin="3"/><net_sink comp="208" pin=1"/></net>

<net id="215"><net_src comp="42" pin="0"/><net_sink comp="208" pin=2"/></net>

<net id="221"><net_src comp="44" pin="0"/><net_sink comp="216" pin=0"/></net>

<net id="222"><net_src comp="74" pin="1"/><net_sink comp="216" pin=1"/></net>

<net id="223"><net_src comp="36" pin="0"/><net_sink comp="216" pin=2"/></net>

<net id="229"><net_src comp="14" pin="0"/><net_sink comp="224" pin=0"/></net>

<net id="230"><net_src comp="58" pin="2"/><net_sink comp="224" pin=1"/></net>

<net id="231"><net_src comp="46" pin="0"/><net_sink comp="224" pin=2"/></net>

<net id="237"><net_src comp="224" pin="3"/><net_sink comp="232" pin=0"/></net>

<net id="238"><net_src comp="216" pin="3"/><net_sink comp="232" pin=1"/></net>

<net id="239"><net_src comp="48" pin="0"/><net_sink comp="232" pin=2"/></net>

<net id="243"><net_src comp="64" pin="2"/><net_sink comp="240" pin=0"/></net>

<net id="249"><net_src comp="50" pin="0"/><net_sink comp="244" pin=0"/></net>

<net id="250"><net_src comp="240" pin="1"/><net_sink comp="244" pin=1"/></net>

<net id="251"><net_src comp="42" pin="0"/><net_sink comp="244" pin=2"/></net>

<net id="257"><net_src comp="52" pin="0"/><net_sink comp="252" pin=0"/></net>

<net id="258"><net_src comp="64" pin="2"/><net_sink comp="252" pin=1"/></net>

<net id="259"><net_src comp="16" pin="0"/><net_sink comp="252" pin=2"/></net>

<net id="264"><net_src comp="244" pin="3"/><net_sink comp="260" pin=0"/></net>

<net id="265"><net_src comp="54" pin="0"/><net_sink comp="260" pin=1"/></net>

<net id="271"><net_src comp="252" pin="3"/><net_sink comp="266" pin=0"/></net>

<net id="272"><net_src comp="260" pin="2"/><net_sink comp="266" pin=1"/></net>

<net id="273"><net_src comp="244" pin="3"/><net_sink comp="266" pin=2"/></net>

<net id="279"><net_src comp="14" pin="0"/><net_sink comp="274" pin=0"/></net>

<net id="280"><net_src comp="58" pin="2"/><net_sink comp="274" pin=1"/></net>

<net id="281"><net_src comp="56" pin="0"/><net_sink comp="274" pin=2"/></net>

<net id="287"><net_src comp="274" pin="3"/><net_sink comp="282" pin=0"/></net>

<net id="288"><net_src comp="266" pin="3"/><net_sink comp="282" pin=1"/></net>

<net id="289"><net_src comp="48" pin="0"/><net_sink comp="282" pin=2"/></net>

<net id="294"><net_src comp="106" pin="3"/><net_sink comp="290" pin=0"/></net>

<net id="295"><net_src comp="86" pin="1"/><net_sink comp="290" pin=1"/></net>

<net id="299"><net_src comp="290" pin="2"/><net_sink comp="296" pin=0"/></net>

<net id="304"><net_src comp="136" pin="1"/><net_sink comp="300" pin=0"/></net>

<net id="305"><net_src comp="156" pin="3"/><net_sink comp="300" pin=1"/></net>

<net id="310"><net_src comp="300" pin="2"/><net_sink comp="306" pin=0"/></net>

<net id="311"><net_src comp="296" pin="1"/><net_sink comp="306" pin=1"/></net>

<net id="315"><net_src comp="306" pin="2"/><net_sink comp="312" pin=0"/></net>

<net id="320"><net_src comp="188" pin="1"/><net_sink comp="316" pin=0"/></net>

<net id="321"><net_src comp="208" pin="3"/><net_sink comp="316" pin=1"/></net>

<net id="325"><net_src comp="316" pin="2"/><net_sink comp="322" pin=0"/></net>

<net id="330"><net_src comp="232" pin="3"/><net_sink comp="326" pin=0"/></net>

<net id="331"><net_src comp="282" pin="3"/><net_sink comp="326" pin=1"/></net>

<net id="336"><net_src comp="326" pin="2"/><net_sink comp="332" pin=0"/></net>

<net id="337"><net_src comp="322" pin="1"/><net_sink comp="332" pin=1"/></net>

<net id="342"><net_src comp="332" pin="2"/><net_sink comp="338" pin=0"/></net>

<net id="343"><net_src comp="312" pin="1"/><net_sink comp="338" pin=1"/></net>

</net_list>

</model> 
---------------- Datapath Model END ------------------

* FSMD analyzer results:
  - Output states:
 - Input state : 
	Port: single_block_AES_encrypt_gmult : a | {1 }
	Port: single_block_AES_encrypt_gmult : b | {1 }
  - Chain level:
	State 1
		tmp_7 : 1
		tmp_7_cast : 2
		a_assign : 1
		tmp_24_1 : 2
		tmp_24_2_cast : 1
		a_assign_7 : 1
		tmp_24_3 : 2
		a_assign_3 : 1
		tmp_24_4 : 2
		tmp_24_4_cast : 3
		a_assign_4 : 1
		tmp_24_5 : 2
		a_assign_5 : 1
		tmp_24_6 : 2
		a_assign_6 : 1
		a_assign_1_s : 2
		a_assign_2_6 : 2
		tmp_24_7 : 3
		tmp3 : 3
		tmp3_cast : 3
		tmp4 : 2
		tmp2 : 4
		tmp2_cast : 4
		tmp6 : 4
		tmp6_cast : 4
		tmp7 : 4
		tmp5 : 4
		p_0_7 : 4
		stg_45 : 4


============================================================
+ Verbose Summary: Datapath Resource usage 
============================================================

* Functional unit list:
|----------|----------------------|---------|---------|
| Operation|    Functional Unit   |    FF   |   LUT   |
|----------|----------------------|---------|---------|
|          |      tmp_7_fu_78     |    0    |    2    |
|          |    tmp_24_1_fu_106   |    0    |    3    |
|          |    tmp_24_2_fu_128   |    0    |    4    |
|          |    tmp_24_3_fu_156   |    0    |    5    |
|  select  |    tmp_24_4_fu_180   |    0    |    6    |
|          |    tmp_24_5_fu_208   |    0    |    7    |
|          |    tmp_24_6_fu_232   |    0    |    8    |
|          |  a_assign_2_6_fu_266 |    0    |    8    |
|          |    tmp_24_7_fu_282   |    0    |    8    |
|----------|----------------------|---------|---------|
|          |      tmp3_fu_290     |    0    |    5    |
|          |      tmp4_fu_300     |    0    |    7    |
|          |      tmp2_fu_306     |    0    |    7    |
|    xor   |      tmp6_fu_316     |    0    |    8    |
|          |      tmp7_fu_326     |    0    |    8    |
|          |      tmp5_fu_332     |    0    |    8    |
|          |     p_0_7_fu_338     |    0    |    8    |
|----------|----------------------|---------|---------|
|   read   |   b_read_read_fu_58  |    0    |    0    |
|          |   a_read_read_fu_64  |    0    |    0    |
|----------|----------------------|---------|---------|
|          |       tmp_fu_70      |    0    |    0    |
|   trunc  |      tmp_1_fu_74     |    0    |    0    |
|          |     tmp_10_fu_240    |    0    |    0    |
|----------|----------------------|---------|---------|
|          |   tmp_7_cast_fu_86   |    0    |    0    |
|          | tmp_24_2_cast_fu_136 |    0    |    0    |
|   zext   | tmp_24_4_cast_fu_188 |    0    |    0    |
|          |   tmp3_cast_fu_296   |    0    |    0    |
|          |   tmp2_cast_fu_312   |    0    |    0    |
|          |   tmp6_cast_fu_322   |    0    |    0    |
|----------|----------------------|---------|---------|
|          |    a_assign_fu_90    |    0    |    0    |
|          |   a_assign_7_fu_140  |    0    |    0    |
|bitconcatenate|   a_assign_3_fu_164  |    0    |    0    |
|          |   a_assign_4_fu_192  |    0    |    0    |
|          |   a_assign_5_fu_216  |    0    |    0    |
|          |   a_assign_6_fu_244  |    0    |    0    |
|----------|----------------------|---------|---------|
|          |      tmp_2_fu_98     |    0    |    0    |
|          |     tmp_4_fu_120     |    0    |    0    |
|          |     tmp_5_fu_148     |    0    |    0    |
| bitselect|     tmp_6_fu_172     |    0    |    0    |
|          |     tmp_8_fu_200     |    0    |    0    |
|          |     tmp_9_fu_224     |    0    |    0    |
|          |     tmp_11_fu_252    |    0    |    0    |
|          |     tmp_12_fu_274    |    0    |    0    |
|----------|----------------------|---------|---------|
|    shl   |     tmp_3_fu_114     |    0    |    0    |
|----------|----------------------|---------|---------|
|    or    |  a_assign_1_s_fu_260 |    0    |    0    |
|----------|----------------------|---------|---------|
|   Total  |                      |    0    |   102   |
|----------|----------------------|---------|---------|

Memories:
N/A

* Register list:
N/A

* Multiplexer (MUX) list: 
|--------|------|------|------|--------|
|  Comp  |  Pin | Size |  BW  | S x BW |
|--------|------|------|------|--------|
|  Total |      |      |      |    0   |
|--------|------|------|------|--------|



* Summary:
+-----------+--------+--------+
|           |   FF   |   LUT  |
+-----------+--------+--------+
|  Function |    0   |   102  |
|   Memory  |    -   |    -   |
|Multiplexer|    -   |    -   |
|  Register |    -   |    -   |
+-----------+--------+--------+
|   Total   |    0   |   102  |
+-----------+--------+--------+
